Buildfile: /home/ubuntu/bugs/projects/Closure/build.xml

rhino:

properties:

init:
    [mkdir] Created dir: /home/ubuntu/bugs/projects/Closure/build/lib
    [mkdir] Created dir: /home/ubuntu/bugs/projects/Closure/build/lib/classes
    [mkdir] Created dir: /home/ubuntu/bugs/projects/Closure/build/lib/rhino1_7R3pre

compile:

compile-most:
    [javac] /home/ubuntu/bugs/projects/Closure/lib/rhino/src/mozilla/js/rhino/src/build.xml:68: warning: 'includeantruntime' was not set, defaulting to build.sysclasspath=last; set to false for repeatable builds
    [javac] Compiling 191 source files to /home/ubuntu/bugs/projects/Closure/build/lib/classes
    [javac] warning: [options] bootstrap class path not set in conjunction with -source 1.5
    [javac] warning: [options] source value 1.5 is obsolete and will be removed in a future release
    [javac] warning: [options] target value 1.5 is obsolete and will be removed in a future release
    [javac] warning: [options] To suppress warnings about obsolete options, use -Xlint:-options.
    [javac] 4 warnings
     [copy] Copying 2 files to /home/ubuntu/bugs/projects/Closure/build/lib/classes

compile-jdk15:
    [javac] /home/ubuntu/bugs/projects/Closure/lib/rhino/src/mozilla/js/rhino/src/build.xml:87: warning: 'includeantruntime' was not set, defaulting to build.sysclasspath=last; set to false for repeatable builds
    [javac] Compiling 1 source file to /home/ubuntu/bugs/projects/Closure/build/lib/classes
    [javac] warning: [options] bootstrap class path not set in conjunction with -source 1.5
    [javac] warning: [options] source value 1.5 is obsolete and will be removed in a future release
    [javac] warning: [options] target value 1.5 is obsolete and will be removed in a future release
    [javac] warning: [options] To suppress warnings about obsolete options, use -Xlint:-options.
    [javac] 4 warnings

compile:

properties:

compile:
    [javac] /home/ubuntu/bugs/projects/Closure/lib/rhino/src/mozilla/js/rhino/toolsrc/build.xml:55: warning: 'includeantruntime' was not set, defaulting to build.sysclasspath=last; set to false for repeatable builds
    [javac] Compiling 28 source files to /home/ubuntu/bugs/projects/Closure/build/lib/classes
    [javac] warning: [options] bootstrap class path not set in conjunction with -source 1.5
    [javac] warning: [options] source value 1.5 is obsolete and will be removed in a future release
    [javac] warning: [options] target value 1.5 is obsolete and will be removed in a future release
    [javac] warning: [options] To suppress warnings about obsolete options, use -Xlint:-options.
    [javac] /home/ubuntu/bugs/projects/Closure/lib/rhino/src/mozilla/js/rhino/toolsrc/org/mozilla/javascript/tools/debugger/SwingGui.java:3143: warning: [deprecation] disable() in JComponent has been deprecated
    [javac]     public void disable() {
    [javac]                 ^
    [javac] /home/ubuntu/bugs/projects/Closure/lib/rhino/src/mozilla/js/rhino/toolsrc/org/mozilla/javascript/tools/debugger/SwingGui.java:3155: warning: [deprecation] enable() in JComponent has been deprecated
    [javac]     public void enable() {
    [javac]                 ^
    [javac] Note: /home/ubuntu/bugs/projects/Closure/lib/rhino/src/mozilla/js/rhino/toolsrc/org/mozilla/javascript/tools/debugger/SwingGui.java uses unchecked or unsafe operations.
    [javac] Note: Recompile with -Xlint:unchecked for details.
    [javac] 6 warnings
     [copy] Copying 1 file to /home/ubuntu/bugs/projects/Closure/build/lib/classes

xmlimplsrc-compile:
     [echo] Calling /home/ubuntu/bugs/projects/Closure/lib/rhino/src/mozilla/js/rhino/xmlimplsrc/build.xml

compile:

compile-all:

compile:
    [javac] /home/ubuntu/bugs/projects/Closure/lib/rhino/src/mozilla/js/rhino/deprecatedsrc/build.xml:49: warning: 'includeantruntime' was not set, defaulting to build.sysclasspath=last; set to false for repeatable builds
    [javac] Compiling 3 source files to /home/ubuntu/bugs/projects/Closure/build/lib/classes
    [javac] warning: [options] bootstrap class path not set in conjunction with -source 1.5
    [javac] warning: [options] source value 1.5 is obsolete and will be removed in a future release
    [javac] warning: [options] target value 1.5 is obsolete and will be removed in a future release
    [javac] warning: [options] To suppress warnings about obsolete options, use -Xlint:-options.
    [javac] 4 warnings

jar:
      [jar] Building jar: /home/ubuntu/bugs/projects/Closure/build/lib/rhino1_7R3pre/js.jar

rhino-jarjar:
   [jarjar] Building jar: /home/ubuntu/bugs/projects/Closure/build/lib/rhino.jar

svnversion:
     [exec] Execute failed: java.io.IOException: Cannot run program "svnversion": error=2, No such file or directory

compile:
    [mkdir] Created dir: /home/ubuntu/bugs/projects/Closure/build/classes
    [javac] /home/ubuntu/bugs/projects/Closure/build.xml:224: warning: 'includeantruntime' was not set, defaulting to build.sysclasspath=last; set to false for repeatable builds
    [javac] Compiling 5 source files to /home/ubuntu/bugs/projects/Closure/build/classes
    [javac] warning: [options] bootstrap class path not set in conjunction with -source 1.6
    [javac] /home/ubuntu/bugs/projects/Closure/gen/com/google/debugging/sourcemap/proto/Mapping.java:11: error: LineMapping is not abstract and does not override abstract method newBuilderForType(BuilderParent) in GeneratedMessage
    [javac]   public static final class LineMapping extends
    [javac]                       ^
    [javac] /home/ubuntu/bugs/projects/Closure/gen/com/google/debugging/sourcemap/proto/Mapping.java:178: error: com.google.debugging.sourcemap.proto.Mapping.LineMapping.Builder is not abstract and does not override abstract method internalGetFieldAccessorTable() in com.google.protobuf.GeneratedMessage.Builder
    [javac]     public static final class Builder extends
    [javac]                         ^
    [javac] /home/ubuntu/bugs/projects/Closure/gen/com/google/debugging/sourcemap/proto/Mapping.java:398: error: OriginalMapping is not abstract and does not override abstract method newBuilderForType(BuilderParent) in GeneratedMessage
    [javac]   public static final class OriginalMapping extends
    [javac]                       ^
    [javac] /home/ubuntu/bugs/projects/Closure/gen/com/google/debugging/sourcemap/proto/Mapping.java:578: error: com.google.debugging.sourcemap.proto.Mapping.OriginalMapping.Builder is not abstract and does not override abstract method internalGetFieldAccessorTable() in com.google.protobuf.GeneratedMessage.Builder
    [javac]     public static final class Builder extends
    [javac]                         ^
    [javac] /home/ubuntu/bugs/projects/Closure/gen/com/google/javascript/jscomp/FunctionInformationMap.java:5: error: FunctionInformationMap is not abstract and does not override abstract method newBuilderForType(BuilderParent) in GeneratedMessage
    [javac] public  final class FunctionInformationMap extends
    [javac]               ^
    [javac] /home/ubuntu/bugs/projects/Closure/gen/com/google/javascript/jscomp/FunctionInformationMap.java:32: error: Entry is not abstract and does not override abstract method newBuilderForType(BuilderParent) in GeneratedMessage
    [javac]   public static final class Entry extends
    [javac]                       ^
    [javac] /home/ubuntu/bugs/projects/Closure/gen/com/google/javascript/jscomp/FunctionInformationMap.java:261: error: com.google.javascript.jscomp.FunctionInformationMap.Entry.Builder is not abstract and does not override abstract method internalGetFieldAccessorTable() in com.google.protobuf.GeneratedMessage.Builder
    [javac]     public static final class Builder extends
    [javac]                         ^
    [javac] /home/ubuntu/bugs/projects/Closure/gen/com/google/javascript/jscomp/FunctionInformationMap.java:569: error: Module is not abstract and does not override abstract method newBuilderForType(BuilderParent) in GeneratedMessage
    [javac]   public static final class Module extends
    [javac]                       ^
    [javac] /home/ubuntu/bugs/projects/Closure/gen/com/google/javascript/jscomp/FunctionInformationMap.java:723: error: com.google.javascript.jscomp.FunctionInformationMap.Module.Builder is not abstract and does not override abstract method internalGetFieldAccessorTable() in com.google.protobuf.GeneratedMessage.Builder
    [javac]     public static final class Builder extends
    [javac]                         ^
    [javac] /home/ubuntu/bugs/projects/Closure/gen/com/google/javascript/jscomp/FunctionInformationMap.java:1041: error: com.google.javascript.jscomp.FunctionInformationMap.Builder is not abstract and does not override abstract method internalGetFieldAccessorTable() in com.google.protobuf.GeneratedMessage.Builder
    [javac]   public static final class Builder extends
    [javac]                       ^
    [javac] /home/ubuntu/bugs/projects/Closure/gen/com/google/javascript/jscomp/Instrumentation.java:5: error: Instrumentation is not abstract and does not override abstract method newBuilderForType(BuilderParent) in GeneratedMessage
    [javac] public  final class Instrumentation extends
    [javac]               ^
    [javac] /home/ubuntu/bugs/projects/Closure/gen/com/google/javascript/jscomp/Instrumentation.java:233: error: com.google.javascript.jscomp.Instrumentation.Builder is not abstract and does not override abstract method internalGetFieldAccessorTable() in com.google.protobuf.GeneratedMessage.Builder
    [javac]   public static final class Builder extends
    [javac]                       ^
    [javac] 12 errors
    [javac] 1 warning

BUILD FAILED
/home/ubuntu/bugs/projects/Closure/build.xml:224: Compile failed; see the compiler error output for details.

Total time: 7 seconds
