Buildfile: /home/ubuntu/bugs/projects/Closure/build.xml

svnversion:
     [exec] Execute failed: java.io.IOException: Cannot run program "svnversion": error=2, No such file or directory

compile:
    [mkdir] Created dir: /home/ubuntu/bugs/projects/Closure/build/classes
    [javac] /home/ubuntu/bugs/projects/Closure/build.xml:185: warning: 'includeantruntime' was not set, defaulting to build.sysclasspath=last; set to false for repeatable builds
    [javac] Compiling 5 source files to /home/ubuntu/bugs/projects/Closure/build/classes
    [javac] warning: [options] bootstrap class path not set in conjunction with -source 1.6
    [javac] 1 warning
    [javac] /home/ubuntu/bugs/projects/Closure/build.xml:191: warning: 'includeantruntime' was not set, defaulting to build.sysclasspath=last; set to false for repeatable builds
    [javac] Compiling 366 source files to /home/ubuntu/bugs/projects/Closure/build/classes
    [javac] warning: [options] bootstrap class path not set in conjunction with -source 1.6
    [javac] /home/ubuntu/bugs/projects/Closure/src/com/google/javascript/jscomp/CheckRegExp.java:19: error: package com.google.javascript.jscomp.regex does not exist
    [javac] import com.google.javascript.jscomp.regex.RegExpTree;
    [javac]                                          ^
    [javac] /home/ubuntu/bugs/projects/Closure/src/com/google/javascript/jscomp/PeepholeSimplifyRegExp.java:19: error: package com.google.javascript.jscomp.regex does not exist
    [javac] import com.google.javascript.jscomp.regex.RegExpTree;
    [javac]                                          ^
    [javac] /home/ubuntu/bugs/projects/Closure/src/com/google/javascript/jscomp/CheckRegExp.java:77: error: cannot find symbol
    [javac]         RegExpTree.parseRegExp(pattern, flags);
    [javac]         ^
    [javac]   symbol:   variable RegExpTree
    [javac]   location: class CheckRegExp
    [javac] /home/ubuntu/bugs/projects/Closure/src/com/google/javascript/jscomp/PeepholeSimplifyRegExp.java:37: error: cannot find symbol
    [javac]       RegExpTree regexTree;
    [javac]       ^
    [javac]   symbol:   class RegExpTree
    [javac]   location: class PeepholeSimplifyRegExp
    [javac] /home/ubuntu/bugs/projects/Closure/src/com/google/javascript/jscomp/PeepholeSimplifyRegExp.java:39: error: cannot find symbol
    [javac]         regexTree = RegExpTree.parseRegExp(pattern, flags);
    [javac]                     ^
    [javac]   symbol:   variable RegExpTree
    [javac]   location: class PeepholeSimplifyRegExp
    [javac] /home/ubuntu/bugs/projects/Closure/src/com/google/javascript/jscomp/PeepholeSimplifyRegExp.java:56: error: cannot find symbol
    [javac]            && (!RegExpTree.matchesWholeInput(regexTree, flags)
    [javac]                 ^
    [javac]   symbol:   variable RegExpTree
    [javac]   location: class PeepholeSimplifyRegExp
    [javac] 6 errors
    [javac] 1 warning

BUILD FAILED
/home/ubuntu/bugs/projects/Closure/build.xml:191: Compile failed; see the compiler error output for details.

Total time: 6 seconds
