Buildfile: /home/ubuntu/bugs/projects/Closure/build.xml

svnversion:
     [exec] Execute failed: java.io.IOException: Cannot run program "svnversion": error=2, No such file or directory

compile:
    [mkdir] Created dir: /home/ubuntu/bugs/projects/Closure/build/classes
    [javac] /home/ubuntu/bugs/projects/Closure/build.xml:180: warning: 'includeantruntime' was not set, defaulting to build.sysclasspath=last; set to false for repeatable builds
    [javac] Compiling 4 source files to /home/ubuntu/bugs/projects/Closure/build/classes
    [javac] /home/ubuntu/bugs/projects/Closure/build.xml:186: warning: 'includeantruntime' was not set, defaulting to build.sysclasspath=last; set to false for repeatable builds
    [javac] Compiling 345 source files to /home/ubuntu/bugs/projects/Closure/build/classes
    [javac] /home/ubuntu/bugs/projects/Closure/src/com/google/javascript/jscomp/SideEffectsAnalysis.java:46: error: unmappable character for encoding ASCII
    [javac]  * Banning, John. ???An efficient way to find the side effects of procedure
    [javac]                   ^
    [javac] /home/ubuntu/bugs/projects/Closure/src/com/google/javascript/jscomp/SideEffectsAnalysis.java:46: error: unmappable character for encoding ASCII
    [javac]  * Banning, John. ???An efficient way to find the side effects of procedure
    [javac]                    ^
    [javac] /home/ubuntu/bugs/projects/Closure/src/com/google/javascript/jscomp/SideEffectsAnalysis.java:46: error: unmappable character for encoding ASCII
    [javac]  * Banning, John. ???An efficient way to find the side effects of procedure
    [javac]                     ^
    [javac] /home/ubuntu/bugs/projects/Closure/src/com/google/javascript/jscomp/SideEffectsAnalysis.java:47: error: unmappable character for encoding ASCII
    [javac]  *      calls and the aliases of variables.??? POPL ???79.
    [javac]                                            ^
    [javac] /home/ubuntu/bugs/projects/Closure/src/com/google/javascript/jscomp/SideEffectsAnalysis.java:47: error: unmappable character for encoding ASCII
    [javac]  *      calls and the aliases of variables.??? POPL ???79.
    [javac]                                             ^
    [javac] /home/ubuntu/bugs/projects/Closure/src/com/google/javascript/jscomp/SideEffectsAnalysis.java:47: error: unmappable character for encoding ASCII
    [javac]  *      calls and the aliases of variables.??? POPL ???79.
    [javac]                                              ^
    [javac] /home/ubuntu/bugs/projects/Closure/src/com/google/javascript/jscomp/SideEffectsAnalysis.java:47: error: unmappable character for encoding ASCII
    [javac]  *      calls and the aliases of variables.??? POPL ???79.
    [javac]                                                     ^
    [javac] /home/ubuntu/bugs/projects/Closure/src/com/google/javascript/jscomp/SideEffectsAnalysis.java:47: error: unmappable character for encoding ASCII
    [javac]  *      calls and the aliases of variables.??? POPL ???79.
    [javac]                                                      ^
    [javac] /home/ubuntu/bugs/projects/Closure/src/com/google/javascript/jscomp/SideEffectsAnalysis.java:47: error: unmappable character for encoding ASCII
    [javac]  *      calls and the aliases of variables.??? POPL ???79.
    [javac]                                                       ^
    [javac] /home/ubuntu/bugs/projects/Closure/src/com/google/javascript/jscomp/sourcemap/SourceMapGeneratorV2.java:245: error: unmappable character for encoding ASCII
    [javac]    * 3.    file: ???out.js???
    [javac]                  ^
    [javac] /home/ubuntu/bugs/projects/Closure/src/com/google/javascript/jscomp/sourcemap/SourceMapGeneratorV2.java:245: error: unmappable character for encoding ASCII
    [javac]    * 3.    file: ???out.js???
    [javac]                   ^
    [javac] /home/ubuntu/bugs/projects/Closure/src/com/google/javascript/jscomp/sourcemap/SourceMapGeneratorV2.java:245: error: unmappable character for encoding ASCII
    [javac]    * 3.    file: ???out.js???
    [javac]                    ^
    [javac] /home/ubuntu/bugs/projects/Closure/src/com/google/javascript/jscomp/sourcemap/SourceMapGeneratorV2.java:245: error: unmappable character for encoding ASCII
    [javac]    * 3.    file: ???out.js???
    [javac]                           ^
    [javac] /home/ubuntu/bugs/projects/Closure/src/com/google/javascript/jscomp/sourcemap/SourceMapGeneratorV2.java:245: error: unmappable character for encoding ASCII
    [javac]    * 3.    file: ???out.js???
    [javac]                            ^
    [javac] /home/ubuntu/bugs/projects/Closure/src/com/google/javascript/jscomp/sourcemap/SourceMapGeneratorV2.java:245: error: unmappable character for encoding ASCII
    [javac]    * 3.    file: ???out.js???
    [javac]                             ^
    [javac] /home/ubuntu/bugs/projects/Closure/src/com/google/javascript/jscomp/sourcemap/SourceMapGeneratorV2.java:264: error: unmappable character for encoding ASCII
    [javac]    * Line 5: ???lineMaps??? field is a JSON array, where each entry represents a
    [javac]              ^
    [javac] /home/ubuntu/bugs/projects/Closure/src/com/google/javascript/jscomp/sourcemap/SourceMapGeneratorV2.java:264: error: unmappable character for encoding ASCII
    [javac]    * Line 5: ???lineMaps??? field is a JSON array, where each entry represents a
    [javac]               ^
    [javac] /home/ubuntu/bugs/projects/Closure/src/com/google/javascript/jscomp/sourcemap/SourceMapGeneratorV2.java:264: error: unmappable character for encoding ASCII
    [javac]    * Line 5: ???lineMaps??? field is a JSON array, where each entry represents a
    [javac]                ^
    [javac] /home/ubuntu/bugs/projects/Closure/src/com/google/javascript/jscomp/sourcemap/SourceMapGeneratorV2.java:264: error: unmappable character for encoding ASCII
    [javac]    * Line 5: ???lineMaps??? field is a JSON array, where each entry represents a
    [javac]                         ^
    [javac] /home/ubuntu/bugs/projects/Closure/src/com/google/javascript/jscomp/sourcemap/SourceMapGeneratorV2.java:264: error: unmappable character for encoding ASCII
    [javac]    * Line 5: ???lineMaps??? field is a JSON array, where each entry represents a
    [javac]                          ^
    [javac] /home/ubuntu/bugs/projects/Closure/src/com/google/javascript/jscomp/sourcemap/SourceMapGeneratorV2.java:264: error: unmappable character for encoding ASCII
    [javac]    * Line 5: ???lineMaps??? field is a JSON array, where each entry represents a
    [javac]                           ^
    [javac] /home/ubuntu/bugs/projects/Closure/src/com/google/javascript/jscomp/sourcemap/SourceMapGeneratorV2.java:269: error: unmappable character for encoding ASCII
    [javac]    *     server or removing repeated prefix values in the ???sources??? entry.
    [javac]                                                           ^
    [javac] /home/ubuntu/bugs/projects/Closure/src/com/google/javascript/jscomp/sourcemap/SourceMapGeneratorV2.java:269: error: unmappable character for encoding ASCII
    [javac]    *     server or removing repeated prefix values in the ???sources??? entry.
    [javac]                                                            ^
    [javac] /home/ubuntu/bugs/projects/Closure/src/com/google/javascript/jscomp/sourcemap/SourceMapGeneratorV2.java:269: error: unmappable character for encoding ASCII
    [javac]    *     server or removing repeated prefix values in the ???sources??? entry.
    [javac]                                                             ^
    [javac] /home/ubuntu/bugs/projects/Closure/src/com/google/javascript/jscomp/sourcemap/SourceMapGeneratorV2.java:269: error: unmappable character for encoding ASCII
    [javac]    *     server or removing repeated prefix values in the ???sources??? entry.
    [javac]                                                                     ^
    [javac] /home/ubuntu/bugs/projects/Closure/src/com/google/javascript/jscomp/sourcemap/SourceMapGeneratorV2.java:269: error: unmappable character for encoding ASCII
    [javac]    *     server or removing repeated prefix values in the ???sources??? entry.
    [javac]                                                                      ^
    [javac] /home/ubuntu/bugs/projects/Closure/src/com/google/javascript/jscomp/sourcemap/SourceMapGeneratorV2.java:269: error: unmappable character for encoding ASCII
    [javac]    *     server or removing repeated prefix values in the ???sources??? entry.
    [javac]                                                                       ^
    [javac] /home/ubuntu/bugs/projects/Closure/src/com/google/javascript/jscomp/sourcemap/SourceMapGeneratorV2.java:270: error: unmappable character for encoding ASCII
    [javac]    * Line 10: A list of sources used by the ???mappings??? entry relative to the
    [javac]                                             ^
    [javac] /home/ubuntu/bugs/projects/Closure/src/com/google/javascript/jscomp/sourcemap/SourceMapGeneratorV2.java:270: error: unmappable character for encoding ASCII
    [javac]    * Line 10: A list of sources used by the ???mappings??? entry relative to the
    [javac]                                              ^
    [javac] /home/ubuntu/bugs/projects/Closure/src/com/google/javascript/jscomp/sourcemap/SourceMapGeneratorV2.java:270: error: unmappable character for encoding ASCII
    [javac]    * Line 10: A list of sources used by the ???mappings??? entry relative to the
    [javac]                                               ^
    [javac] /home/ubuntu/bugs/projects/Closure/src/com/google/javascript/jscomp/sourcemap/SourceMapGeneratorV2.java:270: error: unmappable character for encoding ASCII
    [javac]    * Line 10: A list of sources used by the ???mappings??? entry relative to the
    [javac]                                                        ^
    [javac] /home/ubuntu/bugs/projects/Closure/src/com/google/javascript/jscomp/sourcemap/SourceMapGeneratorV2.java:270: error: unmappable character for encoding ASCII
    [javac]    * Line 10: A list of sources used by the ???mappings??? entry relative to the
    [javac]                                                         ^
    [javac] /home/ubuntu/bugs/projects/Closure/src/com/google/javascript/jscomp/sourcemap/SourceMapGeneratorV2.java:270: error: unmappable character for encoding ASCII
    [javac]    * Line 10: A list of sources used by the ???mappings??? entry relative to the
    [javac]                                                          ^
    [javac] /home/ubuntu/bugs/projects/Closure/src/com/google/javascript/jscomp/sourcemap/SourceMapGeneratorV2.java:272: error: unmappable character for encoding ASCII
    [javac]    * Line 11: A list of symbol names used by the ???mapping??? entry.  This list
    [javac]                                                  ^
    [javac] /home/ubuntu/bugs/projects/Closure/src/com/google/javascript/jscomp/sourcemap/SourceMapGeneratorV2.java:272: error: unmappable character for encoding ASCII
    [javac]    * Line 11: A list of symbol names used by the ???mapping??? entry.  This list
    [javac]                                                   ^
    [javac] /home/ubuntu/bugs/projects/Closure/src/com/google/javascript/jscomp/sourcemap/SourceMapGeneratorV2.java:272: error: unmappable character for encoding ASCII
    [javac]    * Line 11: A list of symbol names used by the ???mapping??? entry.  This list
    [javac]                                                    ^
    [javac] /home/ubuntu/bugs/projects/Closure/src/com/google/javascript/jscomp/sourcemap/SourceMapGeneratorV2.java:272: error: unmappable character for encoding ASCII
    [javac]    * Line 11: A list of symbol names used by the ???mapping??? entry.  This list
    [javac]                                                            ^
    [javac] /home/ubuntu/bugs/projects/Closure/src/com/google/javascript/jscomp/sourcemap/SourceMapGeneratorV2.java:272: error: unmappable character for encoding ASCII
    [javac]    * Line 11: A list of symbol names used by the ???mapping??? entry.  This list
    [javac]                                                             ^
    [javac] /home/ubuntu/bugs/projects/Closure/src/com/google/javascript/jscomp/sourcemap/SourceMapGeneratorV2.java:272: error: unmappable character for encoding ASCII
    [javac]    * Line 11: A list of symbol names used by the ???mapping??? entry.  This list
    [javac]                                                              ^
    [javac] /home/ubuntu/bugs/projects/Closure/src/com/google/javascript/jscomp/sourcemap/SourceMapGeneratorV2.java:281: error: unmappable character for encoding ASCII
    [javac]    *     This can either be an string or index into the ???names??? field.
    [javac]                                                         ^
    [javac] /home/ubuntu/bugs/projects/Closure/src/com/google/javascript/jscomp/sourcemap/SourceMapGeneratorV2.java:281: error: unmappable character for encoding ASCII
    [javac]    *     This can either be an string or index into the ???names??? field.
    [javac]                                                          ^
    [javac] /home/ubuntu/bugs/projects/Closure/src/com/google/javascript/jscomp/sourcemap/SourceMapGeneratorV2.java:281: error: unmappable character for encoding ASCII
    [javac]    *     This can either be an string or index into the ???names??? field.
    [javac]                                                           ^
    [javac] /home/ubuntu/bugs/projects/Closure/src/com/google/javascript/jscomp/sourcemap/SourceMapGeneratorV2.java:281: error: unmappable character for encoding ASCII
    [javac]    *     This can either be an string or index into the ???names??? field.
    [javac]                                                                 ^
    [javac] /home/ubuntu/bugs/projects/Closure/src/com/google/javascript/jscomp/sourcemap/SourceMapGeneratorV2.java:281: error: unmappable character for encoding ASCII
    [javac]    *     This can either be an string or index into the ???names??? field.
    [javac]                                                                  ^
    [javac] /home/ubuntu/bugs/projects/Closure/src/com/google/javascript/jscomp/sourcemap/SourceMapGeneratorV2.java:281: error: unmappable character for encoding ASCII
    [javac]    *     This can either be an string or index into the ???names??? field.
    [javac]                                                                   ^
    [javac] 45 errors

BUILD FAILED
/home/ubuntu/bugs/projects/Closure/build.xml:186: Compile failed; see the compiler error output for details.

Total time: 2 seconds
