Parallel execution is an incubating feature.
Download http://jcenter.bintray.com/com/jcabi/jcabi-github/0.17/jcabi-github-0.17.pom
Download http://jcenter.bintray.com/com/jcabi/jcabi/1.15/jcabi-1.15.pom
Download http://jcenter.bintray.com/com/jcabi/parent/0.29/parent-0.29.pom
Download http://jcenter.bintray.com/com/jcabi/jcabi-aspects/0.18/jcabi-aspects-0.18.pom
Download http://jcenter.bintray.com/com/jcabi/jcabi/1.14/jcabi-1.14.pom
Download http://jcenter.bintray.com/com/jcabi/parent/0.27.1/parent-0.27.1.pom
Download http://jcenter.bintray.com/com/jcabi/jcabi-immutable/1.3/jcabi-immutable-1.3.pom
Download http://jcenter.bintray.com/com/jcabi/jcabi-xml/0.12.1/jcabi-xml-0.12.1.pom
Download http://jcenter.bintray.com/com/jcabi/jcabi-http/1.8.3/jcabi-http-1.8.3.pom
Download http://jcenter.bintray.com/com/jcabi/incubator/xembly/0.17/xembly-0.17.pom
Download http://jcenter.bintray.com/com/jcabi/parent/0.22/parent-0.22.pom
Download http://jcenter.bintray.com/com/jcabi/jcabi-manifests/1.0.4/jcabi-manifests-1.0.4.pom
Download http://jcenter.bintray.com/com/jcabi/jcabi-log/0.14.3/jcabi-log-0.14.3.pom
Download http://jcenter.bintray.com/org/aspectj/aspectjrt/1.8.2/aspectjrt-1.8.2.pom
Download http://jcenter.bintray.com/com/sun/jersey/jersey-client/1.18.1/jersey-client-1.18.1.pom
Download http://jcenter.bintray.com/com/sun/jersey/jersey-project/1.18.1/jersey-project-1.18.1.pom
Download http://jcenter.bintray.com/com/sun/jersey/jersey-core/1.18.1/jersey-core-1.18.1.pom
Download http://jcenter.bintray.com/com/jcabi/jcabi-github/0.17/jcabi-github-0.17.jar
Download http://jcenter.bintray.com/com/jcabi/jcabi-aspects/0.18/jcabi-aspects-0.18.jar
Download http://jcenter.bintray.com/com/jcabi/jcabi-immutable/1.3/jcabi-immutable-1.3.jar
Download http://jcenter.bintray.com/com/jcabi/jcabi-xml/0.12.1/jcabi-xml-0.12.1.jar
Download http://jcenter.bintray.com/com/jcabi/jcabi-http/1.8.3/jcabi-http-1.8.3.jar
Download http://jcenter.bintray.com/com/jcabi/incubator/xembly/0.17/xembly-0.17.jar
Download http://jcenter.bintray.com/com/jcabi/jcabi-manifests/1.0.4/jcabi-manifests-1.0.4.jar
Download http://jcenter.bintray.com/com/jcabi/jcabi-log/0.14.3/jcabi-log-0.14.3.jar
Download http://jcenter.bintray.com/org/aspectj/aspectjrt/1.8.2/aspectjrt-1.8.2.jar
Download http://jcenter.bintray.com/com/sun/jersey/jersey-client/1.18.1/jersey-client-1.18.1.jar
Download http://jcenter.bintray.com/com/sun/jersey/jersey-core/1.18.1/jersey-core-1.18.1.jar
:buildSrc:clean UP-TO-DATE
:buildSrc:compileJava UP-TO-DATE
:buildSrc:compileGroovyNote: Some input files use unchecked or unsafe operations.
Note: Recompile with -Xlint:unchecked for details.

:buildSrc:processResources
:buildSrc:classes
:buildSrc:jar
:buildSrc:assemble
:buildSrc:compileTestJava UP-TO-DATE
:buildSrc:compileTestGroovy
:buildSrc:processTestResources UP-TO-DATE
:buildSrc:testClasses
:buildSrc:test

org.mockito.release.notes.improvements.GitHubTicketFetcherTest > fetches improvements from GitHub FAILED
    org.spockframework.runtime.SpockComparisonFailure at GitHubTicketFetcherTest.groovy:16

28 tests completed, 1 failed
:buildSrc:test FAILED

FAILURE: Build failed with an exception.

* What went wrong:
Execution failed for task ':test'.
> There were failing tests. See the report at: file:///home/michel/Investigacion/bugs/projects/Mockito/buildSrc/build/reports/tests/index.html

* Try:
Run with --stacktrace option to get the stack trace. Run with --info or --debug option to get more log output.

BUILD FAILED

Total time: 32.256 secs
