Parallel execution is an incubating feature.
:buildSrc:clean UP-TO-DATE
:buildSrc:compileJava UP-TO-DATE
:buildSrc:compileGroovy
:buildSrc:processResources UP-TO-DATE
:buildSrc:classes
:buildSrc:jar
:buildSrc:assemble
:buildSrc:compileTestJava UP-TO-DATE
:buildSrc:compileTestGroovy
:buildSrc:processTestResources UP-TO-DATE
:buildSrc:testClasses
:buildSrc:test
:buildSrc:check
:buildSrc:build
Version: 1.10.11
Attempting to figure out the previous version from the release notes file
Attempting to figure out the previous version from the release notes file

FAILURE: Build failed with an exception.

* Where:
Script '/home/michel/Investigacion/bugs/projects/Mockito/gradle/release.gradle' line: 27

* What went wrong:
A problem occurred evaluating script.
> Could not find property 'PublicationsComparatorTask' on root project 'mockito'.

* Try:
Run with --stacktrace option to get the stack trace. Run with --info or --debug option to get more log output.

BUILD FAILED

Total time: 4.68 secs
