Parallel execution is an incubating feature.
:buildSrc:clean UP-TO-DATE
:buildSrc:compileJava UP-TO-DATE
:buildSrc:compileGroovy
:buildSrc:processResources UP-TO-DATE
:buildSrc:classes
:buildSrc:jar
:buildSrc:assemble
:buildSrc:compileTestJava UP-TO-DATE
:buildSrc:compileTestGroovy
:buildSrc:processTestResources UP-TO-DATE
:buildSrc:testClasses
:buildSrc:test
:buildSrc:check
:buildSrc:build
Version: 1.10.11

FAILURE: Build failed with an exception.

* Where:
Script '/home/michel/Investigacion/bugs/projects/Mockito/gradle/release-notes.gradle' line: 3

* What went wrong:
A problem occurred evaluating script.
> GitHub token not provided

* Try:
Run with --stacktrace option to get the stack trace. Run with --info or --debug option to get more log output.

BUILD FAILED

Total time: 4.123 secs
