Parallel execution is an incubating feature.
:buildSrc:clean UP-TO-DATE
:buildSrc:compileJava UP-TO-DATE
:buildSrc:compileGroovy
:buildSrc:processResources UP-TO-DATE
:buildSrc:classes
:buildSrc:jar
:buildSrc:assemble
:buildSrc:compileTestJava UP-TO-DATE
:buildSrc:compileTestGroovy
:buildSrc:processTestResources UP-TO-DATE
:buildSrc:testClasses
:buildSrc:test
:buildSrc:check
:buildSrc:build
Version: 1.10.7
Failed to notify ProjectEvaluationListener.afterEvaluate(), but primary configuration failure takes precedence.
java.lang.NullPointerException: Cannot get property 'plus' on null object
	at org.codehaus.groovy.runtime.NullObject.getProperty(NullObject.java:56)
	at org.codehaus.groovy.runtime.InvokerHelper.getProperty(InvokerHelper.java:156)
	at org.codehaus.groovy.runtime.callsite.NullCallSite.getProperty(NullCallSite.java:44)
	at org.codehaus.groovy.runtime.callsite.AbstractCallSite.callGetProperty(AbstractCallSite.java:227)
	at ide_35h0tap27lh248dk4o091fcb78$_run_closure3.doCall(/home/michel/Investigacion/bugs/projects/Mockito/gradle/ide.gradle:16)
	at sun.reflect.NativeMethodAccessorImpl.invoke0(Native Method)
	at sun.reflect.NativeMethodAccessorImpl.invoke(NativeMethodAccessorImpl.java:57)
	at sun.reflect.DelegatingMethodAccessorImpl.invoke(DelegatingMethodAccessorImpl.java:43)
	at java.lang.reflect.Method.invoke(Method.java:606)
	at org.codehaus.groovy.reflection.CachedMethod.invoke(CachedMethod.java:90)
	at groovy.lang.MetaMethod.doMethodInvoke(MetaMethod.java:233)
	at org.codehaus.groovy.runtime.metaclass.ClosureMetaClass.invokeMethod(ClosureMetaClass.java:272)
	at groovy.lang.MetaClassImpl.invokeMethod(MetaClassImpl.java:877)
	at groovy.lang.Closure.call(Closure.java:412)
	at org.gradle.listener.ClosureBackedMethodInvocationDispatch.dispatch(ClosureBackedMethodInvocationDispatch.java:40)
	at org.gradle.listener.ClosureBackedMethodInvocationDispatch.dispatch(ClosureBackedMethodInvocationDispatch.java:25)
	at org.gradle.listener.BroadcastDispatch.dispatch(BroadcastDispatch.java:83)
	at org.gradle.listener.BroadcastDispatch.dispatch(BroadcastDispatch.java:31)
	at org.gradle.messaging.dispatch.ProxyDispatchAdapter$DispatchingInvocationHandler.invoke(ProxyDispatchAdapter.java:93)
	at com.sun.proxy.$Proxy12.afterEvaluate(Unknown Source)
	at org.gradle.configuration.project.LifecycleProjectEvaluator.notifyAfterEvaluate(LifecycleProjectEvaluator.java:67)
	at org.gradle.configuration.project.LifecycleProjectEvaluator.evaluate(LifecycleProjectEvaluator.java:61)
	at org.gradle.api.internal.project.AbstractProject.evaluate(AbstractProject.java:493)
	at org.gradle.api.internal.project.AbstractProject.evaluate(AbstractProject.java:80)
	at org.gradle.configuration.DefaultBuildConfigurer.configure(DefaultBuildConfigurer.java:31)
	at org.gradle.initialization.DefaultGradleLauncher.doBuildStages(DefaultGradleLauncher.java:142)
	at org.gradle.initialization.DefaultGradleLauncher.doBuild(DefaultGradleLauncher.java:113)
	at org.gradle.initialization.DefaultGradleLauncher.run(DefaultGradleLauncher.java:81)
	at org.gradle.launcher.exec.InProcessBuildActionExecuter$DefaultBuildController.run(InProcessBuildActionExecuter.java:64)
	at org.gradle.launcher.cli.ExecuteBuildAction.run(ExecuteBuildAction.java:33)
	at org.gradle.launcher.cli.ExecuteBuildAction.run(ExecuteBuildAction.java:24)
	at org.gradle.launcher.exec.InProcessBuildActionExecuter.execute(InProcessBuildActionExecuter.java:35)
	at org.gradle.launcher.daemon.server.exec.ExecuteBuild.doBuild(ExecuteBuild.java:45)
	at org.gradle.launcher.daemon.server.exec.BuildCommandOnly.execute(BuildCommandOnly.java:34)
	at org.gradle.launcher.daemon.server.exec.DaemonCommandExecution.proceed(DaemonCommandExecution.java:125)
	at org.gradle.launcher.daemon.server.exec.WatchForDisconnection.execute(WatchForDisconnection.java:42)
	at org.gradle.launcher.daemon.server.exec.DaemonCommandExecution.proceed(DaemonCommandExecution.java:125)
	at org.gradle.launcher.daemon.server.exec.ResetDeprecationLogger.execute(ResetDeprecationLogger.java:24)
	at org.gradle.launcher.daemon.server.exec.DaemonCommandExecution.proceed(DaemonCommandExecution.java:125)
	at org.gradle.launcher.daemon.server.exec.StartStopIfBuildAndStop.execute(StartStopIfBuildAndStop.java:33)
	at org.gradle.launcher.daemon.server.exec.DaemonCommandExecution.proceed(DaemonCommandExecution.java:125)
	at org.gradle.launcher.daemon.server.exec.ReturnResult.execute(ReturnResult.java:34)
	at org.gradle.launcher.daemon.server.exec.DaemonCommandExecution.proceed(DaemonCommandExecution.java:125)
	at org.gradle.launcher.daemon.server.exec.ForwardClientInput$2.call(ForwardClientInput.java:71)
	at org.gradle.launcher.daemon.server.exec.ForwardClientInput$2.call(ForwardClientInput.java:69)
	at org.gradle.util.Swapper.swap(Swapper.java:38)
	at org.gradle.launcher.daemon.server.exec.ForwardClientInput.execute(ForwardClientInput.java:69)
	at org.gradle.launcher.daemon.server.exec.DaemonCommandExecution.proceed(DaemonCommandExecution.java:125)
	at org.gradle.launcher.daemon.server.exec.LogToClient.doBuild(LogToClient.java:60)
	at org.gradle.launcher.daemon.server.exec.BuildCommandOnly.execute(BuildCommandOnly.java:34)
	at org.gradle.launcher.daemon.server.exec.DaemonCommandExecution.proceed(DaemonCommandExecution.java:125)
	at org.gradle.launcher.daemon.server.exec.EstablishBuildEnvironment.doBuild(EstablishBuildEnvironment.java:60)
	at org.gradle.launcher.daemon.server.exec.BuildCommandOnly.execute(BuildCommandOnly.java:34)
	at org.gradle.launcher.daemon.server.exec.DaemonCommandExecution.proceed(DaemonCommandExecution.java:125)
	at org.gradle.launcher.daemon.server.exec.StartBuildOrRespondWithBusy$1.run(StartBuildOrRespondWithBusy.java:45)
	at org.gradle.launcher.daemon.server.DaemonStateCoordinator.runCommand(DaemonStateCoordinator.java:186)
	at org.gradle.launcher.daemon.server.exec.StartBuildOrRespondWithBusy.doBuild(StartBuildOrRespondWithBusy.java:49)
	at org.gradle.launcher.daemon.server.exec.BuildCommandOnly.execute(BuildCommandOnly.java:34)
	at org.gradle.launcher.daemon.server.exec.DaemonCommandExecution.proceed(DaemonCommandExecution.java:125)
	at org.gradle.launcher.daemon.server.exec.HandleStop.execute(HandleStop.java:36)
	at org.gradle.launcher.daemon.server.exec.DaemonCommandExecution.proceed(DaemonCommandExecution.java:125)
	at org.gradle.launcher.daemon.server.exec.DaemonHygieneAction.execute(DaemonHygieneAction.java:39)
	at org.gradle.launcher.daemon.server.exec.DaemonCommandExecution.proceed(DaemonCommandExecution.java:125)
	at org.gradle.launcher.daemon.server.exec.CatchAndForwardDaemonFailure.execute(CatchAndForwardDaemonFailure.java:32)
	at org.gradle.launcher.daemon.server.exec.DaemonCommandExecution.proceed(DaemonCommandExecution.java:125)
	at org.gradle.launcher.daemon.server.exec.DefaultDaemonCommandExecuter.executeCommand(DefaultDaemonCommandExecuter.java:51)
	at org.gradle.launcher.daemon.server.DefaultIncomingConnectionHandler$ConnectionWorker.handleCommand(DefaultIncomingConnectionHandler.java:155)
	at org.gradle.launcher.daemon.server.DefaultIncomingConnectionHandler$ConnectionWorker.receiveAndHandleCommand(DefaultIncomingConnectionHandler.java:128)
	at org.gradle.launcher.daemon.server.DefaultIncomingConnectionHandler$ConnectionWorker.run(DefaultIncomingConnectionHandler.java:116)
	at org.gradle.internal.concurrent.DefaultExecutorFactory$StoppableExecutorImpl$1.run(DefaultExecutorFactory.java:64)
	at java.util.concurrent.ThreadPoolExecutor.runWorker(ThreadPoolExecutor.java:1152)
	at java.util.concurrent.ThreadPoolExecutor$Worker.run(ThreadPoolExecutor.java:622)
	at java.lang.Thread.run(Thread.java:748)

FAILURE: Build failed with an exception.

* Where:
Script '/home/michel/Investigacion/bugs/projects/Mockito/gradle/publish.gradle' line: 32

* What went wrong:
A problem occurred evaluating script.
> org/codehaus/groovy/runtime/typehandling/ShortTypeHandling

* Try:
Run with --stacktrace option to get the stack trace. Run with --info or --debug option to get more log output.

BUILD FAILED

Total time: 4.133 secs
