sed: can't read buildSrc/build.gradle: No such file or directory
Parallel execution is an incubating feature.
:buildSrc:clean UP-TO-DATE
:buildSrc:compileJava UP-TO-DATE
:buildSrc:compileGroovy UP-TO-DATE
:buildSrc:processResources UP-TO-DATE
:buildSrc:classes UP-TO-DATE
:buildSrc:jar
:buildSrc:assemble
:buildSrc:compileTestJava UP-TO-DATE
:buildSrc:compileTestGroovy UP-TO-DATE
:buildSrc:processTestResources UP-TO-DATE
:buildSrc:testClasses UP-TO-DATE
:buildSrc:test UP-TO-DATE
:buildSrc:check UP-TO-DATE
:buildSrc:build
Download http://jcenter.bintray.com/org/kt3k/gradle/plugin/coveralls-gradle-plugin/0.1.6/coveralls-gradle-plugin-0.1.6.pom
Download http://jcenter.bintray.com/org/kt3k/gradle/plugin/coveralls-gradle-plugin/0.1.6/coveralls-gradle-plugin-0.1.6.jar
Version: 1.10.11-dev

FAILURE: Build failed with an exception.

* What went wrong:
Task 'mockitoJavadoc' not found in root project 'mockito'.

* Try:
Run gradlew tasks to get a list of available tasks. Run with --stacktrace option to get the stack trace. Run with --info or --debug option to get more log output.

BUILD FAILED

Total time: 3.924 secs
