sed: can't read buildSrc/build.gradle: No such file or directory
Download http://repo1.maven.org/maven2/net/saliman/gradle-cobertura-plugin/2.0.0/gradle-cobertura-plugin-2.0.0.pom
Download http://repo1.maven.org/maven2/org/kt3k/gradle/plugin/coveralls-gradle-plugin/0.1.6/coveralls-gradle-plugin-0.1.6.pom
Download http://repo1.maven.org/maven2/net/sourceforge/cobertura/cobertura/2.0.3/cobertura-2.0.3.pom
Download http://repo1.maven.org/maven2/org/codehaus/groovy/groovy-all/2.0.6/groovy-all-2.0.6.pom
Download http://repo1.maven.org/maven2/org/apache/httpcomponents/httpmime/4.3/httpmime-4.3.pom
Download http://repo1.maven.org/maven2/org/apache/httpcomponents/httpcomponents-client/4.3/httpcomponents-client-4.3.pom
Download http://repo1.maven.org/maven2/org/codehaus/groovy/modules/http-builder/http-builder/0.5.0-RC2/http-builder-0.5.0-RC2.pom
Download http://repo1.maven.org/maven2/org/ow2/asm/asm-commons/4.1/asm-commons-4.1.pom
Download http://repo1.maven.org/maven2/org/apache/httpcomponents/httpclient/4.3/httpclient-4.3.pom
Download http://repo1.maven.org/maven2/net/sf/json-lib/json-lib/2.3/json-lib-2.3.pom
Download http://repo1.maven.org/maven2/org/codehaus/groovy/groovy/1.6.9/groovy-1.6.9.pom
Download http://repo1.maven.org/maven2/net/sourceforge/nekohtml/nekohtml/1.9.9/nekohtml-1.9.9.pom
Download http://repo1.maven.org/maven2/xerces/xmlParserAPIs/2.6.2/xmlParserAPIs-2.6.2.pom
Download http://repo1.maven.org/maven2/xerces/xercesImpl/2.6.2/xercesImpl-2.6.2.pom
Download http://repo1.maven.org/maven2/xom/xom/1.0b3/xom-1.0b3.pom
Download http://repo1.maven.org/maven2/net/sf/ezmorph/ezmorph/1.0.6/ezmorph-1.0.6.pom
Download http://repo1.maven.org/maven2/asm/asm/2.2.3/asm-2.2.3.pom
Download http://repo1.maven.org/maven2/asm/asm-parent/2.2.3/asm-parent-2.2.3.pom
Download http://repo1.maven.org/maven2/asm/asm-util/2.2.3/asm-util-2.2.3.pom
Download http://repo1.maven.org/maven2/asm/asm-analysis/2.2.3/asm-analysis-2.2.3.pom
Download http://repo1.maven.org/maven2/asm/asm-tree/2.2.3/asm-tree-2.2.3.pom
Download http://repo1.maven.org/maven2/com/ibm/icu/icu4j/2.6.1/icu4j-2.6.1.pom
Download http://repo1.maven.org/maven2/org/ccil/cowan/tagsoup/tagsoup/0.9.7/tagsoup-0.9.7.pom
POM relocation to an other version number is not fully supported in Gradle : xml-apis#xml-apis;2.0.2 relocated to xml-apis#xml-apis;1.0.b2.
Please update your dependency to directly use the correct version 'xml-apis#xml-apis;1.0.b2'.
Resolution will only pick dependencies of the relocated element.  Artifacts and other metadata will be ignored.
Download http://repo1.maven.org/maven2/net/saliman/gradle-cobertura-plugin/2.0.0/gradle-cobertura-plugin-2.0.0.jar
Download http://repo1.maven.org/maven2/org/kt3k/gradle/plugin/coveralls-gradle-plugin/0.1.6/coveralls-gradle-plugin-0.1.6.jar
Download http://repo1.maven.org/maven2/net/sourceforge/cobertura/cobertura/2.0.3/cobertura-2.0.3.jar
Download http://repo1.maven.org/maven2/org/codehaus/groovy/groovy-all/2.0.6/groovy-all-2.0.6.jar
Download http://repo1.maven.org/maven2/org/apache/httpcomponents/httpmime/4.3/httpmime-4.3.jar
Download http://repo1.maven.org/maven2/org/codehaus/groovy/modules/http-builder/http-builder/0.5.0-RC2/http-builder-0.5.0-RC2.jar
Download http://repo1.maven.org/maven2/org/ow2/asm/asm-commons/4.1/asm-commons-4.1.jar
Download http://repo1.maven.org/maven2/org/apache/httpcomponents/httpclient/4.3/httpclient-4.3.jar
Download http://repo1.maven.org/maven2/net/sf/json-lib/json-lib/2.3/json-lib-2.3-jdk15.jar
Download http://repo1.maven.org/maven2/org/codehaus/groovy/groovy/1.6.9/groovy-1.6.9.jar
Download http://repo1.maven.org/maven2/net/sourceforge/nekohtml/nekohtml/1.9.9/nekohtml-1.9.9.jar
Download http://repo1.maven.org/maven2/xerces/xmlParserAPIs/2.6.2/xmlParserAPIs-2.6.2.jar
Download http://repo1.maven.org/maven2/xom/xom/1.0b3/xom-1.0b3.jar
Download http://repo1.maven.org/maven2/net/sf/ezmorph/ezmorph/1.0.6/ezmorph-1.0.6.jar
Download http://repo1.maven.org/maven2/asm/asm/2.2.3/asm-2.2.3.jar
Download http://repo1.maven.org/maven2/asm/asm-util/2.2.3/asm-util-2.2.3.jar
Download http://repo1.maven.org/maven2/asm/asm-analysis/2.2.3/asm-analysis-2.2.3.jar
Download http://repo1.maven.org/maven2/asm/asm-tree/2.2.3/asm-tree-2.2.3.jar
Download http://repo1.maven.org/maven2/com/ibm/icu/icu4j/2.6.1/icu4j-2.6.1.jar
Download http://repo1.maven.org/maven2/org/ccil/cowan/tagsoup/tagsoup/0.9.7/tagsoup-0.9.7.jar

FAILURE: Could not determine which tasks to execute.

* What went wrong:
Task 'mockitoJavadoc' not found in root project 'mockito'.

* Try:
Run gradlew tasks to get a list of available tasks.

BUILD FAILED

Total time: 45.995 secs
