[[1;34mINFO[m] Scanning for projects...
[[1;33mWARNING[m] 
[[1;33mWARNING[m] Some problems were encountered while building the effective model for commons-lang:commons-lang:jar:2.4-SNAPSHOT
[[1;33mWARNING[m] 'build.plugins.plugin.version' for org.apache.maven.plugins:maven-idea-plugin is missing. @ org.apache.commons:commons-parent:7, /home/michel/.m2/repository/org/apache/commons/commons-parent/7/commons-parent-7.pom, line 206, column 15
[[1;33mWARNING[m] 'build.plugins.plugin.version' for org.apache.maven.plugins:maven-compiler-plugin is missing. @ org.apache.commons:commons-parent:7, /home/michel/.m2/repository/org/apache/commons/commons-parent/7/commons-parent-7.pom, line 181, column 15
[[1;33mWARNING[m] 
[[1;33mWARNING[m] It is highly recommended to fix these problems because they threaten the stability of your build.
[[1;33mWARNING[m] 
[[1;33mWARNING[m] For this reason, future Maven versions might no longer support building such malformed projects.
[[1;33mWARNING[m] 
[[1;34mINFO[m] 
[[1;34mINFO[m] [1m------------------------------------------------------------------------[m
[[1;34mINFO[m] [1mBuilding Commons Lang 2.4-SNAPSHOT[m
[[1;34mINFO[m] [1m------------------------------------------------------------------------[m
[[1;34mINFO[m] 
[[1;34mINFO[m] [1m--- [0;32mmaven-antrun-plugin:1.1:run[m [1m(javadoc.resources)[m @ [36mcommons-lang[0;1m ---[m
[[1;34mINFO[m] Executing tasks
     [copy] Copying 2 files to /home/michel/Investigacion/bugs/Lang/target/apidocs/META-INF
[[1;34mINFO[m] Executed tasks
[[1;34mINFO[m] 
[[1;34mINFO[m] [1m--- [0;32mmaven-resources-plugin:2.6:resources[m [1m(default-resources)[m @ [36mcommons-lang[0;1m ---[m
[[1;33mWARNING[m] Using platform encoding (UTF-8 actually) to copy filtered resources, i.e. build is platform dependent!
[[1;34mINFO[m] Copying 2 resources to META-INF
[[1;34mINFO[m] 
[[1;34mINFO[m] [1m--- [0;32mmaven-compiler-plugin:3.1:compile[m [1m(default-compile)[m @ [36mcommons-lang[0;1m ---[m
[[1;34mINFO[m] Changes detected - recompiling the module!
[[1;33mWARNING[m] File encoding has not been set, using platform encoding UTF-8, i.e. build is platform dependent!
[[1;34mINFO[m] Compiling 87 source files to /home/michel/Investigacion/bugs/Lang/target/classes
[[1;34mINFO[m] -------------------------------------------------------------
[[1;31mERROR[m] COMPILATION ERROR : 
[[1;34mINFO[m] -------------------------------------------------------------
[[1;31mERROR[m] /home/michel/Investigacion/bugs/Lang/src/java/org/apache/commons/lang/Entities.java:[64,29] unmappable character for encoding UTF8
[[1;31mERROR[m] /home/michel/Investigacion/bugs/Lang/src/java/org/apache/commons/lang/Entities.java:[69,28] unmappable character for encoding UTF8
[[1;31mERROR[m] /home/michel/Investigacion/bugs/Lang/src/java/org/apache/commons/lang/Entities.java:[87,31] unmappable character for encoding UTF8
[[1;31mERROR[m] /home/michel/Investigacion/bugs/Lang/src/java/org/apache/commons/lang/Entities.java:[88,31] unmappable character for encoding UTF8
[[1;31mERROR[m] /home/michel/Investigacion/bugs/Lang/src/java/org/apache/commons/lang/Entities.java:[89,30] unmappable character for encoding UTF8
[[1;31mERROR[m] /home/michel/Investigacion/bugs/Lang/src/java/org/apache/commons/lang/Entities.java:[90,31] unmappable character for encoding UTF8
[[1;31mERROR[m] /home/michel/Investigacion/bugs/Lang/src/java/org/apache/commons/lang/Entities.java:[91,29] unmappable character for encoding UTF8
[[1;31mERROR[m] /home/michel/Investigacion/bugs/Lang/src/java/org/apache/commons/lang/Entities.java:[92,30] unmappable character for encoding UTF8
[[1;31mERROR[m] /home/michel/Investigacion/bugs/Lang/src/java/org/apache/commons/lang/Entities.java:[93,30] unmappable character for encoding UTF8
[[1;31mERROR[m] /home/michel/Investigacion/bugs/Lang/src/java/org/apache/commons/lang/Entities.java:[94,31] unmappable character for encoding UTF8
[[1;31mERROR[m] /home/michel/Investigacion/bugs/Lang/src/java/org/apache/commons/lang/Entities.java:[95,31] unmappable character for encoding UTF8
[[1;31mERROR[m] /home/michel/Investigacion/bugs/Lang/src/java/org/apache/commons/lang/Entities.java:[96,31] unmappable character for encoding UTF8
[[1;31mERROR[m] /home/michel/Investigacion/bugs/Lang/src/java/org/apache/commons/lang/Entities.java:[97,30] unmappable character for encoding UTF8
[[1;31mERROR[m] /home/michel/Investigacion/bugs/Lang/src/java/org/apache/commons/lang/Entities.java:[98,29] unmappable character for encoding UTF8
[[1;31mERROR[m] /home/michel/Investigacion/bugs/Lang/src/java/org/apache/commons/lang/Entities.java:[99,31] unmappable character for encoding UTF8
[[1;31mERROR[m] /home/michel/Investigacion/bugs/Lang/src/java/org/apache/commons/lang/Entities.java:[100,31] unmappable character for encoding UTF8
[[1;31mERROR[m] /home/michel/Investigacion/bugs/Lang/src/java/org/apache/commons/lang/Entities.java:[101,30] unmappable character for encoding UTF8
[[1;31mERROR[m] /home/michel/Investigacion/bugs/Lang/src/java/org/apache/commons/lang/Entities.java:[102,29] unmappable character for encoding UTF8
[[1;31mERROR[m] /home/michel/Investigacion/bugs/Lang/src/java/org/apache/commons/lang/Entities.java:[103,28] unmappable character for encoding UTF8
[[1;31mERROR[m] /home/michel/Investigacion/bugs/Lang/src/java/org/apache/commons/lang/Entities.java:[104,31] unmappable character for encoding UTF8
[[1;31mERROR[m] /home/michel/Investigacion/bugs/Lang/src/java/org/apache/commons/lang/Entities.java:[105,31] unmappable character for encoding UTF8
[[1;31mERROR[m] /home/michel/Investigacion/bugs/Lang/src/java/org/apache/commons/lang/Entities.java:[106,31] unmappable character for encoding UTF8
[[1;31mERROR[m] /home/michel/Investigacion/bugs/Lang/src/java/org/apache/commons/lang/Entities.java:[107,30] unmappable character for encoding UTF8
[[1;31mERROR[m] /home/michel/Investigacion/bugs/Lang/src/java/org/apache/commons/lang/Entities.java:[108,31] unmappable character for encoding UTF8
[[1;31mERROR[m] /home/michel/Investigacion/bugs/Lang/src/java/org/apache/commons/lang/Entities.java:[109,29] unmappable character for encoding UTF8
[[1;31mERROR[m] /home/michel/Investigacion/bugs/Lang/src/java/org/apache/commons/lang/Entities.java:[111,31] unmappable character for encoding UTF8
[[1;31mERROR[m] /home/michel/Investigacion/bugs/Lang/src/java/org/apache/commons/lang/Entities.java:[112,31] unmappable character for encoding UTF8
[[1;31mERROR[m] /home/michel/Investigacion/bugs/Lang/src/java/org/apache/commons/lang/Entities.java:[113,31] unmappable character for encoding UTF8
[[1;31mERROR[m] /home/michel/Investigacion/bugs/Lang/src/java/org/apache/commons/lang/Entities.java:[114,30] unmappable character for encoding UTF8
[[1;31mERROR[m] /home/michel/Investigacion/bugs/Lang/src/java/org/apache/commons/lang/Entities.java:[115,29] unmappable character for encoding UTF8
[[1;31mERROR[m] /home/michel/Investigacion/bugs/Lang/src/java/org/apache/commons/lang/Entities.java:[116,31] unmappable character for encoding UTF8
[[1;31mERROR[m] /home/michel/Investigacion/bugs/Lang/src/java/org/apache/commons/lang/Entities.java:[117,30] unmappable character for encoding UTF8
[[1;31mERROR[m] /home/michel/Investigacion/bugs/Lang/src/java/org/apache/commons/lang/Entities.java:[118,30] unmappable character for encoding UTF8
[[1;31mERROR[m] /home/michel/Investigacion/bugs/Lang/src/java/org/apache/commons/lang/Entities.java:[119,31] unmappable character for encoding UTF8
[[1;31mERROR[m] /home/michel/Investigacion/bugs/Lang/src/java/org/apache/commons/lang/Entities.java:[120,31] unmappable character for encoding UTF8
[[1;31mERROR[m] /home/michel/Investigacion/bugs/Lang/src/java/org/apache/commons/lang/Entities.java:[121,30] unmappable character for encoding UTF8
[[1;31mERROR[m] /home/michel/Investigacion/bugs/Lang/src/java/org/apache/commons/lang/Entities.java:[122,31] unmappable character for encoding UTF8
[[1;31mERROR[m] /home/michel/Investigacion/bugs/Lang/src/java/org/apache/commons/lang/Entities.java:[123,29] unmappable character for encoding UTF8
[[1;31mERROR[m] /home/michel/Investigacion/bugs/Lang/src/java/org/apache/commons/lang/Entities.java:[124,30] unmappable character for encoding UTF8
[[1;31mERROR[m] /home/michel/Investigacion/bugs/Lang/src/java/org/apache/commons/lang/Entities.java:[125,30] unmappable character for encoding UTF8
[[1;31mERROR[m] /home/michel/Investigacion/bugs/Lang/src/java/org/apache/commons/lang/Entities.java:[126,31] unmappable character for encoding UTF8
[[1;31mERROR[m] /home/michel/Investigacion/bugs/Lang/src/java/org/apache/commons/lang/Entities.java:[127,31] unmappable character for encoding UTF8
[[1;31mERROR[m] /home/michel/Investigacion/bugs/Lang/src/java/org/apache/commons/lang/Entities.java:[128,31] unmappable character for encoding UTF8
[[1;31mERROR[m] /home/michel/Investigacion/bugs/Lang/src/java/org/apache/commons/lang/Entities.java:[129,30] unmappable character for encoding UTF8
[[1;31mERROR[m] /home/michel/Investigacion/bugs/Lang/src/java/org/apache/commons/lang/Entities.java:[130,29] unmappable character for encoding UTF8
[[1;31mERROR[m] /home/michel/Investigacion/bugs/Lang/src/java/org/apache/commons/lang/Entities.java:[131,31] unmappable character for encoding UTF8
[[1;31mERROR[m] /home/michel/Investigacion/bugs/Lang/src/java/org/apache/commons/lang/Entities.java:[132,31] unmappable character for encoding UTF8
[[1;31mERROR[m] /home/michel/Investigacion/bugs/Lang/src/java/org/apache/commons/lang/Entities.java:[133,30] unmappable character for encoding UTF8
[[1;31mERROR[m] /home/michel/Investigacion/bugs/Lang/src/java/org/apache/commons/lang/Entities.java:[134,29] unmappable character for encoding UTF8
[[1;31mERROR[m] /home/michel/Investigacion/bugs/Lang/src/java/org/apache/commons/lang/Entities.java:[135,28] unmappable character for encoding UTF8
[[1;31mERROR[m] /home/michel/Investigacion/bugs/Lang/src/java/org/apache/commons/lang/Entities.java:[136,31] unmappable character for encoding UTF8
[[1;31mERROR[m] /home/michel/Investigacion/bugs/Lang/src/java/org/apache/commons/lang/Entities.java:[137,31] unmappable character for encoding UTF8
[[1;31mERROR[m] /home/michel/Investigacion/bugs/Lang/src/java/org/apache/commons/lang/Entities.java:[138,31] unmappable character for encoding UTF8
[[1;31mERROR[m] /home/michel/Investigacion/bugs/Lang/src/java/org/apache/commons/lang/Entities.java:[139,30] unmappable character for encoding UTF8
[[1;31mERROR[m] /home/michel/Investigacion/bugs/Lang/src/java/org/apache/commons/lang/Entities.java:[140,31] unmappable character for encoding UTF8
[[1;31mERROR[m] /home/michel/Investigacion/bugs/Lang/src/java/org/apache/commons/lang/Entities.java:[141,29] unmappable character for encoding UTF8
[[1;31mERROR[m] /home/michel/Investigacion/bugs/Lang/src/java/org/apache/commons/lang/Entities.java:[143,31] unmappable character for encoding UTF8
[[1;31mERROR[m] /home/michel/Investigacion/bugs/Lang/src/java/org/apache/commons/lang/Entities.java:[144,31] unmappable character for encoding UTF8
[[1;31mERROR[m] /home/michel/Investigacion/bugs/Lang/src/java/org/apache/commons/lang/Entities.java:[145,31] unmappable character for encoding UTF8
[[1;31mERROR[m] /home/michel/Investigacion/bugs/Lang/src/java/org/apache/commons/lang/Entities.java:[146,30] unmappable character for encoding UTF8
[[1;31mERROR[m] /home/michel/Investigacion/bugs/Lang/src/java/org/apache/commons/lang/Entities.java:[147,29] unmappable character for encoding UTF8
[[1;31mERROR[m] /home/michel/Investigacion/bugs/Lang/src/java/org/apache/commons/lang/Entities.java:[148,31] unmappable character for encoding UTF8
[[1;31mERROR[m] /home/michel/Investigacion/bugs/Lang/src/java/org/apache/commons/lang/Entities.java:[149,30] unmappable character for encoding UTF8
[[1;31mERROR[m] /home/michel/Investigacion/bugs/Lang/src/java/org/apache/commons/lang/Entities.java:[150,29] unmappable character for encoding UTF8
[[1;31mERROR[m] /home/michel/Investigacion/bugs/Lang/src/java/org/apache/commons/lang/text/DefaultMetaFormatFactory.java:[117,20] cannot find symbol
  symbol:   class MultiFormat
  location: class org.apache.commons.lang.text.DefaultMetaFormatFactory
[[1;34mINFO[m] 65 errors 
[[1;34mINFO[m] -------------------------------------------------------------
[[1;34mINFO[m] [1m------------------------------------------------------------------------[m
[[1;34mINFO[m] [1;31mBUILD FAILURE[m
[[1;34mINFO[m] [1m------------------------------------------------------------------------[m
[[1;34mINFO[m] Total time: 2.178 s
[[1;34mINFO[m] Finished at: 2019-01-12T02:58:43+01:00
[[1;34mINFO[m] Final Memory: 13M/303M
[[1;34mINFO[m] [1m------------------------------------------------------------------------[m
[[1;31mERROR[m] Failed to execute goal [32morg.apache.maven.plugins:maven-compiler-plugin:3.1:compile[m [1m(default-compile)[m on project [36mcommons-lang[m: [1;31mCompilation failure[m: Compilation failure: 
[[1;31mERROR[m] /home/michel/Investigacion/bugs/Lang/src/java/org/apache/commons/lang/Entities.java:[64,29] unmappable character for encoding UTF8
[[1;31mERROR[m] /home/michel/Investigacion/bugs/Lang/src/java/org/apache/commons/lang/Entities.java:[69,28] unmappable character for encoding UTF8
[[1;31mERROR[m] /home/michel/Investigacion/bugs/Lang/src/java/org/apache/commons/lang/Entities.java:[87,31] unmappable character for encoding UTF8
[[1;31mERROR[m] /home/michel/Investigacion/bugs/Lang/src/java/org/apache/commons/lang/Entities.java:[88,31] unmappable character for encoding UTF8
[[1;31mERROR[m] /home/michel/Investigacion/bugs/Lang/src/java/org/apache/commons/lang/Entities.java:[89,30] unmappable character for encoding UTF8
[[1;31mERROR[m] /home/michel/Investigacion/bugs/Lang/src/java/org/apache/commons/lang/Entities.java:[90,31] unmappable character for encoding UTF8
[[1;31mERROR[m] /home/michel/Investigacion/bugs/Lang/src/java/org/apache/commons/lang/Entities.java:[91,29] unmappable character for encoding UTF8
[[1;31mERROR[m] /home/michel/Investigacion/bugs/Lang/src/java/org/apache/commons/lang/Entities.java:[92,30] unmappable character for encoding UTF8
[[1;31mERROR[m] /home/michel/Investigacion/bugs/Lang/src/java/org/apache/commons/lang/Entities.java:[93,30] unmappable character for encoding UTF8
[[1;31mERROR[m] /home/michel/Investigacion/bugs/Lang/src/java/org/apache/commons/lang/Entities.java:[94,31] unmappable character for encoding UTF8
[[1;31mERROR[m] /home/michel/Investigacion/bugs/Lang/src/java/org/apache/commons/lang/Entities.java:[95,31] unmappable character for encoding UTF8
[[1;31mERROR[m] /home/michel/Investigacion/bugs/Lang/src/java/org/apache/commons/lang/Entities.java:[96,31] unmappable character for encoding UTF8
[[1;31mERROR[m] /home/michel/Investigacion/bugs/Lang/src/java/org/apache/commons/lang/Entities.java:[97,30] unmappable character for encoding UTF8
[[1;31mERROR[m] /home/michel/Investigacion/bugs/Lang/src/java/org/apache/commons/lang/Entities.java:[98,29] unmappable character for encoding UTF8
[[1;31mERROR[m] /home/michel/Investigacion/bugs/Lang/src/java/org/apache/commons/lang/Entities.java:[99,31] unmappable character for encoding UTF8
[[1;31mERROR[m] /home/michel/Investigacion/bugs/Lang/src/java/org/apache/commons/lang/Entities.java:[100,31] unmappable character for encoding UTF8
[[1;31mERROR[m] /home/michel/Investigacion/bugs/Lang/src/java/org/apache/commons/lang/Entities.java:[101,30] unmappable character for encoding UTF8
[[1;31mERROR[m] /home/michel/Investigacion/bugs/Lang/src/java/org/apache/commons/lang/Entities.java:[102,29] unmappable character for encoding UTF8
[[1;31mERROR[m] /home/michel/Investigacion/bugs/Lang/src/java/org/apache/commons/lang/Entities.java:[103,28] unmappable character for encoding UTF8
[[1;31mERROR[m] /home/michel/Investigacion/bugs/Lang/src/java/org/apache/commons/lang/Entities.java:[104,31] unmappable character for encoding UTF8
[[1;31mERROR[m] /home/michel/Investigacion/bugs/Lang/src/java/org/apache/commons/lang/Entities.java:[105,31] unmappable character for encoding UTF8
[[1;31mERROR[m] /home/michel/Investigacion/bugs/Lang/src/java/org/apache/commons/lang/Entities.java:[106,31] unmappable character for encoding UTF8
[[1;31mERROR[m] /home/michel/Investigacion/bugs/Lang/src/java/org/apache/commons/lang/Entities.java:[107,30] unmappable character for encoding UTF8
[[1;31mERROR[m] /home/michel/Investigacion/bugs/Lang/src/java/org/apache/commons/lang/Entities.java:[108,31] unmappable character for encoding UTF8
[[1;31mERROR[m] /home/michel/Investigacion/bugs/Lang/src/java/org/apache/commons/lang/Entities.java:[109,29] unmappable character for encoding UTF8
[[1;31mERROR[m] /home/michel/Investigacion/bugs/Lang/src/java/org/apache/commons/lang/Entities.java:[111,31] unmappable character for encoding UTF8
[[1;31mERROR[m] /home/michel/Investigacion/bugs/Lang/src/java/org/apache/commons/lang/Entities.java:[112,31] unmappable character for encoding UTF8
[[1;31mERROR[m] /home/michel/Investigacion/bugs/Lang/src/java/org/apache/commons/lang/Entities.java:[113,31] unmappable character for encoding UTF8
[[1;31mERROR[m] /home/michel/Investigacion/bugs/Lang/src/java/org/apache/commons/lang/Entities.java:[114,30] unmappable character for encoding UTF8
[[1;31mERROR[m] /home/michel/Investigacion/bugs/Lang/src/java/org/apache/commons/lang/Entities.java:[115,29] unmappable character for encoding UTF8
[[1;31mERROR[m] /home/michel/Investigacion/bugs/Lang/src/java/org/apache/commons/lang/Entities.java:[116,31] unmappable character for encoding UTF8
[[1;31mERROR[m] /home/michel/Investigacion/bugs/Lang/src/java/org/apache/commons/lang/Entities.java:[117,30] unmappable character for encoding UTF8
[[1;31mERROR[m] /home/michel/Investigacion/bugs/Lang/src/java/org/apache/commons/lang/Entities.java:[118,30] unmappable character for encoding UTF8
[[1;31mERROR[m] /home/michel/Investigacion/bugs/Lang/src/java/org/apache/commons/lang/Entities.java:[119,31] unmappable character for encoding UTF8
[[1;31mERROR[m] /home/michel/Investigacion/bugs/Lang/src/java/org/apache/commons/lang/Entities.java:[120,31] unmappable character for encoding UTF8
[[1;31mERROR[m] /home/michel/Investigacion/bugs/Lang/src/java/org/apache/commons/lang/Entities.java:[121,30] unmappable character for encoding UTF8
[[1;31mERROR[m] /home/michel/Investigacion/bugs/Lang/src/java/org/apache/commons/lang/Entities.java:[122,31] unmappable character for encoding UTF8
[[1;31mERROR[m] /home/michel/Investigacion/bugs/Lang/src/java/org/apache/commons/lang/Entities.java:[123,29] unmappable character for encoding UTF8
[[1;31mERROR[m] /home/michel/Investigacion/bugs/Lang/src/java/org/apache/commons/lang/Entities.java:[124,30] unmappable character for encoding UTF8
[[1;31mERROR[m] /home/michel/Investigacion/bugs/Lang/src/java/org/apache/commons/lang/Entities.java:[125,30] unmappable character for encoding UTF8
[[1;31mERROR[m] /home/michel/Investigacion/bugs/Lang/src/java/org/apache/commons/lang/Entities.java:[126,31] unmappable character for encoding UTF8
[[1;31mERROR[m] /home/michel/Investigacion/bugs/Lang/src/java/org/apache/commons/lang/Entities.java:[127,31] unmappable character for encoding UTF8
[[1;31mERROR[m] /home/michel/Investigacion/bugs/Lang/src/java/org/apache/commons/lang/Entities.java:[128,31] unmappable character for encoding UTF8
[[1;31mERROR[m] /home/michel/Investigacion/bugs/Lang/src/java/org/apache/commons/lang/Entities.java:[129,30] unmappable character for encoding UTF8
[[1;31mERROR[m] /home/michel/Investigacion/bugs/Lang/src/java/org/apache/commons/lang/Entities.java:[130,29] unmappable character for encoding UTF8
[[1;31mERROR[m] /home/michel/Investigacion/bugs/Lang/src/java/org/apache/commons/lang/Entities.java:[131,31] unmappable character for encoding UTF8
[[1;31mERROR[m] /home/michel/Investigacion/bugs/Lang/src/java/org/apache/commons/lang/Entities.java:[132,31] unmappable character for encoding UTF8
[[1;31mERROR[m] /home/michel/Investigacion/bugs/Lang/src/java/org/apache/commons/lang/Entities.java:[133,30] unmappable character for encoding UTF8
[[1;31mERROR[m] /home/michel/Investigacion/bugs/Lang/src/java/org/apache/commons/lang/Entities.java:[134,29] unmappable character for encoding UTF8
[[1;31mERROR[m] /home/michel/Investigacion/bugs/Lang/src/java/org/apache/commons/lang/Entities.java:[135,28] unmappable character for encoding UTF8
[[1;31mERROR[m] /home/michel/Investigacion/bugs/Lang/src/java/org/apache/commons/lang/Entities.java:[136,31] unmappable character for encoding UTF8
[[1;31mERROR[m] /home/michel/Investigacion/bugs/Lang/src/java/org/apache/commons/lang/Entities.java:[137,31] unmappable character for encoding UTF8
[[1;31mERROR[m] /home/michel/Investigacion/bugs/Lang/src/java/org/apache/commons/lang/Entities.java:[138,31] unmappable character for encoding UTF8
[[1;31mERROR[m] /home/michel/Investigacion/bugs/Lang/src/java/org/apache/commons/lang/Entities.java:[139,30] unmappable character for encoding UTF8
[[1;31mERROR[m] /home/michel/Investigacion/bugs/Lang/src/java/org/apache/commons/lang/Entities.java:[140,31] unmappable character for encoding UTF8
[[1;31mERROR[m] /home/michel/Investigacion/bugs/Lang/src/java/org/apache/commons/lang/Entities.java:[141,29] unmappable character for encoding UTF8
[[1;31mERROR[m] /home/michel/Investigacion/bugs/Lang/src/java/org/apache/commons/lang/Entities.java:[143,31] unmappable character for encoding UTF8
[[1;31mERROR[m] /home/michel/Investigacion/bugs/Lang/src/java/org/apache/commons/lang/Entities.java:[144,31] unmappable character for encoding UTF8
[[1;31mERROR[m] /home/michel/Investigacion/bugs/Lang/src/java/org/apache/commons/lang/Entities.java:[145,31] unmappable character for encoding UTF8
[[1;31mERROR[m] /home/michel/Investigacion/bugs/Lang/src/java/org/apache/commons/lang/Entities.java:[146,30] unmappable character for encoding UTF8
[[1;31mERROR[m] /home/michel/Investigacion/bugs/Lang/src/java/org/apache/commons/lang/Entities.java:[147,29] unmappable character for encoding UTF8
[[1;31mERROR[m] /home/michel/Investigacion/bugs/Lang/src/java/org/apache/commons/lang/Entities.java:[148,31] unmappable character for encoding UTF8
[[1;31mERROR[m] /home/michel/Investigacion/bugs/Lang/src/java/org/apache/commons/lang/Entities.java:[149,30] unmappable character for encoding UTF8
[[1;31mERROR[m] /home/michel/Investigacion/bugs/Lang/src/java/org/apache/commons/lang/Entities.java:[150,29] unmappable character for encoding UTF8
[[1;31mERROR[m] /home/michel/Investigacion/bugs/Lang/src/java/org/apache/commons/lang/text/DefaultMetaFormatFactory.java:[117,20] cannot find symbol
[[1;31mERROR[m]   symbol:   class MultiFormat
[[1;31mERROR[m]   location: class org.apache.commons.lang.text.DefaultMetaFormatFactory
[[1;31mERROR[m] -> [1m[Help 1][m
[[1;31mERROR[m] 
[[1;31mERROR[m] To see the full stack trace of the errors, re-run Maven with the [1m-e[m switch.
[[1;31mERROR[m] Re-run Maven using the [1m-X[m switch to enable full debug logging.
[[1;31mERROR[m] 
[[1;31mERROR[m] For more information about the errors and possible solutions, please read the following articles:
[[1;31mERROR[m] [1m[Help 1][m http://cwiki.apache.org/confluence/display/MAVEN/MojoFailureException
