Previous HEAD position was 36bbbab02d Deprecate ExtensionRegistryInitializer in protobuf support
HEAD is now at d303c8a20f Store PathPattern instead of String in attributes
[ BUILD CHECKER ] CHECK BUILD FOR STEP 2
[ BUILD CHECKER ] d303c8a commit already checked: SUCCESS
[ BUILD CHECKER ] ab8310b commit already checked: SUCCESS
[ BUILD CHECKER ] fdaceeb commit already checked: SUCCESS
[ BUILD CHECKER ] 2c5a1af commit already checked: SUCCESS
[ BUILD CHECKER ] f885910 commit already checked: SUCCESS
[ BUILD CHECKER ] e14cf69 commit already checked: SUCCESS
[ BUILD CHECKER ] 93bb78e commit already checked: SUCCESS
[ BUILD CHECKER ] b2bf5fe commit already checked: SUCCESS
[ BUILD CHECKER ] 423aa28 commit already checked: SUCCESS
[ BUILD CHECKER ] 5094941 commit already checked: SUCCESS
[ BUILD CHECKER ] 608fd76 commit already checked: SUCCESS
[ BUILD CHECKER ] 58b3af9 commit already checked: SUCCESS
[ BUILD CHECKER ] 5f2d47a commit already checked: SUCCESS
[ BUILD CHECKER ] 2255d22 commit already checked: SUCCESS
[ BUILD CHECKER ] ecd0d7f commit already checked: SUCCESS
[ BUILD CHECKER ] 309e70a commit already checked: SUCCESS
[ BUILD CHECKER ] 658c7f9 commit already checked: SUCCESS
[ BUILD CHECKER ] c5ca56b commit already checked: SUCCESS
[ BUILD CHECKER ] 0583091 commit already checked: SUCCESS
[ BUILD CHECKER ] 864d7ea commit already checked: SUCCESS
[ BUILD CHECKER ] bfc5ad8 commit already checked: SUCCESS
[ BUILD CHECKER ] b7e4a56 commit already checked: SUCCESS
[ BUILD CHECKER ] 0b2c482 commit already checked: SUCCESS
[ BUILD CHECKER ] dcf2861 commit already checked: SUCCESS
[ BUILD CHECKER ] 5474995 commit already checked: SUCCESS
[ BUILD CHECKER ] a2ae5f6 commit already checked: SUCCESS
[ BUILD CHECKER ] 4ee704c commit already checked: SUCCESS
[ BUILD CHECKER ] 8df0bc8 commit already checked: SUCCESS
[ BUILD CHECKER ] c567e65 commit already checked: SUCCESS
[ BUILD CHECKER ] 050f44d commit already checked: SUCCESS
[ BUILD CHECKER ] 60b5161 commit already checked: SUCCESS
[ BUILD CHECKER ] 10d5de7 commit already checked: SUCCESS
[ BUILD CHECKER ] 8de5c05 commit already checked: SUCCESS
[ BUILD CHECKER ] f12c28e commit already checked: SUCCESS
[ BUILD CHECKER ] ce7278a commit already checked: SUCCESS
[ BUILD CHECKER ] 61403e3 commit already checked: SUCCESS
[ BUILD CHECKER ] cc172bc commit already checked: SUCCESS
[ BUILD CHECKER ] e181498 commit already checked: SUCCESS
[ BUILD CHECKER ] c89e3e6 commit already checked: SUCCESS
[ BUILD CHECKER ] d059241 commit already checked: SUCCESS
[ BUILD CHECKER ] 82a211f commit already checked: SUCCESS
[ BUILD CHECKER ] 062805f commit already checked: SUCCESS
[ BUILD CHECKER ] 053820c commit already checked: SUCCESS
[ BUILD CHECKER ] f662e3b commit already checked: SUCCESS
[ BUILD CHECKER ] 44afed4 commit already checked: SUCCESS
[ BUILD CHECKER ] 83909e6 commit already checked: SUCCESS
[ BUILD CHECKER ] fdf3403 commit already checked: SUCCESS
[ BUILD CHECKER ] d9e7253 commit already checked: SUCCESS
[ BUILD CHECKER ] 2b986af commit already checked: SUCCESS
[ BUILD CHECKER ] c8c0737 commit already checked: SUCCESS
[ BUILD CHECKER ] 19f3347 commit already checked: SUCCESS
[ BUILD CHECKER ] efdbddd commit already checked: SUCCESS
[ BUILD CHECKER ] cf3635b commit already checked: SUCCESS
[ BUILD CHECKER ] 1e0de07 commit already checked: SUCCESS
[ BUILD CHECKER ] bb5c8ed commit already checked: SUCCESS
[ BUILD CHECKER ] c01f350 commit already checked: SUCCESS
[ BUILD CHECKER ] 928c541 commit already checked: FAIL
[ BUILD CHECKER ] bef22ec commit already checked: SUCCESS
[ BUILD CHECKER ] 29ff8a8 commit already checked: SUCCESS
[ BUILD CHECKER ] af6a556 commit already checked: SUCCESS
[ BUILD CHECKER ] 635d214 commit already checked: SUCCESS
[ BUILD CHECKER ] ccce61e commit already checked: SUCCESS
[ BUILD CHECKER ] 9630445 commit already checked: SUCCESS
[ BUILD CHECKER ] 1c90d48 commit already checked: SUCCESS
[ BUILD CHECKER ] d16a710 commit already checked: SUCCESS
[ BUILD CHECKER ] 4d24503 commit already checked: SUCCESS
[ BUILD CHECKER ] 1489457 commit already checked: SUCCESS
[ BUILD CHECKER ] 9064ef5 commit already checked: SUCCESS
[ BUILD CHECKER ] 983bce1 commit already checked: SUCCESS
[ BUILD CHECKER ] 80e7819 commit already checked: SUCCESS
[ BUILD CHECKER ] cb4fa37 commit already checked: SUCCESS
[ BUILD CHECKER ] 9d5aced commit already checked: SUCCESS
[ BUILD CHECKER ] ff7ccf0 commit already checked: SUCCESS
[ BUILD CHECKER ] 9975646 commit already checked: SUCCESS
[ BUILD CHECKER ] 38e5c01 commit already checked: SUCCESS
[ BUILD CHECKER ] 3ff5731 commit already checked: SUCCESS
[ BUILD CHECKER ] 1320fed commit already checked: SUCCESS
[ BUILD CHECKER ] e63bffc commit already checked: SUCCESS
[ BUILD CHECKER ] 77205ca commit already checked: SUCCESS
[ BUILD CHECKER ] 31095f1 commit already checked: SUCCESS
[ BUILD CHECKER ] 49bc746 commit already checked: SUCCESS
[ BUILD CHECKER ] 1b8421c commit already checked: SUCCESS
[ BUILD CHECKER ] 00353a0 commit already checked: SUCCESS
[ BUILD CHECKER ] 9fed4d0 commit already checked: SUCCESS
[ BUILD CHECKER ] fc03707 commit already checked: SUCCESS
[ BUILD CHECKER ] 7aa9334 commit already checked: SUCCESS
[ BUILD CHECKER ] a8f4c59 commit already checked: SUCCESS
[ BUILD CHECKER ] 058f027 commit already checked: SUCCESS
[ BUILD CHECKER ] 2ec41c8 commit already checked: SUCCESS
[ BUILD CHECKER ] ad29f97 commit already checked: SUCCESS
[ BUILD CHECKER ] 9063e66 commit already checked: SUCCESS
[ BUILD CHECKER ] d6dfde3 commit already checked: SUCCESS
[ BUILD CHECKER ] 333e327 commit already checked: SUCCESS
[ BUILD CHECKER ] 255015f commit already checked: SUCCESS
[ BUILD CHECKER ] 6ff8cd8 commit already checked: SUCCESS
[ BUILD CHECKER ] 18c9e3e commit already checked: SUCCESS
[ BUILD CHECKER ] a76b8de commit already checked: SUCCESS
[ BUILD CHECKER ] 7ca6b9f commit already checked: SUCCESS
[ BUILD CHECKER ] 51ba322 commit already checked: SUCCESS
[ BUILD CHECKER ] 9e2912e commit already checked: SUCCESS
[ BUILD CHECKER ] 6d22632 commit already checked: SUCCESS
[ BUILD CHECKER ] 45ecfc6 commit already checked: SUCCESS
[ BUILD CHECKER ] 59e87f9 commit already checked: SUCCESS
[ BUILD CHECKER ] 917bb53 commit already checked: SUCCESS
[ BUILD CHECKER ] f7263ab commit already checked: SUCCESS
[ BUILD CHECKER ] 2a6da6a commit already checked: SUCCESS
[ BUILD CHECKER ] 92b3f2a commit already checked: SUCCESS
[ BUILD CHECKER ] 80e52de commit already checked: SUCCESS
[ BUILD CHECKER ] 7562761 commit already checked: SUCCESS
[ BUILD CHECKER ] 3f5a7bb commit already checked: SUCCESS
[ BUILD CHECKER ] 093a863 commit already checked: SUCCESS
[ BUILD CHECKER ] 90c29b3 commit already checked: SUCCESS
[ BUILD CHECKER ] f783967 commit already checked: SUCCESS
[ BUILD CHECKER ] 47d6e91 commit already checked: SUCCESS
[ BUILD CHECKER ] b6b880c commit already checked: SUCCESS
[ BUILD CHECKER ] 7481d73 commit already checked: SUCCESS
[ BUILD CHECKER ] 288a9ec commit already checked: SUCCESS
[ BUILD CHECKER ] a278e87 commit already checked: SUCCESS
[ BUILD CHECKER ] 082c524 commit already checked: SUCCESS
[ BUILD CHECKER ] d3c0855 commit already checked: SUCCESS
[ BUILD CHECKER ] 50c9542 commit already checked: SUCCESS
[ BUILD CHECKER ] a6f9c4c commit already checked: SUCCESS
[ BUILD CHECKER ] af58263 commit already checked: SUCCESS
[ BUILD CHECKER ] 8a48353 commit already checked: SUCCESS
[ BUILD CHECKER ] 1756f83 commit already checked: SUCCESS
[ BUILD CHECKER ] d94e922 commit already checked: SUCCESS
[ BUILD CHECKER ] 65ca7f4 commit already checked: SUCCESS
[ BUILD CHECKER ] 0204b08 commit already checked: SUCCESS
[ BUILD CHECKER ] 5b25aaa commit already checked: SUCCESS
[ BUILD CHECKER ] 6431b25 commit already checked: SUCCESS
[ BUILD CHECKER ] 745aeda commit already checked: SUCCESS
[ BUILD CHECKER ] c634b2f commit already checked: SUCCESS
[ BUILD CHECKER ] 00a3afc commit already checked: SUCCESS
[ BUILD CHECKER ] b29a278 commit already checked: SUCCESS
[ BUILD CHECKER ] 95ff22c commit already checked: SUCCESS
[ BUILD CHECKER ] 395e3d0 commit already checked: SUCCESS
[ BUILD CHECKER ] d0ada56 commit already checked: SUCCESS
[ BUILD CHECKER ] 0948edb commit already checked: SUCCESS
[ BUILD CHECKER ] c8869d9 commit already checked: SUCCESS
[ BUILD CHECKER ] 69e8bcd commit already checked: SUCCESS
[ BUILD CHECKER ] c385a1d commit already checked: SUCCESS
[ BUILD CHECKER ] 88ab911 commit already checked: SUCCESS
[ BUILD CHECKER ] 51f7a3e commit already checked: SUCCESS
[ BUILD CHECKER ] 3466330 commit already checked: SUCCESS
[ BUILD CHECKER ] cc87fbc commit already checked: SUCCESS
[ BUILD CHECKER ] c4aea62 commit already checked: SUCCESS
[ BUILD CHECKER ] a680880 commit already checked: SUCCESS
[ BUILD CHECKER ] 8e83f14 commit already checked: SUCCESS
[ BUILD CHECKER ] db8e9ea commit already checked: SUCCESS
[ BUILD CHECKER ] 41d4cb5 commit already checked: SUCCESS
[ BUILD CHECKER ] 12240c7 commit already checked: SUCCESS
[ BUILD CHECKER ] e62298e commit already checked: SUCCESS
[ BUILD CHECKER ] 66c66ba commit already checked: SUCCESS
[ BUILD CHECKER ] cf96416 commit already checked: SUCCESS
[ BUILD CHECKER ] 97cea7f commit already checked: SUCCESS
[ BUILD CHECKER ] 77887ef commit already checked: SUCCESS
[ BUILD CHECKER ] cbc0fad commit already checked: SUCCESS
[ BUILD CHECKER ] 65c8fa4 commit already checked: SUCCESS
[ BUILD CHECKER ] 0685651 commit already checked: SUCCESS
[ BUILD CHECKER ] cde677a commit already checked: SUCCESS
[ BUILD CHECKER ] 184340f commit already checked: SUCCESS
[ BUILD CHECKER ] 9cb8b4b commit already checked: SUCCESS
[ BUILD CHECKER ] b6d32ef commit already checked: SUCCESS
[ BUILD CHECKER ] b83bc39 commit already checked: SUCCESS
[ BUILD CHECKER ] 45936f0 commit already checked: SUCCESS
[ BUILD CHECKER ] 43a814b commit already checked: SUCCESS
[ BUILD CHECKER ] bffa4b8 commit already checked: SUCCESS
[ BUILD CHECKER ] dcac30c commit already checked: SUCCESS
[ BUILD CHECKER ] f35f7db commit already checked: SUCCESS
[ BUILD CHECKER ] 09af706 commit already checked: SUCCESS
[ BUILD CHECKER ] 1a0522b commit already checked: SUCCESS
[ BUILD CHECKER ] 1da4d50 commit already checked: SUCCESS
[ BUILD CHECKER ] e473550 commit already checked: SUCCESS
[ BUILD CHECKER ] 2820831 commit already checked: SUCCESS
[ BUILD CHECKER ] c06b952 commit already checked: SUCCESS
[ BUILD CHECKER ] e49896d commit already checked: SUCCESS
[ BUILD CHECKER ] 6c487f7 commit already checked: SUCCESS
[ BUILD CHECKER ] aa848d5 commit already checked: SUCCESS
[ BUILD CHECKER ] 3abebb3 commit already checked: SUCCESS
[ BUILD CHECKER ] 87fac79 commit already checked: SUCCESS
[ BUILD CHECKER ] 90a4740 commit already checked: SUCCESS
[ BUILD CHECKER ] c803ad7 commit already checked: SUCCESS
[ BUILD CHECKER ] 84ec382 commit already checked: SUCCESS
[ BUILD CHECKER ] 8d45e3e commit already checked: SUCCESS
[ BUILD CHECKER ] c8627c0 commit already checked: SUCCESS
[ BUILD CHECKER ] f30d19b commit already checked: FAIL
[ BUILD CHECKER ] 2163fa9 commit already checked: FAIL
[ BUILD CHECKER ] f55a605 commit already checked: FAIL
[ BUILD CHECKER ] c450f8d commit already checked: FAIL
[ BUILD CHECKER ] fd352b8 commit already checked: FAIL
[ BUILD CHECKER ] 8658a35 commit already checked: FAIL
[ BUILD CHECKER ] d537a1c commit already checked: SUCCESS
[ BUILD CHECKER ] 3302798 commit already checked: SUCCESS
[ BUILD CHECKER ] d570f82 commit already checked: SUCCESS
[ BUILD CHECKER ] f87a37f commit already checked: SUCCESS
[ BUILD CHECKER ] 48c660f commit already checked: SUCCESS
[ BUILD CHECKER ] f8a0e3d commit already checked: SUCCESS
[ BUILD CHECKER ] 259b2ca commit already checked: SUCCESS
[ BUILD CHECKER ] 196c0ad commit already checked: SUCCESS
[ BUILD CHECKER ] 3067682 commit already checked: SUCCESS
[ BUILD CHECKER ] 7041e5e commit already checked: SUCCESS
[ BUILD CHECKER ] 1bdbc7b commit already checked: SUCCESS
[ BUILD CHECKER ] bff2d2c commit already checked: SUCCESS
[ BUILD CHECKER ] ab086f4 commit already checked: SUCCESS
[ BUILD CHECKER ] 3268952 commit already checked: SUCCESS
[ BUILD CHECKER ] 2c1dca5 commit already checked: SUCCESS
[ BUILD CHECKER ] 454cd93 commit already checked: SUCCESS
[ BUILD CHECKER ] dcdf9c0 commit already checked: SUCCESS
[ BUILD CHECKER ] c258507 commit already checked: SUCCESS
[ BUILD CHECKER ] 95a56cd commit already checked: SUCCESS
[ BUILD CHECKER ] 51cee65 commit already checked: SUCCESS
[ BUILD CHECKER ] 8c6f350 commit already checked: SUCCESS
[ BUILD CHECKER ] 78cad0f commit already checked: SUCCESS
[ BUILD CHECKER ] a689daa commit already checked: SUCCESS
[ BUILD CHECKER ] fb3c188 commit already checked: SUCCESS
[ BUILD CHECKER ] 280da61 commit already checked: SUCCESS
[ BUILD CHECKER ] 1dac0df commit already checked: SUCCESS
[ BUILD CHECKER ] 7dba79c commit already checked: SUCCESS
[ BUILD CHECKER ] 4883b8a commit already checked: SUCCESS
[ BUILD CHECKER ] 08ba53d commit already checked: SUCCESS
[ BUILD CHECKER ] 52c9191 commit already checked: SUCCESS
[ BUILD CHECKER ] 4b86d42 commit already checked: SUCCESS
[ BUILD CHECKER ] 03f1920 commit already checked: SUCCESS
[ BUILD CHECKER ] 7056808 commit already checked: SUCCESS
[ BUILD CHECKER ] 9614817 commit already checked: SUCCESS
[ BUILD CHECKER ] f6ee250 commit already checked: SUCCESS
[ BUILD CHECKER ] 2bb15f7 commit already checked: SUCCESS
[ BUILD CHECKER ] 482115f commit already checked: SUCCESS
[ BUILD CHECKER ] 35c847a commit already checked: SUCCESS
[ BUILD CHECKER ] 253ffd7 commit already checked: SUCCESS
[ BUILD CHECKER ] 62cb8ba commit already checked: SUCCESS
[ BUILD CHECKER ] 7fdd137 commit already checked: SUCCESS
[ BUILD CHECKER ] 4db5d28 commit already checked: SUCCESS
[ BUILD CHECKER ] f13f041 commit already checked: SUCCESS
[ BUILD CHECKER ] 6ef0938 commit already checked: SUCCESS
[ BUILD CHECKER ] c55a907 commit already checked: SUCCESS
[ BUILD CHECKER ] 709b185 commit already checked: SUCCESS
[ BUILD CHECKER ] 89e2caa commit already checked: SUCCESS
[ BUILD CHECKER ] 8848e6a commit already checked: SUCCESS
[ BUILD CHECKER ] a8fbac8 commit already checked: SUCCESS
[ BUILD CHECKER ] 1d59e52 commit already checked: SUCCESS
[ BUILD CHECKER ] a6a6cf7 commit already checked: SUCCESS
[ BUILD CHECKER ] 2ac23ba commit already checked: SUCCESS
[ BUILD CHECKER ] ad88c02 commit already checked: SUCCESS
[ BUILD CHECKER ] 4989843 commit already checked: SUCCESS
[ BUILD CHECKER ] 0dd9e8c commit already checked: SUCCESS
[ BUILD CHECKER ] 6bcb454 commit already checked: SUCCESS
[ BUILD CHECKER ] 84300b7 commit already checked: SUCCESS
[ BUILD CHECKER ] 1eb06fc commit already checked: SUCCESS
[ BUILD CHECKER ] 50b6f9d commit already checked: SUCCESS
[ BUILD CHECKER ] 31c7807 commit already checked: SUCCESS
[ BUILD CHECKER ] 04d2d1d commit already checked: SUCCESS
[ BUILD CHECKER ] dc55da0 commit already checked: SUCCESS
[ BUILD CHECKER ] 5d7fb1a commit already checked: SUCCESS
[ BUILD CHECKER ] 2ec8fa9 commit already checked: SUCCESS
[ BUILD CHECKER ] 446a604 commit already checked: SUCCESS
[ BUILD CHECKER ] cd403f4 commit already checked: SUCCESS
[ BUILD CHECKER ] 23fc6f6 commit already checked: SUCCESS
[ BUILD CHECKER ] 432cdd7 commit already checked: SUCCESS
[ BUILD CHECKER ] d3be1cc commit already checked: SUCCESS
[ BUILD CHECKER ] 69e4f21 commit already checked: SUCCESS
[ BUILD CHECKER ] 109a2b4 commit already checked: SUCCESS
[ BUILD CHECKER ] 50dc8c2 commit already checked: SUCCESS
[ BUILD CHECKER ] d20d95b commit already checked: SUCCESS
[ BUILD CHECKER ] 4d7b265 commit already checked: SUCCESS
[ BUILD CHECKER ] f2506ca commit already checked: SUCCESS
[ BUILD CHECKER ] 1b54d21 commit already checked: SUCCESS
[ BUILD CHECKER ] a87b319 commit already checked: SUCCESS
[ BUILD CHECKER ] 7e91733 commit already checked: SUCCESS
[ BUILD CHECKER ] 04141de commit already checked: SUCCESS
[ BUILD CHECKER ] 6027cf2 commit already checked: SUCCESS
[ BUILD CHECKER ] c0c9e08 commit already checked: SUCCESS
[ BUILD CHECKER ] de38af6 commit already checked: SUCCESS
[ BUILD CHECKER ] 3e4d305 commit already checked: SUCCESS
[ BUILD CHECKER ] 7a0c03e commit already checked: SUCCESS
[ BUILD CHECKER ] 2f732a8 commit already checked: SUCCESS
[ BUILD CHECKER ] 1bc08c6 commit already checked: SUCCESS
[ BUILD CHECKER ] bdac391 commit already checked: SUCCESS
[ BUILD CHECKER ] 24ed6de commit already checked: SUCCESS
[ BUILD CHECKER ] ac54492 commit already checked: SUCCESS
[ BUILD CHECKER ] 04a7f08 commit already checked: SUCCESS
[ BUILD CHECKER ] 999c780 commit already checked: SUCCESS
[ BUILD CHECKER ] 347852e commit already checked: SUCCESS
[ BUILD CHECKER ] 777bd0d commit already checked: SUCCESS
[ BUILD CHECKER ] aebbd94 commit already checked: SUCCESS
[ BUILD CHECKER ] 8126ffb commit already checked: SUCCESS
[ BUILD CHECKER ] 13c090b commit already checked: SUCCESS
[ BUILD CHECKER ] 1dcb623 commit already checked: SUCCESS
[ BUILD CHECKER ] 99f0129 commit already checked: SUCCESS
[ BUILD CHECKER ] 430065c commit already checked: SUCCESS
[ BUILD CHECKER ] 5322fa0 commit already checked: SUCCESS
[ BUILD CHECKER ] 20d0221 commit already checked: SUCCESS
[ BUILD CHECKER ] df51ff0 commit already checked: SUCCESS
[ BUILD CHECKER ] cfb1ed1 commit already checked: SUCCESS
[ BUILD CHECKER ] c4a7567 commit already checked: SUCCESS
[ BUILD CHECKER ] 8d08935 commit already checked: SUCCESS
[ BUILD CHECKER ] 30b8d47 commit already checked: SUCCESS
[ BUILD CHECKER ] 71d4dbe commit already checked: SUCCESS
[ BUILD CHECKER ] 8bf8092 commit already checked: SUCCESS
[ BUILD CHECKER ] fc16b2d commit already checked: SUCCESS
[ BUILD CHECKER ] 2b2a5a4 commit already checked: SUCCESS
[ BUILD CHECKER ] f931a3f commit already checked: SUCCESS
[ BUILD CHECKER ] aef39e8 commit already checked: SUCCESS
[ BUILD CHECKER ] aebb2d5 commit already checked: SUCCESS
[ BUILD CHECKER ] def6fbb commit already checked: SUCCESS
[ BUILD CHECKER ] c437a0d commit already checked: SUCCESS
[ BUILD CHECKER ] 309ffc6 commit already checked: SUCCESS
[ BUILD CHECKER ] 61c52d6 commit already checked: SUCCESS
[ BUILD CHECKER ] 282a4ad commit already checked: SUCCESS
[ BUILD CHECKER ] 8a1588a commit already checked: SUCCESS
[ BUILD CHECKER ] 85ad2a5 commit already checked: SUCCESS
[ BUILD CHECKER ] 4d86779 commit already checked: SUCCESS
[ BUILD CHECKER ] 20f2e23 commit already checked: SUCCESS
[ BUILD CHECKER ] 8ea9133 commit already checked: SUCCESS
[ BUILD CHECKER ] b3ca2d5 commit already checked: SUCCESS
[ BUILD CHECKER ] 3a5def0 commit already checked: SUCCESS
[ BUILD CHECKER ] eddbf13 commit already checked: SUCCESS
[ BUILD CHECKER ] 6b6384a commit already checked: SUCCESS
[ BUILD CHECKER ] 8e571de commit already checked: SUCCESS
[ BUILD CHECKER ] 8f513f8 commit already checked: SUCCESS
[ BUILD CHECKER ] 57ded51 commit already checked: SUCCESS
[ BUILD CHECKER ] 915afa7 commit already checked: SUCCESS
[ BUILD CHECKER ] 58e9706 commit already checked: SUCCESS
[ BUILD CHECKER ] 65f29a3 commit already checked: SUCCESS
[ BUILD CHECKER ] 7cf9826 commit already checked: SUCCESS
[ BUILD CHECKER ] 247ec57 commit already checked: SUCCESS
[ BUILD CHECKER ] 3f7d4b1 commit already checked: SUCCESS
[ BUILD CHECKER ] 4521a79 commit already checked: SUCCESS
[ BUILD CHECKER ] fa72186 commit already checked: SUCCESS
[ BUILD CHECKER ] b8b6367 commit already checked: SUCCESS
[ BUILD CHECKER ] 7077af1 commit already checked: SUCCESS
[ BUILD CHECKER ] 1c62829 commit already checked: SUCCESS
[ BUILD CHECKER ] a06e63f commit already checked: SUCCESS
[ BUILD CHECKER ] eacf1d3 commit already checked: SUCCESS
[ BUILD CHECKER ] a0dfdfc commit already checked: SUCCESS
[ BUILD CHECKER ] c90ab5f commit already checked: SUCCESS
[ BUILD CHECKER ] 52f6dcf commit already checked: SUCCESS
[ BUILD CHECKER ] 7b608ab commit already checked: SUCCESS
[ BUILD CHECKER ] be211ce commit already checked: SUCCESS
[ BUILD CHECKER ] 896eb56 commit already checked: SUCCESS
[ BUILD CHECKER ] 7e9b710 commit already checked: SUCCESS
[ BUILD CHECKER ] b325c74 commit already checked: SUCCESS
[ BUILD CHECKER ] 2b051b8 commit already checked: SUCCESS
[ BUILD CHECKER ] 34ddb88 commit already checked: SUCCESS
[ BUILD CHECKER ] a4c750e commit already checked: SUCCESS
[ BUILD CHECKER ] 2d05f2e commit already checked: SUCCESS
[ BUILD CHECKER ] 4a18488 commit already checked: SUCCESS
[ BUILD CHECKER ] 6b82a6c commit already checked: SUCCESS
[ BUILD CHECKER ] 2938a95 commit already checked: SUCCESS
[ BUILD CHECKER ] d72d376 commit already checked: SUCCESS
[ BUILD CHECKER ] f155d21 commit already checked: SUCCESS
[ BUILD CHECKER ] 28565e2 commit already checked: SUCCESS
[ BUILD CHECKER ] 943b394 commit already checked: SUCCESS
[ BUILD CHECKER ] 8a9d042 commit already checked: SUCCESS
[ BUILD CHECKER ] e64c6df commit already checked: SUCCESS
[ BUILD CHECKER ] 69c6a40 commit already checked: SUCCESS
[ BUILD CHECKER ] a9a38fe commit already checked: SUCCESS
[ BUILD CHECKER ] 2216964 commit already checked: SUCCESS
[ BUILD CHECKER ] 7f0e348 commit already checked: SUCCESS
[ BUILD CHECKER ] 2054fa2 commit already checked: SUCCESS
[ BUILD CHECKER ] 821ab62 commit already checked: SUCCESS
[ BUILD CHECKER ] c55c9eb commit already checked: SUCCESS
[ BUILD CHECKER ] bb2db87 commit already checked: SUCCESS
[ BUILD CHECKER ] a8a1fc6 commit already checked: SUCCESS
[ BUILD CHECKER ] 0878e43 commit already checked: SUCCESS
[ BUILD CHECKER ] aec9826 commit already checked: SUCCESS
[ BUILD CHECKER ] 5095ec4 commit already checked: SUCCESS
[ BUILD CHECKER ] 542ed81 commit already checked: SUCCESS
[ BUILD CHECKER ] 217aa38 commit already checked: SUCCESS
[ BUILD CHECKER ] 2474c48 commit already checked: SUCCESS
[ BUILD CHECKER ] dc36bb3 commit already checked: SUCCESS
[ BUILD CHECKER ] 6735e23 commit already checked: SUCCESS
[ BUILD CHECKER ] 5055071 commit already checked: SUCCESS
[ BUILD CHECKER ] c46dacc commit already checked: SUCCESS
[ BUILD CHECKER ] fa97aab commit already checked: SUCCESS
[ BUILD CHECKER ] b5c691b commit already checked: SUCCESS
[ BUILD CHECKER ] 29ce668 commit already checked: SUCCESS
[ BUILD CHECKER ] 78eda96 commit already checked: SUCCESS
[ BUILD CHECKER ] 70dbaf9 commit already checked: SUCCESS
[ BUILD CHECKER ] 0001f87 commit already checked: SUCCESS
[ BUILD CHECKER ] 589b704 commit already checked: SUCCESS
[ BUILD CHECKER ] 9b671f8 commit already checked: SUCCESS
[ BUILD CHECKER ] 65d5cb3 commit already checked: SUCCESS
[ BUILD CHECKER ] 31024b1 commit already checked: SUCCESS
[ BUILD CHECKER ] 92eaf99 commit already checked: SUCCESS
[ BUILD CHECKER ] 6cd9060 commit already checked: SUCCESS
[ BUILD CHECKER ] f834083 commit already checked: SUCCESS
[ BUILD CHECKER ] 487e14d commit already checked: SUCCESS
[ BUILD CHECKER ] 9b1eb39 commit already checked: SUCCESS
[ BUILD CHECKER ] f74a631 commit already checked: SUCCESS
[ BUILD CHECKER ] 4a147d2 commit already checked: SUCCESS
[ BUILD CHECKER ] 457d586 commit already checked: SUCCESS
[ BUILD CHECKER ] aa656c4 commit already checked: SUCCESS
[ BUILD CHECKER ] 109552d commit already checked: SUCCESS
[ BUILD CHECKER ] 1c40e36 commit already checked: SUCCESS
[ BUILD CHECKER ] 1fd6248 commit already checked: SUCCESS
[ BUILD CHECKER ] c037e75 commit already checked: SUCCESS
[ BUILD CHECKER ] 23bda9a commit already checked: SUCCESS
[ BUILD CHECKER ] 91d17cf commit already checked: FAIL
[ BUILD CHECKER ] fcbf06f commit already checked: FAIL
[ BUILD CHECKER ] f5ff1dc commit already checked: SUCCESS
[ BUILD CHECKER ] 025fd29 commit already checked: SUCCESS
[ BUILD CHECKER ] 7c9ba80 commit already checked: SUCCESS
[ BUILD CHECKER ] e82efbc commit already checked: SUCCESS
[ BUILD CHECKER ] bcb485b commit already checked: SUCCESS
[ BUILD CHECKER ] c022f7c commit already checked: SUCCESS
[ BUILD CHECKER ] ee95f17 commit already checked: SUCCESS
[ BUILD CHECKER ] 8277ea5 commit already checked: SUCCESS
[ BUILD CHECKER ] e366b20 commit already checked: SUCCESS
[ BUILD CHECKER ] 38525ce commit already checked: SUCCESS
[ BUILD CHECKER ] 964467d commit already checked: SUCCESS
[ BUILD CHECKER ] e458777 commit already checked: SUCCESS
[ BUILD CHECKER ] 1425308 commit already checked: SUCCESS
[ BUILD CHECKER ] c2a5fcd commit already checked: SUCCESS
[ BUILD CHECKER ] 14d0fee commit already checked: SUCCESS
[ BUILD CHECKER ] 4e03d3f commit already checked: SUCCESS
[ BUILD CHECKER ] 9ab63b8 commit already checked: SUCCESS
[ BUILD CHECKER ] 2b2bf27 commit already checked: SUCCESS
[ BUILD CHECKER ] 3881a4a commit already checked: SUCCESS
[ BUILD CHECKER ] 3899b7a commit already checked: SUCCESS
[ BUILD CHECKER ] fd8e4ab commit already checked: SUCCESS
[ BUILD CHECKER ] 31bfc1d commit already checked: SUCCESS
[ BUILD CHECKER ] d3b244a commit already checked: SUCCESS
[ BUILD CHECKER ] 32faf09 commit already checked: SUCCESS
[ BUILD CHECKER ] 0be8c20 commit already checked: SUCCESS
[ BUILD CHECKER ] 36a07aa commit already checked: SUCCESS
[ BUILD CHECKER ] 4475c67 commit already checked: SUCCESS
[ BUILD CHECKER ] 195f3f0 commit already checked: SUCCESS
[ BUILD CHECKER ] 90d395e commit already checked: SUCCESS
[ BUILD CHECKER ] 2e4f5a7 commit already checked: SUCCESS
[ BUILD CHECKER ] 41aa421 commit already checked: SUCCESS
[ BUILD CHECKER ] 02403f6 commit already checked: SUCCESS
[ BUILD CHECKER ] 11881ff commit already checked: SUCCESS
[ BUILD CHECKER ] a18cfd7 commit already checked: SUCCESS
[ BUILD CHECKER ] 2fdb8c9 commit already checked: FAIL
[ BUILD CHECKER ] 9b2c840 commit already checked: FAIL
[ BUILD CHECKER ] 23c379d commit already checked: FAIL
[ BUILD CHECKER ] 36bbbab commit already checked: FAIL
[ BUILD CHECKER ] dd4468a commit gona be re-checked
Previous HEAD position was d303c8a20f Store PathPattern instead of String in attributes
HEAD is now at dd4468a74a Polishing
[ BUILD CHECKER ] dd4468a commit build fail
[ BUILD CHECKER ] 7f1a8d7 commit gona be re-checked
Previous HEAD position was dd4468a74a Polishing
HEAD is now at 7f1a8d78b5 BeanFactoryAdvisorRetrievalHelper avoids synchronization for name cache
[ BUILD CHECKER ] 7f1a8d7 commit build fail
[ BUILD CHECKER ] 47d8fe8 commit gona be re-checked
Previous HEAD position was 7f1a8d78b5 BeanFactoryAdvisorRetrievalHelper avoids synchronization for name cache
HEAD is now at 47d8fe83df Upgrade to Interceptor API 1.2.2, Moneta 1.3, Rome 1.11
[ BUILD CHECKER ] 47d8fe8 commit build fail
[ BUILD CHECKER ] fac2e35 commit gona be re-checked
Previous HEAD position was 47d8fe83df Upgrade to Interceptor API 1.2.2, Moneta 1.3, Rome 1.11
HEAD is now at fac2e35f96 Refactor util.log.LogUtils into core.log.LogDelegateFactory
[ BUILD CHECKER ] fac2e35 commit build fail
[ BUILD CHECKER ] 20c34cb commit gona be re-checked
Previous HEAD position was fac2e35f96 Refactor util.log.LogUtils into core.log.LogDelegateFactory
HEAD is now at 20c34cbb9b Provide predetermined capacity for cache operation collections
[ BUILD CHECKER ] 20c34cb commit build fail
[ BUILD CHECKER ] 8e5f243 commit gona be re-checked
Previous HEAD position was 20c34cbb9b Provide predetermined capacity for cache operation collections
HEAD is now at 8e5f243320 Upgrade to Mockito 2.20
[ BUILD CHECKER ] 8e5f243 commit build fail
[ BUILD CHECKER ] a9c9ba6 commit gona be re-checked
Previous HEAD position was 8e5f243320 Upgrade to Mockito 2.20
HEAD is now at a9c9ba6601 Generic matching for ObjectProvider stream and empty vararg resolution
[ BUILD CHECKER ] a9c9ba6 commit build fail
[ BUILD CHECKER ] 6372c0f commit gona be re-checked
Previous HEAD position was a9c9ba6601 Generic matching for ObjectProvider stream and empty vararg resolution
HEAD is now at 6372c0f47c Ensure headers work with ResponseEntity + reactive body
[ BUILD CHECKER ] 6372c0f commit build fail
[ BUILD CHECKER ] 7500b14 commit gona be re-checked
Previous HEAD position was 6372c0f47c Ensure headers work with ResponseEntity + reactive body
HEAD is now at 7500b144ae Option to preserve publish order
[ BUILD CHECKER ] 7500b14 commit build fail
[ BUILD CHECKER ] 430250c commit gona be re-checked
Previous HEAD position was 7500b144ae Option to preserve publish order
HEAD is now at 430250c80f Upgrade to RxJava 2.1.17
[ BUILD CHECKER ] 430250c commit build fail
[ BUILD CHECKER ] 5f51e86 commit gona be re-checked
Previous HEAD position was 430250c80f Upgrade to RxJava 2.1.17
HEAD is now at 5f51e86185 Avoid relying on runtime constructor order for argument conversion
[ BUILD CHECKER ] 5f51e86 commit build fail
[ BUILD CHECKER ] 1b09718 commit gona be re-checked
Previous HEAD position was 5f51e86185 Avoid relying on runtime constructor order for argument conversion
HEAD is now at 1b09718104 Polishing
[ BUILD CHECKER ] 1b09718 commit build fail
[ BUILD CHECKER ] 1603c4a commit gona be re-checked
Previous HEAD position was 1b09718104 Polishing
HEAD is now at 1603c4ab2f Programmatic ObjectProvider retrieval through BeanFactory API
[ BUILD CHECKER ] 1603c4a commit build fail
[ BUILD CHECKER ] 82194f4 commit gona be re-checked
Previous HEAD position was 1603c4ab2f Programmatic ObjectProvider retrieval through BeanFactory API
HEAD is now at 82194f4ee0 Set SameSite default to Lax
[ BUILD CHECKER ] 82194f4 commit build fail
[ BUILD CHECKER ] 0def164 commit gona be re-checked
Previous HEAD position was 82194f4ee0 Set SameSite default to Lax
HEAD is now at 0def1640f2 Support single-value reactive types in @MessageMapping
[ BUILD CHECKER ] 0def164 commit build fail
[ BUILD CHECKER ] b09fad1 commit gona be re-checked
Previous HEAD position was 0def1640f2 Support single-value reactive types in @MessageMapping
HEAD is now at b09fad13a1 Catch errors when adding SourceHttpMessageConverter
[ BUILD CHECKER ] b09fad1 commit build fail
[ BUILD CHECKER ] f8f8d28 commit gona be re-checked
Previous HEAD position was b09fad13a1 Catch errors when adding SourceHttpMessageConverter
HEAD is now at f8f8d28f08 Support running Kotlin apps without kotlin-reflect
[ BUILD CHECKER ] f8f8d28 commit build fail
[ BUILD CHECKER ] bccff73 commit gona be re-checked
Previous HEAD position was f8f8d28f08 Support running Kotlin apps without kotlin-reflect
HEAD is now at bccff73e2b AspectJExpressionPointcut leniently ignores non-composable interfaces
[ BUILD CHECKER ] bccff73 commit build fail
[ BUILD CHECKER ] f58854f commit gona be re-checked
Previous HEAD position was bccff73e2b AspectJExpressionPointcut leniently ignores non-composable interfaces
HEAD is now at f58854f4b9 Locally cache factory method candidates per factory class
[ BUILD CHECKER ] f58854f commit build fail
[ BUILD CHECKER ] 13873da commit gona be re-checked
Previous HEAD position was f58854f4b9 Locally cache factory method candidates per factory class
HEAD is now at 13873dafb7 Polishing
[ BUILD CHECKER ] 13873da commit build fail
[ BUILD CHECKER ] cfbacfd commit gona be re-checked
Previous HEAD position was 13873dafb7 Polishing
HEAD is now at cfbacfd89b Revise ResolvableType.as for introspection performance
[ BUILD CHECKER ] cfbacfd commit build fail
[ BUILD CHECKER ] 5051850 commit gona be re-checked
Previous HEAD position was cfbacfd89b Revise ResolvableType.as for introspection performance
HEAD is now at 5051850fa9 SPR-17074 Replace iteration over Map::ketSet with Map::entrySet
[ BUILD CHECKER ] 5051850 commit build fail
[ BUILD CHECKER ] 3c65c17 commit gona be re-checked
Previous HEAD position was 5051850fa9 SPR-17074 Replace iteration over Map::ketSet with Map::entrySet
HEAD is now at 3c65c17053 Correctly determine and propagate validation hints to DataBinder
[ BUILD CHECKER ] 3c65c17 commit build fail
[ BUILD CHECKER ] c57e1af commit gona be re-checked
Previous HEAD position was 3c65c17053 Correctly determine and propagate validation hints to DataBinder
HEAD is now at c57e1afd2b ResulatMatcher.matchAll
[ BUILD CHECKER ] c57e1af commit build fail
[ BUILD CHECKER ] 91122ec commit gona be re-checked
Previous HEAD position was c57e1afd2b ResulatMatcher.matchAll
HEAD is now at 91122ec0f5 Add Consumer methods to WebTestClient assertion classes
[ BUILD CHECKER ] 91122ec commit build fail
[ BUILD CHECKER ] 20de500 commit gona be re-checked
Previous HEAD position was 91122ec0f5 Add Consumer methods to WebTestClient assertion classes
HEAD is now at 20de5003ff Hamcrest methods in WebTestClient
[ BUILD CHECKER ] 20de500 commit build fail
[ BUILD CHECKER ] 0c62d6b commit gona be re-checked
Previous HEAD position was 20de5003ff Hamcrest methods in WebTestClient
HEAD is now at 0c62d6b5da Polish
[ BUILD CHECKER ] 0c62d6b commit build fail
[ BUILD CHECKER ] 2734f01 commit gona be re-checked
Previous HEAD position was 0c62d6b5da Polish
HEAD is now at 2734f01067 Provide XML assertions in WebTestClient
[ BUILD CHECKER ] 2734f01 commit build fail
[ BUILD CHECKER ] bb5d99a commit gona be re-checked
Previous HEAD position was 2734f01067 Provide XML assertions in WebTestClient
HEAD is now at bb5d99a083 Upgrade to Hibernate ORM 5.3.3, Undertow 2.0.11, Mockito 2.19.1
[ BUILD CHECKER ] bb5d99a commit build fail
[ BUILD CHECKER ] 390bb87 commit gona be re-checked
Previous HEAD position was bb5d99a083 Upgrade to Hibernate ORM 5.3.3, Undertow 2.0.11, Mockito 2.19.1
HEAD is now at 390bb871d8 Switch order of multipart Content-Type directives
[ BUILD CHECKER ] 390bb87 commit build fail
[ BUILD CHECKER ] 9a43d2e commit gona be re-checked
Previous HEAD position was 390bb871d8 Switch order of multipart Content-Type directives
HEAD is now at 9a43d2ec20 Revised log levels: less WARN and INFO, fine-tuned DEBUG vs TRACE
[ BUILD CHECKER ] 9a43d2e commit build fail
[ BUILD CHECKER ] a410d90 commit gona be re-checked
Previous HEAD position was 9a43d2ec20 Revised log levels: less WARN and INFO, fine-tuned DEBUG vs TRACE
HEAD is now at a410d90439 Drain client response body consistenly
[ BUILD CHECKER ] a410d90 commit build fail
[ BUILD CHECKER ] 07653bf commit gona be re-checked
Previous HEAD position was a410d90439 Drain client response body consistenly
HEAD is now at 07653bfd0c Fix for encoding issue with MvcUriComponentsBuilder
[ BUILD CHECKER ] 07653bf commit build fail
[ BUILD CHECKER ] 93b7a48 commit gona be re-checked
Previous HEAD position was 07653bfd0c Fix for encoding issue with MvcUriComponentsBuilder
HEAD is now at 93b7a4838e UriComponentsBuilder method to configure URI variables
[ BUILD CHECKER ] 93b7a48 commit build fail
[ BUILD CHECKER ] 28cd697 commit gona be re-checked
Previous HEAD position was 93b7a4838e UriComponentsBuilder method to configure URI variables
HEAD is now at 28cd6978b5 Minor fixes: UriComponentsBuilder, UriComponents, docs
[ BUILD CHECKER ] 28cd697 commit build fail
[ BUILD CHECKER ] 51c7ceb commit gona be re-checked
Previous HEAD position was 28cd6978b5 Minor fixes: UriComponentsBuilder, UriComponents, docs
HEAD is now at 51c7ceb95d Polishing
[ BUILD CHECKER ] 51c7ceb commit build fail
[ BUILD CHECKER ] 252f52a commit gona be re-checked
Previous HEAD position was 51c7ceb95d Polishing
HEAD is now at 252f52ab07 Tighten (IntroductionAware)MethodMatcher contract
[ BUILD CHECKER ] 252f52a commit build fail
[ BUILD CHECKER ] 867b3d2 commit gona be re-checked
Previous HEAD position was 252f52ab07 Tighten (IntroductionAware)MethodMatcher contract
HEAD is now at 867b3d233d Upgrade to OkHttp 3.11, Apache HttpClient 4.5.6, Hibernate Validator 6.0.11
[ BUILD CHECKER ] 867b3d2 commit build fail
[ BUILD CHECKER ] 09920d9 commit gona be re-checked
Previous HEAD position was 867b3d233d Upgrade to OkHttp 3.11, Apache HttpClient 4.5.6, Hibernate Validator 6.0.11
HEAD is now at 09920d9b01 Raise testPrototypeCreationWithPropertiesIsFastEnough limit to 4000 ms
[ BUILD CHECKER ] 09920d9 commit build fail
[ BUILD CHECKER ] c4df335 commit gona be re-checked
Previous HEAD position was 09920d9b01 Raise testPrototypeCreationWithPropertiesIsFastEnough limit to 4000 ms
HEAD is now at c4df335a1d ReflectiveMethodExecutor invokes interface method if possible
[ BUILD CHECKER ] c4df335 commit build fail
[ BUILD CHECKER ] 478d725 commit gona be re-checked
Previous HEAD position was c4df335a1d ReflectiveMethodExecutor invokes interface method if possible
HEAD is now at 478d7255d2 GenericApplicationListenerAdapter caches resolved event types
[ BUILD CHECKER ] 478d725 commit build fail
[ BUILD CHECKER ] 52d124d commit gona be re-checked
Previous HEAD position was 478d7255d2 GenericApplicationListenerAdapter caches resolved event types
HEAD is now at 52d124de6f Use supplier-aligned type information for FactoryBean type resolution
[ BUILD CHECKER ] 52d124d commit build fail
[ BUILD CHECKER ] 0b60447 commit gona be re-checked
Previous HEAD position was 52d124de6f Use supplier-aligned type information for FactoryBean type resolution
HEAD is now at 0b60447c49 Javadoc update: ConfigurationClassPostProcessor is priority-ordered
[ BUILD CHECKER ] 0b60447 commit build fail
[ BUILD CHECKER ] d0bbbf4 commit gona be re-checked
Previous HEAD position was 0b60447c49 Javadoc update: ConfigurationClassPostProcessor is priority-ordered
HEAD is now at d0bbbf4cae OrderUtils caches order values (for AnnotationAwareOrderComparator)
[ BUILD CHECKER ] d0bbbf4 commit build fail
[ BUILD CHECKER ] 1f5d0fa commit gona be re-checked
Previous HEAD position was d0bbbf4cae OrderUtils caches order values (for AnnotationAwareOrderComparator)
HEAD is now at 1f5d0faf1f HandlerMethod caches interface parameter annotations
[ BUILD CHECKER ] 1f5d0fa commit build fail
[ BUILD CHECKER ] 999c169 commit gona be re-checked
Previous HEAD position was 1f5d0faf1f HandlerMethod caches interface parameter annotations
HEAD is now at 999c169b1c Merge pull request #1888 from vpavic:patch-1
[ BUILD CHECKER ] 999c169 commit build fail
[ BUILD CHECKER ] b1e28a5 commit gona be re-checked
Previous HEAD position was 999c169b1c Merge pull request #1888 from vpavic:patch-1
HEAD is now at b1e28a554a Polish WebSession javadoc
[ BUILD CHECKER ] b1e28a5 commit build fail
[ BUILD CHECKER ] 9498da5 commit gona be re-checked
Previous HEAD position was b1e28a554a Polish WebSession javadoc
HEAD is now at 9498da5910 Clarify behavior of WebSession#save()
[ BUILD CHECKER ] 9498da5 commit build fail
[ BUILD CHECKER ] 66d7301 commit gona be re-checked
Previous HEAD position was 9498da5910 Clarify behavior of WebSession#save()
HEAD is now at 66d73017d5 PathVariable consistently reflects value up to 1st ";"
[ BUILD CHECKER ] 66d7301 commit build fail
[ BUILD CHECKER ] 9c08a48 commit gona be re-checked
Previous HEAD position was 66d73017d5 PathVariable consistently reflects value up to 1st ";"
HEAD is now at 9c08a482d1 Prefer ArrayList/ArrayDeque over LinkedList for multi-element holders
[ BUILD CHECKER ] 9c08a48 commit build fail
