Previous HEAD position was 9c08a482d1 Prefer ArrayList/ArrayDeque over LinkedList for multi-element holders
HEAD is now at d303c8a20f Store PathPattern instead of String in attributes
[ BUILD CHECKER ] CHECK BUILD FOR STEP 2
[ BUILD CHECKER ] d303c8a commit already checked: SUCCESS
[ BUILD CHECKER ] ab8310b commit already checked: SUCCESS
[ BUILD CHECKER ] fdaceeb commit already checked: SUCCESS
[ BUILD CHECKER ] 2c5a1af commit already checked: SUCCESS
[ BUILD CHECKER ] f885910 commit already checked: SUCCESS
[ BUILD CHECKER ] e14cf69 commit already checked: SUCCESS
[ BUILD CHECKER ] 93bb78e commit already checked: SUCCESS
[ BUILD CHECKER ] b2bf5fe commit already checked: SUCCESS
[ BUILD CHECKER ] 423aa28 commit already checked: SUCCESS
[ BUILD CHECKER ] 5094941 commit already checked: SUCCESS
[ BUILD CHECKER ] 608fd76 commit already checked: SUCCESS
[ BUILD CHECKER ] 58b3af9 commit already checked: SUCCESS
[ BUILD CHECKER ] 5f2d47a commit already checked: SUCCESS
[ BUILD CHECKER ] 2255d22 commit already checked: SUCCESS
[ BUILD CHECKER ] ecd0d7f commit already checked: SUCCESS
[ BUILD CHECKER ] 309e70a commit already checked: SUCCESS
[ BUILD CHECKER ] 658c7f9 commit already checked: SUCCESS
[ BUILD CHECKER ] c5ca56b commit already checked: SUCCESS
[ BUILD CHECKER ] 0583091 commit already checked: SUCCESS
[ BUILD CHECKER ] 864d7ea commit already checked: SUCCESS
[ BUILD CHECKER ] bfc5ad8 commit already checked: SUCCESS
[ BUILD CHECKER ] b7e4a56 commit already checked: SUCCESS
[ BUILD CHECKER ] 0b2c482 commit already checked: SUCCESS
[ BUILD CHECKER ] dcf2861 commit already checked: SUCCESS
[ BUILD CHECKER ] 5474995 commit already checked: SUCCESS
[ BUILD CHECKER ] a2ae5f6 commit already checked: SUCCESS
[ BUILD CHECKER ] 4ee704c commit already checked: SUCCESS
[ BUILD CHECKER ] 8df0bc8 commit already checked: SUCCESS
[ BUILD CHECKER ] c567e65 commit already checked: SUCCESS
[ BUILD CHECKER ] 050f44d commit already checked: SUCCESS
[ BUILD CHECKER ] 60b5161 commit already checked: SUCCESS
[ BUILD CHECKER ] 10d5de7 commit already checked: SUCCESS
[ BUILD CHECKER ] 8de5c05 commit already checked: SUCCESS
[ BUILD CHECKER ] f12c28e commit already checked: SUCCESS
[ BUILD CHECKER ] ce7278a commit already checked: SUCCESS
[ BUILD CHECKER ] 61403e3 commit already checked: SUCCESS
[ BUILD CHECKER ] cc172bc commit already checked: SUCCESS
[ BUILD CHECKER ] e181498 commit already checked: SUCCESS
[ BUILD CHECKER ] c89e3e6 commit already checked: SUCCESS
[ BUILD CHECKER ] d059241 commit already checked: SUCCESS
[ BUILD CHECKER ] 82a211f commit already checked: SUCCESS
[ BUILD CHECKER ] 062805f commit already checked: SUCCESS
[ BUILD CHECKER ] 053820c commit already checked: SUCCESS
[ BUILD CHECKER ] f662e3b commit already checked: SUCCESS
[ BUILD CHECKER ] 44afed4 commit already checked: SUCCESS
[ BUILD CHECKER ] 83909e6 commit already checked: SUCCESS
[ BUILD CHECKER ] fdf3403 commit already checked: SUCCESS
[ BUILD CHECKER ] d9e7253 commit already checked: SUCCESS
[ BUILD CHECKER ] 2b986af commit already checked: SUCCESS
[ BUILD CHECKER ] c8c0737 commit already checked: SUCCESS
[ BUILD CHECKER ] 19f3347 commit already checked: SUCCESS
[ BUILD CHECKER ] efdbddd commit already checked: SUCCESS
[ BUILD CHECKER ] cf3635b commit already checked: SUCCESS
[ BUILD CHECKER ] 1e0de07 commit already checked: SUCCESS
[ BUILD CHECKER ] bb5c8ed commit already checked: SUCCESS
[ BUILD CHECKER ] c01f350 commit already checked: SUCCESS
[ BUILD CHECKER ] 928c541 commit already checked: FAIL
[ BUILD CHECKER ] bef22ec commit already checked: SUCCESS
[ BUILD CHECKER ] 29ff8a8 commit already checked: SUCCESS
[ BUILD CHECKER ] af6a556 commit already checked: SUCCESS
[ BUILD CHECKER ] 635d214 commit already checked: SUCCESS
[ BUILD CHECKER ] ccce61e commit already checked: SUCCESS
[ BUILD CHECKER ] 9630445 commit already checked: SUCCESS
[ BUILD CHECKER ] 1c90d48 commit already checked: SUCCESS
[ BUILD CHECKER ] d16a710 commit already checked: SUCCESS
[ BUILD CHECKER ] 4d24503 commit already checked: SUCCESS
[ BUILD CHECKER ] 1489457 commit already checked: SUCCESS
[ BUILD CHECKER ] 9064ef5 commit already checked: SUCCESS
[ BUILD CHECKER ] 983bce1 commit already checked: SUCCESS
[ BUILD CHECKER ] 80e7819 commit already checked: SUCCESS
[ BUILD CHECKER ] cb4fa37 commit already checked: SUCCESS
[ BUILD CHECKER ] 9d5aced commit already checked: SUCCESS
[ BUILD CHECKER ] ff7ccf0 commit already checked: SUCCESS
[ BUILD CHECKER ] 9975646 commit already checked: SUCCESS
[ BUILD CHECKER ] 38e5c01 commit already checked: SUCCESS
[ BUILD CHECKER ] 3ff5731 commit already checked: SUCCESS
[ BUILD CHECKER ] 1320fed commit already checked: SUCCESS
[ BUILD CHECKER ] e63bffc commit already checked: SUCCESS
[ BUILD CHECKER ] 77205ca commit already checked: SUCCESS
[ BUILD CHECKER ] 31095f1 commit already checked: SUCCESS
[ BUILD CHECKER ] 49bc746 commit already checked: SUCCESS
[ BUILD CHECKER ] 1b8421c commit already checked: SUCCESS
[ BUILD CHECKER ] 00353a0 commit already checked: SUCCESS
[ BUILD CHECKER ] 9fed4d0 commit already checked: SUCCESS
[ BUILD CHECKER ] fc03707 commit already checked: SUCCESS
[ BUILD CHECKER ] 7aa9334 commit already checked: SUCCESS
[ BUILD CHECKER ] a8f4c59 commit already checked: SUCCESS
[ BUILD CHECKER ] 058f027 commit already checked: SUCCESS
[ BUILD CHECKER ] 2ec41c8 commit already checked: SUCCESS
[ BUILD CHECKER ] ad29f97 commit already checked: SUCCESS
[ BUILD CHECKER ] 9063e66 commit already checked: SUCCESS
[ BUILD CHECKER ] d6dfde3 commit already checked: SUCCESS
[ BUILD CHECKER ] 333e327 commit already checked: SUCCESS
[ BUILD CHECKER ] 255015f commit already checked: SUCCESS
[ BUILD CHECKER ] 6ff8cd8 commit already checked: SUCCESS
[ BUILD CHECKER ] 18c9e3e commit already checked: SUCCESS
[ BUILD CHECKER ] a76b8de commit already checked: SUCCESS
[ BUILD CHECKER ] 7ca6b9f commit already checked: SUCCESS
[ BUILD CHECKER ] 51ba322 commit already checked: SUCCESS
[ BUILD CHECKER ] 9e2912e commit already checked: SUCCESS
[ BUILD CHECKER ] 6d22632 commit already checked: SUCCESS
[ BUILD CHECKER ] 45ecfc6 commit already checked: SUCCESS
[ BUILD CHECKER ] 59e87f9 commit already checked: SUCCESS
[ BUILD CHECKER ] 917bb53 commit already checked: SUCCESS
[ BUILD CHECKER ] f7263ab commit already checked: SUCCESS
[ BUILD CHECKER ] 2a6da6a commit already checked: SUCCESS
[ BUILD CHECKER ] 92b3f2a commit already checked: SUCCESS
[ BUILD CHECKER ] 80e52de commit already checked: SUCCESS
[ BUILD CHECKER ] 7562761 commit already checked: SUCCESS
[ BUILD CHECKER ] 3f5a7bb commit already checked: SUCCESS
[ BUILD CHECKER ] 093a863 commit already checked: SUCCESS
[ BUILD CHECKER ] 90c29b3 commit already checked: SUCCESS
[ BUILD CHECKER ] f783967 commit already checked: SUCCESS
[ BUILD CHECKER ] 47d6e91 commit already checked: SUCCESS
[ BUILD CHECKER ] b6b880c commit already checked: SUCCESS
[ BUILD CHECKER ] 7481d73 commit already checked: SUCCESS
[ BUILD CHECKER ] 288a9ec commit already checked: SUCCESS
[ BUILD CHECKER ] a278e87 commit already checked: SUCCESS
[ BUILD CHECKER ] 082c524 commit already checked: SUCCESS
[ BUILD CHECKER ] d3c0855 commit already checked: SUCCESS
[ BUILD CHECKER ] 50c9542 commit already checked: SUCCESS
[ BUILD CHECKER ] a6f9c4c commit already checked: SUCCESS
[ BUILD CHECKER ] af58263 commit already checked: SUCCESS
[ BUILD CHECKER ] 8a48353 commit already checked: SUCCESS
[ BUILD CHECKER ] 1756f83 commit already checked: SUCCESS
[ BUILD CHECKER ] d94e922 commit already checked: SUCCESS
[ BUILD CHECKER ] 65ca7f4 commit already checked: SUCCESS
[ BUILD CHECKER ] 0204b08 commit already checked: SUCCESS
[ BUILD CHECKER ] 5b25aaa commit already checked: SUCCESS
[ BUILD CHECKER ] 6431b25 commit already checked: SUCCESS
[ BUILD CHECKER ] 745aeda commit already checked: SUCCESS
[ BUILD CHECKER ] c634b2f commit already checked: SUCCESS
[ BUILD CHECKER ] 00a3afc commit already checked: SUCCESS
[ BUILD CHECKER ] b29a278 commit already checked: SUCCESS
[ BUILD CHECKER ] 95ff22c commit already checked: SUCCESS
[ BUILD CHECKER ] 395e3d0 commit already checked: SUCCESS
[ BUILD CHECKER ] d0ada56 commit already checked: SUCCESS
[ BUILD CHECKER ] 0948edb commit already checked: SUCCESS
[ BUILD CHECKER ] c8869d9 commit already checked: SUCCESS
[ BUILD CHECKER ] 69e8bcd commit already checked: SUCCESS
[ BUILD CHECKER ] c385a1d commit already checked: SUCCESS
[ BUILD CHECKER ] 88ab911 commit already checked: SUCCESS
[ BUILD CHECKER ] 51f7a3e commit already checked: SUCCESS
[ BUILD CHECKER ] 3466330 commit already checked: SUCCESS
[ BUILD CHECKER ] cc87fbc commit already checked: SUCCESS
[ BUILD CHECKER ] c4aea62 commit already checked: SUCCESS
[ BUILD CHECKER ] a680880 commit already checked: SUCCESS
[ BUILD CHECKER ] 8e83f14 commit already checked: SUCCESS
[ BUILD CHECKER ] db8e9ea commit already checked: SUCCESS
[ BUILD CHECKER ] 41d4cb5 commit already checked: SUCCESS
[ BUILD CHECKER ] 12240c7 commit already checked: SUCCESS
[ BUILD CHECKER ] e62298e commit already checked: SUCCESS
[ BUILD CHECKER ] 66c66ba commit already checked: SUCCESS
[ BUILD CHECKER ] cf96416 commit already checked: SUCCESS
[ BUILD CHECKER ] 97cea7f commit already checked: SUCCESS
[ BUILD CHECKER ] 77887ef commit already checked: SUCCESS
[ BUILD CHECKER ] cbc0fad commit already checked: SUCCESS
[ BUILD CHECKER ] 65c8fa4 commit already checked: SUCCESS
[ BUILD CHECKER ] 0685651 commit already checked: SUCCESS
[ BUILD CHECKER ] cde677a commit already checked: SUCCESS
[ BUILD CHECKER ] 184340f commit already checked: SUCCESS
[ BUILD CHECKER ] 9cb8b4b commit already checked: SUCCESS
[ BUILD CHECKER ] b6d32ef commit already checked: SUCCESS
[ BUILD CHECKER ] b83bc39 commit already checked: SUCCESS
[ BUILD CHECKER ] 45936f0 commit already checked: SUCCESS
[ BUILD CHECKER ] 43a814b commit already checked: SUCCESS
[ BUILD CHECKER ] bffa4b8 commit already checked: SUCCESS
[ BUILD CHECKER ] dcac30c commit already checked: SUCCESS
[ BUILD CHECKER ] f35f7db commit already checked: SUCCESS
[ BUILD CHECKER ] 09af706 commit already checked: SUCCESS
[ BUILD CHECKER ] 1a0522b commit already checked: SUCCESS
[ BUILD CHECKER ] 1da4d50 commit already checked: SUCCESS
[ BUILD CHECKER ] e473550 commit already checked: SUCCESS
[ BUILD CHECKER ] 2820831 commit already checked: SUCCESS
[ BUILD CHECKER ] c06b952 commit already checked: SUCCESS
[ BUILD CHECKER ] e49896d commit already checked: SUCCESS
[ BUILD CHECKER ] 6c487f7 commit already checked: SUCCESS
[ BUILD CHECKER ] aa848d5 commit already checked: SUCCESS
[ BUILD CHECKER ] 3abebb3 commit already checked: SUCCESS
[ BUILD CHECKER ] 87fac79 commit already checked: SUCCESS
[ BUILD CHECKER ] 90a4740 commit already checked: SUCCESS
[ BUILD CHECKER ] c803ad7 commit already checked: SUCCESS
[ BUILD CHECKER ] 84ec382 commit already checked: SUCCESS
[ BUILD CHECKER ] 8d45e3e commit already checked: SUCCESS
[ BUILD CHECKER ] c8627c0 commit already checked: SUCCESS
[ BUILD CHECKER ] f30d19b commit already checked: FAIL
[ BUILD CHECKER ] 2163fa9 commit already checked: FAIL
[ BUILD CHECKER ] f55a605 commit already checked: FAIL
[ BUILD CHECKER ] c450f8d commit already checked: FAIL
[ BUILD CHECKER ] fd352b8 commit already checked: FAIL
[ BUILD CHECKER ] 8658a35 commit already checked: FAIL
[ BUILD CHECKER ] d537a1c commit already checked: SUCCESS
[ BUILD CHECKER ] 3302798 commit already checked: SUCCESS
[ BUILD CHECKER ] d570f82 commit already checked: SUCCESS
[ BUILD CHECKER ] f87a37f commit already checked: SUCCESS
[ BUILD CHECKER ] 48c660f commit already checked: SUCCESS
[ BUILD CHECKER ] f8a0e3d commit already checked: SUCCESS
[ BUILD CHECKER ] 259b2ca commit already checked: SUCCESS
[ BUILD CHECKER ] 196c0ad commit already checked: SUCCESS
[ BUILD CHECKER ] 3067682 commit already checked: SUCCESS
[ BUILD CHECKER ] 7041e5e commit already checked: SUCCESS
[ BUILD CHECKER ] 1bdbc7b commit already checked: SUCCESS
[ BUILD CHECKER ] bff2d2c commit already checked: SUCCESS
[ BUILD CHECKER ] ab086f4 commit already checked: SUCCESS
[ BUILD CHECKER ] 3268952 commit already checked: SUCCESS
[ BUILD CHECKER ] 2c1dca5 commit already checked: SUCCESS
[ BUILD CHECKER ] 454cd93 commit already checked: SUCCESS
[ BUILD CHECKER ] dcdf9c0 commit already checked: SUCCESS
[ BUILD CHECKER ] c258507 commit already checked: SUCCESS
[ BUILD CHECKER ] 95a56cd commit already checked: SUCCESS
[ BUILD CHECKER ] 51cee65 commit already checked: SUCCESS
[ BUILD CHECKER ] 8c6f350 commit already checked: SUCCESS
[ BUILD CHECKER ] 78cad0f commit already checked: SUCCESS
[ BUILD CHECKER ] a689daa commit already checked: SUCCESS
[ BUILD CHECKER ] fb3c188 commit already checked: SUCCESS
[ BUILD CHECKER ] 280da61 commit already checked: SUCCESS
[ BUILD CHECKER ] 1dac0df commit already checked: SUCCESS
[ BUILD CHECKER ] 7dba79c commit already checked: SUCCESS
[ BUILD CHECKER ] 4883b8a commit already checked: SUCCESS
[ BUILD CHECKER ] 08ba53d commit already checked: SUCCESS
[ BUILD CHECKER ] 52c9191 commit already checked: SUCCESS
[ BUILD CHECKER ] 4b86d42 commit already checked: SUCCESS
[ BUILD CHECKER ] 03f1920 commit already checked: SUCCESS
[ BUILD CHECKER ] 7056808 commit already checked: SUCCESS
[ BUILD CHECKER ] 9614817 commit already checked: SUCCESS
[ BUILD CHECKER ] f6ee250 commit already checked: SUCCESS
[ BUILD CHECKER ] 2bb15f7 commit already checked: SUCCESS
[ BUILD CHECKER ] 482115f commit already checked: SUCCESS
[ BUILD CHECKER ] 35c847a commit already checked: SUCCESS
[ BUILD CHECKER ] 253ffd7 commit already checked: SUCCESS
[ BUILD CHECKER ] 62cb8ba commit already checked: SUCCESS
[ BUILD CHECKER ] 7fdd137 commit already checked: SUCCESS
[ BUILD CHECKER ] 4db5d28 commit already checked: SUCCESS
[ BUILD CHECKER ] f13f041 commit already checked: SUCCESS
[ BUILD CHECKER ] 6ef0938 commit already checked: SUCCESS
[ BUILD CHECKER ] c55a907 commit already checked: SUCCESS
[ BUILD CHECKER ] 709b185 commit already checked: SUCCESS
[ BUILD CHECKER ] 89e2caa commit already checked: SUCCESS
[ BUILD CHECKER ] 8848e6a commit already checked: SUCCESS
[ BUILD CHECKER ] a8fbac8 commit already checked: SUCCESS
[ BUILD CHECKER ] 1d59e52 commit already checked: SUCCESS
[ BUILD CHECKER ] a6a6cf7 commit already checked: SUCCESS
[ BUILD CHECKER ] 2ac23ba commit already checked: SUCCESS
[ BUILD CHECKER ] ad88c02 commit already checked: SUCCESS
[ BUILD CHECKER ] 4989843 commit already checked: SUCCESS
[ BUILD CHECKER ] 0dd9e8c commit already checked: SUCCESS
[ BUILD CHECKER ] 6bcb454 commit already checked: SUCCESS
[ BUILD CHECKER ] 84300b7 commit already checked: SUCCESS
[ BUILD CHECKER ] 1eb06fc commit already checked: SUCCESS
[ BUILD CHECKER ] 50b6f9d commit already checked: SUCCESS
[ BUILD CHECKER ] 31c7807 commit already checked: SUCCESS
[ BUILD CHECKER ] 04d2d1d commit already checked: SUCCESS
[ BUILD CHECKER ] dc55da0 commit already checked: SUCCESS
[ BUILD CHECKER ] 5d7fb1a commit already checked: SUCCESS
[ BUILD CHECKER ] 2ec8fa9 commit already checked: SUCCESS
[ BUILD CHECKER ] 446a604 commit already checked: SUCCESS
[ BUILD CHECKER ] cd403f4 commit already checked: SUCCESS
[ BUILD CHECKER ] 23fc6f6 commit already checked: SUCCESS
[ BUILD CHECKER ] 432cdd7 commit already checked: SUCCESS
[ BUILD CHECKER ] d3be1cc commit already checked: SUCCESS
[ BUILD CHECKER ] 69e4f21 commit already checked: SUCCESS
[ BUILD CHECKER ] 109a2b4 commit already checked: SUCCESS
[ BUILD CHECKER ] 50dc8c2 commit already checked: SUCCESS
[ BUILD CHECKER ] d20d95b commit already checked: SUCCESS
[ BUILD CHECKER ] 4d7b265 commit already checked: SUCCESS
[ BUILD CHECKER ] f2506ca commit already checked: SUCCESS
[ BUILD CHECKER ] 1b54d21 commit already checked: SUCCESS
[ BUILD CHECKER ] a87b319 commit already checked: SUCCESS
[ BUILD CHECKER ] 7e91733 commit already checked: SUCCESS
[ BUILD CHECKER ] 04141de commit already checked: SUCCESS
[ BUILD CHECKER ] 6027cf2 commit already checked: SUCCESS
[ BUILD CHECKER ] c0c9e08 commit already checked: SUCCESS
[ BUILD CHECKER ] de38af6 commit already checked: SUCCESS
[ BUILD CHECKER ] 3e4d305 commit already checked: SUCCESS
[ BUILD CHECKER ] 7a0c03e commit already checked: SUCCESS
[ BUILD CHECKER ] 2f732a8 commit already checked: SUCCESS
[ BUILD CHECKER ] 1bc08c6 commit already checked: SUCCESS
[ BUILD CHECKER ] bdac391 commit already checked: SUCCESS
[ BUILD CHECKER ] 24ed6de commit already checked: SUCCESS
[ BUILD CHECKER ] ac54492 commit already checked: SUCCESS
[ BUILD CHECKER ] 04a7f08 commit already checked: SUCCESS
[ BUILD CHECKER ] 999c780 commit already checked: SUCCESS
[ BUILD CHECKER ] 347852e commit already checked: SUCCESS
[ BUILD CHECKER ] 777bd0d commit already checked: SUCCESS
[ BUILD CHECKER ] aebbd94 commit already checked: SUCCESS
[ BUILD CHECKER ] 8126ffb commit already checked: SUCCESS
[ BUILD CHECKER ] 13c090b commit already checked: SUCCESS
[ BUILD CHECKER ] 1dcb623 commit already checked: SUCCESS
[ BUILD CHECKER ] 99f0129 commit already checked: SUCCESS
[ BUILD CHECKER ] 430065c commit already checked: SUCCESS
[ BUILD CHECKER ] 5322fa0 commit already checked: SUCCESS
[ BUILD CHECKER ] 20d0221 commit already checked: SUCCESS
[ BUILD CHECKER ] df51ff0 commit already checked: SUCCESS
[ BUILD CHECKER ] cfb1ed1 commit already checked: SUCCESS
[ BUILD CHECKER ] c4a7567 commit already checked: SUCCESS
[ BUILD CHECKER ] 8d08935 commit already checked: SUCCESS
[ BUILD CHECKER ] 30b8d47 commit already checked: SUCCESS
[ BUILD CHECKER ] 71d4dbe commit already checked: SUCCESS
[ BUILD CHECKER ] 8bf8092 commit already checked: SUCCESS
[ BUILD CHECKER ] fc16b2d commit already checked: SUCCESS
[ BUILD CHECKER ] 2b2a5a4 commit already checked: SUCCESS
[ BUILD CHECKER ] f931a3f commit already checked: SUCCESS
[ BUILD CHECKER ] aef39e8 commit already checked: SUCCESS
[ BUILD CHECKER ] aebb2d5 commit already checked: SUCCESS
[ BUILD CHECKER ] def6fbb commit already checked: SUCCESS
[ BUILD CHECKER ] c437a0d commit already checked: SUCCESS
[ BUILD CHECKER ] 309ffc6 commit already checked: SUCCESS
[ BUILD CHECKER ] 61c52d6 commit already checked: SUCCESS
[ BUILD CHECKER ] 282a4ad commit already checked: SUCCESS
[ BUILD CHECKER ] 8a1588a commit already checked: SUCCESS
[ BUILD CHECKER ] 85ad2a5 commit already checked: SUCCESS
[ BUILD CHECKER ] 4d86779 commit already checked: SUCCESS
[ BUILD CHECKER ] 20f2e23 commit already checked: SUCCESS
[ BUILD CHECKER ] 8ea9133 commit already checked: SUCCESS
[ BUILD CHECKER ] b3ca2d5 commit already checked: SUCCESS
[ BUILD CHECKER ] 3a5def0 commit already checked: SUCCESS
[ BUILD CHECKER ] eddbf13 commit already checked: SUCCESS
[ BUILD CHECKER ] 6b6384a commit already checked: SUCCESS
[ BUILD CHECKER ] 8e571de commit already checked: SUCCESS
[ BUILD CHECKER ] 8f513f8 commit already checked: SUCCESS
[ BUILD CHECKER ] 57ded51 commit already checked: SUCCESS
[ BUILD CHECKER ] 915afa7 commit already checked: SUCCESS
[ BUILD CHECKER ] 58e9706 commit already checked: SUCCESS
[ BUILD CHECKER ] 65f29a3 commit already checked: SUCCESS
[ BUILD CHECKER ] 7cf9826 commit already checked: SUCCESS
[ BUILD CHECKER ] 247ec57 commit already checked: SUCCESS
[ BUILD CHECKER ] 3f7d4b1 commit already checked: SUCCESS
[ BUILD CHECKER ] 4521a79 commit already checked: SUCCESS
[ BUILD CHECKER ] fa72186 commit already checked: SUCCESS
[ BUILD CHECKER ] b8b6367 commit already checked: SUCCESS
[ BUILD CHECKER ] 7077af1 commit already checked: SUCCESS
[ BUILD CHECKER ] 1c62829 commit already checked: SUCCESS
[ BUILD CHECKER ] a06e63f commit already checked: SUCCESS
[ BUILD CHECKER ] eacf1d3 commit already checked: SUCCESS
[ BUILD CHECKER ] a0dfdfc commit already checked: SUCCESS
[ BUILD CHECKER ] c90ab5f commit already checked: SUCCESS
[ BUILD CHECKER ] 52f6dcf commit already checked: SUCCESS
[ BUILD CHECKER ] 7b608ab commit already checked: SUCCESS
[ BUILD CHECKER ] be211ce commit already checked: SUCCESS
[ BUILD CHECKER ] 896eb56 commit already checked: SUCCESS
[ BUILD CHECKER ] 7e9b710 commit already checked: SUCCESS
[ BUILD CHECKER ] b325c74 commit already checked: SUCCESS
[ BUILD CHECKER ] 2b051b8 commit already checked: SUCCESS
[ BUILD CHECKER ] 34ddb88 commit already checked: SUCCESS
[ BUILD CHECKER ] a4c750e commit already checked: SUCCESS
[ BUILD CHECKER ] 2d05f2e commit already checked: SUCCESS
[ BUILD CHECKER ] 4a18488 commit already checked: SUCCESS
[ BUILD CHECKER ] 6b82a6c commit already checked: SUCCESS
[ BUILD CHECKER ] 2938a95 commit already checked: SUCCESS
[ BUILD CHECKER ] d72d376 commit already checked: SUCCESS
[ BUILD CHECKER ] f155d21 commit already checked: SUCCESS
[ BUILD CHECKER ] 28565e2 commit already checked: SUCCESS
[ BUILD CHECKER ] 943b394 commit already checked: SUCCESS
[ BUILD CHECKER ] 8a9d042 commit already checked: SUCCESS
[ BUILD CHECKER ] e64c6df commit already checked: SUCCESS
[ BUILD CHECKER ] 69c6a40 commit already checked: SUCCESS
[ BUILD CHECKER ] a9a38fe commit already checked: SUCCESS
[ BUILD CHECKER ] 2216964 commit already checked: SUCCESS
[ BUILD CHECKER ] 7f0e348 commit already checked: SUCCESS
[ BUILD CHECKER ] 2054fa2 commit already checked: SUCCESS
[ BUILD CHECKER ] 821ab62 commit already checked: SUCCESS
[ BUILD CHECKER ] c55c9eb commit already checked: SUCCESS
[ BUILD CHECKER ] bb2db87 commit already checked: SUCCESS
[ BUILD CHECKER ] a8a1fc6 commit already checked: SUCCESS
[ BUILD CHECKER ] 0878e43 commit already checked: SUCCESS
[ BUILD CHECKER ] aec9826 commit already checked: SUCCESS
[ BUILD CHECKER ] 5095ec4 commit already checked: SUCCESS
[ BUILD CHECKER ] 542ed81 commit already checked: SUCCESS
[ BUILD CHECKER ] 217aa38 commit already checked: SUCCESS
[ BUILD CHECKER ] 2474c48 commit already checked: SUCCESS
[ BUILD CHECKER ] dc36bb3 commit already checked: SUCCESS
[ BUILD CHECKER ] 6735e23 commit already checked: SUCCESS
[ BUILD CHECKER ] 5055071 commit already checked: SUCCESS
[ BUILD CHECKER ] c46dacc commit already checked: SUCCESS
[ BUILD CHECKER ] fa97aab commit already checked: SUCCESS
[ BUILD CHECKER ] b5c691b commit already checked: SUCCESS
[ BUILD CHECKER ] 29ce668 commit already checked: SUCCESS
[ BUILD CHECKER ] 78eda96 commit already checked: SUCCESS
[ BUILD CHECKER ] 70dbaf9 commit already checked: SUCCESS
[ BUILD CHECKER ] 0001f87 commit already checked: SUCCESS
[ BUILD CHECKER ] 589b704 commit already checked: SUCCESS
[ BUILD CHECKER ] 9b671f8 commit already checked: SUCCESS
[ BUILD CHECKER ] 65d5cb3 commit already checked: SUCCESS
[ BUILD CHECKER ] 31024b1 commit already checked: SUCCESS
[ BUILD CHECKER ] 92eaf99 commit already checked: SUCCESS
[ BUILD CHECKER ] 6cd9060 commit already checked: SUCCESS
[ BUILD CHECKER ] f834083 commit already checked: SUCCESS
[ BUILD CHECKER ] 487e14d commit already checked: SUCCESS
[ BUILD CHECKER ] 9b1eb39 commit already checked: SUCCESS
[ BUILD CHECKER ] f74a631 commit already checked: SUCCESS
[ BUILD CHECKER ] 4a147d2 commit already checked: SUCCESS
[ BUILD CHECKER ] 457d586 commit already checked: SUCCESS
[ BUILD CHECKER ] aa656c4 commit already checked: SUCCESS
[ BUILD CHECKER ] 109552d commit already checked: SUCCESS
[ BUILD CHECKER ] 1c40e36 commit already checked: SUCCESS
[ BUILD CHECKER ] 1fd6248 commit already checked: SUCCESS
[ BUILD CHECKER ] c037e75 commit already checked: SUCCESS
[ BUILD CHECKER ] 23bda9a commit already checked: SUCCESS
[ BUILD CHECKER ] 91d17cf commit already checked: FAIL
[ BUILD CHECKER ] fcbf06f commit already checked: FAIL
[ BUILD CHECKER ] f5ff1dc commit already checked: SUCCESS
[ BUILD CHECKER ] 025fd29 commit already checked: SUCCESS
[ BUILD CHECKER ] 7c9ba80 commit already checked: SUCCESS
[ BUILD CHECKER ] e82efbc commit already checked: SUCCESS
[ BUILD CHECKER ] bcb485b commit already checked: SUCCESS
[ BUILD CHECKER ] c022f7c commit already checked: SUCCESS
[ BUILD CHECKER ] ee95f17 commit already checked: SUCCESS
[ BUILD CHECKER ] 8277ea5 commit already checked: SUCCESS
[ BUILD CHECKER ] e366b20 commit already checked: SUCCESS
[ BUILD CHECKER ] 38525ce commit already checked: SUCCESS
[ BUILD CHECKER ] 964467d commit already checked: SUCCESS
[ BUILD CHECKER ] e458777 commit already checked: SUCCESS
[ BUILD CHECKER ] 1425308 commit already checked: SUCCESS
[ BUILD CHECKER ] c2a5fcd commit already checked: SUCCESS
[ BUILD CHECKER ] 14d0fee commit already checked: SUCCESS
[ BUILD CHECKER ] 4e03d3f commit already checked: SUCCESS
[ BUILD CHECKER ] 9ab63b8 commit already checked: SUCCESS
[ BUILD CHECKER ] 2b2bf27 commit already checked: SUCCESS
[ BUILD CHECKER ] 3881a4a commit already checked: SUCCESS
[ BUILD CHECKER ] 3899b7a commit already checked: SUCCESS
[ BUILD CHECKER ] fd8e4ab commit already checked: SUCCESS
[ BUILD CHECKER ] 31bfc1d commit already checked: SUCCESS
[ BUILD CHECKER ] d3b244a commit already checked: SUCCESS
[ BUILD CHECKER ] 32faf09 commit already checked: SUCCESS
[ BUILD CHECKER ] 0be8c20 commit already checked: SUCCESS
[ BUILD CHECKER ] 36a07aa commit already checked: SUCCESS
[ BUILD CHECKER ] 4475c67 commit already checked: SUCCESS
[ BUILD CHECKER ] 195f3f0 commit already checked: SUCCESS
[ BUILD CHECKER ] 90d395e commit already checked: SUCCESS
[ BUILD CHECKER ] 2e4f5a7 commit already checked: SUCCESS
[ BUILD CHECKER ] 41aa421 commit already checked: SUCCESS
[ BUILD CHECKER ] 02403f6 commit already checked: SUCCESS
[ BUILD CHECKER ] 11881ff commit already checked: SUCCESS
[ BUILD CHECKER ] a18cfd7 commit already checked: SUCCESS
[ BUILD CHECKER ] 2fdb8c9 commit already checked: FAIL
[ BUILD CHECKER ] 9b2c840 commit already checked: FAIL
[ BUILD CHECKER ] 23c379d commit already checked: FAIL
[ BUILD CHECKER ] 36bbbab commit already checked: FAIL
[ BUILD CHECKER ] dd4468a commit already checked: FAIL
[ BUILD CHECKER ] 7f1a8d7 commit already checked: FAIL
[ BUILD CHECKER ] 47d8fe8 commit already checked: FAIL
[ BUILD CHECKER ] fac2e35 commit already checked: FAIL
[ BUILD CHECKER ] 20c34cb commit already checked: FAIL
[ BUILD CHECKER ] 8e5f243 commit already checked: FAIL
[ BUILD CHECKER ] a9c9ba6 commit already checked: FAIL
[ BUILD CHECKER ] 6372c0f commit already checked: FAIL
[ BUILD CHECKER ] 7500b14 commit already checked: FAIL
[ BUILD CHECKER ] 430250c commit already checked: FAIL
[ BUILD CHECKER ] 5f51e86 commit already checked: FAIL
[ BUILD CHECKER ] 1b09718 commit already checked: FAIL
[ BUILD CHECKER ] 1603c4a commit already checked: FAIL
[ BUILD CHECKER ] 82194f4 commit already checked: FAIL
[ BUILD CHECKER ] 0def164 commit already checked: FAIL
[ BUILD CHECKER ] b09fad1 commit already checked: FAIL
[ BUILD CHECKER ] f8f8d28 commit already checked: FAIL
[ BUILD CHECKER ] bccff73 commit already checked: FAIL
[ BUILD CHECKER ] f58854f commit already checked: FAIL
[ BUILD CHECKER ] 13873da commit already checked: FAIL
[ BUILD CHECKER ] cfbacfd commit already checked: FAIL
[ BUILD CHECKER ] 5051850 commit already checked: FAIL
[ BUILD CHECKER ] 3c65c17 commit already checked: FAIL
[ BUILD CHECKER ] c57e1af commit already checked: FAIL
[ BUILD CHECKER ] 91122ec commit already checked: FAIL
[ BUILD CHECKER ] 20de500 commit already checked: FAIL
[ BUILD CHECKER ] 0c62d6b commit already checked: FAIL
[ BUILD CHECKER ] 2734f01 commit already checked: FAIL
[ BUILD CHECKER ] bb5d99a commit already checked: FAIL
[ BUILD CHECKER ] 390bb87 commit already checked: FAIL
[ BUILD CHECKER ] 9a43d2e commit already checked: FAIL
[ BUILD CHECKER ] a410d90 commit already checked: FAIL
[ BUILD CHECKER ] 07653bf commit already checked: FAIL
[ BUILD CHECKER ] 93b7a48 commit already checked: FAIL
[ BUILD CHECKER ] 28cd697 commit already checked: FAIL
[ BUILD CHECKER ] 51c7ceb commit already checked: FAIL
[ BUILD CHECKER ] 252f52a commit already checked: FAIL
[ BUILD CHECKER ] 867b3d2 commit already checked: FAIL
[ BUILD CHECKER ] 09920d9 commit already checked: FAIL
[ BUILD CHECKER ] c4df335 commit already checked: FAIL
[ BUILD CHECKER ] 478d725 commit already checked: FAIL
[ BUILD CHECKER ] 52d124d commit already checked: FAIL
[ BUILD CHECKER ] 0b60447 commit already checked: FAIL
[ BUILD CHECKER ] d0bbbf4 commit already checked: FAIL
[ BUILD CHECKER ] 1f5d0fa commit already checked: FAIL
[ BUILD CHECKER ] 999c169 commit already checked: FAIL
[ BUILD CHECKER ] b1e28a5 commit already checked: FAIL
[ BUILD CHECKER ] 9498da5 commit already checked: FAIL
[ BUILD CHECKER ] 66d7301 commit already checked: FAIL
[ BUILD CHECKER ] 9c08a48 commit already checked: FAIL
[ BUILD CHECKER ] 833aee9 commit gona be re-checked
Previous HEAD position was d303c8a20f Store PathPattern instead of String in attributes
HEAD is now at 833aee9b2d Add SimpLogging and use o.s.messaging.simp classes
[ BUILD CHECKER ] 833aee9 commit build fail
[ BUILD CHECKER ] 4d6f2df commit gona be re-checked
Previous HEAD position was 833aee9b2d Add SimpLogging and use o.s.messaging.simp classes
HEAD is now at 4d6f2df3cb Add LogUtils and HttpLogging
[ BUILD CHECKER ] 4d6f2df commit build fail
[ BUILD CHECKER ] 23d4862 commit gona be re-checked
Previous HEAD position was 4d6f2df3cb Add LogUtils and HttpLogging
HEAD is now at 23d4862017 Find annotations on implemented generic interface methods as well
[ BUILD CHECKER ] 23d4862 commit build fail
[ BUILD CHECKER ] c77dbbb commit gona be re-checked
Previous HEAD position was 23d4862017 Find annotations on implemented generic interface methods as well
HEAD is now at c77dbbb1e6 Specific exception for missing request header, cookie, matrix variable
[ BUILD CHECKER ] c77dbbb commit build fail
[ BUILD CHECKER ] e8034f2 commit gona be re-checked
Previous HEAD position was c77dbbb1e6 Specific exception for missing request header, cookie, matrix variable
HEAD is now at e8034f2f96 Adapt DefaultParameterNameDiscoverer to Graal constraints
[ BUILD CHECKER ] e8034f2 commit build fail
[ BUILD CHECKER ] 790d515 commit gona be re-checked
Previous HEAD position was e8034f2f96 Adapt DefaultParameterNameDiscoverer to Graal constraints
HEAD is now at 790d515f8c HandlerMethod exposes interface parameter annotations as well
[ BUILD CHECKER ] 790d515 commit build fail
[ BUILD CHECKER ] 28f7b26 commit gona be re-checked
Previous HEAD position was 790d515f8c HandlerMethod exposes interface parameter annotations as well
HEAD is now at 28f7b26294 Null-returning instance supplier resolves to NullBean
[ BUILD CHECKER ] 28f7b26 commit build fail
[ BUILD CHECKER ] f855311 commit gona be re-checked
Previous HEAD position was 28f7b26294 Null-returning instance supplier resolves to NullBean
HEAD is now at f8553117d0 Polishing
[ BUILD CHECKER ] f855311 commit build fail
[ BUILD CHECKER ] a87764f commit gona be re-checked
Previous HEAD position was f8553117d0 Polishing
HEAD is now at a87764f1fd Add support for Jetty Reactive Streams HTTP client
[ BUILD CHECKER ] a87764f commit build fail
[ BUILD CHECKER ] 3c9049d commit gona be re-checked
Previous HEAD position was a87764f1fd Add support for Jetty Reactive Streams HTTP client
HEAD is now at 3c9049d530 Leverage Jetty BOM
[ BUILD CHECKER ] 3c9049d commit build fail
[ BUILD CHECKER ] a7f97a1 commit gona be re-checked
Previous HEAD position was 3c9049d530 Leverage Jetty BOM
HEAD is now at a7f97a1669 Avoid null signals when resolving handler arguments
[ BUILD CHECKER ] a7f97a1 commit build fail
[ BUILD CHECKER ] 5fcfe0f commit gona be re-checked
Previous HEAD position was a7f97a1669 Avoid null signals when resolving handler arguments
HEAD is now at 5fcfe0fa8e Polishing
[ BUILD CHECKER ] 5fcfe0f commit build fail
[ BUILD CHECKER ] cab35aa commit gona be re-checked
Previous HEAD position was 5fcfe0fa8e Polishing
HEAD is now at cab35aa788 StringUtils.parseLocaleString detects variant without country
[ BUILD CHECKER ] cab35aa commit build fail
[ BUILD CHECKER ] d8ee1f5 commit gona be re-checked
Previous HEAD position was cab35aa788 StringUtils.parseLocaleString detects variant without country
HEAD is now at d8ee1f5c83 Merge pull request #1887 from crewmanmud:patch-2
[ BUILD CHECKER ] d8ee1f5 commit build fail
[ BUILD CHECKER ] d8878e4 commit gona be re-checked
Previous HEAD position was d8ee1f5c83 Merge pull request #1887 from crewmanmud:patch-2
HEAD is now at d8878e4513 Correct method signature in code example
[ BUILD CHECKER ] d8878e4 commit build fail
[ BUILD CHECKER ] 6c4289e commit gona be re-checked
Previous HEAD position was d8878e4513 Correct method signature in code example
HEAD is now at 6c4289e238 Polish
[ BUILD CHECKER ] 6c4289e commit build fail
[ BUILD CHECKER ] 0bd7a36 commit gona be re-checked
Previous HEAD position was 6c4289e238 Polish
HEAD is now at 0bd7a3646c Update URI Encoding section
[ BUILD CHECKER ] 0bd7a36 commit build fail
[ BUILD CHECKER ] b3d6283 commit gona be re-checked
Previous HEAD position was 0bd7a3646c Update URI Encoding section
HEAD is now at b3d6283d7d CookieAssertionTests expects language tag compliance by default
[ BUILD CHECKER ] b3d6283 commit build fail
[ BUILD CHECKER ] ef9027e commit gona be re-checked
Previous HEAD position was b3d6283d7d CookieAssertionTests expects language tag compliance by default
HEAD is now at ef9027e1c1 Polishing
[ BUILD CHECKER ] ef9027e commit build fail
[ BUILD CHECKER ] b8d2a16 commit gona be re-checked
Previous HEAD position was ef9027e1c1 Polishing
HEAD is now at b8d2a16c31 UrlBasedViewResolver exposes redirect/forward prefix as bean name
[ BUILD CHECKER ] b8d2a16 commit build fail
[ BUILD CHECKER ] 88e4006 commit gona be re-checked
Previous HEAD position was b8d2a16c31 UrlBasedViewResolver exposes redirect/forward prefix as bean name
HEAD is now at 88e4006790 CookieLocaleResolver is RFC6265 and language tag compliant by default
[ BUILD CHECKER ] 88e4006 commit build fail
[ BUILD CHECKER ] 955665b commit gona be re-checked
Previous HEAD position was 88e4006790 CookieLocaleResolver is RFC6265 and language tag compliant by default
HEAD is now at 955665b419 Consistent processing of binding/validation failures for data classes
[ BUILD CHECKER ] 955665b commit build fail
[ BUILD CHECKER ] d8a2927 commit gona be re-checked
Previous HEAD position was 955665b419 Consistent processing of binding/validation failures for data classes
HEAD is now at d8a2927dd3 Update URI links section after encoding changes
[ BUILD CHECKER ] d8a2927 commit build fail
[ BUILD CHECKER ] a41a1ed commit gona be re-checked
Previous HEAD position was d8a2927dd3 Update URI links section after encoding changes
HEAD is now at a41a1edd93 Switch to TEMPLATE_AND_VALUES as the default mode
[ BUILD CHECKER ] a41a1ed commit build fail
[ BUILD CHECKER ] 2a0eac4 commit gona be re-checked
Previous HEAD position was a41a1edd93 Switch to TEMPLATE_AND_VALUES as the default mode
HEAD is now at 2a0eac47f9 Add TEMPLATE_AND_VALUES mode to DefaultUriBuilderFactory
[ BUILD CHECKER ] 2a0eac4 commit build fail
[ BUILD CHECKER ] 75e4510 commit gona be re-checked
Previous HEAD position was 2a0eac47f9 Add TEMPLATE_AND_VALUES mode to DefaultUriBuilderFactory
HEAD is now at 75e45103b5 Polish DefaultUriBuilderFactory
[ BUILD CHECKER ] 75e4510 commit build fail
[ BUILD CHECKER ] b915e42 commit gona be re-checked
Previous HEAD position was 75e45103b5 Polish DefaultUriBuilderFactory
HEAD is now at b915e42c38 Resolve target type for GenericHttpMessageConverter.canWrite/write
[ BUILD CHECKER ] b915e42 commit build fail
[ BUILD CHECKER ] cacd14c commit gona be re-checked
Previous HEAD position was b915e42c38 Resolve target type for GenericHttpMessageConverter.canWrite/write
HEAD is now at cacd14c805 Never return null from AnnotationMetadata.getMetaAnnotationTypes
[ BUILD CHECKER ] cacd14c commit build fail
[ BUILD CHECKER ] 5fb4982 commit gona be re-checked
Previous HEAD position was cacd14c805 Never return null from AnnotationMetadata.getMetaAnnotationTypes
HEAD is now at 5fb4982026 Support for encode() in UriComponentsBuilder
[ BUILD CHECKER ] 5fb4982 commit build fail
[ BUILD CHECKER ] fe2eeb4 commit gona be re-checked
Previous HEAD position was 5fb4982026 Support for encode() in UriComponentsBuilder
HEAD is now at fe2eeb43f1 Upgrade to Groovy 2.5.1
[ BUILD CHECKER ] fe2eeb4 commit build fail
[ BUILD CHECKER ] 77d72f1 commit gona be re-checked
Previous HEAD position was fe2eeb43f1 Upgrade to Groovy 2.5.1
HEAD is now at 77d72f1e01 Injected Map/Collection does not include null bean entries
[ BUILD CHECKER ] 77d72f1 commit build fail
[ BUILD CHECKER ] faef363 commit gona be re-checked
Previous HEAD position was 77d72f1e01 Injected Map/Collection does not include null bean entries
HEAD is now at faef363e85 Evaluate @Cacheable(condition) once per method invocation only
[ BUILD CHECKER ] faef363 commit build fail
[ BUILD CHECKER ] 93d9121 commit gona be re-checked
Previous HEAD position was faef363e85 Evaluate @Cacheable(condition) once per method invocation only
HEAD is now at 93d91219fd Support for "cacheRegionFactory" injection with Hibernate 5
[ BUILD CHECKER ] 93d9121 commit build fail
[ BUILD CHECKER ] 333ec74 commit gona be re-checked
Previous HEAD position was 93d91219fd Support for "cacheRegionFactory" injection with Hibernate 5
HEAD is now at 333ec7400e Fix typo
[ BUILD CHECKER ] 333ec74 commit build fail
[ BUILD CHECKER ] f6fdffd commit gona be re-checked
Previous HEAD position was 333ec7400e Fix typo
HEAD is now at f6fdffd663 Lazily retrieve delegate beans in AsyncConfigurer and CachingConfigurer
[ BUILD CHECKER ] f6fdffd commit build fail
[ BUILD CHECKER ] 680afa7 commit gona be re-checked
Previous HEAD position was f6fdffd663 Lazily retrieve delegate beans in AsyncConfigurer and CachingConfigurer
HEAD is now at 680afa75d8 ListableBeanFactory.getBeansOfType does not include null bean entries
[ BUILD CHECKER ] 680afa7 commit build fail
[ BUILD CHECKER ] 24a30ba commit gona be re-checked
Previous HEAD position was 680afa75d8 ListableBeanFactory.getBeansOfType does not include null bean entries
HEAD is now at 24a30baa2a Typos in InMemoryWebSessionStore
[ BUILD CHECKER ] 24a30ba commit build fail
[ BUILD CHECKER ] 43fbd63 commit gona be re-checked
Previous HEAD position was 24a30baa2a Typos in InMemoryWebSessionStore
HEAD is now at 43fbd63254 Add maxSessions, getSessions, removeExpiredSessions
[ BUILD CHECKER ] 43fbd63 commit build fail
[ BUILD CHECKER ] 75fa9c4 commit gona be re-checked
Previous HEAD position was 43fbd63254 Add maxSessions, getSessions, removeExpiredSessions
HEAD is now at 75fa9c4266 Fix checkstyle issues
[ BUILD CHECKER ] 75fa9c4 commit build fail
[ BUILD CHECKER ] 038af9a commit gona be re-checked
Previous HEAD position was 75fa9c4266 Fix checkstyle issues
HEAD is now at 038af9a303 Improve unknown status codes handling by WebClient
[ BUILD CHECKER ] 038af9a commit build fail
[ BUILD CHECKER ] f123d6c commit gona be re-checked
Previous HEAD position was 038af9a303 Improve unknown status codes handling by WebClient
HEAD is now at f123d6c3bc Upgrade to Netty 4.1.27 and Commons Pool 2.6
[ BUILD CHECKER ] f123d6c commit build fail
[ BUILD CHECKER ] 32b7522 commit gona be re-checked
Previous HEAD position was f123d6c3bc Upgrade to Netty 4.1.27 and Commons Pool 2.6
HEAD is now at 32b75221b3 Improve expired session check algorithm
[ BUILD CHECKER ] 32b7522 commit build fail
[ BUILD CHECKER ] e9ed45e commit gona be re-checked
Previous HEAD position was 32b75221b3 Improve expired session check algorithm
HEAD is now at e9ed45ee3b Fix code completion typo
[ BUILD CHECKER ] e9ed45e commit build fail
[ BUILD CHECKER ] 7b3a72f commit gona be re-checked
Previous HEAD position was e9ed45ee3b Fix code completion typo
HEAD is now at 7b3a72f483 Warn when SimpleAsyncTaskExecutor is used
[ BUILD CHECKER ] 7b3a72f commit build fail
[ BUILD CHECKER ] 1b1bc7f commit gona be re-checked
Previous HEAD position was 7b3a72f483 Warn when SimpleAsyncTaskExecutor is used
HEAD is now at 1b1bc7f5b5 Switch defaults and model for logging sensitive data
[ BUILD CHECKER ] 1b1bc7f commit build fail
[ BUILD CHECKER ] a40d25a commit gona be re-checked
Previous HEAD position was 1b1bc7f5b5 Switch defaults and model for logging sensitive data
HEAD is now at a40d25a760 Remove no-op classes in web-related Java config
[ BUILD CHECKER ] a40d25a commit build fail
[ BUILD CHECKER ] 3d6e38b commit gona be re-checked
Previous HEAD position was a40d25a760 Remove no-op classes in web-related Java config
HEAD is now at 3d6e38bb43 Conditional registration of task scheduler for SockJS
[ BUILD CHECKER ] 3d6e38b commit build fail
[ BUILD CHECKER ] 6aa6d91 commit gona be re-checked
Previous HEAD position was 3d6e38bb43 Conditional registration of task scheduler for SockJS
HEAD is now at 6aa6d91ea9 Remove deprecated constructors in WebSocket config
[ BUILD CHECKER ] 6aa6d91 commit build fail
[ BUILD CHECKER ] c2fbd9f commit gona be re-checked
Previous HEAD position was 6aa6d91ea9 Remove deprecated constructors in WebSocket config
HEAD is now at c2fbd9f321 Upgrade to Rome 1.11 and OpenPDF 1.1
[ BUILD CHECKER ] c2fbd9f commit build fail
[ BUILD CHECKER ] 2ede6f6 commit gona be re-checked
Previous HEAD position was c2fbd9f321 Upgrade to Rome 1.11 and OpenPDF 1.1
HEAD is now at 2ede6f65b4 Upgrade to Netty 4.1.26 and Undertow 2.0.10
[ BUILD CHECKER ] 2ede6f6 commit build fail
