Previous HEAD position was 2163fa94a7 Fix initialization issue in ReactorResourceFactory
HEAD is now at d303c8a20f Store PathPattern instead of String in attributes
[ BUILD CHECKER ] CHECK BUILD FOR STEP 2
[ BUILD CHECKER ] d303c8a commit already checked: SUCCESS
[ BUILD CHECKER ] ab8310b commit already checked: SUCCESS
[ BUILD CHECKER ] fdaceeb commit already checked: SUCCESS
[ BUILD CHECKER ] 2c5a1af commit already checked: SUCCESS
[ BUILD CHECKER ] f885910 commit already checked: SUCCESS
[ BUILD CHECKER ] e14cf69 commit already checked: SUCCESS
[ BUILD CHECKER ] 93bb78e commit already checked: SUCCESS
[ BUILD CHECKER ] b2bf5fe commit already checked: SUCCESS
[ BUILD CHECKER ] 423aa28 commit already checked: SUCCESS
[ BUILD CHECKER ] 5094941 commit already checked: SUCCESS
[ BUILD CHECKER ] 608fd76 commit already checked: SUCCESS
[ BUILD CHECKER ] 58b3af9 commit already checked: SUCCESS
[ BUILD CHECKER ] 5f2d47a commit already checked: SUCCESS
[ BUILD CHECKER ] 2255d22 commit already checked: SUCCESS
[ BUILD CHECKER ] ecd0d7f commit already checked: SUCCESS
[ BUILD CHECKER ] 309e70a commit already checked: SUCCESS
[ BUILD CHECKER ] 658c7f9 commit already checked: SUCCESS
[ BUILD CHECKER ] c5ca56b commit already checked: SUCCESS
[ BUILD CHECKER ] 0583091 commit already checked: SUCCESS
[ BUILD CHECKER ] 864d7ea commit already checked: SUCCESS
[ BUILD CHECKER ] bfc5ad8 commit already checked: SUCCESS
[ BUILD CHECKER ] b7e4a56 commit already checked: SUCCESS
[ BUILD CHECKER ] 0b2c482 commit already checked: SUCCESS
[ BUILD CHECKER ] dcf2861 commit already checked: SUCCESS
[ BUILD CHECKER ] 5474995 commit already checked: SUCCESS
[ BUILD CHECKER ] a2ae5f6 commit already checked: SUCCESS
[ BUILD CHECKER ] 4ee704c commit already checked: SUCCESS
[ BUILD CHECKER ] 8df0bc8 commit already checked: SUCCESS
[ BUILD CHECKER ] c567e65 commit already checked: SUCCESS
[ BUILD CHECKER ] 050f44d commit already checked: SUCCESS
[ BUILD CHECKER ] 60b5161 commit already checked: SUCCESS
[ BUILD CHECKER ] 10d5de7 commit already checked: SUCCESS
[ BUILD CHECKER ] 8de5c05 commit already checked: SUCCESS
[ BUILD CHECKER ] f12c28e commit already checked: SUCCESS
[ BUILD CHECKER ] ce7278a commit already checked: SUCCESS
[ BUILD CHECKER ] 61403e3 commit already checked: SUCCESS
[ BUILD CHECKER ] cc172bc commit already checked: SUCCESS
[ BUILD CHECKER ] e181498 commit already checked: SUCCESS
[ BUILD CHECKER ] c89e3e6 commit already checked: SUCCESS
[ BUILD CHECKER ] d059241 commit already checked: SUCCESS
[ BUILD CHECKER ] 82a211f commit already checked: SUCCESS
[ BUILD CHECKER ] 062805f commit already checked: SUCCESS
[ BUILD CHECKER ] 053820c commit already checked: SUCCESS
[ BUILD CHECKER ] f662e3b commit already checked: SUCCESS
[ BUILD CHECKER ] 44afed4 commit already checked: SUCCESS
[ BUILD CHECKER ] 83909e6 commit already checked: SUCCESS
[ BUILD CHECKER ] fdf3403 commit already checked: SUCCESS
[ BUILD CHECKER ] d9e7253 commit already checked: SUCCESS
[ BUILD CHECKER ] 2b986af commit already checked: SUCCESS
[ BUILD CHECKER ] c8c0737 commit already checked: SUCCESS
[ BUILD CHECKER ] 19f3347 commit already checked: SUCCESS
[ BUILD CHECKER ] efdbddd commit already checked: SUCCESS
[ BUILD CHECKER ] cf3635b commit already checked: SUCCESS
[ BUILD CHECKER ] 1e0de07 commit already checked: SUCCESS
[ BUILD CHECKER ] bb5c8ed commit already checked: SUCCESS
[ BUILD CHECKER ] c01f350 commit already checked: SUCCESS
[ BUILD CHECKER ] 928c541 commit already checked: FAIL
[ BUILD CHECKER ] bef22ec commit already checked: SUCCESS
[ BUILD CHECKER ] 29ff8a8 commit already checked: SUCCESS
[ BUILD CHECKER ] af6a556 commit already checked: SUCCESS
[ BUILD CHECKER ] 635d214 commit already checked: SUCCESS
[ BUILD CHECKER ] ccce61e commit already checked: SUCCESS
[ BUILD CHECKER ] 9630445 commit already checked: SUCCESS
[ BUILD CHECKER ] 1c90d48 commit already checked: SUCCESS
[ BUILD CHECKER ] d16a710 commit already checked: SUCCESS
[ BUILD CHECKER ] 4d24503 commit already checked: SUCCESS
[ BUILD CHECKER ] 1489457 commit already checked: SUCCESS
[ BUILD CHECKER ] 9064ef5 commit already checked: SUCCESS
[ BUILD CHECKER ] 983bce1 commit already checked: SUCCESS
[ BUILD CHECKER ] 80e7819 commit already checked: SUCCESS
[ BUILD CHECKER ] cb4fa37 commit already checked: SUCCESS
[ BUILD CHECKER ] 9d5aced commit already checked: SUCCESS
[ BUILD CHECKER ] ff7ccf0 commit already checked: SUCCESS
[ BUILD CHECKER ] 9975646 commit already checked: SUCCESS
[ BUILD CHECKER ] 38e5c01 commit already checked: SUCCESS
[ BUILD CHECKER ] 3ff5731 commit already checked: SUCCESS
[ BUILD CHECKER ] 1320fed commit already checked: SUCCESS
[ BUILD CHECKER ] e63bffc commit already checked: SUCCESS
[ BUILD CHECKER ] 77205ca commit already checked: SUCCESS
[ BUILD CHECKER ] 31095f1 commit already checked: SUCCESS
[ BUILD CHECKER ] 49bc746 commit already checked: SUCCESS
[ BUILD CHECKER ] 1b8421c commit already checked: SUCCESS
[ BUILD CHECKER ] 00353a0 commit already checked: SUCCESS
[ BUILD CHECKER ] 9fed4d0 commit already checked: SUCCESS
[ BUILD CHECKER ] fc03707 commit already checked: SUCCESS
[ BUILD CHECKER ] 7aa9334 commit already checked: SUCCESS
[ BUILD CHECKER ] a8f4c59 commit already checked: SUCCESS
[ BUILD CHECKER ] 058f027 commit already checked: SUCCESS
[ BUILD CHECKER ] 2ec41c8 commit already checked: SUCCESS
[ BUILD CHECKER ] ad29f97 commit already checked: SUCCESS
[ BUILD CHECKER ] 9063e66 commit already checked: SUCCESS
[ BUILD CHECKER ] d6dfde3 commit already checked: SUCCESS
[ BUILD CHECKER ] 333e327 commit already checked: SUCCESS
[ BUILD CHECKER ] 255015f commit already checked: SUCCESS
[ BUILD CHECKER ] 6ff8cd8 commit already checked: SUCCESS
[ BUILD CHECKER ] 18c9e3e commit already checked: SUCCESS
[ BUILD CHECKER ] a76b8de commit already checked: SUCCESS
[ BUILD CHECKER ] 7ca6b9f commit already checked: SUCCESS
[ BUILD CHECKER ] 51ba322 commit already checked: SUCCESS
[ BUILD CHECKER ] 9e2912e commit already checked: SUCCESS
[ BUILD CHECKER ] 6d22632 commit already checked: SUCCESS
[ BUILD CHECKER ] 45ecfc6 commit already checked: SUCCESS
[ BUILD CHECKER ] 59e87f9 commit already checked: SUCCESS
[ BUILD CHECKER ] 917bb53 commit already checked: SUCCESS
[ BUILD CHECKER ] f7263ab commit already checked: SUCCESS
[ BUILD CHECKER ] 2a6da6a commit already checked: SUCCESS
[ BUILD CHECKER ] 92b3f2a commit already checked: SUCCESS
[ BUILD CHECKER ] 80e52de commit already checked: SUCCESS
[ BUILD CHECKER ] 7562761 commit already checked: SUCCESS
[ BUILD CHECKER ] 3f5a7bb commit already checked: SUCCESS
[ BUILD CHECKER ] 093a863 commit already checked: SUCCESS
[ BUILD CHECKER ] 90c29b3 commit already checked: SUCCESS
[ BUILD CHECKER ] f783967 commit already checked: SUCCESS
[ BUILD CHECKER ] 47d6e91 commit already checked: SUCCESS
[ BUILD CHECKER ] b6b880c commit already checked: SUCCESS
[ BUILD CHECKER ] 7481d73 commit already checked: SUCCESS
[ BUILD CHECKER ] 288a9ec commit already checked: SUCCESS
[ BUILD CHECKER ] a278e87 commit already checked: SUCCESS
[ BUILD CHECKER ] 082c524 commit already checked: SUCCESS
[ BUILD CHECKER ] d3c0855 commit already checked: SUCCESS
[ BUILD CHECKER ] 50c9542 commit already checked: SUCCESS
[ BUILD CHECKER ] a6f9c4c commit already checked: SUCCESS
[ BUILD CHECKER ] af58263 commit already checked: SUCCESS
[ BUILD CHECKER ] 8a48353 commit already checked: SUCCESS
[ BUILD CHECKER ] 1756f83 commit already checked: SUCCESS
[ BUILD CHECKER ] d94e922 commit already checked: SUCCESS
[ BUILD CHECKER ] 65ca7f4 commit already checked: SUCCESS
[ BUILD CHECKER ] 0204b08 commit already checked: SUCCESS
[ BUILD CHECKER ] 5b25aaa commit already checked: SUCCESS
[ BUILD CHECKER ] 6431b25 commit already checked: SUCCESS
[ BUILD CHECKER ] 745aeda commit already checked: SUCCESS
[ BUILD CHECKER ] c634b2f commit already checked: SUCCESS
[ BUILD CHECKER ] 00a3afc commit already checked: SUCCESS
[ BUILD CHECKER ] b29a278 commit already checked: SUCCESS
[ BUILD CHECKER ] 95ff22c commit already checked: SUCCESS
[ BUILD CHECKER ] 395e3d0 commit already checked: SUCCESS
[ BUILD CHECKER ] d0ada56 commit already checked: SUCCESS
[ BUILD CHECKER ] 0948edb commit already checked: SUCCESS
[ BUILD CHECKER ] c8869d9 commit already checked: SUCCESS
[ BUILD CHECKER ] 69e8bcd commit already checked: SUCCESS
[ BUILD CHECKER ] c385a1d commit already checked: SUCCESS
[ BUILD CHECKER ] 88ab911 commit already checked: SUCCESS
[ BUILD CHECKER ] 51f7a3e commit already checked: SUCCESS
[ BUILD CHECKER ] 3466330 commit already checked: SUCCESS
[ BUILD CHECKER ] cc87fbc commit already checked: SUCCESS
[ BUILD CHECKER ] c4aea62 commit already checked: SUCCESS
[ BUILD CHECKER ] a680880 commit already checked: SUCCESS
[ BUILD CHECKER ] 8e83f14 commit already checked: SUCCESS
[ BUILD CHECKER ] db8e9ea commit already checked: SUCCESS
[ BUILD CHECKER ] 41d4cb5 commit already checked: SUCCESS
[ BUILD CHECKER ] 12240c7 commit already checked: SUCCESS
[ BUILD CHECKER ] e62298e commit already checked: SUCCESS
[ BUILD CHECKER ] 66c66ba commit already checked: SUCCESS
[ BUILD CHECKER ] cf96416 commit already checked: SUCCESS
[ BUILD CHECKER ] 97cea7f commit already checked: SUCCESS
[ BUILD CHECKER ] 77887ef commit already checked: SUCCESS
[ BUILD CHECKER ] cbc0fad commit already checked: SUCCESS
[ BUILD CHECKER ] 65c8fa4 commit already checked: SUCCESS
[ BUILD CHECKER ] 0685651 commit already checked: SUCCESS
[ BUILD CHECKER ] cde677a commit already checked: SUCCESS
[ BUILD CHECKER ] 184340f commit already checked: SUCCESS
[ BUILD CHECKER ] 9cb8b4b commit already checked: SUCCESS
[ BUILD CHECKER ] b6d32ef commit already checked: SUCCESS
[ BUILD CHECKER ] b83bc39 commit already checked: SUCCESS
[ BUILD CHECKER ] 45936f0 commit already checked: SUCCESS
[ BUILD CHECKER ] 43a814b commit already checked: SUCCESS
[ BUILD CHECKER ] bffa4b8 commit already checked: SUCCESS
[ BUILD CHECKER ] dcac30c commit already checked: SUCCESS
[ BUILD CHECKER ] f35f7db commit already checked: SUCCESS
[ BUILD CHECKER ] 09af706 commit already checked: SUCCESS
[ BUILD CHECKER ] 1a0522b commit already checked: SUCCESS
[ BUILD CHECKER ] 1da4d50 commit already checked: SUCCESS
[ BUILD CHECKER ] e473550 commit already checked: SUCCESS
[ BUILD CHECKER ] 2820831 commit already checked: SUCCESS
[ BUILD CHECKER ] c06b952 commit already checked: SUCCESS
[ BUILD CHECKER ] e49896d commit already checked: SUCCESS
[ BUILD CHECKER ] 6c487f7 commit already checked: SUCCESS
[ BUILD CHECKER ] aa848d5 commit already checked: SUCCESS
[ BUILD CHECKER ] 3abebb3 commit already checked: SUCCESS
[ BUILD CHECKER ] 87fac79 commit already checked: SUCCESS
[ BUILD CHECKER ] 90a4740 commit already checked: SUCCESS
[ BUILD CHECKER ] c803ad7 commit already checked: SUCCESS
[ BUILD CHECKER ] 84ec382 commit already checked: SUCCESS
[ BUILD CHECKER ] 8d45e3e commit already checked: SUCCESS
[ BUILD CHECKER ] c8627c0 commit already checked: SUCCESS
[ BUILD CHECKER ] f30d19b commit already checked: FAIL
[ BUILD CHECKER ] 2163fa9 commit already checked: FAIL
[ BUILD CHECKER ] f55a605 commit gona be re-checked
Previous HEAD position was d303c8a20f Store PathPattern instead of String in attributes
HEAD is now at f55a6051df Document default embedded value resolver support for property placeholders
[ BUILD CHECKER ] f55a605 commit build fail
