Buildfile: /home/ubuntu/bugs/projects/Lang/build.xml

clean:

BUILD SUCCESSFUL
Total time: 0 seconds
Buildfile: /home/ubuntu/bugs/projects/Lang/build.xml

init:
     [echo] -------- commons-lang 3.0-SNAPSHOT --------

prepare:
    [mkdir] Created dir: /home/ubuntu/bugs/projects/Lang/target
    [mkdir] Created dir: /home/ubuntu/bugs/projects/Lang/target/classes
    [mkdir] Created dir: /home/ubuntu/bugs/projects/Lang/target/conf
    [mkdir] Created dir: /home/ubuntu/bugs/projects/Lang/target/tests

static:
     [copy] Copying 1 file to /home/ubuntu/bugs/projects/Lang/target/conf

compile:
    [javac] /home/ubuntu/bugs/projects/Lang/build.xml:65: warning: 'includeantruntime' was not set, defaulting to build.sysclasspath=last; set to false for repeatable builds
    [javac] Compiling 82 source files to /home/ubuntu/bugs/projects/Lang/target/classes
    [javac] warning: [options] bootstrap class path not set in conjunction with -source 1.3
    [javac] warning: [options] source value 1.3 is obsolete and will be removed in a future release
    [javac] warning: [options] target value 1.2 is obsolete and will be removed in a future release
    [javac] warning: [options] To suppress warnings about obsolete options, use -Xlint:-options.
    [javac] /home/ubuntu/bugs/projects/Lang/src/java/org/apache/commons/lang/ArrayUtils.java:59: error: generics are not supported in -source 1.3
    [javac]     public static final Class<?>[] EMPTY_CLASS_ARRAY = new Class[0];
    [javac]                              ^
    [javac]   (use -source 5 or higher to enable generics)
    [javac] /home/ubuntu/bugs/projects/Lang/src/java/org/apache/commons/lang/BooleanUtils.java:899: error: enhanced for loops are not supported in -source 1.3
    [javac]         for (boolean element : array) {
    [javac]                              ^
    [javac]   (use -source 5 or higher to enable for-each loops)
    [javac] /home/ubuntu/bugs/projects/Lang/src/java/org/apache/commons/lang/CharRange.java:188: error: annotations are not supported in -source 1.3
    [javac]     @Override
    [javac]      ^
    [javac]   (use -source 5 or higher to enable annotations)
    [javac] /home/ubuntu/bugs/projects/Lang/src/java/org/apache/commons/lang/CharSet.java:81: error: generics are not supported in -source 1.3
    [javac]     protected static final Map<String, CharSet> COMMON = new HashMap<String, CharSet>();
    [javac]                               ^
    [javac]   (use -source 5 or higher to enable generics)
    [javac] /home/ubuntu/bugs/projects/Lang/src/java/org/apache/commons/lang/CharSet.java:245: error: enhanced for loops are not supported in -source 1.3
    [javac]         for (CharRange range : set) {
    [javac]                              ^
    [javac]   (use -source 5 or higher to enable for-each loops)
    [javac] /home/ubuntu/bugs/projects/Lang/src/java/org/apache/commons/lang/CharSet.java:266: error: annotations are not supported in -source 1.3
    [javac]     @Override
    [javac]      ^
    [javac]   (use -source 5 or higher to enable annotations)
    [javac] /home/ubuntu/bugs/projects/Lang/src/java/org/apache/commons/lang/ClassUtils.java:71: error: generics are not supported in -source 1.3
    [javac]     private static final Map<Class<?>, Class<?>> primitiveWrapperMap = new HashMap<Class<?>, Class<?>>();
    [javac]                             ^
    [javac]   (use -source 5 or higher to enable generics)
    [javac] /home/ubuntu/bugs/projects/Lang/src/java/org/apache/commons/lang/ClassUtils.java:89: error: enhanced for loops are not supported in -source 1.3
    [javac]         for (Class<?> primitiveClass : primitiveWrapperMap.keySet()) {
    [javac]                                      ^
    [javac]   (use -source 5 or higher to enable for-each loops)
    [javac] /home/ubuntu/bugs/projects/Lang/src/java/org/apache/commons/lang/EnumUtils.java:41: error: generics are not supported in -source 1.3
    [javac]     public static Map<String, Enum<?>> getEnumMap(Class enumClass) {
    [javac]                      ^
    [javac]   (use -source 5 or higher to enable generics)
    [javac] /home/ubuntu/bugs/projects/Lang/src/java/org/apache/commons/lang/IllegalClassException.java:61: error: generics are not supported in -source 1.3
    [javac]     public IllegalClassException(Class<?> expected, Object actual) {
    [javac]                                       ^
    [javac]   (use -source 5 or higher to enable generics)
    [javac] /home/ubuntu/bugs/projects/Lang/src/java/org/apache/commons/lang/LocaleUtils.java:43: error: generics are not supported in -source 1.3
    [javac]     private static final List<Locale> cAvailableLocaleList;
    [javac]                              ^
    [javac]   (use -source 5 or higher to enable generics)
    [javac] /home/ubuntu/bugs/projects/Lang/src/java/org/apache/commons/lang/NotImplementedException.java:106: error: generics are not supported in -source 1.3
    [javac]     public NotImplementedException(Class<?> clazz) {
    [javac]                                         ^
    [javac]   (use -source 5 or higher to enable generics)
    [javac] /home/ubuntu/bugs/projects/Lang/src/java/org/apache/commons/lang/ObjectUtils.java:251: error: generics are not supported in -source 1.3
    [javac]     public static <T extends Comparable<? super T>> T min(T c1, T c2) {
    [javac]                   ^
    [javac]   (use -source 5 or higher to enable generics)
    [javac] /home/ubuntu/bugs/projects/Lang/src/java/org/apache/commons/lang/StringUtils.java:1992: error: generics are not supported in -source 1.3
    [javac]         List<String> list = new ArrayList<String>();
    [javac]             ^
    [javac]   (use -source 5 or higher to enable generics)
    [javac] /home/ubuntu/bugs/projects/Lang/src/java/org/apache/commons/lang/Validate.java:279: error: generics are not supported in -source 1.3
    [javac]     public static void notEmpty(Collection<?> collection, String message) {
    [javac]                                           ^
    [javac]   (use -source 5 or higher to enable generics)
    [javac] /home/ubuntu/bugs/projects/Lang/src/java/org/apache/commons/lang/builder/CompareToBuilder.java:204: error: generics are not supported in -source 1.3
    [javac]     public static int reflectionCompare(Object lhs, Object rhs, Collection<String> excludeFields) {
    [javac]                                                                           ^
    [javac]   (use -source 5 or higher to enable generics)
    [javac] /home/ubuntu/bugs/projects/Lang/src/java/org/apache/commons/lang/builder/EqualsBuilder.java:147: error: generics are not supported in -source 1.3
    [javac]     public static boolean reflectionEquals(Object lhs, Object rhs, Collection<String> excludeFields) {
    [javac]                                                                              ^
    [javac]   (use -source 5 or higher to enable generics)
    [javac] /home/ubuntu/bugs/projects/Lang/src/java/org/apache/commons/lang/builder/HashCodeBuilder.java:105: error: generics are not supported in -source 1.3
    [javac]     private static final ThreadLocal<Set<IDKey>> registry = new ThreadLocal<Set<IDKey>>() {
    [javac]                                     ^
    [javac]   (use -source 5 or higher to enable generics)
    [javac] /home/ubuntu/bugs/projects/Lang/src/java/org/apache/commons/lang/builder/HashCodeBuilder.java:106: error: annotations are not supported in -source 1.3
    [javac]         @Override
    [javac]          ^
    [javac]   (use -source 5 or higher to enable annotations)
    [javac] /home/ubuntu/bugs/projects/Lang/src/java/org/apache/commons/lang/builder/HashCodeBuilder.java:184: error: enhanced for loops are not supported in -source 1.3
    [javac]             for (Field field : fields) {
    [javac]                              ^
    [javac]   (use -source 5 or higher to enable for-each loops)
    [javac] /home/ubuntu/bugs/projects/Lang/src/java/org/apache/commons/lang/builder/IDKey.java:52: error: annotations are not supported in -source 1.3
    [javac]         @Override
    [javac]          ^
    [javac]   (use -source 5 or higher to enable annotations)
    [javac] /home/ubuntu/bugs/projects/Lang/src/java/org/apache/commons/lang/builder/ReflectionToStringBuilder.java:98: error: generics are not supported in -source 1.3
    [javac] public class ReflectionToStringBuilder<T> extends ToStringBuilder<T> {
    [javac]                                       ^
    [javac]   (use -source 5 or higher to enable generics)
    [javac] /home/ubuntu/bugs/projects/Lang/src/java/org/apache/commons/lang/builder/ReflectionToStringBuilder.java:346: error: enhanced for loops are not supported in -source 1.3
    [javac]         for (Object e : array) {
    [javac]                       ^
    [javac]   (use -source 5 or higher to enable for-each loops)
    [javac] /home/ubuntu/bugs/projects/Lang/src/java/org/apache/commons/lang/builder/ReflectionToStringBuilder.java:685: error: annotations are not supported in -source 1.3
    [javac]     @Override
    [javac]      ^
    [javac]   (use -source 5 or higher to enable annotations)
    [javac] /home/ubuntu/bugs/projects/Lang/src/java/org/apache/commons/lang/builder/StandardToStringStyle.java:57: error: annotations are not supported in -source 1.3
    [javac]     @Override
    [javac]      ^
    [javac]   (use -source 5 or higher to enable annotations)
    [javac] /home/ubuntu/bugs/projects/Lang/src/java/org/apache/commons/lang/builder/ToStringBuilder.java:92: error: generics are not supported in -source 1.3
    [javac] public class ToStringBuilder<T> {
    [javac]                             ^
    [javac]   (use -source 5 or higher to enable generics)
    [javac] /home/ubuntu/bugs/projects/Lang/src/java/org/apache/commons/lang/builder/ToStringBuilder.java:1047: error: annotations are not supported in -source 1.3
    [javac]     @Override
    [javac]      ^
    [javac]   (use -source 5 or higher to enable annotations)
    [javac] /home/ubuntu/bugs/projects/Lang/src/java/org/apache/commons/lang/builder/ToStringStyle.java:136: error: generics are not supported in -source 1.3
    [javac]     private static final ThreadLocal<Set<Object>> registry = new ThreadLocal<Set<Object>>() {
    [javac]                                     ^
    [javac]   (use -source 5 or higher to enable generics)
    [javac] /home/ubuntu/bugs/projects/Lang/src/java/org/apache/commons/lang/builder/ToStringStyle.java:137: error: annotations are not supported in -source 1.3
    [javac]         @Override
    [javac]          ^
    [javac]   (use -source 5 or higher to enable annotations)
    [javac] /home/ubuntu/bugs/projects/Lang/src/java/org/apache/commons/lang/exception/ExceptionUtils.java:52: error: annotations are not supported in -source 1.3
    [javac] @ThreadSafe
    [javac]  ^
    [javac]   (use -source 5 or higher to enable annotations)
    [javac] /home/ubuntu/bugs/projects/Lang/src/java/org/apache/commons/lang/exception/ExceptionUtils.java:132: error: generics are not supported in -source 1.3
    [javac]             List<String> list = getCauseMethodNameList();
    [javac]                 ^
    [javac]   (use -source 5 or higher to enable generics)
    [javac] /home/ubuntu/bugs/projects/Lang/src/java/org/apache/commons/lang/math/DoubleRange.java:180: error: annotations are not supported in -source 1.3
    [javac]     @Override
    [javac]      ^
    [javac]   (use -source 5 or higher to enable annotations)
    [javac] /home/ubuntu/bugs/projects/Lang/src/java/org/apache/commons/lang/math/FloatRange.java:180: error: annotations are not supported in -source 1.3
    [javac]     @Override
    [javac]      ^
    [javac]   (use -source 5 or higher to enable annotations)
    [javac] /home/ubuntu/bugs/projects/Lang/src/java/org/apache/commons/lang/math/Fraction.java:36: error: generics are not supported in -source 1.3
    [javac] public final class Fraction extends Number implements Comparable<Fraction> {
    [javac]                                                                 ^
    [javac]   (use -source 5 or higher to enable generics)
    [javac] /home/ubuntu/bugs/projects/Lang/src/java/org/apache/commons/lang/math/Fraction.java:419: error: annotations are not supported in -source 1.3
    [javac]     @Override
    [javac]      ^
    [javac]   (use -source 5 or higher to enable annotations)
    [javac] /home/ubuntu/bugs/projects/Lang/src/java/org/apache/commons/lang/math/IntRange.java:163: error: annotations are not supported in -source 1.3
    [javac]     @Override
    [javac]      ^
    [javac]   (use -source 5 or higher to enable annotations)
    [javac] /home/ubuntu/bugs/projects/Lang/src/java/org/apache/commons/lang/math/LongRange.java:164: error: annotations are not supported in -source 1.3
    [javac]     @Override
    [javac]      ^
    [javac]   (use -source 5 or higher to enable annotations)
    [javac] /home/ubuntu/bugs/projects/Lang/src/java/org/apache/commons/lang/math/NumberRange.java:122: error: generics are not supported in -source 1.3
    [javac]         int compare = ((Comparable<Number>) num1).compareTo(num2);
    [javac]                                   ^
    [javac]   (use -source 5 or higher to enable generics)
    [javac] /home/ubuntu/bugs/projects/Lang/src/java/org/apache/commons/lang/math/NumberRange.java:143: error: annotations are not supported in -source 1.3
    [javac]     @Override
    [javac]      ^
    [javac]   (use -source 5 or higher to enable annotations)
    [javac] /home/ubuntu/bugs/projects/Lang/src/java/org/apache/commons/lang/math/Range.java:381: error: annotations are not supported in -source 1.3
    [javac]     @Override
    [javac]      ^
    [javac]   (use -source 5 or higher to enable annotations)
    [javac] /home/ubuntu/bugs/projects/Lang/src/java/org/apache/commons/lang/mutable/MutableBoolean.java:30: error: generics are not supported in -source 1.3
    [javac] public class MutableBoolean implements Mutable, Serializable, Comparable<MutableBoolean> {
    [javac]                                                                         ^
    [javac]   (use -source 5 or higher to enable generics)
    [javac] /home/ubuntu/bugs/projects/Lang/src/java/org/apache/commons/lang/mutable/MutableBoolean.java:109: error: annotations are not supported in -source 1.3
    [javac]     @Override
    [javac]      ^
    [javac]   (use -source 5 or higher to enable annotations)
    [javac] /home/ubuntu/bugs/projects/Lang/src/java/org/apache/commons/lang/mutable/MutableByte.java:26: error: generics are not supported in -source 1.3
    [javac] public class MutableByte extends Number implements Comparable<MutableByte>, Mutable {
    [javac]                                                              ^
    [javac]   (use -source 5 or higher to enable generics)
    [javac] /home/ubuntu/bugs/projects/Lang/src/java/org/apache/commons/lang/mutable/MutableByte.java:110: error: annotations are not supported in -source 1.3
    [javac]     @Override
    [javac]      ^
    [javac]   (use -source 5 or higher to enable annotations)
    [javac] /home/ubuntu/bugs/projects/Lang/src/java/org/apache/commons/lang/mutable/MutableDouble.java:26: error: generics are not supported in -source 1.3
    [javac] public class MutableDouble extends Number implements Comparable<MutableDouble>, Mutable {
    [javac]                                                                ^
    [javac]   (use -source 5 or higher to enable generics)
    [javac] /home/ubuntu/bugs/projects/Lang/src/java/org/apache/commons/lang/mutable/MutableDouble.java:110: error: annotations are not supported in -source 1.3
    [javac]     @Override
    [javac]      ^
    [javac]   (use -source 5 or higher to enable annotations)
    [javac] /home/ubuntu/bugs/projects/Lang/src/java/org/apache/commons/lang/mutable/MutableFloat.java:26: error: generics are not supported in -source 1.3
    [javac] public class MutableFloat extends Number implements Comparable<MutableFloat>, Mutable {
    [javac]                                                               ^
    [javac]   (use -source 5 or higher to enable generics)
    [javac] /home/ubuntu/bugs/projects/Lang/src/java/org/apache/commons/lang/mutable/MutableFloat.java:182: error: annotations are not supported in -source 1.3
    [javac]     @Override
    [javac]      ^
    [javac]   (use -source 5 or higher to enable annotations)
    [javac] /home/ubuntu/bugs/projects/Lang/src/java/org/apache/commons/lang/mutable/MutableInt.java:26: error: generics are not supported in -source 1.3
    [javac] public class MutableInt extends Number implements Comparable<MutableInt>, Mutable {
    [javac]                                                             ^
    [javac]   (use -source 5 or higher to enable generics)
    [javac] /home/ubuntu/bugs/projects/Lang/src/java/org/apache/commons/lang/mutable/MutableInt.java:182: error: annotations are not supported in -source 1.3
    [javac]     @Override
    [javac]      ^
    [javac]   (use -source 5 or higher to enable annotations)
    [javac] /home/ubuntu/bugs/projects/Lang/src/java/org/apache/commons/lang/mutable/MutableLong.java:26: error: generics are not supported in -source 1.3
    [javac] public class MutableLong extends Number implements Comparable<MutableLong>, Mutable {
    [javac]                                                              ^
    [javac]   (use -source 5 or higher to enable generics)
    [javac] /home/ubuntu/bugs/projects/Lang/src/java/org/apache/commons/lang/mutable/MutableLong.java:182: error: annotations are not supported in -source 1.3
    [javac]     @Override
    [javac]      ^
    [javac]   (use -source 5 or higher to enable annotations)
    [javac] /home/ubuntu/bugs/projects/Lang/src/java/org/apache/commons/lang/mutable/MutableObject.java:88: error: annotations are not supported in -source 1.3
    [javac]     @Override
    [javac]      ^
    [javac]   (use -source 5 or higher to enable annotations)
    [javac] /home/ubuntu/bugs/projects/Lang/src/java/org/apache/commons/lang/mutable/MutableShort.java:26: error: generics are not supported in -source 1.3
    [javac] public class MutableShort extends Number implements Comparable<MutableShort>, Mutable {
    [javac]                                                               ^
    [javac]   (use -source 5 or higher to enable generics)
    [javac] /home/ubuntu/bugs/projects/Lang/src/java/org/apache/commons/lang/mutable/MutableShort.java:182: error: annotations are not supported in -source 1.3
    [javac]     @Override
    [javac]      ^
    [javac]   (use -source 5 or higher to enable annotations)
    [javac] /home/ubuntu/bugs/projects/Lang/src/java/org/apache/commons/lang/reflect/ConstructorUtils.java:84: error: generics are not supported in -source 1.3
    [javac]     public static Object invokeConstructor(Class<?> cls, Object arg)
    [javac]                                                 ^
    [javac]   (use -source 5 or higher to enable generics)
    [javac] /home/ubuntu/bugs/projects/Lang/src/java/org/apache/commons/lang/reflect/FieldUtils.java:59: error: generics are not supported in -source 1.3
    [javac]     public static Field getField(Class<?> cls, String fieldName) {
    [javac]                                       ^
    [javac]   (use -source 5 or higher to enable generics)
    [javac] /home/ubuntu/bugs/projects/Lang/src/java/org/apache/commons/lang/reflect/MemberUtils.java:57: error: generics are not supported in -source 1.3
    [javac]     private static final Class<?>[] ORDERED_PRIMITIVE_TYPES = { Byte.TYPE,
    [javac]                               ^
    [javac]   (use -source 5 or higher to enable generics)
    [javac] /home/ubuntu/bugs/projects/Lang/src/java/org/apache/commons/lang/text/CompositeFormat.java:67: error: annotations are not supported in -source 1.3
    [javac]     @Override
    [javac]      ^
    [javac]   (use -source 5 or higher to enable annotations)
    [javac] /home/ubuntu/bugs/projects/Lang/src/java/org/apache/commons/lang/text/ExtendedMessageFormat.java:81: error: generics are not supported in -source 1.3
    [javac]     private final Map<String, FormatFactory> registry;
    [javac]                      ^
    [javac]   (use -source 5 or higher to enable generics)
    [javac] /home/ubuntu/bugs/projects/Lang/src/java/org/apache/commons/lang/text/ExtendedMessageFormat.java:133: error: annotations are not supported in -source 1.3
    [javac]     @Override
    [javac]      ^
    [javac]   (use -source 5 or higher to enable annotations)
    [javac] /home/ubuntu/bugs/projects/Lang/src/java/org/apache/commons/lang/text/StrBuilder.java:949: error: generics are not supported in -source 1.3
    [javac]     public StrBuilder appendAll(Collection<?> coll) {
    [javac]                                           ^
    [javac]   (use -source 5 or higher to enable generics)
    [javac] /home/ubuntu/bugs/projects/Lang/src/java/org/apache/commons/lang/text/StrBuilder.java:1295: error: annotations are not supported in -source 1.3
    [javac]     @SuppressWarnings("null") // str cannot be null
    [javac]      ^
    [javac]   (use -source 5 or higher to enable annotations)
    [javac] /home/ubuntu/bugs/projects/Lang/src/java/org/apache/commons/lang/text/StrLookup.java:38: error: generics are not supported in -source 1.3
    [javac] public abstract class StrLookup<V> {
    [javac]                                ^
    [javac]   (use -source 5 or higher to enable generics)
    [javac] /home/ubuntu/bugs/projects/Lang/src/java/org/apache/commons/lang/text/StrLookup.java:150: error: annotations are not supported in -source 1.3
    [javac]         @Override
    [javac]          ^
    [javac]   (use -source 5 or higher to enable annotations)
    [javac] /home/ubuntu/bugs/projects/Lang/src/java/org/apache/commons/lang/text/StrMatcher.java:298: error: annotations are not supported in -source 1.3
    [javac]         @Override
    [javac]          ^
    [javac]   (use -source 5 or higher to enable annotations)
    [javac] /home/ubuntu/bugs/projects/Lang/src/java/org/apache/commons/lang/text/StrSubstitutor.java:133: error: generics are not supported in -source 1.3
    [javac]     public static <V> String replace(Object source, Map<String, V> valueMap) {
    [javac]                   ^
    [javac]   (use -source 5 or higher to enable generics)
    [javac] /home/ubuntu/bugs/projects/Lang/src/java/org/apache/commons/lang/text/StrTokenizer.java:90: error: generics are not supported in -source 1.3
    [javac] public class StrTokenizer implements ListIterator<String>, Cloneable {
    [javac]                                                  ^
    [javac]   (use -source 5 or higher to enable generics)
    [javac] /home/ubuntu/bugs/projects/Lang/src/java/org/apache/commons/lang/text/StrTokenizer.java:445: error: enhanced for loops are not supported in -source 1.3
    [javac]         for (String element : tokens) {
    [javac]                             ^
    [javac]   (use -source 5 or higher to enable for-each loops)
    [javac] /home/ubuntu/bugs/projects/Lang/src/java/org/apache/commons/lang/text/StrTokenizer.java:1067: error: annotations are not supported in -source 1.3
    [javac]     @Override
    [javac]      ^
    [javac]   (use -source 5 or higher to enable annotations)
    [javac] /home/ubuntu/bugs/projects/Lang/src/java/org/apache/commons/lang/text/translate/AggregateTranslator.java:34: error: variable-arity methods are not supported in -source 1.3
    [javac]     public AggregateTranslator(CharSequenceTranslator... translators) {
    [javac]                                                      ^
    [javac]   (use -source 5 or higher to enable variable-arity methods)
    [javac] /home/ubuntu/bugs/projects/Lang/src/java/org/apache/commons/lang/text/translate/AggregateTranslator.java:44: error: enhanced for loops are not supported in -source 1.3
    [javac]         for (CharSequenceTranslator translator : translators) {
    [javac]                                                ^
    [javac]   (use -source 5 or higher to enable for-each loops)
    [javac] /home/ubuntu/bugs/projects/Lang/src/java/org/apache/commons/lang/text/translate/EntityArrays.java:37: warning: unmappable character for encoding ASCII
    [javac]         {"\u00A9", "&copy;"}, // ? - copyright sign
    [javac]                                  ^
    [javac] /home/ubuntu/bugs/projects/Lang/src/java/org/apache/commons/lang/text/translate/EntityArrays.java:42: warning: unmappable character for encoding ASCII
    [javac]         {"\u00AE", "&reg;"}, // ? - registered trademark sign
    [javac]                                 ^
    [javac] /home/ubuntu/bugs/projects/Lang/src/java/org/apache/commons/lang/text/translate/EntityArrays.java:60: warning: unmappable character for encoding ASCII
    [javac]         {"\u00C0", "&Agrave;"}, // ? - uppercase A, grave accent
    [javac]                                    ^
    [javac] /home/ubuntu/bugs/projects/Lang/src/java/org/apache/commons/lang/text/translate/EntityArrays.java:61: warning: unmappable character for encoding ASCII
    [javac]         {"\u00C1", "&Aacute;"}, // ? - uppercase A, acute accent
    [javac]                                    ^
    [javac] /home/ubuntu/bugs/projects/Lang/src/java/org/apache/commons/lang/text/translate/EntityArrays.java:62: warning: unmappable character for encoding ASCII
    [javac]         {"\u00C2", "&Acirc;"}, // ? - uppercase A, circumflex accent
    [javac]                                   ^
    [javac] /home/ubuntu/bugs/projects/Lang/src/java/org/apache/commons/lang/text/translate/EntityArrays.java:63: warning: unmappable character for encoding ASCII
    [javac]         {"\u00C3", "&Atilde;"}, // ? - uppercase A, tilde
    [javac]                                    ^
    [javac] /home/ubuntu/bugs/projects/Lang/src/java/org/apache/commons/lang/text/translate/EntityArrays.java:64: warning: unmappable character for encoding ASCII
    [javac]         {"\u00C4", "&Auml;"}, // ? - uppercase A, umlaut
    [javac]                                  ^
    [javac] /home/ubuntu/bugs/projects/Lang/src/java/org/apache/commons/lang/text/translate/EntityArrays.java:65: warning: unmappable character for encoding ASCII
    [javac]         {"\u00C5", "&Aring;"}, // ? - uppercase A, ring
    [javac]                                   ^
    [javac] /home/ubuntu/bugs/projects/Lang/src/java/org/apache/commons/lang/text/translate/EntityArrays.java:66: warning: unmappable character for encoding ASCII
    [javac]         {"\u00C6", "&AElig;"}, // ? - uppercase AE
    [javac]                                   ^
    [javac] /home/ubuntu/bugs/projects/Lang/src/java/org/apache/commons/lang/text/translate/EntityArrays.java:67: warning: unmappable character for encoding ASCII
    [javac]         {"\u00C7", "&Ccedil;"}, // ? - uppercase C, cedilla
    [javac]                                    ^
    [javac] /home/ubuntu/bugs/projects/Lang/src/java/org/apache/commons/lang/text/translate/EntityArrays.java:68: warning: unmappable character for encoding ASCII
    [javac]         {"\u00C8", "&Egrave;"}, // ? - uppercase E, grave accent
    [javac]                                    ^
    [javac] /home/ubuntu/bugs/projects/Lang/src/java/org/apache/commons/lang/text/translate/EntityArrays.java:69: warning: unmappable character for encoding ASCII
    [javac]         {"\u00C9", "&Eacute;"}, // ? - uppercase E, acute accent
    [javac]                                    ^
    [javac] /home/ubuntu/bugs/projects/Lang/src/java/org/apache/commons/lang/text/translate/EntityArrays.java:70: warning: unmappable character for encoding ASCII
    [javac]         {"\u00CB", "&Ecirc;"}, // ? - uppercase E, circumflex accent
    [javac]                                   ^
    [javac] /home/ubuntu/bugs/projects/Lang/src/java/org/apache/commons/lang/text/translate/EntityArrays.java:71: warning: unmappable character for encoding ASCII
    [javac]         {"\u00CC", "&Euml;"}, // ? - uppercase E, umlaut
    [javac]                                  ^
    [javac] /home/ubuntu/bugs/projects/Lang/src/java/org/apache/commons/lang/text/translate/EntityArrays.java:72: warning: unmappable character for encoding ASCII
    [javac]         {"\u00CD", "&Igrave;"}, // ? - uppercase I, grave accent
    [javac]                                    ^
    [javac] /home/ubuntu/bugs/projects/Lang/src/java/org/apache/commons/lang/text/translate/EntityArrays.java:73: warning: unmappable character for encoding ASCII
    [javac]         {"\u00CE", "&Iacute;"}, // ? - uppercase I, acute accent
    [javac]                                    ^
    [javac] /home/ubuntu/bugs/projects/Lang/src/java/org/apache/commons/lang/text/translate/EntityArrays.java:74: warning: unmappable character for encoding ASCII
    [javac]         {"\u00CF", "&Icirc;"}, // ? - uppercase I, circumflex accent
    [javac]                                   ^
    [javac] /home/ubuntu/bugs/projects/Lang/src/java/org/apache/commons/lang/text/translate/EntityArrays.java:75: warning: unmappable character for encoding ASCII
    [javac]         {"\u00D0", "&Iuml;"}, // ? - uppercase I, umlaut
    [javac]                                  ^
    [javac] /home/ubuntu/bugs/projects/Lang/src/java/org/apache/commons/lang/text/translate/EntityArrays.java:76: warning: unmappable character for encoding ASCII
    [javac]         {"\u00D1", "&ETH;"}, // ? - uppercase Eth, Icelandic
    [javac]                                 ^
    [javac] /home/ubuntu/bugs/projects/Lang/src/java/org/apache/commons/lang/text/translate/EntityArrays.java:77: warning: unmappable character for encoding ASCII
    [javac]         {"\u00D2", "&Ntilde;"}, // ? - uppercase N, tilde
    [javac]                                    ^
    [javac] /home/ubuntu/bugs/projects/Lang/src/java/org/apache/commons/lang/text/translate/EntityArrays.java:78: warning: unmappable character for encoding ASCII
    [javac]         {"\u00D3", "&Ograve;"}, // ? - uppercase O, grave accent
    [javac]                                    ^
    [javac] /home/ubuntu/bugs/projects/Lang/src/java/org/apache/commons/lang/text/translate/EntityArrays.java:79: warning: unmappable character for encoding ASCII
    [javac]         {"\u00D4", "&Oacute;"}, // ? - uppercase O, acute accent
    [javac]                                    ^
    [javac] /home/ubuntu/bugs/projects/Lang/src/java/org/apache/commons/lang/text/translate/EntityArrays.java:80: warning: unmappable character for encoding ASCII
    [javac]         {"\u00D5", "&Ocirc;"}, // ? - uppercase O, circumflex accent
    [javac]                                   ^
    [javac] /home/ubuntu/bugs/projects/Lang/src/java/org/apache/commons/lang/text/translate/EntityArrays.java:81: warning: unmappable character for encoding ASCII
    [javac]         {"\u00D6", "&Otilde;"}, // ? - uppercase O, tilde
    [javac]                                    ^
    [javac] /home/ubuntu/bugs/projects/Lang/src/java/org/apache/commons/lang/text/translate/EntityArrays.java:82: warning: unmappable character for encoding ASCII
    [javac]         {"\u00D7", "&Ouml;"}, // ? - uppercase O, umlaut
    [javac]                                  ^
    [javac] /home/ubuntu/bugs/projects/Lang/src/java/org/apache/commons/lang/text/translate/EntityArrays.java:84: warning: unmappable character for encoding ASCII
    [javac]         {"\u00D9", "&Oslash;"}, // ? - uppercase O, slash
    [javac]                                    ^
    [javac] /home/ubuntu/bugs/projects/Lang/src/java/org/apache/commons/lang/text/translate/EntityArrays.java:85: warning: unmappable character for encoding ASCII
    [javac]         {"\u00DA", "&Ugrave;"}, // ? - uppercase U, grave accent
    [javac]                                    ^
    [javac] /home/ubuntu/bugs/projects/Lang/src/java/org/apache/commons/lang/text/translate/EntityArrays.java:86: warning: unmappable character for encoding ASCII
    [javac]         {"\u00DB", "&Uacute;"}, // ? - uppercase U, acute accent
    [javac]                                    ^
    [javac] /home/ubuntu/bugs/projects/Lang/src/java/org/apache/commons/lang/text/translate/EntityArrays.java:87: warning: unmappable character for encoding ASCII
    [javac]         {"\u00DC", "&Ucirc;"}, // ? - uppercase U, circumflex accent
    [javac]                                   ^
    [javac] /home/ubuntu/bugs/projects/Lang/src/java/org/apache/commons/lang/text/translate/EntityArrays.java:88: warning: unmappable character for encoding ASCII
    [javac]         {"\u00DD", "&Uuml;"}, // ? - uppercase U, umlaut
    [javac]                                  ^
    [javac] /home/ubuntu/bugs/projects/Lang/src/java/org/apache/commons/lang/text/translate/EntityArrays.java:89: warning: unmappable character for encoding ASCII
    [javac]         {"\u00DE", "&Yacute;"}, // ? - uppercase Y, acute accent
    [javac]                                    ^
    [javac] /home/ubuntu/bugs/projects/Lang/src/java/org/apache/commons/lang/text/translate/EntityArrays.java:90: warning: unmappable character for encoding ASCII
    [javac]         {"\u00DF", "&THORN;"}, // ? - uppercase THORN, Icelandic
    [javac]                                   ^
    [javac] /home/ubuntu/bugs/projects/Lang/src/java/org/apache/commons/lang/text/translate/EntityArrays.java:91: warning: unmappable character for encoding ASCII
    [javac]         {"\u00E0", "&szlig;"}, // ? - lowercase sharps, German
    [javac]                                   ^
    [javac] /home/ubuntu/bugs/projects/Lang/src/java/org/apache/commons/lang/text/translate/EntityArrays.java:92: warning: unmappable character for encoding ASCII
    [javac]         {"\u00E1", "&agrave;"}, // ? - lowercase a, grave accent
    [javac]                                    ^
    [javac] /home/ubuntu/bugs/projects/Lang/src/java/org/apache/commons/lang/text/translate/EntityArrays.java:93: warning: unmappable character for encoding ASCII
    [javac]         {"\u00E2", "&aacute;"}, // ? - lowercase a, acute accent
    [javac]                                    ^
    [javac] /home/ubuntu/bugs/projects/Lang/src/java/org/apache/commons/lang/text/translate/EntityArrays.java:94: warning: unmappable character for encoding ASCII
    [javac]         {"\u00E3", "&acirc;"}, // ? - lowercase a, circumflex accent
    [javac]                                   ^
    [javac] /home/ubuntu/bugs/projects/Lang/src/java/org/apache/commons/lang/text/translate/EntityArrays.java:95: warning: unmappable character for encoding ASCII
    [javac]         {"\u00E4", "&atilde;"}, // ? - lowercase a, tilde
    [javac]                                    ^
    [javac] /home/ubuntu/bugs/projects/Lang/src/java/org/apache/commons/lang/text/translate/EntityArrays.java:96: warning: unmappable character for encoding ASCII
    [javac]         {"\u00E5", "&auml;"}, // ? - lowercase a, umlaut
    [javac]                                  ^
    [javac] /home/ubuntu/bugs/projects/Lang/src/java/org/apache/commons/lang/text/translate/EntityArrays.java:97: warning: unmappable character for encoding ASCII
    [javac]         {"\u00E5", "&aring;"}, // ? - lowercase a, ring
    [javac]                                   ^
    [javac] /home/ubuntu/bugs/projects/Lang/src/java/org/apache/commons/lang/text/translate/EntityArrays.java:98: warning: unmappable character for encoding ASCII
    [javac]         {"\u00E6", "&aelig;"}, // ? - lowercase ae
    [javac]                                   ^
    [javac] /home/ubuntu/bugs/projects/Lang/src/java/org/apache/commons/lang/text/translate/EntityArrays.java:99: warning: unmappable character for encoding ASCII
    [javac]         {"\u00E7", "&ccedil;"}, // ? - lowercase c, cedilla
    [javac]                                    ^
    [javac] /home/ubuntu/bugs/projects/Lang/src/java/org/apache/commons/lang/text/translate/EntityArrays.java:100: warning: unmappable character for encoding ASCII
    [javac]         {"\u00E8", "&egrave;"}, // ? - lowercase e, grave accent
    [javac]                                    ^
    [javac] /home/ubuntu/bugs/projects/Lang/src/java/org/apache/commons/lang/text/translate/EntityArrays.java:101: warning: unmappable character for encoding ASCII
    [javac]         {"\u00E9", "&eacute;"}, // ? - lowercase e, acute accent
    [javac]                                    ^
    [javac] /home/ubuntu/bugs/projects/Lang/src/java/org/apache/commons/lang/text/translate/EntityArrays.java:102: warning: unmappable character for encoding ASCII
    [javac]         {"\u00EA", "&ecirc;"}, // ? - lowercase e, circumflex accent
    [javac]                                   ^
    [javac] /home/ubuntu/bugs/projects/Lang/src/java/org/apache/commons/lang/text/translate/EntityArrays.java:103: warning: unmappable character for encoding ASCII
    [javac]         {"\u00EB", "&euml;"}, // ? - lowercase e, umlaut
    [javac]                                  ^
    [javac] /home/ubuntu/bugs/projects/Lang/src/java/org/apache/commons/lang/text/translate/EntityArrays.java:104: warning: unmappable character for encoding ASCII
    [javac]         {"\u00EC", "&igrave;"}, // ? - lowercase i, grave accent
    [javac]                                    ^
    [javac] /home/ubuntu/bugs/projects/Lang/src/java/org/apache/commons/lang/text/translate/EntityArrays.java:105: warning: unmappable character for encoding ASCII
    [javac]         {"\u00ED", "&iacute;"}, // ? - lowercase i, acute accent
    [javac]                                    ^
    [javac] /home/ubuntu/bugs/projects/Lang/src/java/org/apache/commons/lang/text/translate/EntityArrays.java:106: warning: unmappable character for encoding ASCII
    [javac]         {"\u00EE", "&icirc;"}, // ? - lowercase i, circumflex accent
    [javac]                                   ^
    [javac] /home/ubuntu/bugs/projects/Lang/src/java/org/apache/commons/lang/text/translate/EntityArrays.java:107: warning: unmappable character for encoding ASCII
    [javac]         {"\u00EF", "&iuml;"}, // ? - lowercase i, umlaut
    [javac]                                  ^
    [javac] /home/ubuntu/bugs/projects/Lang/src/java/org/apache/commons/lang/text/translate/EntityArrays.java:108: warning: unmappable character for encoding ASCII
    [javac]         {"\u00F0", "&eth;"}, // ? - lowercase eth, Icelandic
    [javac]                                 ^
    [javac] /home/ubuntu/bugs/projects/Lang/src/java/org/apache/commons/lang/text/translate/EntityArrays.java:109: warning: unmappable character for encoding ASCII
    [javac]         {"\u00F1", "&ntilde;"}, // ? - lowercase n, tilde
    [javac]                                    ^
    [javac] /home/ubuntu/bugs/projects/Lang/src/java/org/apache/commons/lang/text/translate/EntityArrays.java:110: warning: unmappable character for encoding ASCII
    [javac]         {"\u00F3", "&ograve;"}, // ? - lowercase o, grave accent
    [javac]                                    ^
    [javac] /home/ubuntu/bugs/projects/Lang/src/java/org/apache/commons/lang/text/translate/EntityArrays.java:111: warning: unmappable character for encoding ASCII
    [javac]         {"\u00F3", "&oacute;"}, // ? - lowercase o, acute accent
    [javac]                                    ^
    [javac] /home/ubuntu/bugs/projects/Lang/src/java/org/apache/commons/lang/text/translate/EntityArrays.java:112: warning: unmappable character for encoding ASCII
    [javac]         {"\u00F4", "&ocirc;"}, // ? - lowercase o, circumflex accent
    [javac]                                   ^
    [javac] /home/ubuntu/bugs/projects/Lang/src/java/org/apache/commons/lang/text/translate/EntityArrays.java:113: warning: unmappable character for encoding ASCII
    [javac]         {"\u00F5", "&otilde;"}, // ? - lowercase o, tilde
    [javac]                                    ^
    [javac] /home/ubuntu/bugs/projects/Lang/src/java/org/apache/commons/lang/text/translate/EntityArrays.java:114: warning: unmappable character for encoding ASCII
    [javac]         {"\u00F6", "&ouml;"}, // ? - lowercase o, umlaut
    [javac]                                  ^
    [javac] /home/ubuntu/bugs/projects/Lang/src/java/org/apache/commons/lang/text/translate/EntityArrays.java:116: warning: unmappable character for encoding ASCII
    [javac]         {"\u00F8", "&oslash;"}, // ? - lowercase o, slash
    [javac]                                    ^
    [javac] /home/ubuntu/bugs/projects/Lang/src/java/org/apache/commons/lang/text/translate/EntityArrays.java:117: warning: unmappable character for encoding ASCII
    [javac]         {"\u00F9", "&ugrave;"}, // ? - lowercase u, grave accent
    [javac]                                    ^
    [javac] /home/ubuntu/bugs/projects/Lang/src/java/org/apache/commons/lang/text/translate/EntityArrays.java:118: warning: unmappable character for encoding ASCII
    [javac]         {"\u00FA", "&uacute;"}, // ? - lowercase u, acute accent
    [javac]                                    ^
    [javac] /home/ubuntu/bugs/projects/Lang/src/java/org/apache/commons/lang/text/translate/EntityArrays.java:119: warning: unmappable character for encoding ASCII
    [javac]         {"\u00FB", "&ucirc;"}, // ? - lowercase u, circumflex accent
    [javac]                                   ^
    [javac] /home/ubuntu/bugs/projects/Lang/src/java/org/apache/commons/lang/text/translate/EntityArrays.java:120: warning: unmappable character for encoding ASCII
    [javac]         {"\u00FC", "&uuml;"}, // ? - lowercase u, umlaut
    [javac]                                  ^
    [javac] /home/ubuntu/bugs/projects/Lang/src/java/org/apache/commons/lang/text/translate/EntityArrays.java:121: warning: unmappable character for encoding ASCII
    [javac]         {"\u00FD", "&yacute;"}, // ? - lowercase y, acute accent
    [javac]                                    ^
    [javac] /home/ubuntu/bugs/projects/Lang/src/java/org/apache/commons/lang/text/translate/EntityArrays.java:122: warning: unmappable character for encoding ASCII
    [javac]         {"\u00FE", "&thorn;"}, // ? - lowercase thorn, Icelandic
    [javac]                                   ^
    [javac] /home/ubuntu/bugs/projects/Lang/src/java/org/apache/commons/lang/text/translate/EntityArrays.java:123: warning: unmappable character for encoding ASCII
    [javac]         {"\u00FF", "&yuml;"}, // ? - lowercase y, umlaut
    [javac]                                  ^
    [javac] /home/ubuntu/bugs/projects/Lang/src/java/org/apache/commons/lang/text/translate/LookupTranslator.java:44: error: enhanced for loops are not supported in -source 1.3
    [javac]         for(CharSequence[] seq : lookup) {
    [javac]                                ^
    [javac]   (use -source 5 or higher to enable for-each loops)
    [javac] /home/ubuntu/bugs/projects/Lang/src/java/org/apache/commons/lang/time/DateUtils.java:928: error: generics are not supported in -source 1.3
    [javac]     public static Iterator<Calendar> iterator(Date focus, int rangeStyle) {
    [javac]                           ^
    [javac]   (use -source 5 or higher to enable generics)
    [javac] /home/ubuntu/bugs/projects/Lang/src/java/org/apache/commons/lang/time/DurationFormatUtils.java:492: error: generics are not supported in -source 1.3
    [javac]         ArrayList<Token> list = new ArrayList<Token>(array.length);
    [javac]                  ^
    [javac]   (use -source 5 or higher to enable generics)
    [javac] /home/ubuntu/bugs/projects/Lang/src/java/org/apache/commons/lang/time/DurationFormatUtils.java:624: error: annotations are not supported in -source 1.3
    [javac]         @Override
    [javac]          ^
    [javac]   (use -source 5 or higher to enable annotations)
    [javac] /home/ubuntu/bugs/projects/Lang/src/java/org/apache/commons/lang/time/FastDateFormat.java:111: error: generics are not supported in -source 1.3
    [javac]     private static final Map<FastDateFormat, FastDateFormat> cInstanceCache = new HashMap<FastDateFormat, FastDateFormat>(7);
    [javac]                             ^
    [javac]   (use -source 5 or higher to enable generics)
    [javac] /home/ubuntu/bugs/projects/Lang/src/java/org/apache/commons/lang/time/FastDateFormat.java:788: error: annotations are not supported in -source 1.3
    [javac]     @Override
    [javac]      ^
    [javac]   (use -source 5 or higher to enable annotations)
    [javac] /home/ubuntu/bugs/projects/Lang/src/java/org/apache/commons/lang/time/StopWatch.java:360: error: annotations are not supported in -source 1.3
    [javac]     @Override
    [javac]      ^
    [javac]   (use -source 5 or higher to enable annotations)
    [javac] 79 errors
    [javac] 68 warnings

BUILD FAILED
/home/ubuntu/bugs/projects/Lang/build.xml:65: Compile failed; see the compiler error output for details.

Total time: 2 seconds
