Buildfile: /home/ubuntu/bugs/projects/Lang/build.xml

clean:

BUILD SUCCESSFUL
Total time: 0 seconds
Buildfile: /home/ubuntu/bugs/projects/Lang/build.xml

init:
     [echo] -------- commons-lang 2.0 --------

prepare:
    [mkdir] Created dir: /home/ubuntu/bugs/projects/Lang/target
    [mkdir] Created dir: /home/ubuntu/bugs/projects/Lang/target/classes
    [mkdir] Created dir: /home/ubuntu/bugs/projects/Lang/target/conf
    [mkdir] Created dir: /home/ubuntu/bugs/projects/Lang/target/tests

static:
     [copy] Copying 1 file to /home/ubuntu/bugs/projects/Lang/target/conf

compile:
    [javac] /home/ubuntu/bugs/projects/Lang/build.xml:46: warning: 'includeantruntime' was not set, defaulting to build.sysclasspath=last; set to false for repeatable builds
    [javac] Compiling 66 source files to /home/ubuntu/bugs/projects/Lang/target/classes
    [javac] 
    [javac]           WARNING
    [javac] 
    [javac] The -source switch defaults to 1.8 in JDK 1.8.
    [javac] If you specify -target 1.1 you now must also specify -source 1.3.
    [javac] Ant will implicitly add -source 1.3 for you.  Please change your build file.
    [javac] warning: [options] bootstrap class path not set in conjunction with -source 1.3
    [javac] warning: [options] source value 1.3 is obsolete and will be removed in a future release
    [javac] warning: [options] target value 1.1 is obsolete and will be removed in a future release
    [javac] warning: [options] To suppress warnings about obsolete options, use -Xlint:-options.
    [javac] /home/ubuntu/bugs/projects/Lang/src/java/org/apache/commons/lang/Entities.java:98: warning: unmappable character for encoding ASCII
    [javac]         {"copy", "169"}, // ? - copyright sign
    [javac]                             ^
    [javac] /home/ubuntu/bugs/projects/Lang/src/java/org/apache/commons/lang/Entities.java:103: warning: unmappable character for encoding ASCII
    [javac]         {"reg", "174"}, // ? - registered trademark sign
    [javac]                            ^
    [javac] /home/ubuntu/bugs/projects/Lang/src/java/org/apache/commons/lang/Entities.java:121: warning: unmappable character for encoding ASCII
    [javac]         {"Agrave", "192"}, // ? - uppercase A, grave accent
    [javac]                               ^
    [javac] /home/ubuntu/bugs/projects/Lang/src/java/org/apache/commons/lang/Entities.java:122: warning: unmappable character for encoding ASCII
    [javac]         {"Aacute", "193"}, // ? - uppercase A, acute accent
    [javac]                               ^
    [javac] /home/ubuntu/bugs/projects/Lang/src/java/org/apache/commons/lang/Entities.java:123: warning: unmappable character for encoding ASCII
    [javac]         {"Acirc", "194"}, // ? - uppercase A, circumflex accent
    [javac]                              ^
    [javac] /home/ubuntu/bugs/projects/Lang/src/java/org/apache/commons/lang/Entities.java:124: warning: unmappable character for encoding ASCII
    [javac]         {"Atilde", "195"}, // ? - uppercase A, tilde
    [javac]                               ^
    [javac] /home/ubuntu/bugs/projects/Lang/src/java/org/apache/commons/lang/Entities.java:125: warning: unmappable character for encoding ASCII
    [javac]         {"Auml", "196"}, // ? - uppercase A, umlaut
    [javac]                             ^
    [javac] /home/ubuntu/bugs/projects/Lang/src/java/org/apache/commons/lang/Entities.java:126: warning: unmappable character for encoding ASCII
    [javac]         {"Aring", "197"}, // ? - uppercase A, ring
    [javac]                              ^
    [javac] /home/ubuntu/bugs/projects/Lang/src/java/org/apache/commons/lang/Entities.java:127: warning: unmappable character for encoding ASCII
    [javac]         {"AElig", "198"}, // ? - uppercase AE
    [javac]                              ^
    [javac] /home/ubuntu/bugs/projects/Lang/src/java/org/apache/commons/lang/Entities.java:128: warning: unmappable character for encoding ASCII
    [javac]         {"Ccedil", "199"}, // ? - uppercase C, cedilla
    [javac]                               ^
    [javac] /home/ubuntu/bugs/projects/Lang/src/java/org/apache/commons/lang/Entities.java:129: warning: unmappable character for encoding ASCII
    [javac]         {"Egrave", "200"}, // ? - uppercase E, grave accent
    [javac]                               ^
    [javac] /home/ubuntu/bugs/projects/Lang/src/java/org/apache/commons/lang/Entities.java:130: warning: unmappable character for encoding ASCII
    [javac]         {"Eacute", "201"}, // ? - uppercase E, acute accent
    [javac]                               ^
    [javac] /home/ubuntu/bugs/projects/Lang/src/java/org/apache/commons/lang/Entities.java:131: warning: unmappable character for encoding ASCII
    [javac]         {"Ecirc", "202"}, // ? - uppercase E, circumflex accent
    [javac]                              ^
    [javac] /home/ubuntu/bugs/projects/Lang/src/java/org/apache/commons/lang/Entities.java:132: warning: unmappable character for encoding ASCII
    [javac]         {"Euml", "203"}, // ? - uppercase E, umlaut
    [javac]                             ^
    [javac] /home/ubuntu/bugs/projects/Lang/src/java/org/apache/commons/lang/Entities.java:133: warning: unmappable character for encoding ASCII
    [javac]         {"Igrave", "204"}, // ? - uppercase I, grave accent
    [javac]                               ^
    [javac] /home/ubuntu/bugs/projects/Lang/src/java/org/apache/commons/lang/Entities.java:134: warning: unmappable character for encoding ASCII
    [javac]         {"Iacute", "205"}, // ? - uppercase I, acute accent
    [javac]                               ^
    [javac] /home/ubuntu/bugs/projects/Lang/src/java/org/apache/commons/lang/Entities.java:135: warning: unmappable character for encoding ASCII
    [javac]         {"Icirc", "206"}, // ? - uppercase I, circumflex accent
    [javac]                              ^
    [javac] /home/ubuntu/bugs/projects/Lang/src/java/org/apache/commons/lang/Entities.java:136: warning: unmappable character for encoding ASCII
    [javac]         {"Iuml", "207"}, // ? - uppercase I, umlaut
    [javac]                             ^
    [javac] /home/ubuntu/bugs/projects/Lang/src/java/org/apache/commons/lang/Entities.java:137: warning: unmappable character for encoding ASCII
    [javac]         {"ETH", "208"}, // ? - uppercase Eth, Icelandic
    [javac]                            ^
    [javac] /home/ubuntu/bugs/projects/Lang/src/java/org/apache/commons/lang/Entities.java:138: warning: unmappable character for encoding ASCII
    [javac]         {"Ntilde", "209"}, // ? - uppercase N, tilde
    [javac]                               ^
    [javac] /home/ubuntu/bugs/projects/Lang/src/java/org/apache/commons/lang/Entities.java:139: warning: unmappable character for encoding ASCII
    [javac]         {"Ograve", "210"}, // ? - uppercase O, grave accent
    [javac]                               ^
    [javac] /home/ubuntu/bugs/projects/Lang/src/java/org/apache/commons/lang/Entities.java:140: warning: unmappable character for encoding ASCII
    [javac]         {"Oacute", "211"}, // ? - uppercase O, acute accent
    [javac]                               ^
    [javac] /home/ubuntu/bugs/projects/Lang/src/java/org/apache/commons/lang/Entities.java:141: warning: unmappable character for encoding ASCII
    [javac]         {"Ocirc", "212"}, // ? - uppercase O, circumflex accent
    [javac]                              ^
    [javac] /home/ubuntu/bugs/projects/Lang/src/java/org/apache/commons/lang/Entities.java:142: warning: unmappable character for encoding ASCII
    [javac]         {"Otilde", "213"}, // ? - uppercase O, tilde
    [javac]                               ^
    [javac] /home/ubuntu/bugs/projects/Lang/src/java/org/apache/commons/lang/Entities.java:143: warning: unmappable character for encoding ASCII
    [javac]         {"Ouml", "214"}, // ? - uppercase O, umlaut
    [javac]                             ^
    [javac] /home/ubuntu/bugs/projects/Lang/src/java/org/apache/commons/lang/Entities.java:145: warning: unmappable character for encoding ASCII
    [javac]         {"Oslash", "216"}, // ? - uppercase O, slash
    [javac]                               ^
    [javac] /home/ubuntu/bugs/projects/Lang/src/java/org/apache/commons/lang/Entities.java:146: warning: unmappable character for encoding ASCII
    [javac]         {"Ugrave", "217"}, // ? - uppercase U, grave accent
    [javac]                               ^
    [javac] /home/ubuntu/bugs/projects/Lang/src/java/org/apache/commons/lang/Entities.java:147: warning: unmappable character for encoding ASCII
    [javac]         {"Uacute", "218"}, // ? - uppercase U, acute accent
    [javac]                               ^
    [javac] /home/ubuntu/bugs/projects/Lang/src/java/org/apache/commons/lang/Entities.java:148: warning: unmappable character for encoding ASCII
    [javac]         {"Ucirc", "219"}, // ? - uppercase U, circumflex accent
    [javac]                              ^
    [javac] /home/ubuntu/bugs/projects/Lang/src/java/org/apache/commons/lang/Entities.java:149: warning: unmappable character for encoding ASCII
    [javac]         {"Uuml", "220"}, // ? - uppercase U, umlaut
    [javac]                             ^
    [javac] /home/ubuntu/bugs/projects/Lang/src/java/org/apache/commons/lang/Entities.java:150: warning: unmappable character for encoding ASCII
    [javac]         {"Yacute", "221"}, // ? - uppercase Y, acute accent
    [javac]                               ^
    [javac] /home/ubuntu/bugs/projects/Lang/src/java/org/apache/commons/lang/Entities.java:151: warning: unmappable character for encoding ASCII
    [javac]         {"THORN", "222"}, // ? - uppercase THORN, Icelandic
    [javac]                              ^
    [javac] /home/ubuntu/bugs/projects/Lang/src/java/org/apache/commons/lang/Entities.java:152: warning: unmappable character for encoding ASCII
    [javac]         {"szlig", "223"}, // ? - lowercase sharps, German
    [javac]                              ^
    [javac] /home/ubuntu/bugs/projects/Lang/src/java/org/apache/commons/lang/Entities.java:153: warning: unmappable character for encoding ASCII
    [javac]         {"agrave", "224"}, // ? - lowercase a, grave accent
    [javac]                               ^
    [javac] /home/ubuntu/bugs/projects/Lang/src/java/org/apache/commons/lang/Entities.java:154: warning: unmappable character for encoding ASCII
    [javac]         {"aacute", "225"}, // ? - lowercase a, acute accent
    [javac]                               ^
    [javac] /home/ubuntu/bugs/projects/Lang/src/java/org/apache/commons/lang/Entities.java:155: warning: unmappable character for encoding ASCII
    [javac]         {"acirc", "226"}, // ? - lowercase a, circumflex accent
    [javac]                              ^
    [javac] /home/ubuntu/bugs/projects/Lang/src/java/org/apache/commons/lang/Entities.java:156: warning: unmappable character for encoding ASCII
    [javac]         {"atilde", "227"}, // ? - lowercase a, tilde
    [javac]                               ^
    [javac] /home/ubuntu/bugs/projects/Lang/src/java/org/apache/commons/lang/Entities.java:157: warning: unmappable character for encoding ASCII
    [javac]         {"auml", "228"}, // ? - lowercase a, umlaut
    [javac]                             ^
    [javac] /home/ubuntu/bugs/projects/Lang/src/java/org/apache/commons/lang/Entities.java:158: warning: unmappable character for encoding ASCII
    [javac]         {"aring", "229"}, // ? - lowercase a, ring
    [javac]                              ^
    [javac] /home/ubuntu/bugs/projects/Lang/src/java/org/apache/commons/lang/Entities.java:159: warning: unmappable character for encoding ASCII
    [javac]         {"aelig", "230"}, // ? - lowercase ae
    [javac]                              ^
    [javac] /home/ubuntu/bugs/projects/Lang/src/java/org/apache/commons/lang/Entities.java:160: warning: unmappable character for encoding ASCII
    [javac]         {"ccedil", "231"}, // ? - lowercase c, cedilla
    [javac]                               ^
    [javac] /home/ubuntu/bugs/projects/Lang/src/java/org/apache/commons/lang/Entities.java:161: warning: unmappable character for encoding ASCII
    [javac]         {"egrave", "232"}, // ? - lowercase e, grave accent
    [javac]                               ^
    [javac] /home/ubuntu/bugs/projects/Lang/src/java/org/apache/commons/lang/Entities.java:162: warning: unmappable character for encoding ASCII
    [javac]         {"eacute", "233"}, // ? - lowercase e, acute accent
    [javac]                               ^
    [javac] /home/ubuntu/bugs/projects/Lang/src/java/org/apache/commons/lang/Entities.java:163: warning: unmappable character for encoding ASCII
    [javac]         {"ecirc", "234"}, // ? - lowercase e, circumflex accent
    [javac]                              ^
    [javac] /home/ubuntu/bugs/projects/Lang/src/java/org/apache/commons/lang/Entities.java:164: warning: unmappable character for encoding ASCII
    [javac]         {"euml", "235"}, // ? - lowercase e, umlaut
    [javac]                             ^
    [javac] /home/ubuntu/bugs/projects/Lang/src/java/org/apache/commons/lang/Entities.java:165: warning: unmappable character for encoding ASCII
    [javac]         {"igrave", "236"}, // ? - lowercase i, grave accent
    [javac]                               ^
    [javac] /home/ubuntu/bugs/projects/Lang/src/java/org/apache/commons/lang/Entities.java:166: warning: unmappable character for encoding ASCII
    [javac]         {"iacute", "237"}, // ? - lowercase i, acute accent
    [javac]                               ^
    [javac] /home/ubuntu/bugs/projects/Lang/src/java/org/apache/commons/lang/Entities.java:167: warning: unmappable character for encoding ASCII
    [javac]         {"icirc", "238"}, // ? - lowercase i, circumflex accent
    [javac]                              ^
    [javac] /home/ubuntu/bugs/projects/Lang/src/java/org/apache/commons/lang/Entities.java:168: warning: unmappable character for encoding ASCII
    [javac]         {"iuml", "239"}, // ? - lowercase i, umlaut
    [javac]                             ^
    [javac] /home/ubuntu/bugs/projects/Lang/src/java/org/apache/commons/lang/Entities.java:169: warning: unmappable character for encoding ASCII
    [javac]         {"eth", "240"}, // ? - lowercase eth, Icelandic
    [javac]                            ^
    [javac] /home/ubuntu/bugs/projects/Lang/src/java/org/apache/commons/lang/Entities.java:170: warning: unmappable character for encoding ASCII
    [javac]         {"ntilde", "241"}, // ? - lowercase n, tilde
    [javac]                               ^
    [javac] /home/ubuntu/bugs/projects/Lang/src/java/org/apache/commons/lang/Entities.java:171: warning: unmappable character for encoding ASCII
    [javac]         {"ograve", "242"}, // ? - lowercase o, grave accent
    [javac]                               ^
    [javac] /home/ubuntu/bugs/projects/Lang/src/java/org/apache/commons/lang/Entities.java:172: warning: unmappable character for encoding ASCII
    [javac]         {"oacute", "243"}, // ? - lowercase o, acute accent
    [javac]                               ^
    [javac] /home/ubuntu/bugs/projects/Lang/src/java/org/apache/commons/lang/Entities.java:173: warning: unmappable character for encoding ASCII
    [javac]         {"ocirc", "244"}, // ? - lowercase o, circumflex accent
    [javac]                              ^
    [javac] /home/ubuntu/bugs/projects/Lang/src/java/org/apache/commons/lang/Entities.java:174: warning: unmappable character for encoding ASCII
    [javac]         {"otilde", "245"}, // ? - lowercase o, tilde
    [javac]                               ^
    [javac] /home/ubuntu/bugs/projects/Lang/src/java/org/apache/commons/lang/Entities.java:175: warning: unmappable character for encoding ASCII
    [javac]         {"ouml", "246"}, // ? - lowercase o, umlaut
    [javac]                             ^
    [javac] /home/ubuntu/bugs/projects/Lang/src/java/org/apache/commons/lang/Entities.java:177: warning: unmappable character for encoding ASCII
    [javac]         {"oslash", "248"}, // ? - lowercase o, slash
    [javac]                               ^
    [javac] /home/ubuntu/bugs/projects/Lang/src/java/org/apache/commons/lang/Entities.java:178: warning: unmappable character for encoding ASCII
    [javac]         {"ugrave", "249"}, // ? - lowercase u, grave accent
    [javac]                               ^
    [javac] /home/ubuntu/bugs/projects/Lang/src/java/org/apache/commons/lang/Entities.java:179: warning: unmappable character for encoding ASCII
    [javac]         {"uacute", "250"}, // ? - lowercase u, acute accent
    [javac]                               ^
    [javac] /home/ubuntu/bugs/projects/Lang/src/java/org/apache/commons/lang/Entities.java:180: warning: unmappable character for encoding ASCII
    [javac]         {"ucirc", "251"}, // ? - lowercase u, circumflex accent
    [javac]                              ^
    [javac] /home/ubuntu/bugs/projects/Lang/src/java/org/apache/commons/lang/Entities.java:181: warning: unmappable character for encoding ASCII
    [javac]         {"uuml", "252"}, // ? - lowercase u, umlaut
    [javac]                             ^
    [javac] /home/ubuntu/bugs/projects/Lang/src/java/org/apache/commons/lang/Entities.java:182: warning: unmappable character for encoding ASCII
    [javac]         {"yacute", "253"}, // ? - lowercase y, acute accent
    [javac]                               ^
    [javac] /home/ubuntu/bugs/projects/Lang/src/java/org/apache/commons/lang/Entities.java:183: warning: unmappable character for encoding ASCII
    [javac]         {"thorn", "254"}, // ? - lowercase thorn, Icelandic
    [javac]                              ^
    [javac] /home/ubuntu/bugs/projects/Lang/src/java/org/apache/commons/lang/Entities.java:184: warning: unmappable character for encoding ASCII
    [javac]         {"yuml", "255"}, // ? - lowercase y, umlaut
    [javac]                             ^
    [javac] /home/ubuntu/bugs/projects/Lang/src/java/org/apache/commons/lang/enum/Enum.java:54: warning: as of release 5, 'enum' is a keyword, and may not be used as an identifier
    [javac] package org.apache.commons.lang.enum;
    [javac]                                 ^
    [javac]   (use -source 5 or higher to use 'enum' as a keyword)
    [javac] /home/ubuntu/bugs/projects/Lang/src/java/org/apache/commons/lang/enum/EnumUtils.java:54: warning: as of release 5, 'enum' is a keyword, and may not be used as an identifier
    [javac] package org.apache.commons.lang.enum;
    [javac]                                 ^
    [javac]   (use -source 5 or higher to use 'enum' as a keyword)
    [javac] /home/ubuntu/bugs/projects/Lang/src/java/org/apache/commons/lang/enum/ValuedEnum.java:54: warning: as of release 5, 'enum' is a keyword, and may not be used as an identifier
    [javac] package org.apache.commons.lang.enum;
    [javac]                                 ^
    [javac]   (use -source 5 or higher to use 'enum' as a keyword)
    [javac] /home/ubuntu/bugs/projects/Lang/src/java/org/apache/commons/lang/enum/ValuedEnum.java:177: warning: as of release 5, 'enum' is a keyword, and may not be used as an identifier
    [javac]             ValuedEnum enum = (ValuedEnum) it.next();
    [javac]                        ^
    [javac]   (use -source 5 or higher to use 'enum' as a keyword)
    [javac] /home/ubuntu/bugs/projects/Lang/src/java/org/apache/commons/lang/enum/ValuedEnum.java:178: warning: as of release 5, 'enum' is a keyword, and may not be used as an identifier
    [javac]             if (enum.getValue() == value) {
    [javac]                 ^
    [javac]   (use -source 5 or higher to use 'enum' as a keyword)
    [javac] /home/ubuntu/bugs/projects/Lang/src/java/org/apache/commons/lang/enum/ValuedEnum.java:179: warning: as of release 5, 'enum' is a keyword, and may not be used as an identifier
    [javac]                 return enum;
    [javac]                        ^
    [javac]   (use -source 5 or higher to use 'enum' as a keyword)
    [javac] /home/ubuntu/bugs/projects/Lang/src/java/org/apache/commons/lang/reflect/MethodUtils.java:74: warning: unmappable character for encoding ASCII
    [javac]  * @author Rey Fran???ois
    [javac]                    ^
    [javac] /home/ubuntu/bugs/projects/Lang/src/java/org/apache/commons/lang/reflect/MethodUtils.java:74: warning: unmappable character for encoding ASCII
    [javac]  * @author Rey Fran???ois
    [javac]                     ^
    [javac] /home/ubuntu/bugs/projects/Lang/src/java/org/apache/commons/lang/reflect/MethodUtils.java:74: warning: unmappable character for encoding ASCII
    [javac]  * @author Rey Fran???ois
    [javac]                      ^
    [javac] /home/ubuntu/bugs/projects/Lang/src/java/org/apache/commons/lang/reflect/MethodUtils.java:75: warning: unmappable character for encoding ASCII
    [javac]  * @author Gregor Ra???man
    [javac]                     ^
    [javac] /home/ubuntu/bugs/projects/Lang/src/java/org/apache/commons/lang/reflect/MethodUtils.java:75: warning: unmappable character for encoding ASCII
    [javac]  * @author Gregor Ra???man
    [javac]                      ^
    [javac] /home/ubuntu/bugs/projects/Lang/src/java/org/apache/commons/lang/reflect/MethodUtils.java:75: warning: unmappable character for encoding ASCII
    [javac]  * @author Gregor Ra???man
    [javac]                       ^
    [javac] /home/ubuntu/bugs/projects/Lang/src/java/org/apache/commons/lang/time/DurationFormatUtils.java:84: warning: unmappable character for encoding ASCII
    [javac]      * in ? 5.5.3.2 of ISO 8601, respectively. These components are ordered in their significance by their order 
    [javac]           ^
