Buildfile: /home/ubuntu/bugs/projects/Lang/build.xml

clean:

BUILD SUCCESSFUL
Total time: 0 seconds
Buildfile: /home/ubuntu/bugs/projects/Lang/build.xml

init:
     [echo] -------- commons-lang 3.0 --------
    [mkdir] Created dir: /home/ubuntu/bugs/projects/Lang/target

compile:
    [mkdir] Created dir: /home/ubuntu/bugs/projects/Lang/target/classes
    [javac] /home/ubuntu/bugs/projects/Lang/build.xml:63: warning: 'includeantruntime' was not set, defaulting to build.sysclasspath=last; set to false for repeatable builds
    [javac] Compiling 99 source files to /home/ubuntu/bugs/projects/Lang/target/classes
    [javac] warning: [options] bootstrap class path not set in conjunction with -source 1.5
    [javac] warning: [options] source value 1.5 is obsolete and will be removed in a future release
    [javac] warning: [options] target value 1.5 is obsolete and will be removed in a future release
    [javac] warning: [options] To suppress warnings about obsolete options, use -Xlint:-options.
    [javac] /home/ubuntu/bugs/projects/Lang/src/main/java/org/apache/commons/lang3/text/translate/EntityArrays.java:45: warning: unmappable character for encoding ASCII
    [javac]         {"\u00A9", "&copy;"}, // ? - copyright sign
    [javac]                                  ^
    [javac] /home/ubuntu/bugs/projects/Lang/src/main/java/org/apache/commons/lang3/text/translate/EntityArrays.java:50: warning: unmappable character for encoding ASCII
    [javac]         {"\u00AE", "&reg;"}, // ? - registered trademark sign
    [javac]                                 ^
    [javac] /home/ubuntu/bugs/projects/Lang/src/main/java/org/apache/commons/lang3/text/translate/EntityArrays.java:68: warning: unmappable character for encoding ASCII
    [javac]         {"\u00C0", "&Agrave;"}, // ? - uppercase A, grave accent
    [javac]                                    ^
    [javac] /home/ubuntu/bugs/projects/Lang/src/main/java/org/apache/commons/lang3/text/translate/EntityArrays.java:69: warning: unmappable character for encoding ASCII
    [javac]         {"\u00C1", "&Aacute;"}, // ? - uppercase A, acute accent
    [javac]                                    ^
    [javac] /home/ubuntu/bugs/projects/Lang/src/main/java/org/apache/commons/lang3/text/translate/EntityArrays.java:70: warning: unmappable character for encoding ASCII
    [javac]         {"\u00C2", "&Acirc;"}, // ? - uppercase A, circumflex accent
    [javac]                                   ^
    [javac] /home/ubuntu/bugs/projects/Lang/src/main/java/org/apache/commons/lang3/text/translate/EntityArrays.java:71: warning: unmappable character for encoding ASCII
    [javac]         {"\u00C3", "&Atilde;"}, // ? - uppercase A, tilde
    [javac]                                    ^
    [javac] /home/ubuntu/bugs/projects/Lang/src/main/java/org/apache/commons/lang3/text/translate/EntityArrays.java:72: warning: unmappable character for encoding ASCII
    [javac]         {"\u00C4", "&Auml;"}, // ? - uppercase A, umlaut
    [javac]                                  ^
    [javac] /home/ubuntu/bugs/projects/Lang/src/main/java/org/apache/commons/lang3/text/translate/EntityArrays.java:73: warning: unmappable character for encoding ASCII
    [javac]         {"\u00C5", "&Aring;"}, // ? - uppercase A, ring
    [javac]                                   ^
    [javac] /home/ubuntu/bugs/projects/Lang/src/main/java/org/apache/commons/lang3/text/translate/EntityArrays.java:74: warning: unmappable character for encoding ASCII
    [javac]         {"\u00C6", "&AElig;"}, // ? - uppercase AE
    [javac]                                   ^
    [javac] /home/ubuntu/bugs/projects/Lang/src/main/java/org/apache/commons/lang3/text/translate/EntityArrays.java:75: warning: unmappable character for encoding ASCII
    [javac]         {"\u00C7", "&Ccedil;"}, // ? - uppercase C, cedilla
    [javac]                                    ^
    [javac] /home/ubuntu/bugs/projects/Lang/src/main/java/org/apache/commons/lang3/text/translate/EntityArrays.java:76: warning: unmappable character for encoding ASCII
    [javac]         {"\u00C8", "&Egrave;"}, // ? - uppercase E, grave accent
    [javac]                                    ^
    [javac] /home/ubuntu/bugs/projects/Lang/src/main/java/org/apache/commons/lang3/text/translate/EntityArrays.java:77: warning: unmappable character for encoding ASCII
    [javac]         {"\u00C9", "&Eacute;"}, // ? - uppercase E, acute accent
    [javac]                                    ^
    [javac] /home/ubuntu/bugs/projects/Lang/src/main/java/org/apache/commons/lang3/text/translate/EntityArrays.java:78: warning: unmappable character for encoding ASCII
    [javac]         {"\u00CA", "&Ecirc;"}, // ? - uppercase E, circumflex accent
    [javac]                                   ^
    [javac] /home/ubuntu/bugs/projects/Lang/src/main/java/org/apache/commons/lang3/text/translate/EntityArrays.java:79: warning: unmappable character for encoding ASCII
    [javac]         {"\u00CB", "&Euml;"}, // ? - uppercase E, umlaut
    [javac]                                  ^
    [javac] /home/ubuntu/bugs/projects/Lang/src/main/java/org/apache/commons/lang3/text/translate/EntityArrays.java:80: warning: unmappable character for encoding ASCII
    [javac]         {"\u00CC", "&Igrave;"}, // ? - uppercase I, grave accent
    [javac]                                    ^
    [javac] /home/ubuntu/bugs/projects/Lang/src/main/java/org/apache/commons/lang3/text/translate/EntityArrays.java:81: warning: unmappable character for encoding ASCII
    [javac]         {"\u00CD", "&Iacute;"}, // ? - uppercase I, acute accent
    [javac]                                    ^
    [javac] /home/ubuntu/bugs/projects/Lang/src/main/java/org/apache/commons/lang3/text/translate/EntityArrays.java:82: warning: unmappable character for encoding ASCII
    [javac]         {"\u00CE", "&Icirc;"}, // ? - uppercase I, circumflex accent
    [javac]                                   ^
    [javac] /home/ubuntu/bugs/projects/Lang/src/main/java/org/apache/commons/lang3/text/translate/EntityArrays.java:83: warning: unmappable character for encoding ASCII
    [javac]         {"\u00CF", "&Iuml;"}, // ? - uppercase I, umlaut
    [javac]                                  ^
    [javac] /home/ubuntu/bugs/projects/Lang/src/main/java/org/apache/commons/lang3/text/translate/EntityArrays.java:84: warning: unmappable character for encoding ASCII
    [javac]         {"\u00D0", "&ETH;"}, // ? - uppercase Eth, Icelandic
    [javac]                                 ^
    [javac] /home/ubuntu/bugs/projects/Lang/src/main/java/org/apache/commons/lang3/text/translate/EntityArrays.java:85: warning: unmappable character for encoding ASCII
    [javac]         {"\u00D1", "&Ntilde;"}, // ? - uppercase N, tilde
    [javac]                                    ^
    [javac] /home/ubuntu/bugs/projects/Lang/src/main/java/org/apache/commons/lang3/text/translate/EntityArrays.java:86: warning: unmappable character for encoding ASCII
    [javac]         {"\u00D2", "&Ograve;"}, // ? - uppercase O, grave accent
    [javac]                                    ^
    [javac] /home/ubuntu/bugs/projects/Lang/src/main/java/org/apache/commons/lang3/text/translate/EntityArrays.java:87: warning: unmappable character for encoding ASCII
    [javac]         {"\u00D3", "&Oacute;"}, // ? - uppercase O, acute accent
    [javac]                                    ^
    [javac] /home/ubuntu/bugs/projects/Lang/src/main/java/org/apache/commons/lang3/text/translate/EntityArrays.java:88: warning: unmappable character for encoding ASCII
    [javac]         {"\u00D4", "&Ocirc;"}, // ? - uppercase O, circumflex accent
    [javac]                                   ^
    [javac] /home/ubuntu/bugs/projects/Lang/src/main/java/org/apache/commons/lang3/text/translate/EntityArrays.java:89: warning: unmappable character for encoding ASCII
    [javac]         {"\u00D5", "&Otilde;"}, // ? - uppercase O, tilde
    [javac]                                    ^
    [javac] /home/ubuntu/bugs/projects/Lang/src/main/java/org/apache/commons/lang3/text/translate/EntityArrays.java:90: warning: unmappable character for encoding ASCII
    [javac]         {"\u00D6", "&Ouml;"}, // ? - uppercase O, umlaut
    [javac]                                  ^
    [javac] /home/ubuntu/bugs/projects/Lang/src/main/java/org/apache/commons/lang3/text/translate/EntityArrays.java:92: warning: unmappable character for encoding ASCII
    [javac]         {"\u00D8", "&Oslash;"}, // ? - uppercase O, slash
    [javac]                                    ^
    [javac] /home/ubuntu/bugs/projects/Lang/src/main/java/org/apache/commons/lang3/text/translate/EntityArrays.java:93: warning: unmappable character for encoding ASCII
    [javac]         {"\u00D9", "&Ugrave;"}, // ? - uppercase U, grave accent
    [javac]                                    ^
    [javac] /home/ubuntu/bugs/projects/Lang/src/main/java/org/apache/commons/lang3/text/translate/EntityArrays.java:94: warning: unmappable character for encoding ASCII
    [javac]         {"\u00DA", "&Uacute;"}, // ? - uppercase U, acute accent
    [javac]                                    ^
    [javac] /home/ubuntu/bugs/projects/Lang/src/main/java/org/apache/commons/lang3/text/translate/EntityArrays.java:95: warning: unmappable character for encoding ASCII
    [javac]         {"\u00DB", "&Ucirc;"}, // ? - uppercase U, circumflex accent
    [javac]                                   ^
    [javac] /home/ubuntu/bugs/projects/Lang/src/main/java/org/apache/commons/lang3/text/translate/EntityArrays.java:96: warning: unmappable character for encoding ASCII
    [javac]         {"\u00DC", "&Uuml;"}, // ? - uppercase U, umlaut
    [javac]                                  ^
    [javac] /home/ubuntu/bugs/projects/Lang/src/main/java/org/apache/commons/lang3/text/translate/EntityArrays.java:97: warning: unmappable character for encoding ASCII
    [javac]         {"\u00DD", "&Yacute;"}, // ? - uppercase Y, acute accent
    [javac]                                    ^
    [javac] /home/ubuntu/bugs/projects/Lang/src/main/java/org/apache/commons/lang3/text/translate/EntityArrays.java:98: warning: unmappable character for encoding ASCII
    [javac]         {"\u00DE", "&THORN;"}, // ? - uppercase THORN, Icelandic
    [javac]                                   ^
    [javac] /home/ubuntu/bugs/projects/Lang/src/main/java/org/apache/commons/lang3/text/translate/EntityArrays.java:99: warning: unmappable character for encoding ASCII
    [javac]         {"\u00DF", "&szlig;"}, // ? - lowercase sharps, German
    [javac]                                   ^
    [javac] /home/ubuntu/bugs/projects/Lang/src/main/java/org/apache/commons/lang3/text/translate/EntityArrays.java:100: warning: unmappable character for encoding ASCII
    [javac]         {"\u00E0", "&agrave;"}, // ? - lowercase a, grave accent
    [javac]                                    ^
    [javac] /home/ubuntu/bugs/projects/Lang/src/main/java/org/apache/commons/lang3/text/translate/EntityArrays.java:101: warning: unmappable character for encoding ASCII
    [javac]         {"\u00E1", "&aacute;"}, // ? - lowercase a, acute accent
    [javac]                                    ^
    [javac] /home/ubuntu/bugs/projects/Lang/src/main/java/org/apache/commons/lang3/text/translate/EntityArrays.java:102: warning: unmappable character for encoding ASCII
    [javac]         {"\u00E2", "&acirc;"}, // ? - lowercase a, circumflex accent
    [javac]                                   ^
    [javac] /home/ubuntu/bugs/projects/Lang/src/main/java/org/apache/commons/lang3/text/translate/EntityArrays.java:103: warning: unmappable character for encoding ASCII
    [javac]         {"\u00E3", "&atilde;"}, // ? - lowercase a, tilde
    [javac]                                    ^
    [javac] /home/ubuntu/bugs/projects/Lang/src/main/java/org/apache/commons/lang3/text/translate/EntityArrays.java:104: warning: unmappable character for encoding ASCII
    [javac]         {"\u00E4", "&auml;"}, // ? - lowercase a, umlaut
    [javac]                                  ^
    [javac] /home/ubuntu/bugs/projects/Lang/src/main/java/org/apache/commons/lang3/text/translate/EntityArrays.java:105: warning: unmappable character for encoding ASCII
    [javac]         {"\u00E5", "&aring;"}, // ? - lowercase a, ring
    [javac]                                   ^
    [javac] /home/ubuntu/bugs/projects/Lang/src/main/java/org/apache/commons/lang3/text/translate/EntityArrays.java:106: warning: unmappable character for encoding ASCII
    [javac]         {"\u00E6", "&aelig;"}, // ? - lowercase ae
    [javac]                                   ^
    [javac] /home/ubuntu/bugs/projects/Lang/src/main/java/org/apache/commons/lang3/text/translate/EntityArrays.java:107: warning: unmappable character for encoding ASCII
    [javac]         {"\u00E7", "&ccedil;"}, // ? - lowercase c, cedilla
    [javac]                                    ^
    [javac] /home/ubuntu/bugs/projects/Lang/src/main/java/org/apache/commons/lang3/text/translate/EntityArrays.java:108: warning: unmappable character for encoding ASCII
    [javac]         {"\u00E8", "&egrave;"}, // ? - lowercase e, grave accent
    [javac]                                    ^
    [javac] /home/ubuntu/bugs/projects/Lang/src/main/java/org/apache/commons/lang3/text/translate/EntityArrays.java:109: warning: unmappable character for encoding ASCII
    [javac]         {"\u00E9", "&eacute;"}, // ? - lowercase e, acute accent
    [javac]                                    ^
    [javac] /home/ubuntu/bugs/projects/Lang/src/main/java/org/apache/commons/lang3/text/translate/EntityArrays.java:110: warning: unmappable character for encoding ASCII
    [javac]         {"\u00EA", "&ecirc;"}, // ? - lowercase e, circumflex accent
    [javac]                                   ^
    [javac] /home/ubuntu/bugs/projects/Lang/src/main/java/org/apache/commons/lang3/text/translate/EntityArrays.java:111: warning: unmappable character for encoding ASCII
    [javac]         {"\u00EB", "&euml;"}, // ? - lowercase e, umlaut
    [javac]                                  ^
    [javac] /home/ubuntu/bugs/projects/Lang/src/main/java/org/apache/commons/lang3/text/translate/EntityArrays.java:112: warning: unmappable character for encoding ASCII
    [javac]         {"\u00EC", "&igrave;"}, // ? - lowercase i, grave accent
    [javac]                                    ^
    [javac] /home/ubuntu/bugs/projects/Lang/src/main/java/org/apache/commons/lang3/text/translate/EntityArrays.java:113: warning: unmappable character for encoding ASCII
    [javac]         {"\u00ED", "&iacute;"}, // ? - lowercase i, acute accent
    [javac]                                    ^
    [javac] /home/ubuntu/bugs/projects/Lang/src/main/java/org/apache/commons/lang3/text/translate/EntityArrays.java:114: warning: unmappable character for encoding ASCII
    [javac]         {"\u00EE", "&icirc;"}, // ? - lowercase i, circumflex accent
    [javac]                                   ^
    [javac] /home/ubuntu/bugs/projects/Lang/src/main/java/org/apache/commons/lang3/text/translate/EntityArrays.java:115: warning: unmappable character for encoding ASCII
    [javac]         {"\u00EF", "&iuml;"}, // ? - lowercase i, umlaut
    [javac]                                  ^
    [javac] /home/ubuntu/bugs/projects/Lang/src/main/java/org/apache/commons/lang3/text/translate/EntityArrays.java:116: warning: unmappable character for encoding ASCII
    [javac]         {"\u00F0", "&eth;"}, // ? - lowercase eth, Icelandic
    [javac]                                 ^
    [javac] /home/ubuntu/bugs/projects/Lang/src/main/java/org/apache/commons/lang3/text/translate/EntityArrays.java:117: warning: unmappable character for encoding ASCII
    [javac]         {"\u00F1", "&ntilde;"}, // ? - lowercase n, tilde
    [javac]                                    ^
    [javac] /home/ubuntu/bugs/projects/Lang/src/main/java/org/apache/commons/lang3/text/translate/EntityArrays.java:118: warning: unmappable character for encoding ASCII
    [javac]         {"\u00F2", "&ograve;"}, // ? - lowercase o, grave accent
    [javac]                                    ^
    [javac] /home/ubuntu/bugs/projects/Lang/src/main/java/org/apache/commons/lang3/text/translate/EntityArrays.java:119: warning: unmappable character for encoding ASCII
    [javac]         {"\u00F3", "&oacute;"}, // ? - lowercase o, acute accent
    [javac]                                    ^
    [javac] /home/ubuntu/bugs/projects/Lang/src/main/java/org/apache/commons/lang3/text/translate/EntityArrays.java:120: warning: unmappable character for encoding ASCII
    [javac]         {"\u00F4", "&ocirc;"}, // ? - lowercase o, circumflex accent
    [javac]                                   ^
    [javac] /home/ubuntu/bugs/projects/Lang/src/main/java/org/apache/commons/lang3/text/translate/EntityArrays.java:121: warning: unmappable character for encoding ASCII
    [javac]         {"\u00F5", "&otilde;"}, // ? - lowercase o, tilde
    [javac]                                    ^
    [javac] /home/ubuntu/bugs/projects/Lang/src/main/java/org/apache/commons/lang3/text/translate/EntityArrays.java:122: warning: unmappable character for encoding ASCII
    [javac]         {"\u00F6", "&ouml;"}, // ? - lowercase o, umlaut
    [javac]                                  ^
    [javac] /home/ubuntu/bugs/projects/Lang/src/main/java/org/apache/commons/lang3/text/translate/EntityArrays.java:124: warning: unmappable character for encoding ASCII
    [javac]         {"\u00F8", "&oslash;"}, // ? - lowercase o, slash
    [javac]                                    ^
    [javac] /home/ubuntu/bugs/projects/Lang/src/main/java/org/apache/commons/lang3/text/translate/EntityArrays.java:125: warning: unmappable character for encoding ASCII
    [javac]         {"\u00F9", "&ugrave;"}, // ? - lowercase u, grave accent
    [javac]                                    ^
    [javac] /home/ubuntu/bugs/projects/Lang/src/main/java/org/apache/commons/lang3/text/translate/EntityArrays.java:126: warning: unmappable character for encoding ASCII
    [javac]         {"\u00FA", "&uacute;"}, // ? - lowercase u, acute accent
    [javac]                                    ^
    [javac] /home/ubuntu/bugs/projects/Lang/src/main/java/org/apache/commons/lang3/text/translate/EntityArrays.java:127: warning: unmappable character for encoding ASCII
    [javac]         {"\u00FB", "&ucirc;"}, // ? - lowercase u, circumflex accent
    [javac]                                   ^
    [javac] /home/ubuntu/bugs/projects/Lang/src/main/java/org/apache/commons/lang3/text/translate/EntityArrays.java:128: warning: unmappable character for encoding ASCII
    [javac]         {"\u00FC", "&uuml;"}, // ? - lowercase u, umlaut
    [javac]                                  ^
    [javac] /home/ubuntu/bugs/projects/Lang/src/main/java/org/apache/commons/lang3/text/translate/EntityArrays.java:129: warning: unmappable character for encoding ASCII
    [javac]         {"\u00FD", "&yacute;"}, // ? - lowercase y, acute accent
    [javac]                                    ^
    [javac] /home/ubuntu/bugs/projects/Lang/src/main/java/org/apache/commons/lang3/text/translate/EntityArrays.java:130: warning: unmappable character for encoding ASCII
    [javac]         {"\u00FE", "&thorn;"}, // ? - lowercase thorn, Icelandic
    [javac]                                   ^
    [javac] /home/ubuntu/bugs/projects/Lang/src/main/java/org/apache/commons/lang3/text/translate/EntityArrays.java:131: warning: unmappable character for encoding ASCII
    [javac]         {"\u00FF", "&yuml;"}, // ? - lowercase y, umlaut
    [javac]                                  ^
    [javac] /home/ubuntu/bugs/projects/Lang/src/main/java/org/apache/commons/lang3/time/FormatCache.java:129: error: incomparable types: int and <null>
    [javac]                 if (dateStyle == null) {
    [javac]                               ^
    [javac] /home/ubuntu/bugs/projects/Lang/src/main/java/org/apache/commons/lang3/time/FormatCache.java:132: error: incomparable types: int and <null>
    [javac]                 else if (timeStyle == null) {
    [javac]                                    ^
    [javac] /home/ubuntu/bugs/projects/Lang/src/main/java/org/apache/commons/lang3/time/FastDateFormat.java:214: error: incompatible types: <null> cannot be converted to int
    [javac]         return cache.getDateTimeInstance(style, null, null, null);
    [javac]                                                 ^
    [javac] /home/ubuntu/bugs/projects/Lang/src/main/java/org/apache/commons/lang3/time/FastDateFormat.java:229: error: incompatible types: <null> cannot be converted to int
    [javac]         return cache.getDateTimeInstance(style, null, null, locale);
    [javac]                                                 ^
    [javac] /home/ubuntu/bugs/projects/Lang/src/main/java/org/apache/commons/lang3/time/FastDateFormat.java:245: error: incompatible types: <null> cannot be converted to int
    [javac]         return cache.getDateTimeInstance(style, null, timeZone, null);
    [javac]                                                 ^
    [javac] /home/ubuntu/bugs/projects/Lang/src/main/java/org/apache/commons/lang3/time/FastDateFormat.java:261: error: incompatible types: <null> cannot be converted to int
    [javac]         return cache.getDateTimeInstance(style, null, timeZone, locale);
    [javac]                                                 ^
    [javac] /home/ubuntu/bugs/projects/Lang/src/main/java/org/apache/commons/lang3/time/FastDateFormat.java:276: error: incompatible types: <null> cannot be converted to int
    [javac]         return cache.getDateTimeInstance(null, style, null, null);
    [javac]                                          ^
    [javac] /home/ubuntu/bugs/projects/Lang/src/main/java/org/apache/commons/lang3/time/FastDateFormat.java:291: error: incompatible types: <null> cannot be converted to int
    [javac]         return cache.getDateTimeInstance(null, style, null, locale);
    [javac]                                          ^
    [javac] /home/ubuntu/bugs/projects/Lang/src/main/java/org/apache/commons/lang3/time/FastDateFormat.java:307: error: incompatible types: <null> cannot be converted to int
    [javac]         return cache.getDateTimeInstance(null, style, timeZone, null);
    [javac]                                          ^
    [javac] /home/ubuntu/bugs/projects/Lang/src/main/java/org/apache/commons/lang3/time/FastDateFormat.java:323: error: incompatible types: <null> cannot be converted to int
    [javac]         return cache.getDateTimeInstance(null, style, timeZone, locale);
    [javac]                                          ^
    [javac] Note: Some messages have been simplified; recompile with -Xdiags:verbose to get full output
    [javac] 10 errors
    [javac] 68 warnings

BUILD FAILED
/home/ubuntu/bugs/projects/Lang/build.xml:63: Compile failed; see the compiler error output for details.

Total time: 7 seconds
