:buildSrc:compileJava UP-TO-DATE
:buildSrc:compileGroovy
:buildSrc:processResources
:buildSrc:classes
:buildSrc:jar
:buildSrc:assemble
:buildSrc:compileTestJava UP-TO-DATE
:buildSrc:compileTestGroovy UP-TO-DATE
:buildSrc:processTestResources UP-TO-DATE
:buildSrc:testClasses UP-TO-DATE
:buildSrc:test
:buildSrc:check
:buildSrc:build
The ConfigurationContainer.add() method has been deprecated and is scheduled to be removed in Gradle 2.0. Please use the create() method instead.
The TaskContainer.add() method has been deprecated and is scheduled to be removed in Gradle 2.0. Please use the create() method instead.
:assemble
:build
:spring-core:cglibRepackJar
:spring-core:compileJavaNote: Some input files use unchecked or unsafe operations.
Note: Recompile with -Xlint:unchecked for details.

:spring-core:processResources UP-TO-DATE
:spring-core:classes
:spring-core:jar
:spring-beans:compileJavaNote: /home/ubuntu/bugs/spring-framework/spring-beans/src/main/java/org/springframework/beans/factory/xml/ResourceEntityResolver.java uses or overrides a deprecated API.
Note: Recompile with -Xlint:deprecation for details.
Note: Some input files use unchecked or unsafe operations.
Note: Recompile with -Xlint:unchecked for details.

:spring-beans:processResources
:spring-beans:classes
:spring-beans:jar
:spring-aop:compileJava/home/ubuntu/bugs/spring-framework/spring-aop/src/main/java/org/springframework/aop/target/AbstractPrototypeBasedTargetSource.java:46: warning: [serial] serializable class AbstractPrototypeBasedTargetSource has no definition of serialVersionUID
public abstract class AbstractPrototypeBasedTargetSource extends AbstractBeanFactoryBasedTargetSource {
                ^
/home/ubuntu/bugs/spring-framework/spring-aop/src/main/java/org/springframework/aop/target/AbstractPoolingTargetSource.java:53: warning: [serial] serializable class AbstractPoolingTargetSource has no definition of serialVersionUID
public abstract class AbstractPoolingTargetSource extends AbstractPrototypeBasedTargetSource
                ^
Note: Some input files use or override a deprecated API.
Note: Recompile with -Xlint:deprecation for details.
Note: Some input files use unchecked or unsafe operations.
Note: Recompile with -Xlint:unchecked for details.
2 warnings

:spring-aop:processResources
:spring-aop:classes
:spring-aop:jar
:spring-aop:sourcesJar
:spring-aop:assemble
:spring-aop:build
:spring-expression:compileJava
:spring-expression:processResources UP-TO-DATE
:spring-expression:classes
:spring-expression:jar
:spring-instrument:compileJava
:spring-instrument:processResources UP-TO-DATE
:spring-instrument:classes
:spring-instrument:jar
:spring-context:compileJava

FAILURE: Build failed with an exception.

* What went wrong:
Could not resolve all dependencies for configuration ':spring-context:optional'.
> Could not find reactor:reactor-core:1.0.0.BUILD-SNAPSHOT.
  Required by:
      org.springframework:spring-context:4.0.0.BUILD-SNAPSHOT

* Try:
Run with --stacktrace option to get the stack trace. Run with --info or --debug option to get more log output.

BUILD FAILED

Total time: 28.199 secs
