OpenJDK 64-Bit Server VM warning: ignoring option MaxPermSize=1024m; support was removed in 8.0
Downloading http://services.gradle.org/distributions/gradle-1.3-bin.zip
.............................................................................................................................................................................................................................................................................................................................................................................................................................................................................................................................................................................................................................................................................................................................................................................................................................................................................................................................................................................................................................................................................................................................................................................................................................................................................................................................................................................................................................................................................................................................................................................................................................................................................................................................................................................................................................................................................................................................................
Unzipping /home/ubuntu/.gradle/wrapper/dists/gradle-1.3-bin/6duudkdtsf89ftu9dh8bpgenv0/gradle-1.3-bin.zip to /home/ubuntu/.gradle/wrapper/dists/gradle-1.3-bin/6duudkdtsf89ftu9dh8bpgenv0
Set executable permissions for: /home/ubuntu/.gradle/wrapper/dists/gradle-1.3-bin/6duudkdtsf89ftu9dh8bpgenv0/gradle-1.3/bin/gradle
:buildSrc:clean UP-TO-DATE
:buildSrc:compileJava UP-TO-DATE
:buildSrc:compileGroovy
:buildSrc:processResources
:buildSrc:classes
:buildSrc:jar
:buildSrc:assemble
:buildSrc:compileTestJava UP-TO-DATE
:buildSrc:compileTestGroovy UP-TO-DATE
:buildSrc:processTestResources UP-TO-DATE
:buildSrc:testClasses UP-TO-DATE
:buildSrc:test
:buildSrc:check
:buildSrc:build
Download http://repo.springsource.org/plugins-release/org/springframework/build/gradle/propdeps-plugin/0.0.3/propdeps-plugin-0.0.3.pom
Download http://repo.springsource.org/plugins-release/org/springframework/build/gradle/docbook-reference-plugin/0.2.6/docbook-reference-plugin-0.2.6.pom
Download http://repo.springsource.org/plugins-release/org/apache/xmlgraphics/batik-dom/1.7/batik-dom-1.7.pom
Download http://repo.springsource.org/plugins-release/org/apache/xerces/xercesImpl/2.9.1/xercesImpl-2.9.1.pom
Download http://repo.springsource.org/plugins-release/saxon/saxon/6.5.3/saxon-6.5.3.pom
Download http://repo.springsource.org/plugins-release/org/apache/xmlgraphics/batik-bridge/1.7/batik-bridge-1.7.pom
Download http://repo.springsource.org/plugins-release/org/apache/xmlgraphics/batik-css/1.7/batik-css-1.7.pom
Download http://repo.springsource.org/plugins-release/net/sf/docbook/docbook-xsl/1.75.2/docbook-xsl-1.75.2.pom
Download http://repo.springsource.org/plugins-release/net/sf/docbook/docbook/5.0/docbook-5.0.pom
Download http://repo.springsource.org/plugins-release/org/apache/xmlgraphics/fop/0.95-1/fop-0.95-1.pom
Download http://repo.springsource.org/plugins-release/org/apache/avalon/framework/avalon-framework-api/4.3.1/avalon-framework-api-4.3.1.pom
Download http://repo.springsource.org/plugins-release/org/apache/avalon/avalon-framework/1/avalon-framework-1.pom
Download http://repo.springsource.org/plugins-release/org/apache/excalibur/excalibur/1/excalibur-1.pom
Download http://repo.springsource.org/plugins-release/org/apache/apache/3/apache-3.pom
Download http://repo.springsource.org/plugins-release/org/apache/xmlgraphics/batik-util/1.7/batik-util-1.7.pom
Download http://repo.springsource.org/plugins-release/org/apache/xmlgraphics/batik-svg-dom/1.7/batik-svg-dom-1.7.pom
Download http://repo.springsource.org/plugins-release/net/sf/docbook/docbook-xml/5.0/docbook-xml-5.0.pom
Download http://repo.springsource.org/plugins-release/net/sf/xslthl/xslthl/2.0.1/xslthl-2.0.1.pom
Download http://repo.springsource.org/plugins-release/org/apache/xmlgraphics/xmlgraphics-commons/1.3/xmlgraphics-commons-1.3.pom
Download http://repo.springsource.org/plugins-release/org/apache/xerces/resolver/2.9.1/resolver-2.9.1.pom
Download http://repo.springsource.org/plugins-release/net/sf/docbook/docbook-xsl-saxon/1.0.0/docbook-xsl-saxon-1.0.0.pom
Download http://repo.springsource.org/plugins-release/org/apache/xmlgraphics/batik-ext/1.7/batik-ext-1.7.pom
Download http://repo.springsource.org/plugins-release/org/apache/xmlgraphics/batik-xml/1.7/batik-xml-1.7.pom
Download http://repo.springsource.org/plugins-release/xalan/xalan/2.6.0/xalan-2.6.0.pom
Download http://repo.springsource.org/plugins-release/xml-apis/xml-apis/1.3.04/xml-apis-1.3.04.pom
Download http://repo.springsource.org/plugins-release/xml-apis/xml-apis-ext/1.3.04/xml-apis-ext-1.3.04.pom
Download http://repo.springsource.org/plugins-release/org/apache/xmlgraphics/batik-anim/1.7/batik-anim-1.7.pom
Download http://repo.springsource.org/plugins-release/org/apache/xmlgraphics/batik-awt-util/1.7/batik-awt-util-1.7.pom
Download http://repo.springsource.org/plugins-release/org/apache/xmlgraphics/batik-gvt/1.7/batik-gvt-1.7.pom
Download http://repo.springsource.org/plugins-release/org/apache/xmlgraphics/batik-parser/1.7/batik-parser-1.7.pom
Download http://repo.springsource.org/plugins-release/org/apache/xmlgraphics/batik-script/1.7/batik-script-1.7.pom
Download http://repo.springsource.org/plugins-release/org/apache/xmlgraphics/batik-transcoder/1.7/batik-transcoder-1.7.pom
Download http://repo.springsource.org/plugins-release/org/apache/xmlgraphics/batik-extension/1.7/batik-extension-1.7.pom
Download http://repo.springsource.org/plugins-release/commons-logging/commons-logging/1.0.4/commons-logging-1.0.4.pom
Download http://repo.springsource.org/plugins-release/commons-io/commons-io/1.3.1/commons-io-1.3.1.pom
Download http://repo.springsource.org/plugins-release/org/apache/avalon/framework/avalon-framework-impl/4.3.1/avalon-framework-impl-4.3.1.pom
Download http://repo.springsource.org/plugins-release/org/apache/xmlgraphics/batik-js/1.7/batik-js-1.7.pom
Download http://repo.springsource.org/plugins-release/org/apache/xmlgraphics/batik-svggen/1.7/batik-svggen-1.7.pom
Download http://repo.springsource.org/plugins-release/org/apache/xmlgraphics/xmlgraphics-commons/1.3.1/xmlgraphics-commons-1.3.1.pom
Download http://repo.springsource.org/plugins-release/xml-apis/xml-apis/2.0.2/xml-apis-2.0.2.pom
Download http://repo.springsource.org/plugins-release/xml-apis/xml-apis/1.0.b2/xml-apis-1.0.b2.pom
Download http://repo.springsource.org/plugins-release/org/springframework/build/gradle/propdeps-plugin/0.0.3/propdeps-plugin-0.0.3.jar
Download http://repo.springsource.org/plugins-release/org/springframework/build/gradle/docbook-reference-plugin/0.2.6/docbook-reference-plugin-0.2.6.jar
Download http://repo.springsource.org/plugins-release/org/apache/xmlgraphics/batik-util/1.7/batik-util-1.7.jar
Download http://repo.springsource.org/plugins-release/org/apache/xmlgraphics/batik-ext/1.7/batik-ext-1.7.jar
Download http://repo.springsource.org/plugins-release/xml-apis/xml-apis-ext/1.3.04/xml-apis-ext-1.3.04.jar
Download http://repo.springsource.org/plugins-release/org/apache/xmlgraphics/batik-css/1.7/batik-css-1.7.jar
Download http://repo.springsource.org/plugins-release/org/apache/xmlgraphics/batik-xml/1.7/batik-xml-1.7.jar
Download http://repo.springsource.org/plugins-release/xalan/xalan/2.6.0/xalan-2.6.0.jar
Download http://repo.springsource.org/plugins-release/org/apache/xmlgraphics/batik-dom/1.7/batik-dom-1.7.jar
Download http://repo.springsource.org/plugins-release/org/apache/xerces/xercesImpl/2.9.1/xercesImpl-2.9.1.jar
Download http://repo.springsource.org/plugins-release/saxon/saxon/6.5.3/saxon-6.5.3.jar
Download http://repo.springsource.org/plugins-release/org/apache/xmlgraphics/batik-bridge/1.7/batik-bridge-1.7.jar
Download http://repo.springsource.org/plugins-release/org/apache/xmlgraphics/batik-svg-dom/1.7/batik-svg-dom-1.7.jar
Download http://repo.springsource.org/plugins-release/org/apache/xmlgraphics/batik-awt-util/1.7/batik-awt-util-1.7.jar
Download http://repo.springsource.org/plugins-release/org/apache/xmlgraphics/batik-parser/1.7/batik-parser-1.7.jar
Download http://repo.springsource.org/plugins-release/org/apache/xmlgraphics/batik-anim/1.7/batik-anim-1.7.jar
Download http://repo.springsource.org/plugins-release/org/apache/xmlgraphics/batik-js/1.7/batik-js-1.7.jar
Download http://repo.springsource.org/plugins-release/org/apache/xmlgraphics/batik-gvt/1.7/batik-gvt-1.7.jar
Download http://repo.springsource.org/plugins-release/org/apache/xmlgraphics/batik-script/1.7/batik-script-1.7.jar
Download http://repo.springsource.org/plugins-release/net/sf/docbook/docbook-xsl/1.75.2/docbook-xsl-1.75.2-resources.zip
Download http://repo.springsource.org/plugins-release/org/apache/avalon/framework/avalon-framework-api/4.3.1/avalon-framework-api-4.3.1.jar
Download http://repo.springsource.org/plugins-release/org/apache/xmlgraphics/batik-svggen/1.7/batik-svggen-1.7.jar
Download http://repo.springsource.org/plugins-release/org/apache/xmlgraphics/batik-transcoder/1.7/batik-transcoder-1.7.jar
Download http://repo.springsource.org/plugins-release/org/apache/xmlgraphics/batik-extension/1.7/batik-extension-1.7.jar
Download http://repo.springsource.org/plugins-release/commons-logging/commons-logging/1.0.4/commons-logging-1.0.4.jar
Download http://repo.springsource.org/plugins-release/commons-io/commons-io/1.3.1/commons-io-1.3.1.jar
Download http://repo.springsource.org/plugins-release/org/apache/avalon/framework/avalon-framework-impl/4.3.1/avalon-framework-impl-4.3.1.jar
Download http://repo.springsource.org/plugins-release/org/apache/xmlgraphics/xmlgraphics-commons/1.3.1/xmlgraphics-commons-1.3.1.jar
Download http://repo.springsource.org/plugins-release/org/apache/xmlgraphics/fop/0.95-1/fop-0.95-1.jar
Download http://repo.springsource.org/plugins-release/net/sf/docbook/docbook-xml/5.0/docbook-xml-5.0-xsd-resources.zip
Download http://repo.springsource.org/plugins-release/net/sf/xslthl/xslthl/2.0.1/xslthl-2.0.1.jar
Download http://repo.springsource.org/plugins-release/org/apache/xerces/resolver/2.9.1/resolver-2.9.1.jar
Download http://repo.springsource.org/plugins-release/net/sf/docbook/docbook-xsl-saxon/1.0.0/docbook-xsl-saxon-1.0.0.jar
:assemble
:build
:spring-core:cglibRepackJar
Download http://repo.springsource.org/libs-release/com/googlecode/jarjar/jarjar/1.3/jarjar-1.3.pom
Download http://repo.springsource.org/libs-release/org/sonatype/oss/oss-parent/7/oss-parent-7.pom
Download http://repo.springsource.org/libs-release/com/googlecode/jarjar/jarjar/1.3/jarjar-1.3.jar
Download http://repo.springsource.org/libs-release/cglib/cglib/3.0/cglib-3.0.pom
Download http://repo.springsource.org/libs-release/cglib/cglib/3.0/cglib-3.0.jar
:spring-core:compileJava
Download http://repo.springsource.org/libs-release/commons-logging/commons-logging/1.1.1/commons-logging-1.1.1.pom
Download http://repo.springsource.org/libs-release/org/apache/commons/commons-parent/5/commons-parent-5.pom
Download http://repo.springsource.org/libs-release/org/apache/apache/4/apache-4.pom
Download http://repo.springsource.org/libs-release/commons-logging/commons-logging/1.1.1/commons-logging-1.1.1.jar
Download http://repo.springsource.org/libs-release/org/aspectj/aspectjweaver/1.7.2/aspectjweaver-1.7.2.pom
Download http://repo.springsource.org/libs-release/net/sf/jopt-simple/jopt-simple/3.0/jopt-simple-3.0.pom
Download http://repo.springsource.org/libs-release/log4j/log4j/1.2.17/log4j-1.2.17.pom
Download http://repo.springsource.org/libs-release/org/apache/ant/ant/1.7.0/ant-1.7.0.pom
Download http://repo.springsource.org/libs-release/org/apache/ant/ant-parent/1.7.0/ant-parent-1.7.0.pom
Download http://repo.springsource.org/libs-release/org/apache/ant/ant-launcher/1.7.0/ant-launcher-1.7.0.pom
Download http://repo.springsource.org/libs-release/org/aspectj/aspectjweaver/1.7.2/aspectjweaver-1.7.2.jar
Download http://repo.springsource.org/libs-release/net/sf/jopt-simple/jopt-simple/3.0/jopt-simple-3.0.jar
Download http://repo.springsource.org/libs-release/log4j/log4j/1.2.17/log4j-1.2.17.jar
Download http://repo.springsource.org/libs-release/org/apache/ant/ant-launcher/1.7.0/ant-launcher-1.7.0.jar
Download http://repo.springsource.org/libs-release/org/apache/ant/ant/1.7.0/ant-1.7.0.jar
Note: Some input files use unchecked or unsafe operations.
Note: Recompile with -Xlint:unchecked for details.
:spring-core:processResources UP-TO-DATE
:spring-core:classes
:spring-core:jar
:spring-beans:compileJava
Download http://repo.springsource.org/libs-release/javax/el/javax.el-api/2.2.4/javax.el-api-2.2.4.pom
Download http://repo.springsource.org/libs-release/net/java/jvnet-parent/1/jvnet-parent-1.pom
Download http://repo.springsource.org/libs-release/javax/el/javax.el-api/2.2.4/javax.el-api-2.2.4.jar
Note: /home/ubuntu/bugs/spring-framework/spring-beans/src/main/java/org/springframework/beans/factory/xml/ResourceEntityResolver.java uses or overrides a deprecated API.
Note: Recompile with -Xlint:deprecation for details.
Note: Some input files use unchecked or unsafe operations.
Note: Recompile with -Xlint:unchecked for details.
:spring-beans:processResources
:spring-beans:classes
:spring-beans:jar
:spring-aop:compileJava
Download http://repo.springsource.org/libs-release/com/jamonapi/jamon/2.4/jamon-2.4.pom
Download http://repo.springsource.org/libs-release/commons-pool/commons-pool/1.5.3/commons-pool-1.5.3.pom
Download http://repo.springsource.org/libs-release/com/jamonapi/jamon/2.4/jamon-2.4.jar
Download http://repo.springsource.org/libs-release/commons-pool/commons-pool/1.5.3/commons-pool-1.5.3.jar
/home/ubuntu/bugs/spring-framework/spring-aop/src/main/java/org/springframework/aop/target/AbstractPrototypeBasedTargetSource.java:46: warning: [serial] serializable class AbstractPrototypeBasedTargetSource has no definition of serialVersionUID
public abstract class AbstractPrototypeBasedTargetSource extends AbstractBeanFactoryBasedTargetSource {
                ^
/home/ubuntu/bugs/spring-framework/spring-aop/src/main/java/org/springframework/aop/target/AbstractPoolingTargetSource.java:53: warning: [serial] serializable class AbstractPoolingTargetSource has no definition of serialVersionUID
public abstract class AbstractPoolingTargetSource extends AbstractPrototypeBasedTargetSource
                ^
Note: Some input files use or override a deprecated API.
Note: Recompile with -Xlint:deprecation for details.
Note: Some input files use unchecked or unsafe operations.
Note: Recompile with -Xlint:unchecked for details.
2 warnings
:spring-aop:processResources
:spring-aop:classes
:spring-aop:jar
:spring-aop:sourcesJar
:spring-aop:assemble
:spring-aop:build
:spring-aspects:processResources
:spring-expression:compileJava
:spring-expression:processResources UP-TO-DATE
:spring-expression:classes
:spring-expression:jar
:spring-instrument:compileJava
:spring-instrument:processResources UP-TO-DATE
:spring-instrument:classes
:spring-instrument:jar
:spring-context:compileJava
Download http://repo.springsource.org/libs-release/javax/ejb/ejb-api/3.0/ejb-api-3.0.pom
Download http://repo.springsource.org/libs-release/javax/enterprise/concurrent/javax.enterprise.concurrent-api/1.0-b06/javax.enterprise.concurrent-api-1.0-b06.pom
Download http://repo.springsource.org/libs-release/net/java/jvnet-parent/3/jvnet-parent-3.pom
Download http://repo.springsource.org/libs-release/org/apache/geronimo/specs/geronimo-jms_1.1_spec/1.1/geronimo-jms_1.1_spec-1.1.pom
Download http://repo.springsource.org/libs-release/org/apache/geronimo/specs/specs/1.2/specs-1.2.pom
Download http://repo.springsource.org/libs-release/org/apache/geronimo/genesis/config/project-config/1.1/project-config-1.1.pom
Download http://repo.springsource.org/libs-release/org/apache/geronimo/genesis/config/config/1.1/config-1.1.pom
Download http://repo.springsource.org/libs-release/org/apache/geronimo/genesis/genesis/1.1/genesis-1.1.pom
Download http://repo.springsource.org/libs-release/org/eclipse/persistence/javax.persistence/2.0.0/javax.persistence-2.0.0.pom
Download http://repo.springsource.org/libs-release/org/beanshell/bsh/2.0b4/bsh-2.0b4.pom
Download http://repo.springsource.org/libs-release/org/beanshell/beanshell/2.0b4/beanshell-2.0b4.pom
Download http://repo.springsource.org/libs-release/org/codehaus/groovy/groovy-all/1.8.9/groovy-all-1.8.9.pom
Download http://repo.springsource.org/libs-release/org/jruby/jruby/1.7.2/jruby-1.7.2.pom
Download http://repo.springsource.org/libs-release/org/jruby/shared/1.7.2/shared-1.7.2.pom
Download http://repo.springsource.org/libs-release/joda-time/joda-time/2.2/joda-time-2.2.pom
Download http://repo.springsource.org/libs-release/org/slf4j/slf4j-api/1.6.1/slf4j-api-1.6.1.pom
Download http://repo.springsource.org/libs-release/org/slf4j/slf4j-parent/1.6.1/slf4j-parent-1.6.1.pom
Download http://repo.springsource.org/libs-release/javax/validation/validation-api/1.0.0.GA/validation-api-1.0.0.GA.pom
Download http://repo.springsource.org/libs-release/org/hibernate/hibernate-validator/4.3.0.Final/hibernate-validator-4.3.0.Final.pom
Download http://repo.springsource.org/libs-release/org/hibernate/hibernate-validator-parent/4.3.0.Final/hibernate-validator-parent-4.3.0.Final.pom
Download http://repo.springsource.org/libs-release/org/apache/geronimo/specs/geronimo-jta_1.1_spec/1.1/geronimo-jta_1.1_spec-1.1.pom
Download http://repo.springsource.org/libs-release/org/jboss/logging/jboss-logging/3.1.0.CR2/jboss-logging-3.1.0.CR2.pom
Download http://repo.springsource.org/libs-release/org/jboss/jboss-parent/6/jboss-parent-6.pom
Download http://repo.springsource.org/libs-release/javax/ejb/ejb-api/3.0/ejb-api-3.0.jar
Download http://repo.springsource.org/libs-release/javax/enterprise/concurrent/javax.enterprise.concurrent-api/1.0-b06/javax.enterprise.concurrent-api-1.0-b06.jar
Download http://repo.springsource.org/libs-release/org/apache/geronimo/specs/geronimo-jms_1.1_spec/1.1/geronimo-jms_1.1_spec-1.1.jar
Download http://repo.springsource.org/libs-release/org/eclipse/persistence/javax.persistence/2.0.0/javax.persistence-2.0.0.jar
Download http://repo.springsource.org/libs-release/org/beanshell/bsh/2.0b4/bsh-2.0b4.jar
Download http://repo.springsource.org/libs-release/org/codehaus/groovy/groovy-all/1.8.9/groovy-all-1.8.9.jar
Download http://repo.springsource.org/libs-release/org/jruby/jruby/1.7.2/jruby-1.7.2.jar
Download http://repo.springsource.org/libs-release/joda-time/joda-time/2.2/joda-time-2.2.jar
Download http://repo.springsource.org/libs-release/org/slf4j/slf4j-api/1.6.1/slf4j-api-1.6.1.jar
Download http://repo.springsource.org/libs-release/javax/validation/validation-api/1.0.0.GA/validation-api-1.0.0.GA.jar
Download http://repo.springsource.org/libs-release/org/hibernate/hibernate-validator/4.3.0.Final/hibernate-validator-4.3.0.Final.jar
Download http://repo.springsource.org/libs-release/org/apache/geronimo/specs/geronimo-jta_1.1_spec/1.1/geronimo-jta_1.1_spec-1.1.jar
Download http://repo.springsource.org/libs-release/org/jboss/logging/jboss-logging/3.1.0.CR2/jboss-logging-3.1.0.CR2.jar
Note: /home/ubuntu/bugs/spring-framework/spring-context/src/main/java/org/springframework/validation/beanvalidation/MethodValidationInterceptor.java uses or overrides a deprecated API.
Note: Recompile with -Xlint:deprecation for details.
Note: Some input files use unchecked or unsafe operations.
Note: Recompile with -Xlint:unchecked for details.
:spring-context:processResources
:spring-context:classes
:spring-context:jar
:spring-tx:compileJava
Download http://repo.springsource.org/libs-release/com/ibm/websphere/uow/6.0.2.17/uow-6.0.2.17.pom
Download http://repo.springsource.org/libs-release/com/ibm/websphere/uow/6.0.2.17/uow-6.0.2.17.jar
Download http://repo.springsource.org/libs-release/javax/resource/connector-api/1.5/connector-api-1.5.pom
Download http://repo.springsource.org/libs-release/javax/transaction/javax.transaction-api/1.2-b03/javax.transaction-api-1.2-b03.pom
Download http://repo.springsource.org/libs-release/javax/resource/connector-api/1.5/connector-api-1.5.jar
Download http://repo.springsource.org/libs-release/javax/transaction/javax.transaction-api/1.2-b03/javax.transaction-api-1.2-b03.jar
Note: Some input files use unchecked or unsafe operations.
Note: Recompile with -Xlint:unchecked for details.
:spring-tx:processResources
:spring-tx:classes
:spring-tx:jar
:spring-jdbc:compileJava
Download http://repo.springsource.org/libs-release/c3p0/c3p0/0.9.1.2/c3p0-0.9.1.2.pom
Download http://repo.springsource.org/libs-release/hsqldb/hsqldb/1.8.0.10/hsqldb-1.8.0.10.pom
Download http://repo.springsource.org/libs-release/com/h2database/h2/1.0.71/h2-1.0.71.pom
Download http://repo.springsource.org/libs-release/org/apache/derby/derby/10.5.3.0_1/derby-10.5.3.0_1.pom
Download http://repo.springsource.org/libs-release/org/apache/derby/derby-project/10.5.3.0_1/derby-project-10.5.3.0_1.pom
Download http://repo.springsource.org/libs-release/org/apache/derby/derbyclient/10.5.3.0_1/derbyclient-10.5.3.0_1.pom
Download http://repo.springsource.org/libs-release/c3p0/c3p0/0.9.1.2/c3p0-0.9.1.2.jar
Download http://repo.springsource.org/libs-release/hsqldb/hsqldb/1.8.0.10/hsqldb-1.8.0.10.jar
Download http://repo.springsource.org/libs-release/com/h2database/h2/1.0.71/h2-1.0.71.jar
Download http://repo.springsource.org/libs-release/org/apache/derby/derby/10.5.3.0_1/derby-10.5.3.0_1.jar
Download http://repo.springsource.org/libs-release/org/apache/derby/derbyclient/10.5.3.0_1/derbyclient-10.5.3.0_1.jar
/home/ubuntu/bugs/spring-framework/spring-jdbc/src/main/java/org/springframework/jdbc/core/SqlRowSetResultSetExtractor.java:138: warning: CachedRowSetImpl is internal proprietary API and may be removed in a future release
			return new com.sun.rowset.CachedRowSetImpl();
			                         ^
Note: Some input files use unchecked or unsafe operations.
Note: Recompile with -Xlint:unchecked for details.
1 warning
:spring-jdbc:processResources
:spring-jdbc:classes
:spring-jdbc:jar
:spring-context-support:compileJava
Download http://repo.springsource.org/libs-release/javax/activation/activation/1.1/activation-1.1.pom
Download http://repo.springsource.org/libs-release/javax/activation/activation/1.1/activation-1.1.jar
Download http://repo.springsource.org/libs-release/javax/mail/mail/1.4.7/mail-1.4.7.pom
Download http://repo.springsource.org/libs-release/com/sun/mail/all/1.4.7/all-1.4.7.pom
Download http://repo.springsource.org/libs-release/javax/cache/cache-api/0.6/cache-api-0.6.pom
Download http://repo.springsource.org/libs-release/net/sf/ehcache/ehcache-core/2.6.5/ehcache-core-2.6.5.pom
Download http://repo.springsource.org/libs-release/net/sf/ehcache/ehcache-parent/2.3/ehcache-parent-2.3.pom
Download http://repo.springsource.org/libs-release/org/quartz-scheduler/quartz/1.8.6/quartz-1.8.6.pom
Download http://repo.springsource.org/libs-release/org/quartz-scheduler/quartz-parent/1.8.6/quartz-parent-1.8.6.pom
Download http://repo.springsource.org/libs-release/org/codehaus/fabric3/api/commonj/1.1.0/commonj-1.1.0.pom
Download http://repo.springsource.org/libs-release/org/codehaus/fabric3/api/parent-pom/1.0/parent-pom-1.0.pom
Download http://repo.springsource.org/libs-release/org/codehaus/fabric3/parent/5/parent-5.pom
Download http://repo.springsource.org/libs-release/org/freemarker/freemarker/2.3.19/freemarker-2.3.19.pom
Download http://repo.springsource.org/libs-release/com/lowagie/itext/2.1.7/itext-2.1.7.pom
Download http://repo.springsource.org/libs-release/net/sf/jasperreports/jasperreports/5.1.0/jasperreports-5.1.0.pom
Download http://repo.springsource.org/libs-release/bouncycastle/bcmail-jdk14/138/bcmail-jdk14-138.pom
Download http://repo.springsource.org/libs-release/bouncycastle/bcprov-jdk14/138/bcprov-jdk14-138.pom
Download http://repo.springsource.org/libs-release/bouncycastle/bctsp-jdk14/138/bctsp-jdk14-138.pom
Download http://repo.springsource.org/libs-release/commons-beanutils/commons-beanutils/1.8.0/commons-beanutils-1.8.0.pom
Download http://repo.springsource.org/libs-release/commons-digester/commons-digester/2.1/commons-digester-2.1.pom
Download http://repo.springsource.org/libs-release/org/apache/apache/7/apache-7.pom
Download http://repo.springsource.org/libs-release/jfree/jcommon/1.0.15/jcommon-1.0.15.pom
Download http://repo.springsource.org/libs-release/jfree/jfreechart/1.0.12/jfreechart-1.0.12.pom
Download http://repo.springsource.org/libs-release/xml-apis/xml-apis/1.3.02/xml-apis-1.3.02.pom
Download http://repo.springsource.org/libs-release/eclipse/jdtcore/3.1.0/jdtcore-3.1.0.pom
Download http://repo.springsource.org/libs-release/org/codehaus/castor/castor/1.2/castor-1.2.pom
Download http://repo.springsource.org/libs-release/com/fasterxml/jackson/core/jackson-core/2.0.5/jackson-core-2.0.5.pom
Download http://repo.springsource.org/libs-release/com/fasterxml/jackson/core/jackson-databind/2.0.5/jackson-databind-2.0.5.pom
Download http://repo.springsource.org/libs-release/com/fasterxml/jackson/core/jackson-annotations/2.0.5/jackson-annotations-2.0.5.pom
Download http://repo.springsource.org/libs-release/com/fasterxml/oss-parent/2/oss-parent-2.pom
Download http://repo.springsource.org/libs-release/org/bouncycastle/bctsp-jdk14/1.38/bctsp-jdk14-1.38.pom
Download http://repo.springsource.org/libs-release/org/bouncycastle/bcprov-jdk14/1.38/bcprov-jdk14-1.38.pom
Download http://repo.springsource.org/libs-release/org/bouncycastle/bcmail-jdk14/1.38/bcmail-jdk14-1.38.pom
Download http://repo.springsource.org/libs-release/commons-beanutils/commons-beanutils/1.8.3/commons-beanutils-1.8.3.pom
Download http://repo.springsource.org/libs-release/org/apache/commons/commons-parent/14/commons-parent-14.pom
Download http://repo.springsource.org/libs-release/javax/mail/mail/1.4.7/mail-1.4.7.jar
Download http://repo.springsource.org/libs-release/javax/cache/cache-api/0.6/cache-api-0.6.jar
Download http://repo.springsource.org/libs-release/net/sf/ehcache/ehcache-core/2.6.5/ehcache-core-2.6.5.jar
Download http://repo.springsource.org/libs-release/org/quartz-scheduler/quartz/1.8.6/quartz-1.8.6.jar
Download http://repo.springsource.org/libs-release/org/codehaus/fabric3/api/commonj/1.1.0/commonj-1.1.0.jar
Download http://repo.springsource.org/libs-release/org/freemarker/freemarker/2.3.19/freemarker-2.3.19.jar
Download http://repo.springsource.org/libs-release/com/lowagie/itext/2.1.7/itext-2.1.7.jar
Download http://repo.springsource.org/libs-release/net/sf/jasperreports/jasperreports/5.1.0/jasperreports-5.1.0.jar
Download http://repo.springsource.org/libs-release/commons-collections/commons-collections/3.2.1/commons-collections-3.2.1.jar
Download http://repo.springsource.org/libs-release/bouncycastle/bcmail-jdk14/138/bcmail-jdk14-138.jar
Download http://repo.springsource.org/libs-release/bouncycastle/bcprov-jdk14/138/bcprov-jdk14-138.jar
Download http://repo.springsource.org/libs-release/org/bouncycastle/bcprov-jdk14/1.38/bcprov-jdk14-1.38.jar
Download http://repo.springsource.org/libs-release/org/bouncycastle/bcmail-jdk14/1.38/bcmail-jdk14-1.38.jar
Download http://repo.springsource.org/libs-release/org/bouncycastle/bctsp-jdk14/1.38/bctsp-jdk14-1.38.jar
Download http://repo.springsource.org/libs-release/commons-beanutils/commons-beanutils/1.8.3/commons-beanutils-1.8.3.jar
Download http://repo.springsource.org/libs-release/commons-digester/commons-digester/2.1/commons-digester-2.1.jar
Download http://repo.springsource.org/libs-release/jfree/jcommon/1.0.15/jcommon-1.0.15.jar
Download http://repo.springsource.org/libs-release/jfree/jfreechart/1.0.12/jfreechart-1.0.12.jar
Download http://repo.springsource.org/libs-release/xml-apis/xml-apis/1.3.02/xml-apis-1.3.02.jar
Download http://repo.springsource.org/libs-release/eclipse/jdtcore/3.1.0/jdtcore-3.1.0.jar
Download http://repo.springsource.org/libs-release/org/codehaus/castor/castor/1.2/castor-1.2.jar
Download http://repo.springsource.org/libs-release/com/fasterxml/jackson/core/jackson-core/2.0.5/jackson-core-2.0.5.jar
Download http://repo.springsource.org/libs-release/com/fasterxml/jackson/core/jackson-annotations/2.0.5/jackson-annotations-2.0.5.jar
Download http://repo.springsource.org/libs-release/com/fasterxml/jackson/core/jackson-databind/2.0.5/jackson-databind-2.0.5.jar
Note: /home/ubuntu/bugs/spring-framework/spring-context-support/src/main/java/org/springframework/cache/ehcache/EhCacheFactoryBean.java uses or overrides a deprecated API.
Note: Recompile with -Xlint:deprecation for details.
Note: Some input files use unchecked or unsafe operations.
Note: Recompile with -Xlint:unchecked for details.
:spring-context-support:processResources
:spring-context-support:classes
:spring-context-support:jar
:spring-oxm:compileJava
Download http://repo.springsource.org/libs-release/com/thoughtworks/xstream/xstream/1.4.4/xstream-1.4.4.pom
Download http://repo.springsource.org/libs-release/com/thoughtworks/xstream/xstream-parent/1.4.4/xstream-parent-1.4.4.pom
Download http://repo.springsource.org/libs-release/org/codehaus/codehaus-parent/3/codehaus-parent-3.pom
Download http://repo.springsource.org/libs-release/org/jibx/jibx-run/1.2.5/jibx-run-1.2.5.pom
Download http://repo.springsource.org/libs-release/org/jibx/config/main-reactor/1.2.5/main-reactor-1.2.5.pom
Download http://repo.springsource.org/libs-release/org/jibx/config/core-reactor/1.2.5/core-reactor-1.2.5.pom
Download http://repo.springsource.org/libs-release/org/jibx/config/jibx-parent/7.0.1/jibx-parent-7.0.1.pom
Download http://repo.springsource.org/libs-release/org/apache/xmlbeans/xmlbeans/2.6.0/xmlbeans-2.6.0.pom
Download http://repo.springsource.org/libs-release/org/codehaus/castor/castor-xml/1.3.2/castor-xml-1.3.2.pom
Download http://repo.springsource.org/libs-release/org/codehaus/castor/castor/1.3.2/castor-1.3.2.pom
Download http://repo.springsource.org/libs-release/xpp3/xpp3_min/1.1.4c/xpp3_min-1.1.4c.pom
Download http://repo.springsource.org/libs-release/joda-time/joda-time/2.1/joda-time-2.1.pom
Download http://repo.springsource.org/libs-release/xpp3/xpp3/1.1.3.4.O/xpp3-1.1.3.4.O.pom
Download http://repo.springsource.org/libs-release/stax/stax-api/1.0.1/stax-api-1.0.1.pom
Download http://repo.springsource.org/libs-release/org/codehaus/castor/castor-core/1.3.2/castor-core-1.3.2.pom
Download http://repo.springsource.org/libs-release/stax/stax/1.2.0/stax-1.2.0.pom
Download http://repo.springsource.org/libs-release/com/thoughtworks/xstream/xstream/1.4.4/xstream-1.4.4.jar
Download http://repo.springsource.org/libs-release/org/jibx/jibx-run/1.2.5/jibx-run-1.2.5.jar
Download http://repo.springsource.org/libs-release/org/apache/xmlbeans/xmlbeans/2.6.0/xmlbeans-2.6.0.jar
Download http://repo.springsource.org/libs-release/org/codehaus/castor/castor-xml/1.3.2/castor-xml-1.3.2.jar
Download http://repo.springsource.org/libs-release/xpp3/xpp3_min/1.1.4c/xpp3_min-1.1.4c.jar
Download http://repo.springsource.org/libs-release/joda-time/joda-time/2.1/joda-time-2.1.jar
Download http://repo.springsource.org/libs-release/xpp3/xpp3/1.1.3.4.O/xpp3-1.1.3.4.O.jar
Download http://repo.springsource.org/libs-release/stax/stax-api/1.0.1/stax-api-1.0.1.jar
Download http://repo.springsource.org/libs-release/commons-lang/commons-lang/2.1/commons-lang-2.1.jar
Download http://repo.springsource.org/libs-release/org/codehaus/castor/castor-core/1.3.2/castor-core-1.3.2.jar
Download http://repo.springsource.org/libs-release/stax/stax/1.2.0/stax-1.2.0.jar
Note: /home/ubuntu/bugs/spring-framework/spring-oxm/src/main/java/org/springframework/oxm/xstream/XStreamMarshaller.java uses or overrides a deprecated API.
Note: Recompile with -Xlint:deprecation for details.
Note: Some input files use unchecked or unsafe operations.
Note: Recompile with -Xlint:unchecked for details.
:spring-oxm:processResources
:spring-oxm:classes
:spring-oxm:jar
:spring-web:compileJava
Download http://repo.springsource.org/libs-release/com/sun/faces/jsf-api/2.1.7/jsf-api-2.1.7.pom
Download http://repo.springsource.org/libs-release/javax/portlet/portlet-api/2.0/portlet-api-2.0.pom
Download http://repo.springsource.org/libs-release/javax/servlet/javax.servlet-api/3.0.1/javax.servlet-api-3.0.1.pom
Download http://repo.springsource.org/libs-release/javax/servlet/jsp/jsp-api/2.1/jsp-api-2.1.pom
Download http://repo.springsource.org/libs-release/com/sun/faces/jsf-api/2.1.7/jsf-api-2.1.7.jar
Download http://repo.springsource.org/libs-release/javax/portlet/portlet-api/2.0/portlet-api-2.0.jar
Download http://repo.springsource.org/libs-release/javax/servlet/javax.servlet-api/3.0.1/javax.servlet-api-3.0.1.jar
Download http://repo.springsource.org/libs-release/javax/servlet/jsp/jsp-api/2.1/jsp-api-2.1.jar
Download http://repo.springsource.org/libs-release/com/caucho/hessian/4.0.7/hessian-4.0.7.pom
Download http://repo.springsource.org/libs-release/rome/rome/1.0/rome-1.0.pom
Download http://repo.springsource.org/libs-release/commons-fileupload/commons-fileupload/1.3/commons-fileupload-1.3.pom
Download http://repo.springsource.org/libs-release/org/apache/apache/13/apache-13.pom
Download http://repo.springsource.org/libs-release/org/apache/httpcomponents/httpclient/4.2/httpclient-4.2.pom
Download http://repo.springsource.org/libs-release/org/apache/httpcomponents/httpcomponents-client/4.2/httpcomponents-client-4.2.pom
Download http://repo.springsource.org/libs-release/org/apache/httpcomponents/project/5/project-5.pom
Download http://repo.springsource.org/libs-release/org/codehaus/jackson/jackson-mapper-asl/1.9.12/jackson-mapper-asl-1.9.12.pom
Download http://repo.springsource.org/libs-release/com/fasterxml/jackson/core/jackson-databind/2.2.0/jackson-databind-2.2.0.pom
Download http://repo.springsource.org/libs-release/com/fasterxml/oss-parent/10/oss-parent-10.pom
Download http://repo.springsource.org/libs-release/taglibs/standard/1.1.2/standard-1.1.2.pom
Download http://repo.springsource.org/libs-release/org/eclipse/jetty/jetty-servlet/8.1.5.v20120716/jetty-servlet-8.1.5.v20120716.pom
Download http://repo.springsource.org/libs-release/org/eclipse/jetty/jetty-project/8.1.5.v20120716/jetty-project-8.1.5.v20120716.pom
Download http://repo.springsource.org/libs-release/org/eclipse/jetty/jetty-parent/19/jetty-parent-19.pom
Download http://repo.springsource.org/libs-release/org/eclipse/jetty/jetty-server/8.1.5.v20120716/jetty-server-8.1.5.v20120716.pom
Download http://repo.springsource.org/libs-release/jdom/jdom/1.0/jdom-1.0.pom
Download http://repo.springsource.org/libs-release/org/apache/apache/9/apache-9.pom
Download http://repo.springsource.org/libs-release/org/apache/httpcomponents/httpcore/4.2/httpcore-4.2.pom
Download http://repo.springsource.org/libs-release/org/apache/httpcomponents/httpcomponents-core/4.2/httpcomponents-core-4.2.pom
Download http://repo.springsource.org/libs-release/org/apache/httpcomponents/project/6/project-6.pom
Download http://repo.springsource.org/libs-release/org/codehaus/jackson/jackson-core-asl/1.9.12/jackson-core-asl-1.9.12.pom
Download http://repo.springsource.org/libs-release/com/fasterxml/jackson/core/jackson-annotations/2.2.0/jackson-annotations-2.2.0.pom
Download http://repo.springsource.org/libs-release/com/fasterxml/oss-parent/9/oss-parent-9.pom
Download http://repo.springsource.org/libs-release/com/fasterxml/jackson/core/jackson-core/2.2.0/jackson-core-2.2.0.pom
Download http://repo.springsource.org/libs-release/org/eclipse/jetty/jetty-security/8.1.5.v20120716/jetty-security-8.1.5.v20120716.pom
Download http://repo.springsource.org/libs-release/org/eclipse/jetty/jetty-continuation/8.1.5.v20120716/jetty-continuation-8.1.5.v20120716.pom
Download http://repo.springsource.org/libs-release/org/eclipse/jetty/jetty-http/8.1.5.v20120716/jetty-http-8.1.5.v20120716.pom
Download http://repo.springsource.org/libs-release/org/eclipse/jetty/jetty-io/8.1.5.v20120716/jetty-io-8.1.5.v20120716.pom
Download http://repo.springsource.org/libs-release/org/eclipse/jetty/jetty-util/8.1.5.v20120716/jetty-util-8.1.5.v20120716.pom
Download http://repo.springsource.org/libs-release/com/caucho/hessian/4.0.7/hessian-4.0.7.jar
Download http://repo.springsource.org/libs-release/rome/rome/1.0/rome-1.0.jar
Download http://repo.springsource.org/libs-release/commons-fileupload/commons-fileupload/1.3/commons-fileupload-1.3.jar
Download http://repo.springsource.org/libs-release/org/apache/httpcomponents/httpclient/4.2/httpclient-4.2.jar
Download http://repo.springsource.org/libs-release/org/codehaus/jackson/jackson-mapper-asl/1.9.12/jackson-mapper-asl-1.9.12.jar
Download http://repo.springsource.org/libs-release/com/fasterxml/jackson/core/jackson-databind/2.2.0/jackson-databind-2.2.0.jar
Download http://repo.springsource.org/libs-release/taglibs/standard/1.1.2/standard-1.1.2.jar
Download http://repo.springsource.org/libs-release/org/eclipse/jetty/jetty-servlet/8.1.5.v20120716/jetty-servlet-8.1.5.v20120716.jar
Download http://repo.springsource.org/libs-release/org/eclipse/jetty/jetty-server/8.1.5.v20120716/jetty-server-8.1.5.v20120716.jar
Download http://repo.springsource.org/libs-release/jdom/jdom/1.0/jdom-1.0.jar
Download http://repo.springsource.org/libs-release/org/apache/httpcomponents/httpcore/4.2/httpcore-4.2.jar
Download http://repo.springsource.org/libs-release/org/codehaus/jackson/jackson-core-asl/1.9.12/jackson-core-asl-1.9.12.jar
Download http://repo.springsource.org/libs-release/com/fasterxml/jackson/core/jackson-annotations/2.2.0/jackson-annotations-2.2.0.jar
Download http://repo.springsource.org/libs-release/com/fasterxml/jackson/core/jackson-core/2.2.0/jackson-core-2.2.0.jar
Download http://repo.springsource.org/libs-release/org/eclipse/jetty/jetty-continuation/8.1.5.v20120716/jetty-continuation-8.1.5.v20120716.jar
Download http://repo.springsource.org/libs-release/org/eclipse/jetty/jetty-util/8.1.5.v20120716/jetty-util-8.1.5.v20120716.jar
Download http://repo.springsource.org/libs-release/org/eclipse/jetty/jetty-io/8.1.5.v20120716/jetty-io-8.1.5.v20120716.jar
Download http://repo.springsource.org/libs-release/org/eclipse/jetty/jetty-http/8.1.5.v20120716/jetty-http-8.1.5.v20120716.jar
Download http://repo.springsource.org/libs-release/org/eclipse/jetty/jetty-security/8.1.5.v20120716/jetty-security-8.1.5.v20120716.jar
/home/ubuntu/bugs/spring-framework/spring-web/src/main/java/org/springframework/web/util/UriComponents.java:42: warning: [serial] serializable class UriComponents has no definition of serialVersionUID
public abstract class UriComponents implements Serializable {
                ^
Note: Some input files use unchecked or unsafe operations.
Note: Recompile with -Xlint:unchecked for details.
1 warning
:spring-web:processResources
:spring-web:classes
:spring-web:jar
:spring-orm:compileJava
Download http://repo.springsource.org/libs-release/org/eclipse/persistence/org.eclipse.persistence.core/2.4.0/org.eclipse.persistence.core-2.4.0.pom
Download http://repo.springsource.org/libs-release/org/eclipse/persistence/org.eclipse.persistence.jpa/2.4.0/org.eclipse.persistence.jpa-2.4.0.pom
Download http://repo.springsource.org/libs-release/org/hibernate/hibernate-core/3.6.9.Final/hibernate-core-3.6.9.Final.pom
Download http://repo.springsource.org/libs-release/org/hibernate/hibernate-parent/3.6.9.Final/hibernate-parent-3.6.9.Final.pom
Download http://repo.springsource.org/libs-release/org/hibernate/hibernate-entitymanager/3.6.9.Final/hibernate-entitymanager-3.6.9.Final.pom
Download http://repo.springsource.org/libs-release/org/apache/openjpa/openjpa/2.2.1/openjpa-2.2.1.pom
Download http://repo.springsource.org/libs-release/org/apache/openjpa/openjpa-parent/2.2.1/openjpa-parent-2.2.1.pom
Download http://repo.springsource.org/libs-release/javax/jdo/jdo-api/3.0/jdo-api-3.0.pom
Download http://repo.springsource.org/libs-release/org/eclipse/persistence/org.eclipse.persistence.asm/3.3.1.v201206041142/org.eclipse.persistence.asm-3.3.1.v201206041142.pom
Download http://repo.springsource.org/libs-release/org/eclipse/persistence/org.eclipse.persistence.antlr/3.2.0.v201206041011/org.eclipse.persistence.antlr-3.2.0.v201206041011.pom
Download http://repo.springsource.org/libs-release/org/eclipse/persistence/org.eclipse.persistence.jpa.jpql/2.4.0/org.eclipse.persistence.jpa.jpql-2.4.0.pom
Download http://repo.springsource.org/libs-release/antlr/antlr/2.7.6/antlr-2.7.6.pom
Download http://repo.springsource.org/libs-release/dom4j/dom4j/1.6.1/dom4j-1.6.1.pom
Download http://repo.springsource.org/libs-release/org/hibernate/hibernate-commons-annotations/3.2.0.Final/hibernate-commons-annotations-3.2.0.Final.pom
Download http://repo.springsource.org/libs-release/org/hibernate/javax/persistence/hibernate-jpa-2.0-api/1.0.1.Final/hibernate-jpa-2.0-api-1.0.1.Final.pom
Download http://repo.springsource.org/libs-release/javax/transaction/jta/1.1/jta-1.1.pom
Download http://repo.springsource.org/libs-release/cglib/cglib/2.2/cglib-2.2.pom
Download http://repo.springsource.org/libs-release/javassist/javassist/3.12.0.GA/javassist-3.12.0.GA.pom
Download http://repo.springsource.org/libs-release/net/sourceforge/serp/serp/1.13.1/serp-1.13.1.pom
Download http://repo.springsource.org/libs-release/org/apache/geronimo/specs/geronimo-jms_1.1_spec/1.1.1/geronimo-jms_1.1_spec-1.1.1.pom
Download http://repo.springsource.org/libs-release/org/apache/geronimo/specs/specs/1.4/specs-1.4.pom
Download http://repo.springsource.org/libs-release/org/apache/geronimo/genesis/config/project-config/1.2/project-config-1.2.pom
Download http://repo.springsource.org/libs-release/org/apache/geronimo/genesis/config/config/1.2/config-1.2.pom
Download http://repo.springsource.org/libs-release/org/apache/geronimo/genesis/genesis/1.2/genesis-1.2.pom
Download http://repo.springsource.org/libs-release/org/apache/geronimo/specs/geronimo-jta_1.1_spec/1.1.1/geronimo-jta_1.1_spec-1.1.1.pom
Download http://repo.springsource.org/libs-release/commons-pool/commons-pool/1.5.4/commons-pool-1.5.4.pom
Download http://repo.springsource.org/libs-release/org/apache/commons/commons-parent/12/commons-parent-12.pom
Download http://repo.springsource.org/libs-release/javax/xml/stream/stax-api/1.0-2/stax-api-1.0-2.pom
Download http://repo.springsource.org/libs-release/org/apache/geronimo/specs/geronimo-jpa_2.0_spec/1.1/geronimo-jpa_2.0_spec-1.1.pom
Download http://repo.springsource.org/libs-release/org/apache/geronimo/genesis/genesis-java5-flava/2.0/genesis-java5-flava-2.0.pom
Download http://repo.springsource.org/libs-release/org/apache/geronimo/genesis/genesis-default-flava/2.0/genesis-default-flava-2.0.pom
Download http://repo.springsource.org/libs-release/org/apache/geronimo/genesis/genesis/2.0/genesis-2.0.pom
Download http://repo.springsource.org/libs-release/org/apache/apache/6/apache-6.pom
Download http://repo.springsource.org/libs-release/javax/transaction/transaction-api/1.1/transaction-api-1.1.pom
Download http://repo.springsource.org/libs-release/org/eclipse/persistence/javax.persistence/2.0.4.v201112161009/javax.persistence-2.0.4.v201112161009.pom
Download http://repo.springsource.org/libs-release/org/eclipse/persistence/org.eclipse.persistence.core/2.4.0/org.eclipse.persistence.core-2.4.0.jar
Download http://repo.springsource.org/libs-release/org/eclipse/persistence/org.eclipse.persistence.jpa/2.4.0/org.eclipse.persistence.jpa-2.4.0.jar
Download http://repo.springsource.org/libs-release/org/hibernate/hibernate-core/3.6.9.Final/hibernate-core-3.6.9.Final.jar
Download http://repo.springsource.org/libs-release/org/hibernate/hibernate-entitymanager/3.6.9.Final/hibernate-entitymanager-3.6.9.Final.jar
Download http://repo.springsource.org/libs-release/org/apache/openjpa/openjpa/2.2.1/openjpa-2.2.1.jar
Download http://repo.springsource.org/libs-release/javax/jdo/jdo-api/3.0/jdo-api-3.0.jar
Download http://repo.springsource.org/libs-release/org/eclipse/persistence/javax.persistence/2.0.4.v201112161009/javax.persistence-2.0.4.v201112161009.jar
Download http://repo.springsource.org/libs-release/org/eclipse/persistence/org.eclipse.persistence.asm/3.3.1.v201206041142/org.eclipse.persistence.asm-3.3.1.v201206041142.jar
Download http://repo.springsource.org/libs-release/org/eclipse/persistence/org.eclipse.persistence.antlr/3.2.0.v201206041011/org.eclipse.persistence.antlr-3.2.0.v201206041011.jar
Download http://repo.springsource.org/libs-release/org/eclipse/persistence/org.eclipse.persistence.jpa.jpql/2.4.0/org.eclipse.persistence.jpa.jpql-2.4.0.jar
Download http://repo.springsource.org/libs-release/antlr/antlr/2.7.6/antlr-2.7.6.jar
Download http://repo.springsource.org/libs-release/dom4j/dom4j/1.6.1/dom4j-1.6.1.jar
Download http://repo.springsource.org/libs-release/org/hibernate/hibernate-commons-annotations/3.2.0.Final/hibernate-commons-annotations-3.2.0.Final.jar
Download http://repo.springsource.org/libs-release/org/hibernate/javax/persistence/hibernate-jpa-2.0-api/1.0.1.Final/hibernate-jpa-2.0-api-1.0.1.Final.jar
Download http://repo.springsource.org/libs-release/javax/transaction/jta/1.1/jta-1.1.jar
Download http://repo.springsource.org/libs-release/asm/asm/3.2/asm-3.2.jar
Download http://repo.springsource.org/libs-release/cglib/cglib/2.2/cglib-2.2.jar
Download http://repo.springsource.org/libs-release/javassist/javassist/3.12.0.GA/javassist-3.12.0.GA.jar
Download http://repo.springsource.org/libs-release/net/sourceforge/serp/serp/1.13.1/serp-1.13.1.jar
Download http://repo.springsource.org/libs-release/org/apache/geronimo/specs/geronimo-jms_1.1_spec/1.1.1/geronimo-jms_1.1_spec-1.1.1.jar
Download http://repo.springsource.org/libs-release/org/apache/geronimo/specs/geronimo-jta_1.1_spec/1.1.1/geronimo-jta_1.1_spec-1.1.1.jar
Download http://repo.springsource.org/libs-release/commons-pool/commons-pool/1.5.4/commons-pool-1.5.4.jar
Download http://repo.springsource.org/libs-release/javax/xml/stream/stax-api/1.0-2/stax-api-1.0-2.jar
Download http://repo.springsource.org/libs-release/org/apache/geronimo/specs/geronimo-jpa_2.0_spec/1.1/geronimo-jpa_2.0_spec-1.1.jar
Download http://repo.springsource.org/libs-release/javax/transaction/transaction-api/1.1/transaction-api-1.1.jar
/home/ubuntu/bugs/spring-framework/spring-orm/src/main/java/org/springframework/orm/jpa/AbstractEntityManagerFactoryBean.java:83: warning: [serial] serializable class AbstractEntityManagerFactoryBean has no definition of serialVersionUID
public abstract class AbstractEntityManagerFactoryBean implements
                ^
Note: Some input files use or override a deprecated API.
Note: Recompile with -Xlint:deprecation for details.
Note: /home/ubuntu/bugs/spring-framework/spring-orm/src/main/java/org/springframework/orm/jpa/EntityManagerFactoryUtils.java uses unchecked or unsafe operations.
Note: Recompile with -Xlint:unchecked for details.
1 warning
:spring-orm:processResources UP-TO-DATE
:spring-orm:classes
:spring-orm-hibernate4:compileJava
Download http://repo.springsource.org/libs-release/org/hibernate/hibernate-core/4.2.1.Final/hibernate-core-4.2.1.Final.pom
Download http://repo.springsource.org/libs-release/org/hibernate/hibernate-entitymanager/4.2.1.Final/hibernate-entitymanager-4.2.1.Final.pom
Download http://repo.springsource.org/libs-release/org/jboss/logging/jboss-logging/3.1.0.GA/jboss-logging-3.1.0.GA.pom
Download http://repo.springsource.org/libs-release/org/jboss/jboss-parent/7/jboss-parent-7.pom
Download http://repo.springsource.org/libs-release/org/jboss/spec/javax/transaction/jboss-transaction-api_1.1_spec/1.0.1.Final/jboss-transaction-api_1.1_spec-1.0.1.Final.pom
Download http://repo.springsource.org/libs-release/org/jboss/jboss-parent/9/jboss-parent-9.pom
Download http://repo.springsource.org/libs-release/org/javassist/javassist/3.15.0-GA/javassist-3.15.0-GA.pom
Download http://repo.springsource.org/libs-release/org/hibernate/common/hibernate-commons-annotations/4.0.1.Final/hibernate-commons-annotations-4.0.1.Final.pom
Download http://repo.springsource.org/libs-release/org/hibernate/hibernate-core/4.2.1.Final/hibernate-core-4.2.1.Final.jar
Download http://repo.springsource.org/libs-release/org/hibernate/hibernate-entitymanager/4.2.1.Final/hibernate-entitymanager-4.2.1.Final.jar
Download http://repo.springsource.org/libs-release/org/jboss/logging/jboss-logging/3.1.0.GA/jboss-logging-3.1.0.GA.jar
Download http://repo.springsource.org/libs-release/org/jboss/spec/javax/transaction/jboss-transaction-api_1.1_spec/1.0.1.Final/jboss-transaction-api_1.1_spec-1.0.1.Final.jar
Download http://repo.springsource.org/libs-release/org/javassist/javassist/3.15.0-GA/javassist-3.15.0-GA.jar
Download http://repo.springsource.org/libs-release/org/hibernate/common/hibernate-commons-annotations/4.0.1.Final/hibernate-commons-annotations-4.0.1.Final.jar
Note: /home/ubuntu/bugs/spring-framework/spring-orm-hibernate4/src/main/java/org/springframework/orm/hibernate4/SessionFactoryUtils.java uses or overrides a deprecated API.
Note: Recompile with -Xlint:deprecation for details.
:spring-orm-hibernate4:processResources UP-TO-DATE
:spring-orm-hibernate4:classes
:spring-orm:jar
:spring-aspects:compileJava
Download http://repo.springsource.org/libs-release/org/aspectj/aspectjtools/1.7.2/aspectjtools-1.7.2.pom
Download http://repo.springsource.org/libs-release/org/aspectj/aspectjtools/1.7.2/aspectjtools-1.7.2.jar
Download http://repo.springsource.org/libs-release/org/aspectj/aspectjrt/1.7.2/aspectjrt-1.7.2.pom
Download http://repo.springsource.org/libs-release/org/aspectj/aspectjrt/1.7.2/aspectjrt-1.7.2.jar
[ant:iajc] /home/ubuntu/bugs/spring-framework/spring-aspects/src/main/java/org/springframework/orm/jpa/aspectj/JpaExceptionTranslatorAspect.aj:1 [error] The type java.lang.CharSequence cannot be resolved. It is indirectly referenced from required .class files
[ant:iajc] (no source information available)
[ant:iajc] /home/ubuntu/bugs/spring-framework/spring-aspects/src/main/java/org/springframework/mock/staticmock/AbstractMethodMockingControl.aj:1 [error] The type java.io.ObjectInputStream cannot be resolved. It is indirectly referenced from required .class files
[ant:iajc] (no source information available)
[ant:iajc] /home/ubuntu/bugs/spring-framework/spring-aspects/src/main/java/org/springframework/mock/staticmock/AbstractMethodMockingControl.aj:19 [error] The import java.util.Arrays cannot be resolved
[ant:iajc] import java.util.Arrays;
[ant:iajc]        ^^^^^^^^^^^^^^^
[ant:iajc] /home/ubuntu/bugs/spring-framework/spring-aspects/src/main/java/org/springframework/mock/staticmock/AbstractMethodMockingControl.aj:87 [error] Arrays cannot be resolved
[ant:iajc] if (!Arrays.equals(this.args, args)) {
[ant:iajc]      ^
[ant:iajc] 
[ant:iajc] 4 errors
:spring-aspects:compileJava FAILED

FAILURE: Build failed with an exception.

* Where:
Script '/home/ubuntu/bugs/spring-framework/spring-aspects/aspects.gradle' line: 37

* What went wrong:
Execution failed for task ':spring-aspects:compileJava'.
> compile errors: 4

* Try:
Run with --stacktrace option to get the stack trace. Run with --info or --debug option to get more log output.

BUILD FAILED

Total time: 4 mins 57.14 secs
