OpenJDK 64-Bit Server VM warning: ignoring option MaxPermSize=1024m; support was removed in 8.0
:buildSrc:compileJava UP-TO-DATE
:buildSrc:compileGroovy
:buildSrc:processResources
:buildSrc:classes
:buildSrc:jar
:buildSrc:assemble
:buildSrc:compileTestJava UP-TO-DATE
:buildSrc:compileTestGroovy UP-TO-DATE
:buildSrc:processTestResources UP-TO-DATE
:buildSrc:testClasses UP-TO-DATE
:buildSrc:test
:buildSrc:check
:buildSrc:build
:assemble
:build
:spring-core:asmRepackJar
Download http://repo.springsource.org/libs-release/org/ow2/asm/asm/4.0/asm-4.0.pom
Download http://repo.springsource.org/libs-release/org/ow2/asm/asm-parent/4.0/asm-parent-4.0.pom
Download http://repo.springsource.org/libs-release/org/ow2/ow2/1.3/ow2-1.3.pom
Download http://repo.springsource.org/libs-release/org/ow2/asm/asm-commons/4.0/asm-commons-4.0.pom
Download http://repo.springsource.org/libs-release/org/ow2/asm/asm/4.0/asm-4.0.jar
Download http://repo.springsource.org/libs-release/org/ow2/asm/asm-commons/4.0/asm-commons-4.0.jar
:spring-core:cglibRepackJar
:spring-core:compileJavaNote: Some input files use unchecked or unsafe operations.
Note: Recompile with -Xlint:unchecked for details.

:spring-core:processResources UP-TO-DATE
:spring-core:classes
:spring-core:jar
:spring-beans:compileJavaNote: /home/ubuntu/bugs/spring-framework/spring-beans/src/main/java/org/springframework/beans/factory/xml/ResourceEntityResolver.java uses or overrides a deprecated API.
Note: Recompile with -Xlint:deprecation for details.
Note: Some input files use unchecked or unsafe operations.
Note: Recompile with -Xlint:unchecked for details.

:spring-beans:processResources
:spring-beans:classes
:spring-beans:jar
:spring-aop:compileJava/home/ubuntu/bugs/spring-framework/spring-aop/src/main/java/org/springframework/aop/target/AbstractPrototypeBasedTargetSource.java:46: warning: [serial] serializable class AbstractPrototypeBasedTargetSource has no definition of serialVersionUID
public abstract class AbstractPrototypeBasedTargetSource extends AbstractBeanFactoryBasedTargetSource {
                ^
/home/ubuntu/bugs/spring-framework/spring-aop/src/main/java/org/springframework/aop/target/AbstractPoolingTargetSource.java:53: warning: [serial] serializable class AbstractPoolingTargetSource has no definition of serialVersionUID
public abstract class AbstractPoolingTargetSource extends AbstractPrototypeBasedTargetSource
                ^
Note: Some input files use or override a deprecated API.
Note: Recompile with -Xlint:deprecation for details.
Note: Some input files use unchecked or unsafe operations.
Note: Recompile with -Xlint:unchecked for details.
2 warnings

:spring-aop:processResources
:spring-aop:classes
:spring-aop:jar
:spring-aop:sourcesJar
:spring-aop:assemble
:spring-aop:build
:spring-aspects:processResources
:spring-expression:compileJava
:spring-expression:processResources UP-TO-DATE
:spring-expression:classes
:spring-expression:jar
:spring-instrument:compileJava
:spring-instrument:processResources UP-TO-DATE
:spring-instrument:classes
:spring-instrument:jar
:spring-context:compileJava
Download http://repo.springsource.org/libs-release/org/codehaus/groovy/groovy-all/1.8.8/groovy-all-1.8.8.pom
Download http://repo.springsource.org/libs-release/org/jruby/jruby/1.6.5.1/jruby-1.6.5.1.pom
Download http://repo.springsource.org/libs-release/org/jruby/jruby-common/1.6.5.1/jruby-common-1.6.5.1.pom
Download http://repo.springsource.org/libs-release/org/jruby/shared/1.6.5.1/shared-1.6.5.1.pom
Download http://repo.springsource.org/libs-release/org/codehaus/groovy/groovy-all/1.8.8/groovy-all-1.8.8.jar
Download http://repo.springsource.org/libs-release/org/jruby/jruby/1.6.5.1/jruby-1.6.5.1.jar
Note: /home/ubuntu/bugs/spring-framework/spring-context/src/main/java/org/springframework/validation/beanvalidation/MethodValidationInterceptor.java uses or overrides a deprecated API.
Note: Recompile with -Xlint:deprecation for details.
Note: Some input files use unchecked or unsafe operations.
Note: Recompile with -Xlint:unchecked for details.
:spring-context:processResources
:spring-context:classes
:spring-context:jar
:spring-tx:compileJava
Download http://repo.springsource.org/libs-release/org/jboss/spec/javax/transaction/jboss-transaction-api_1.2_spec/1.0.0.Alpha1/jboss-transaction-api_1.2_spec-1.0.0.Alpha1.pom
Download http://repo.springsource.org/libs-release/org/jboss/jboss-parent/10/jboss-parent-10.pom
Download http://repo.springsource.org/libs-release/org/jboss/spec/javax/transaction/jboss-transaction-api_1.2_spec/1.0.0.Alpha1/jboss-transaction-api_1.2_spec-1.0.0.Alpha1.jar
Note: Some input files use unchecked or unsafe operations.
Note: Recompile with -Xlint:unchecked for details.
:spring-tx:processResources
:spring-tx:classes
:spring-tx:jar
:spring-jdbc:compileJava/home/ubuntu/bugs/spring-framework/spring-jdbc/src/main/java/org/springframework/jdbc/core/SqlRowSetResultSetExtractor.java:135: warning: CachedRowSetImpl is internal proprietary API and may be removed in a future release
			return new com.sun.rowset.CachedRowSetImpl();
			                         ^
Note: Some input files use unchecked or unsafe operations.
Note: Recompile with -Xlint:unchecked for details.
1 warning

:spring-jdbc:processResources
:spring-jdbc:classes
:spring-jdbc:jar
:spring-context-support:compileJava
Download http://repo.springsource.org/libs-release/javax/mail/mail/1.4/mail-1.4.pom
Download http://repo.springsource.org/libs-release/javax/cache/cache-api/0.5/cache-api-0.5.pom
Download http://repo.springsource.org/libs-release/net/sf/ehcache/ehcache-core/2.6.3/ehcache-core-2.6.3.pom
Download http://repo.springsource.org/libs-release/org/quartz-scheduler/quartz/1.8.3/quartz-1.8.3.pom
Download http://repo.springsource.org/libs-release/org/quartz-scheduler/quartz-parent/1.8.3/quartz-parent-1.8.3.pom
Download http://repo.springsource.org/libs-release/org/freemarker/freemarker/2.3.15/freemarker-2.3.15.pom
Download http://repo.springsource.org/libs-release/net/sf/jasperreports/jasperreports/5.0.4/jasperreports-5.0.4.pom
Download http://repo.springsource.org/libs-release/javax/mail/mail/1.4/mail-1.4.jar
Download http://repo.springsource.org/libs-release/javax/cache/cache-api/0.5/cache-api-0.5.jar
Download http://repo.springsource.org/libs-release/net/sf/ehcache/ehcache-core/2.6.3/ehcache-core-2.6.3.jar
Download http://repo.springsource.org/libs-release/org/quartz-scheduler/quartz/1.8.3/quartz-1.8.3.jar
Download http://repo.springsource.org/libs-release/org/freemarker/freemarker/2.3.15/freemarker-2.3.15.jar
Download http://repo.springsource.org/libs-release/net/sf/jasperreports/jasperreports/5.0.4/jasperreports-5.0.4.jar
Note: /home/ubuntu/bugs/spring-framework/spring-context-support/src/main/java/org/springframework/cache/ehcache/EhCacheFactoryBean.java uses or overrides a deprecated API.
Note: Recompile with -Xlint:deprecation for details.
Note: Some input files use unchecked or unsafe operations.
Note: Recompile with -Xlint:unchecked for details.
:spring-context-support:processResources
:spring-context-support:classes
:spring-context-support:jar
:spring-oxm:compileJava
Download http://repo.springsource.org/libs-release/commons-lang/commons-lang/2.5/commons-lang-2.5.pom
Download http://repo.springsource.org/libs-release/commons-lang/commons-lang/2.5/commons-lang-2.5.jar
Download http://repo.springsource.org/libs-release/com/thoughtworks/xstream/xstream/1.3.1/xstream-1.3.1.pom
Download http://repo.springsource.org/libs-release/com/thoughtworks/xstream/xstream-parent/1.3.1/xstream-parent-1.3.1.pom
Download http://repo.springsource.org/libs-release/org/jibx/jibx-run/1.2.3/jibx-run-1.2.3.pom
Download http://repo.springsource.org/libs-release/org/jibx/config/main-reactor/1.2.3/main-reactor-1.2.3.pom
Download http://repo.springsource.org/libs-release/org/jibx/config/jibx-parent/1/jibx-parent-1.pom
Download http://repo.springsource.org/libs-release/org/sonatype/oss/oss-parent/6/oss-parent-6.pom
Download http://repo.springsource.org/libs-release/org/apache/xmlbeans/xmlbeans/2.4.0/xmlbeans-2.4.0.pom
Download http://repo.springsource.org/libs-release/joda-time/joda-time/1.6.2/joda-time-1.6.2.pom
Download http://repo.springsource.org/libs-release/com/thoughtworks/xstream/xstream/1.3.1/xstream-1.3.1.jar
Download http://repo.springsource.org/libs-release/org/jibx/jibx-run/1.2.3/jibx-run-1.2.3.jar
Download http://repo.springsource.org/libs-release/org/apache/xmlbeans/xmlbeans/2.4.0/xmlbeans-2.4.0.jar
Download http://repo.springsource.org/libs-release/joda-time/joda-time/1.6.2/joda-time-1.6.2.jar
Note: Some input files use unchecked or unsafe operations.
Note: Recompile with -Xlint:unchecked for details.
:spring-oxm:processResources
:spring-oxm:classes
:spring-oxm:jar
:spring-web:compileJava
Download http://repo.springsource.org/libs-release/com/caucho/hessian/3.2.1/hessian-3.2.1.pom
Download http://repo.springsource.org/libs-release/org/codehaus/jackson/jackson-mapper-asl/1.4.2/jackson-mapper-asl-1.4.2.pom
Download http://repo.springsource.org/libs-release/com/fasterxml/jackson/core/jackson-databind/2.0.1/jackson-databind-2.0.1.pom
Download http://repo.springsource.org/libs-release/org/codehaus/jackson/jackson-core-asl/1.4.2/jackson-core-asl-1.4.2.pom
Download http://repo.springsource.org/libs-release/com/fasterxml/jackson/core/jackson-annotations/2.0.1/jackson-annotations-2.0.1.pom
Download http://repo.springsource.org/libs-release/com/fasterxml/jackson/core/jackson-core/2.0.1/jackson-core-2.0.1.pom
Download http://repo.springsource.org/libs-release/com/caucho/hessian/3.2.1/hessian-3.2.1.jar
Download http://repo.springsource.org/libs-release/org/codehaus/jackson/jackson-mapper-asl/1.4.2/jackson-mapper-asl-1.4.2.jar
Download http://repo.springsource.org/libs-release/com/fasterxml/jackson/core/jackson-databind/2.0.1/jackson-databind-2.0.1.jar
Download http://repo.springsource.org/libs-release/org/codehaus/jackson/jackson-core-asl/1.4.2/jackson-core-asl-1.4.2.jar
Download http://repo.springsource.org/libs-release/com/fasterxml/jackson/core/jackson-annotations/2.0.1/jackson-annotations-2.0.1.jar
Download http://repo.springsource.org/libs-release/com/fasterxml/jackson/core/jackson-core/2.0.1/jackson-core-2.0.1.jar
/home/ubuntu/bugs/spring-framework/spring-web/src/main/java/org/springframework/web/util/UriComponents.java:42: warning: [serial] serializable class UriComponents has no definition of serialVersionUID
public abstract class UriComponents implements Serializable {
                ^
Note: /home/ubuntu/bugs/spring-framework/spring-web/src/main/java/org/springframework/web/client/RestTemplate.java uses or overrides a deprecated API.
Note: Recompile with -Xlint:deprecation for details.
Note: Some input files use unchecked or unsafe operations.
Note: Recompile with -Xlint:unchecked for details.
1 warning
:spring-web:processResources
:spring-web:classes
:spring-web:jar
:spring-orm:compileJava/home/ubuntu/bugs/spring-framework/spring-orm/src/main/java/org/springframework/orm/jpa/AbstractEntityManagerFactoryBean.java:83: warning: [serial] serializable class AbstractEntityManagerFactoryBean has no definition of serialVersionUID
public abstract class AbstractEntityManagerFactoryBean implements
                ^
Note: Some input files use or override a deprecated API.
Note: Recompile with -Xlint:deprecation for details.
Note: /home/ubuntu/bugs/spring-framework/spring-orm/src/main/java/org/springframework/orm/jpa/EntityManagerFactoryUtils.java uses unchecked or unsafe operations.
Note: Recompile with -Xlint:unchecked for details.
1 warning

:spring-orm:processResources UP-TO-DATE
:spring-orm:classes
:spring-orm-hibernate4:compileJava
Download http://repo.springsource.org/libs-release/org/hibernate/hibernate-core/4.2.0.Final/hibernate-core-4.2.0.Final.pom
Download http://repo.springsource.org/libs-release/org/hibernate/hibernate-entitymanager/4.2.0.Final/hibernate-entitymanager-4.2.0.Final.pom
Download http://repo.springsource.org/libs-release/org/jboss/spec/javax/transaction/jboss-transaction-api_1.1_spec/1.0.0.Final/jboss-transaction-api_1.1_spec-1.0.0.Final.pom
Download http://repo.springsource.org/libs-release/org/jboss/spec/jboss-specs-parent/1.0.0.Beta2/jboss-specs-parent-1.0.0.Beta2.pom
Download http://repo.springsource.org/libs-release/org/jboss/jboss-parent/5/jboss-parent-5.pom
Download http://repo.springsource.org/libs-release/org/hibernate/hibernate-core/4.2.0.Final/hibernate-core-4.2.0.Final.jar
Download http://repo.springsource.org/libs-release/org/hibernate/hibernate-entitymanager/4.2.0.Final/hibernate-entitymanager-4.2.0.Final.jar
Download http://repo.springsource.org/libs-release/org/jboss/spec/javax/transaction/jboss-transaction-api_1.1_spec/1.0.0.Final/jboss-transaction-api_1.1_spec-1.0.0.Final.jar
Note: /home/ubuntu/bugs/spring-framework/spring-orm-hibernate4/src/main/java/org/springframework/orm/hibernate4/SessionFactoryUtils.java uses or overrides a deprecated API.
Note: Recompile with -Xlint:deprecation for details.
:spring-orm-hibernate4:processResources UP-TO-DATE
:spring-orm-hibernate4:classes
:spring-orm:jar
:spring-aspects:compileJava
[ant:iajc] /home/ubuntu/bugs/spring-framework/spring-aspects/src/main/java/org/springframework/orm/jpa/aspectj/JpaExceptionTranslatorAspect.aj:1 [error] The type java.lang.CharSequence cannot be resolved. It is indirectly referenced from required .class files
[ant:iajc] (no source information available)
[ant:iajc] /home/ubuntu/bugs/spring-framework/spring-aspects/src/main/java/org/springframework/mock/staticmock/AbstractMethodMockingControl.aj:1 [error] The type java.io.ObjectInputStream cannot be resolved. It is indirectly referenced from required .class files
[ant:iajc] (no source information available)
[ant:iajc] /home/ubuntu/bugs/spring-framework/spring-aspects/src/main/java/org/springframework/mock/staticmock/AbstractMethodMockingControl.aj:19 [error] The import java.util.Arrays cannot be resolved
[ant:iajc] import java.util.Arrays;
[ant:iajc]        ^^^^^^^^^^^^^^^
[ant:iajc] /home/ubuntu/bugs/spring-framework/spring-aspects/src/main/java/org/springframework/mock/staticmock/AbstractMethodMockingControl.aj:87 [error] Arrays cannot be resolved
[ant:iajc] if (!Arrays.equals(this.args, args)) {
[ant:iajc]      ^
[ant:iajc] 
[ant:iajc] 4 errors
:spring-aspects:compileJava FAILED

FAILURE: Build failed with an exception.

* Where:
Script '/home/ubuntu/bugs/spring-framework/spring-aspects/aspects.gradle' line: 37

* What went wrong:
Execution failed for task ':spring-aspects:compileJava'.
> compile errors: 4

* Try:
Run with --stacktrace option to get the stack trace. Run with --info or --debug option to get more log output.

BUILD FAILED

Total time: 1 mins 25.495 secs
