OpenJDK 64-Bit Server VM warning: ignoring option MaxPermSize=1024m; support was removed in 8.0
:buildSrc:compileJava UP-TO-DATE
:buildSrc:compileGroovy
:buildSrc:processResources
:buildSrc:classes
:buildSrc:jar
:buildSrc:assemble
:buildSrc:compileTestJava UP-TO-DATE
:buildSrc:compileTestGroovy UP-TO-DATE
:buildSrc:processTestResources UP-TO-DATE
:buildSrc:testClasses UP-TO-DATE
:buildSrc:test
:buildSrc:check
:buildSrc:build
:assemble
:build
:spring-core:asmRepackJar
:spring-core:cglibRepackJar
:spring-core:compileJavaNote: /home/ubuntu/bugs/spring-framework/spring-core/src/main/java/org/springframework/core/enums/AbstractCachingLabeledEnumResolver.java uses or overrides a deprecated API.
Note: Recompile with -Xlint:deprecation for details.
Note: Some input files use unchecked or unsafe operations.
Note: Recompile with -Xlint:unchecked for details.

:spring-core:processResources UP-TO-DATE
:spring-core:classes
:spring-core:jar
:spring-beans:compileJava
Download http://repo.springsource.org/libs-release/javax/el/el-api/1.0/el-api-1.0.pom
Download http://repo.springsource.org/libs-release/javax/el/el-api/1.0/el-api-1.0.jar
Note: /home/ubuntu/bugs/spring-framework/spring-beans/src/main/java/org/springframework/beans/factory/xml/ResourceEntityResolver.java uses or overrides a deprecated API.
Note: Recompile with -Xlint:deprecation for details.
Note: Some input files use unchecked or unsafe operations.
Note: Recompile with -Xlint:unchecked for details.
:spring-beans:processResources
:spring-beans:classes
:spring-beans:jar
:spring-aop:compileJava/home/ubuntu/bugs/spring-framework/spring-aop/src/main/java/org/springframework/aop/target/AbstractPrototypeBasedTargetSource.java:46: warning: [serial] serializable class AbstractPrototypeBasedTargetSource has no definition of serialVersionUID
public abstract class AbstractPrototypeBasedTargetSource extends AbstractBeanFactoryBasedTargetSource {
                ^
/home/ubuntu/bugs/spring-framework/spring-aop/src/main/java/org/springframework/aop/target/AbstractPoolingTargetSource.java:53: warning: [serial] serializable class AbstractPoolingTargetSource has no definition of serialVersionUID
public abstract class AbstractPoolingTargetSource extends AbstractPrototypeBasedTargetSource
                ^
Note: Some input files use or override a deprecated API.
Note: Recompile with -Xlint:deprecation for details.
Note: Some input files use unchecked or unsafe operations.
Note: Recompile with -Xlint:unchecked for details.
2 warnings

:spring-aop:processResources
:spring-aop:classes
:spring-aop:jar
:spring-aop:sourcesJar
:spring-aop:assemble
:spring-aop:build
:spring-aspects:processResources
:spring-expression:compileJava
:spring-expression:processResources UP-TO-DATE
:spring-expression:classes
:spring-expression:jar
:spring-instrument:compileJava
:spring-instrument:processResources UP-TO-DATE
:spring-instrument:classes
:spring-instrument:jar
:spring-context:compileJava
Download http://repo.springsource.org/libs-release/backport-util-concurrent/backport-util-concurrent/3.0/backport-util-concurrent-3.0.pom
Download http://repo.springsource.org/libs-release/javax/persistence/persistence-api/1.0/persistence-api-1.0.pom
Download http://repo.springsource.org/libs-release/backport-util-concurrent/backport-util-concurrent/3.0/backport-util-concurrent-3.0.jar
Download http://repo.springsource.org/libs-release/javax/persistence/persistence-api/1.0/persistence-api-1.0.jar
Note: Some input files use or override a deprecated API.
Note: Recompile with -Xlint:deprecation for details.
Note: Some input files use unchecked or unsafe operations.
Note: Recompile with -Xlint:unchecked for details.
:spring-context:processResources
:spring-context:classes
:spring-context:jar
:spring-tx:compileJavaNote: Some input files use unchecked or unsafe operations.
Note: Recompile with -Xlint:unchecked for details.

:spring-tx:processResources
:spring-tx:classes
:spring-tx:jar
:spring-jdbc:compileJava/home/ubuntu/bugs/spring-framework/spring-jdbc/src/main/java/org/springframework/jdbc/core/SqlRowSetResultSetExtractor.java:135: warning: CachedRowSetImpl is internal proprietary API and may be removed in a future release
			return new com.sun.rowset.CachedRowSetImpl();
			                         ^
Note: Some input files use unchecked or unsafe operations.
Note: Recompile with -Xlint:unchecked for details.
1 warning

:spring-jdbc:processResources
:spring-jdbc:classes
:spring-jdbc:jar
:spring-context-support:compileJava
Download http://repo.springsource.org/libs-release/net/sf/ehcache/ehcache-core/2.0.0/ehcache-core-2.0.0.pom
Download http://repo.springsource.org/libs-release/net/sf/ehcache/ehcache-parent/2.1/ehcache-parent-2.1.pom
Download http://repo.springsource.org/libs-release/opensymphony/quartz/1.6.2/quartz-1.6.2.pom
Download http://repo.springsource.org/libs-release/velocity/velocity/1.5/velocity-1.5.pom
Download http://repo.springsource.org/libs-release/jasperreports/jasperreports/2.0.5/jasperreports-2.0.5.pom
Download http://repo.springsource.org/libs-release/commons-beanutils/commons-beanutils/1.7.0/commons-beanutils-1.7.0.pom
Download http://repo.springsource.org/libs-release/commons-collections/commons-collections/20040616/commons-collections-20040616.pom
Download http://repo.springsource.org/libs-release/commons-logging/commons-logging/1.2/commons-logging-1.2.pom
Download http://repo.springsource.org/libs-release/com/lowagie/itext/4.2.2/itext-4.2.2.pom
Download http://repo.springsource.org/libs-release/jfree/jcommon/1.0.16/jcommon-1.0.16.pom
Download http://repo.springsource.org/libs-release/jfree/jfreechart/1.0.13/jfreechart-1.0.13.pom
Download http://repo.springsource.org/libs-release/eclipse/jdtcore/3.2.0.v_658/jdtcore-3.2.0.v_658.pom

FAILURE: Build failed with an exception.

* What went wrong:
Could not resolve all dependencies for configuration ':spring-context-support:optional'.
> Could not find group:com.itextpdf, module:itextpdf, version:4.2.2.
  Required by:
      org.springframework:spring-context-support:3.2.3.BUILD-SNAPSHOT > com.lowagie:itext:4.2.2

* Try:
Run with --stacktrace option to get the stack trace. Run with --info or --debug option to get more log output.

BUILD FAILED

Total time: 47.082 secs
