OpenJDK 64-Bit Server VM warning: ignoring option MaxPermSize=1024m; support was removed in 8.0
:buildSrc:compileJava UP-TO-DATE
:buildSrc:compileGroovy
:buildSrc:processResources
:buildSrc:classes
:buildSrc:jar
:buildSrc:assemble
:buildSrc:compileTestJava UP-TO-DATE
:buildSrc:compileTestGroovy UP-TO-DATE
:buildSrc:processTestResources UP-TO-DATE
:buildSrc:testClasses UP-TO-DATE
:buildSrc:test
:buildSrc:check
:buildSrc:build
Packages [/org/springframework/instrument/classloading] are split between directories './spring-instrument-tomcat' and './spring-context'
Packages [/org/springframework/test/util] are split between directories './spring-test' and './spring-test-mvc'

FAILURE: Build failed with an exception.

* Where:
Build file '/home/ubuntu/bugs/spring-framework/build.gradle' line: 13

* What went wrong:
A problem occurred evaluating root project 'spring'.
> assert !splitFound // see error log messages for details of split packages
         ||
         |true
         false

* Try:
Run with --stacktrace option to get the stack trace. Run with --info or --debug option to get more log output.

BUILD FAILED

Total time: 11.765 secs
