OpenJDK 64-Bit Server VM warning: ignoring option MaxPermSize=1024m; support was removed in 8.0
:assemble
:build
:spring-core:asmRepackJar
:spring-core:cglibRepackJar
:spring-core:compileJavaNote: Some input files use unchecked or unsafe operations.
Note: Recompile with -Xlint:unchecked for details.

:spring-core:processResources UP-TO-DATE
:spring-core:classes
:spring-core:jar
:spring-beans:compileJavaNote: Some input files use or override a deprecated API.
Note: Recompile with -Xlint:deprecation for details.
Note: Some input files use unchecked or unsafe operations.
Note: Recompile with -Xlint:unchecked for details.

:spring-beans:processResources
:spring-beans:classes
:spring-beans:jar
:spring-aop:compileJavaNote: Some input files use or override a deprecated API.
Note: Recompile with -Xlint:deprecation for details.
Note: Some input files use unchecked or unsafe operations.
Note: Recompile with -Xlint:unchecked for details.

:spring-aop:processResources
:spring-aop:classes
:spring-aop:jar
:spring-aop:sourcesJar
:spring-aop:assemble
:spring-aop:build
:spring-aspects:processResources
:spring-expression:compileJava
:spring-expression:processResources UP-TO-DATE
:spring-expression:classes
:spring-expression:jar
:spring-instrument:compileJava
:spring-instrument:processResources UP-TO-DATE
:spring-instrument:classes
:spring-instrument:jar
:spring-context:compileJavaNote: Some input files use or override a deprecated API.
Note: Recompile with -Xlint:deprecation for details.
Note: Some input files use unchecked or unsafe operations.
Note: Recompile with -Xlint:unchecked for details.

:spring-context:processResources
:spring-context:classes
:spring-context:jar
:spring-tx:compileJavaNote: Some input files use unchecked or unsafe operations.
Note: Recompile with -Xlint:unchecked for details.

:spring-tx:processResources
:spring-tx:classes
:spring-tx:jar
:spring-jdbc:compileJava/home/ubuntu/bugs/spring-framework/spring-jdbc/src/main/java/org/springframework/jdbc/core/SqlRowSetResultSetExtractor.java:25: warning: CachedRowSetImpl is internal proprietary API and may be removed in a future release
import com.sun.rowset.CachedRowSetImpl;
                     ^
/home/ubuntu/bugs/spring-framework/spring-jdbc/src/main/java/org/springframework/jdbc/core/SqlRowSetResultSetExtractor.java:138: warning: CachedRowSetImpl is internal proprietary API and may be removed in a future release
			return new CachedRowSetImpl();
			           ^
Note: Some input files use unchecked or unsafe operations.
Note: Recompile with -Xlint:unchecked for details.
2 warnings

:spring-jdbc:processResources
:spring-jdbc:classes
:spring-jdbc:jar
:spring-context-support:compileJava
Download http://repo.springsource.org/libs-release/net/sf/ehcache/ehcache-core/2.0.0/ehcache-core-2.0.0.jar
Download http://repo.springsource.org/libs-release/opensymphony/quartz/1.6.2/quartz-1.6.2.jar
Download http://repo.springsource.org/libs-release/jasperreports/jasperreports/2.0.5/jasperreports-2.0.5.jar
Note: Some input files use or override a deprecated API.
Note: Recompile with -Xlint:deprecation for details.
Note: Some input files use unchecked or unsafe operations.
Note: Recompile with -Xlint:unchecked for details.
:spring-context-support:processResources
:spring-context-support:classes
:spring-context-support:jar
:spring-oxm:compileJava
Download http://repo.springsource.org/libs-release/com/sun/xml/bind/jaxb-impl/2.1.7/jaxb-impl-2.1.7.pom
Download http://repo.springsource.org/libs-release/javax/xml/bind/jaxb-api/2.1/jaxb-api-2.1.pom
Download http://repo.springsource.org/libs-release/com/sun/xml/bind/jaxb-impl/2.1.7/jaxb-impl-2.1.7.jar
Download http://repo.springsource.org/libs-release/javax/xml/bind/jaxb-api/2.1/jaxb-api-2.1.jar
Note: Some input files use unchecked or unsafe operations.
Note: Recompile with -Xlint:unchecked for details.
:spring-oxm:processResources
:spring-oxm:classes
:spring-oxm:jar
:spring-web:compileJava
Download http://repo.springsource.org/libs-release/javax/xml/soap/saaj-api/1.3/saaj-api-1.3.pom
Download http://repo.springsource.org/libs-release/activation/activation/1.0.2/activation-1.0.2.pom
Download http://repo.springsource.org/libs-release/javax/xml/soap/saaj-api/1.3/saaj-api-1.3.jar
Download http://repo.springsource.org/libs-release/javax/xml/jaxrpc-api/1.1/jaxrpc-api-1.1.pom
Download http://repo.springsource.org/libs-release/javax/xml/jaxrpc-api/1.1/jaxrpc-api-1.1.jar
Note: Some input files use or override a deprecated API.
Note: Recompile with -Xlint:deprecation for details.
Note: Some input files use unchecked or unsafe operations.
Note: Recompile with -Xlint:unchecked for details.
:spring-web:processResources
:spring-web:classes
:spring-web:jar
:spring-orm:compileJava
Download http://repo.springsource.org/libs-release/javax/servlet/servlet-api/2.5/servlet-api-2.5.pom
Download http://repo.springsource.org/libs-release/javax/servlet/servlet-api/2.5/servlet-api-2.5.jar
Download http://repo.springsource.org/libs-release/org/hibernate/hibernate-core/3.3.2.GA/hibernate-core-3.3.2.GA.pom
Download http://repo.springsource.org/libs-release/org/hibernate/hibernate-parent/3.3.2.GA/hibernate-parent-3.3.2.GA.pom
Download http://repo.springsource.org/libs-release/org/hibernate/hibernate-annotations/3.4.0.GA/hibernate-annotations-3.4.0.GA.pom
Download http://repo.springsource.org/libs-release/org/hibernate/hibernate-entitymanager/3.4.0.GA/hibernate-entitymanager-3.4.0.GA.pom
Download http://repo.springsource.org/libs-release/org/apache/openjpa/openjpa/1.1.0/openjpa-1.1.0.pom
Download http://repo.springsource.org/libs-release/org/apache/openjpa/openjpa-parent/1.1.0/openjpa-parent-1.1.0.pom
Download http://repo.springsource.org/libs-release/org/eclipse/persistence/org.eclipse.persistence.core/1.0.1/org.eclipse.persistence.core-1.0.1.pom
Download http://repo.springsource.org/libs-release/org/eclipse/persistence/org.eclipse.persistence.jpa/1.0.1/org.eclipse.persistence.jpa-1.0.1.pom
Download http://repo.springsource.org/libs-release/toplink/essentials/toplink-essentials/2.0-41b/toplink-essentials-2.0-41b.pom
Download http://repo.springsource.org/libs-release/org/apache/ibatis/ibatis-sqlmap/2.3.4.726/ibatis-sqlmap-2.3.4.726.pom
Download http://repo.springsource.org/libs-release/org/slf4j/slf4j-api/1.5.8/slf4j-api-1.5.8.pom
Download http://repo.springsource.org/libs-release/org/slf4j/slf4j-parent/1.5.8/slf4j-parent-1.5.8.pom
Download http://repo.springsource.org/libs-release/org/hibernate/ejb3-persistence/1.0.2.GA/ejb3-persistence-1.0.2.GA.pom
Download http://repo.springsource.org/libs-release/org/hibernate/hibernate-commons-annotations/3.1.0.GA/hibernate-commons-annotations-3.1.0.GA.pom
Download http://repo.springsource.org/libs-release/javassist/javassist/3.4.GA/javassist-3.4.GA.pom
Download http://repo.springsource.org/libs-release/commons-pool/commons-pool/1.3/commons-pool-1.3.pom
Download http://repo.springsource.org/libs-release/org/apache/geronimo/specs/geronimo-jms_1.1_spec/1.0.1/geronimo-jms_1.1_spec-1.0.1.pom
Download http://repo.springsource.org/libs-release/org/apache/geronimo/specs/specs/1.1/specs-1.1.pom
Download http://repo.springsource.org/libs-release/org/apache/apache/1/apache-1.pom
Download http://repo.springsource.org/libs-release/org/apache/geronimo/specs/geronimo-jpa_3.0_spec/1.0/geronimo-jpa_3.0_spec-1.0.pom
Download http://repo.springsource.org/libs-release/commons-collections/commons-collections/3.2/commons-collections-3.2.pom
Download http://repo.springsource.org/libs-release/org/hibernate/hibernate-core/3.3.2.GA/hibernate-core-3.3.2.GA.jar
Download http://repo.springsource.org/libs-release/org/hibernate/hibernate-annotations/3.4.0.GA/hibernate-annotations-3.4.0.GA.jar
Download http://repo.springsource.org/libs-release/org/hibernate/hibernate-entitymanager/3.4.0.GA/hibernate-entitymanager-3.4.0.GA.jar
Download http://repo.springsource.org/libs-release/org/apache/openjpa/openjpa/1.1.0/openjpa-1.1.0.jar
Download http://repo.springsource.org/libs-release/org/eclipse/persistence/org.eclipse.persistence.core/1.0.1/org.eclipse.persistence.core-1.0.1.jar
Download http://repo.springsource.org/libs-release/org/eclipse/persistence/org.eclipse.persistence.jpa/1.0.1/org.eclipse.persistence.jpa-1.0.1.jar
Download http://repo.springsource.org/libs-release/toplink/essentials/toplink-essentials/2.0-41b/toplink-essentials-2.0-41b.jar
Download http://repo.springsource.org/libs-release/org/apache/ibatis/ibatis-sqlmap/2.3.4.726/ibatis-sqlmap-2.3.4.726.jar
Download http://repo.springsource.org/libs-release/xml-apis/xml-apis/1.0.b2/xml-apis-1.0.b2.jar
Download http://repo.springsource.org/libs-release/org/slf4j/slf4j-api/1.5.8/slf4j-api-1.5.8.jar
Download http://repo.springsource.org/libs-release/commons-collections/commons-collections/3.2/commons-collections-3.2.jar
Download http://repo.springsource.org/libs-release/org/hibernate/ejb3-persistence/1.0.2.GA/ejb3-persistence-1.0.2.GA.jar
Download http://repo.springsource.org/libs-release/org/hibernate/hibernate-commons-annotations/3.1.0.GA/hibernate-commons-annotations-3.1.0.GA.jar
Download http://repo.springsource.org/libs-release/javassist/javassist/3.4.GA/javassist-3.4.GA.jar
Download http://repo.springsource.org/libs-release/commons-pool/commons-pool/1.3/commons-pool-1.3.jar
Download http://repo.springsource.org/libs-release/org/apache/geronimo/specs/geronimo-jms_1.1_spec/1.0.1/geronimo-jms_1.1_spec-1.0.1.jar
Download http://repo.springsource.org/libs-release/org/apache/geronimo/specs/geronimo-jpa_3.0_spec/1.0/geronimo-jpa_3.0_spec-1.0.jar
Note: Some input files use or override a deprecated API.
Note: Recompile with -Xlint:deprecation for details.
Note: Some input files use unchecked or unsafe operations.
Note: Recompile with -Xlint:unchecked for details.
:spring-orm:processResources UP-TO-DATE
:spring-orm:classes
:spring-orm-hibernate4:compileJava
Download http://repo.springsource.org/libs-release/org/hibernate/hibernate-core/4.1.0.Final/hibernate-core-4.1.0.Final.pom
Download http://repo.springsource.org/libs-release/org/hibernate/hibernate-entitymanager/4.1.0.Final/hibernate-entitymanager-4.1.0.Final.pom
Download http://repo.springsource.org/libs-release/org/hibernate/hibernate-core/4.1.0.Final/hibernate-core-4.1.0.Final.jar
Download http://repo.springsource.org/libs-release/org/hibernate/hibernate-entitymanager/4.1.0.Final/hibernate-entitymanager-4.1.0.Final.jar
:spring-orm-hibernate4:processResources UP-TO-DATE
:spring-orm-hibernate4:classes
:spring-orm:jar
:spring-aspects:compileJava
Download http://repo.springsource.org/libs-release/org/aspectj/aspectjtools/1.6.12/aspectjtools-1.6.12.pom
Download http://repo.springsource.org/libs-release/org/aspectj/aspectjtools/1.6.12/aspectjtools-1.6.12.jar
[ant:iajc] [warning] couldn't find aspectjrt.jar on classpath, checked: /usr/lib/jvm/java-8-openjdk-amd64/jre/lib/resources.jar:/usr/lib/jvm/java-8-openjdk-amd64/jre/lib/rt.jar:/usr/lib/jvm/java-8-openjdk-amd64/jre/lib/sunrsasign.jar:/usr/lib/jvm/java-8-openjdk-amd64/jre/lib/jsse.jar:/usr/lib/jvm/java-8-openjdk-amd64/jre/lib/jce.jar:/usr/lib/jvm/java-8-openjdk-amd64/jre/lib/charsets.jar:/usr/lib/jvm/java-8-openjdk-amd64/jre/lib/jfr.jar:/usr/lib/jvm/java-8-openjdk-amd64/jre/classes:/home/ubuntu/bugs/spring-framework/spring-core/build/libs/spring-asm-repack-4.0.jar:/home/ubuntu/bugs/spring-framework/spring-core/build/libs/spring-cglib-repack-3.0.jar:/home/ubuntu/bugs/spring-framework/spring-orm/build/libs/spring-orm-3.2.0.BUILD-SNAPSHOT.jar:/home/ubuntu/.gradle/caches/artifacts-15/filestore/aopalliance/aopalliance/1.0/jar/235ba8b489512805ac13a8f9ea77a1ca5ebe3e8/aopalliance-1.0.jar:/home/ubuntu/.gradle/caches/artifacts-15/filestore/commons-logging/commons-logging/1.1.1/jar/5043bfebc3db072ed80fbd362e7caf00e885d8ae/commons-logging-1.1.1.jar:/home/ubuntu/bugs/spring-framework/spring-core/build/libs/spring-core-3.2.0.BUILD-SNAPSHOT.jar:/home/ubuntu/bugs/spring-framework/spring-beans/build/libs/spring-beans-3.2.0.BUILD-SNAPSHOT.jar:/home/ubuntu/bugs/spring-framework/spring-tx/build/libs/spring-tx-3.2.0.BUILD-SNAPSHOT.jar:/home/ubuntu/bugs/spring-framework/spring-jdbc/build/libs/spring-jdbc-3.2.0.BUILD-SNAPSHOT.jar:/usr/lib/jvm/java-8-openjdk-amd64/jre/lib/ext/nashorn.jar:/usr/lib/jvm/java-8-openjdk-amd64/jre/lib/ext/localedata.jar:/usr/lib/jvm/java-8-openjdk-amd64/jre/lib/ext/sunec.jar:/usr/lib/jvm/java-8-openjdk-amd64/jre/lib/ext/dnsns.jar:/usr/lib/jvm/java-8-openjdk-amd64/jre/lib/ext/icedtea-sound.jar:/usr/lib/jvm/java-8-openjdk-amd64/jre/lib/ext/jaccess.jar:/usr/lib/jvm/java-8-openjdk-amd64/jre/lib/ext/sunpkcs11.jar:/usr/lib/jvm/java-8-openjdk-amd64/jre/lib/ext/sunjce_provider.jar:/usr/lib/jvm/java-8-openjdk-amd64/jre/lib/ext/cldrdata.jar:/usr/lib/jvm/java-8-openjdk-amd64/jre/lib/ext/zipfs.jar:/home/ubuntu/bugs/spring-framework/spring-aspects/build/classes/main:/home/ubuntu/bugs/spring-framework/spring-aspects/build/resources/main:/home/ubuntu/bugs/spring-framework/spring-core/build/libs/spring-asm-repack-4.0.jar:/home/ubuntu/bugs/spring-framework/spring-core/build/libs/spring-cglib-repack-3.0.jar:/home/ubuntu/bugs/spring-framework/spring-context-support/build/libs/spring-context-support-3.2.0.BUILD-SNAPSHOT.jar:/home/ubuntu/.gradle/caches/artifacts-15/filestore/org.aspectj/aspectjweaver/1.6.12/jar/e885e7ba80175986cfd6a84b0ce118407621f11b/aspectjweaver-1.6.12.jar:/home/ubuntu/bugs/spring-framework/spring-beans/build/libs/spring-beans-3.2.0.BUILD-SNAPSHOT.jar:/home/ubuntu/.gradle/caches/artifacts-15/filestore/commons-logging/commons-logging/1.1.1/jar/5043bfebc3db072ed80fbd362e7caf00e885d8ae/commons-logging-1.1.1.jar:/home/ubuntu/bugs/spring-framework/spring-core/build/libs/spring-core-3.2.0.BUILD-SNAPSHOT.jar:/home/ubuntu/.gradle/caches/artifacts-15/filestore/aopalliance/aopalliance/1.0/jar/235ba8b489512805ac13a8f9ea77a1ca5ebe3e8/aopalliance-1.0.jar:/home/ubuntu/bugs/spring-framework/spring-aop/build/libs/spring-aop-3.2.0.BUILD-SNAPSHOT.jar:/home/ubuntu/bugs/spring-framework/spring-expression/build/libs/spring-expression-3.2.0.BUILD-SNAPSHOT.jar:/home/ubuntu/bugs/spring-framework/spring-context/build/libs/spring-context-3.2.0.BUILD-SNAPSHOT.jar:/home/ubuntu/.gradle/caches/artifacts-15/filestore/javax.persistence/persistence-api/1.0/jar/5725f57873e05e068803e2bf9d5a8ea3740ffec5/persistence-api-1.0.jar:/home/ubuntu/bugs/spring-framework/spring-tx/build/libs/spring-tx-3.2.0.BUILD-SNAPSHOT.jar:/home/ubuntu/bugs/spring-framework/spring-orm/build/libs/spring-orm-3.2.0.BUILD-SNAPSHOT.jar:/home/ubuntu/bugs/spring-framework/spring-jdbc/build/libs/spring-jdbc-3.2.0.BUILD-SNAPSHOT.jar
[ant:iajc] 	
[ant:iajc] org.aspectj.apache.bcel.classfile.ClassFormatException: Invalid byte tag in constant pool: 18
[ant:iajc] 	at org.aspectj.apache.bcel.classfile.Constant.readConstant(Constant.java:133)
[ant:iajc] 	at org.aspectj.apache.bcel.classfile.ConstantPool.<init>(ConstantPool.java:45)
[ant:iajc] 	at org.aspectj.apache.bcel.classfile.ClassParser.readConstantPool(ClassParser.java:186)
[ant:iajc] 	at org.aspectj.apache.bcel.classfile.ClassParser.parse(ClassParser.java:131)
[ant:iajc] 	at org.aspectj.weaver.bcel.BcelWorld.lookupJavaClass(BcelWorld.java:424)
[ant:iajc] 	at org.aspectj.weaver.bcel.BcelWorld.resolveDelegate(BcelWorld.java:376)
[ant:iajc] 	at org.aspectj.weaver.World.resolveToReferenceType(World.java:485)
[ant:iajc] 	at org.aspectj.weaver.World.resolve(World.java:326)
[ant:iajc] 	at org.aspectj.weaver.World.resolve(World.java:236)
[ant:iajc] 	at org.aspectj.weaver.bcel.BcelGenericSignatureToTypeXConverter.classTypeSignature2TypeX(BcelGenericSignatureToTypeXConverter.java:97)
[ant:iajc] 	at org.aspectj.weaver.bcel.BcelGenericSignatureToTypeXConverter.classTypeSignature2TypeX(BcelGenericSignatureToTypeXConverter.java:41)
[ant:iajc] 	at org.aspectj.weaver.bcel.BcelObjectType.ensureGenericSignatureUnpacked(BcelObjectType.java:810)
[ant:iajc] 	at org.aspectj.weaver.bcel.BcelObjectType.getSuperclass(BcelObjectType.java:231)
[ant:iajc] 	at org.aspectj.weaver.ReferenceType.getSuperclass(ReferenceType.java:920)
[ant:iajc] 	at org.aspectj.weaver.patterns.ExactAnnotationTypePattern.matches(ExactAnnotationTypePattern.java:176)
[ant:iajc] 	at org.aspectj.weaver.patterns.ExactAnnotationTypePattern.matches(ExactAnnotationTypePattern.java:96)
[ant:iajc] 	at org.aspectj.weaver.patterns.AnyWithAnnotationTypePattern.matchesExactly(AnyWithAnnotationTypePattern.java:55)
[ant:iajc] 	at org.aspectj.weaver.patterns.TypePattern.matchesStatically(TypePattern.java:132)
[ant:iajc] 	at org.aspectj.weaver.patterns.DeclareParents.match(DeclareParents.java:63)
[ant:iajc] 	at org.aspectj.weaver.patterns.DeclareParents.findMatchingNewParents(DeclareParents.java:358)
[ant:iajc] 	at org.aspectj.ajdt.internal.compiler.lookup.AjLookupEnvironment.doDeclareParents(AjLookupEnvironment.java:880)
[ant:iajc] 	at org.aspectj.ajdt.internal.compiler.lookup.AjLookupEnvironment.weaveInterTypeDeclarations(AjLookupEnvironment.java:730)
[ant:iajc] 	at org.aspectj.ajdt.internal.compiler.lookup.AjLookupEnvironment.weaveInterTypeDeclarations(AjLookupEnvironment.java:652)
[ant:iajc] 	at org.aspectj.ajdt.internal.compiler.lookup.AjLookupEnvironment.doPendingWeaves(AjLookupEnvironment.java:427)
[ant:iajc] 	at org.aspectj.ajdt.internal.compiler.lookup.AjLookupEnvironment.completeTypeBindings(AjLookupEnvironment.java:213)
[ant:iajc] 	at org.aspectj.org.eclipse.jdt.internal.compiler.Compiler.internalBeginToCompile(Compiler.java:616)
[ant:iajc] 	at org.aspectj.org.eclipse.jdt.internal.compiler.Compiler.beginToCompile(Compiler.java:357)
[ant:iajc] 	at org.aspectj.org.eclipse.jdt.internal.compiler.Compiler.compile(Compiler.java:371)
[ant:iajc] 	at org.aspectj.ajdt.internal.core.builder.AjBuildManager.performCompilation(AjBuildManager.java:1027)
[ant:iajc] 	at org.aspectj.ajdt.internal.core.builder.AjBuildManager.performBuild(AjBuildManager.java:271)
[ant:iajc] 	at org.aspectj.ajdt.internal.core.builder.AjBuildManager.batchBuild(AjBuildManager.java:184)
[ant:iajc] 	at org.aspectj.ajdt.ajc.AjdtCommand.doCommand(AjdtCommand.java:112)
[ant:iajc] 	at org.aspectj.ajdt.ajc.AjdtCommand.runCommand(AjdtCommand.java:60)
[ant:iajc] 	at org.aspectj.tools.ajc.Main.run(Main.java:371)
[ant:iajc] 	at org.aspectj.tools.ajc.Main.runMain(Main.java:248)
[ant:iajc] 	at org.aspectj.tools.ajc.Main.main(Main.java:84)
[ant:iajc] /home/ubuntu/bugs/spring-framework/spring-aspects/src/main/java/org/springframework/transaction/aspectj/AnnotationTransactionAspect.aj [error] Internal compiler error
[ant:iajc] org.aspectj.apache.bcel.classfile.ClassFormatException: File: 'java/lang/CharSequence.class': Invalid byte tag in constant pool: 18
[ant:iajc] 	at org.aspectj.apache.bcel.classfile.ClassParser.readConstantPool(ClassParser.java:192)
[ant:iajc] 	at org.aspectj.apache.bcel.classfile.ClassParser.parse(ClassParser.java:131)
[ant:iajc] 	at org.aspectj.weaver.bcel.BcelWorld.lookupJavaClass(BcelWorld.java:424)
[ant:iajc] 	at org.aspectj.weaver.bcel.BcelWorld.resolveDelegate(BcelWorld.java:376)
[ant:iajc] 	at org.aspectj.weaver.World.resolveToReferenceType(World.java:485)
[ant:iajc] 	at org.aspectj.weaver.World.resolve(World.java:326)
[ant:iajc] 	at org.aspectj.weaver.World.resolve(World.java:236)
[ant:iajc] 	at org.aspectj.weaver.bcel.BcelGenericSignatureToTypeXConverter.classTypeSignature2TypeX(BcelGenericSignatureToTypeXConverter.java:97)
[ant:iajc] 	at org.aspectj.weaver.bcel.BcelGenericSignatureToTypeXConverter.classTypeSignature2TypeX(BcelGenericSignatureToTypeXConverter.java:41)
[ant:iajc] 	at org.aspectj.weaver.bcel.BcelObjectType.ensureGenericSignatureUnpacked(BcelObjectType.java:810)
[ant:iajc] 	at org.aspectj.weaver.bcel.BcelObjectType.getSuperclass(BcelObjectType.java:231)
[ant:iajc] 	at org.aspectj.weaver.ReferenceType.getSuperclass(ReferenceType.java:920)
[ant:iajc] 	at org.aspectj.weaver.patterns.ExactAnnotationTypePattern.matches(ExactAnnotationTypePattern.java:176)
[ant:iajc] 	at org.aspectj.weaver.patterns.ExactAnnotationTypePattern.matches(ExactAnnotationTypePattern.java:96)
[ant:iajc] 	at org.aspectj.weaver.patterns.AnyWithAnnotationTypePattern.matchesExactly(AnyWithAnnotationTypePattern.java:55)
[ant:iajc] 	at org.aspectj.weaver.patterns.TypePattern.matchesStatically(TypePattern.java:132)
[ant:iajc] 	at org.aspectj.weaver.patterns.DeclareParents.match(DeclareParents.java:63)
[ant:iajc] 	at org.aspectj.weaver.patterns.DeclareParents.findMatchingNewParents(DeclareParents.java:358)
[ant:iajc] 	at org.aspectj.ajdt.internal.compiler.lookup.AjLookupEnvironment.doDeclareParents(AjLookupEnvironment.java:880)
[ant:iajc] 	at org.aspectj.ajdt.internal.compiler.lookup.AjLookupEnvironment.weaveInterTypeDeclarations(AjLookupEnvironment.java:730)
[ant:iajc] 	at org.aspectj.ajdt.internal.compiler.lookup.AjLookupEnvironment.weaveInterTypeDeclarations(AjLookupEnvironment.java:652)
[ant:iajc] 	at org.aspectj.ajdt.internal.compiler.lookup.AjLookupEnvironment.doPendingWeaves(AjLookupEnvironment.java:427)
[ant:iajc] 	at org.aspectj.ajdt.internal.compiler.lookup.AjLookupEnvironment.completeTypeBindings(AjLookupEnvironment.java:213)
[ant:iajc] 	at org.aspectj.org.eclipse.jdt.internal.compiler.Compiler.internalBeginToCompile(Compiler.java:616)
[ant:iajc] 	at org.aspectj.org.eclipse.jdt.internal.compiler.Compiler.beginToCompile(Compiler.java:357)
[ant:iajc] 	at org.aspectj.org.eclipse.jdt.internal.compiler.Compiler.compile(Compiler.java:371)
[ant:iajc] 	at org.aspectj.ajdt.internal.core.builder.AjBuildManager.performCompilation(AjBuildManager.java:1027)
[ant:iajc] 	at org.aspectj.ajdt.internal.core.builder.AjBuildManager.performBuild(AjBuildManager.java:271)
[ant:iajc] 	at org.aspectj.ajdt.internal.core.builder.AjBuildManager.batchBuild(AjBuildManager.java:184)
[ant:iajc] 	at org.aspectj.ajdt.ajc.AjdtCommand.doCommand(AjdtCommand.java:112)
[ant:iajc] 	at org.aspectj.ajdt.ajc.AjdtCommand.runCommand(AjdtCommand.java:60)
[ant:iajc] 	at org.aspectj.tools.ajc.Main.run(Main.java:371)
[ant:iajc] 	at org.aspectj.tools.ajc.Main.runMain(Main.java:248)
[ant:iajc] 	at org.aspectj.tools.ajc.Main.main(Main.java:84)
[ant:iajc] 
[ant:iajc] (no source information available)
[ant:iajc] ABORT
[ant:iajc] 	
[ant:iajc] Exception thrown from AspectJ 1.6.12
[ant:iajc] 
[ant:iajc] This might be logged as a bug already -- find current bugs at
[ant:iajc]   http://bugs.eclipse.org/bugs/buglist.cgi?product=AspectJ&component=Compiler
[ant:iajc] 
[ant:iajc] Bugs for exceptions thrown have titles File:line from the top stack, 
[ant:iajc] e.g., "SomeFile.java:243"
[ant:iajc] 
[ant:iajc] If you don't find the exception below in a bug, please add a new bug
[ant:iajc] at http://bugs.eclipse.org/bugs/enter_bug.cgi?product=AspectJ
[ant:iajc] To make the bug a priority, please include a test program
[ant:iajc] that can reproduce this exception.
[ant:iajc] File: 'java/lang/CharSequence.class': Invalid byte tag in constant pool: 18
[ant:iajc] 
[ant:iajc] when processing declare parents String
[ant:iajc] when weaving intertype declarations String
[ant:iajc] when weaving intertype declarations String
[ant:iajc] when completing type bindings 
[ant:iajc] when batch building BuildConfig[null] #Files=21 AopXmls=#0
[ant:iajc] File: 'java/lang/CharSequence.class': Invalid byte tag in constant pool: 18
[ant:iajc] org.aspectj.apache.bcel.classfile.ClassFormatException: File: 'java/lang/CharSequence.class': Invalid byte tag in constant pool: 18
[ant:iajc] 	at org.aspectj.apache.bcel.classfile.ClassParser.readConstantPool(ClassParser.java:192)
[ant:iajc] 	at org.aspectj.apache.bcel.classfile.ClassParser.parse(ClassParser.java:131)
[ant:iajc] 	at org.aspectj.weaver.bcel.BcelWorld.lookupJavaClass(BcelWorld.java:424)
[ant:iajc] 	at org.aspectj.weaver.bcel.BcelWorld.resolveDelegate(BcelWorld.java:376)
[ant:iajc] 	at org.aspectj.weaver.World.resolveToReferenceType(World.java:485)
[ant:iajc] 	at org.aspectj.weaver.World.resolve(World.java:326)
[ant:iajc] 	at org.aspectj.weaver.World.resolve(World.java:236)
[ant:iajc] 	at org.aspectj.weaver.bcel.BcelGenericSignatureToTypeXConverter.classTypeSignature2TypeX(BcelGenericSignatureToTypeXConverter.java:97)
[ant:iajc] 	at org.aspectj.weaver.bcel.BcelGenericSignatureToTypeXConverter.classTypeSignature2TypeX(BcelGenericSignatureToTypeXConverter.java:41)
[ant:iajc] 	at org.aspectj.weaver.bcel.BcelObjectType.ensureGenericSignatureUnpacked(BcelObjectType.java:810)
[ant:iajc] 	at org.aspectj.weaver.bcel.BcelObjectType.getSuperclass(BcelObjectType.java:231)
[ant:iajc] 	at org.aspectj.weaver.ReferenceType.getSuperclass(ReferenceType.java:920)
[ant:iajc] 	at org.aspectj.weaver.patterns.ExactAnnotationTypePattern.matches(ExactAnnotationTypePattern.java:176)
[ant:iajc] 	at org.aspectj.weaver.patterns.ExactAnnotationTypePattern.matches(ExactAnnotationTypePattern.java:96)
[ant:iajc] 	at org.aspectj.weaver.patterns.AnyWithAnnotationTypePattern.matchesExactly(AnyWithAnnotationTypePattern.java:55)
[ant:iajc] 	at org.aspectj.weaver.patterns.TypePattern.matchesStatically(TypePattern.java:132)
[ant:iajc] 	at org.aspectj.weaver.patterns.DeclareParents.match(DeclareParents.java:63)
[ant:iajc] 	at org.aspectj.weaver.patterns.DeclareParents.findMatchingNewParents(DeclareParents.java:358)
[ant:iajc] 	at org.aspectj.ajdt.internal.compiler.lookup.AjLookupEnvironment.doDeclareParents(AjLookupEnvironment.java:880)
[ant:iajc] 	at org.aspectj.ajdt.internal.compiler.lookup.AjLookupEnvironment.weaveInterTypeDeclarations(AjLookupEnvironment.java:730)
[ant:iajc] 	at org.aspectj.ajdt.internal.compiler.lookup.AjLookupEnvironment.weaveInterTypeDeclarations(AjLookupEnvironment.java:652)
[ant:iajc] 	at org.aspectj.ajdt.internal.compiler.lookup.AjLookupEnvironment.doPendingWeaves(AjLookupEnvironment.java:427)
[ant:iajc] 	at org.aspectj.ajdt.internal.compiler.lookup.AjLookupEnvironment.completeTypeBindings(AjLookupEnvironment.java:213)
[ant:iajc] 	at org.aspectj.org.eclipse.jdt.internal.compiler.Compiler.internalBeginToCompile(Compiler.java:616)
[ant:iajc] 	at org.aspectj.org.eclipse.jdt.internal.compiler.Compiler.beginToCompile(Compiler.java:357)
[ant:iajc] 	at org.aspectj.org.eclipse.jdt.internal.compiler.Compiler.compile(Compiler.java:371)
[ant:iajc] 	at org.aspectj.ajdt.internal.core.builder.AjBuildManager.performCompilation(AjBuildManager.java:1027)
[ant:iajc] 	at org.aspectj.ajdt.internal.core.builder.AjBuildManager.performBuild(AjBuildManager.java:271)
[ant:iajc] 	at org.aspectj.ajdt.internal.core.builder.AjBuildManager.batchBuild(AjBuildManager.java:184)
[ant:iajc] 	at org.aspectj.ajdt.ajc.AjdtCommand.doCommand(AjdtCommand.java:112)
[ant:iajc] 	at org.aspectj.ajdt.ajc.AjdtCommand.runCommand(AjdtCommand.java:60)
[ant:iajc] 	at org.aspectj.tools.ajc.Main.run(Main.java:371)
[ant:iajc] 	at org.aspectj.tools.ajc.Main.runMain(Main.java:248)
[ant:iajc] 	at org.aspectj.tools.ajc.Main.main(Main.java:84)
[ant:iajc] 
[ant:iajc] Jan 13, 2019 2:44:46 PM org.aspectj.weaver.tools.Jdk14Trace info
[ant:iajc] INFO: Dumping to /home/ubuntu/bugs/spring-framework/spring-aspects/./ajcore.20190113.144446.541.txt
[ant:iajc] 
[ant:iajc] 1 fail|abort, 1 error, 1 warning
:spring-aspects:compileJava FAILED

FAILURE: Build failed with an exception.

* Where:
Script '/home/ubuntu/bugs/spring-framework/spring-aspects/aspects.gradle' line: 23

* What went wrong:
Execution failed for task ':spring-aspects:compileJava'.
> compile errors: 255

* Try:
Run with --stacktrace option to get the stack trace. Run with --info or --debug option to get more log output.

BUILD FAILED

Total time: 1 mins 17.189 secs
