OpenJDK 64-Bit Server VM warning: ignoring option MaxPermSize=1024m; support was removed in 8.0
Downloading http://services.gradle.org/distributions/gradle-1.2-bin.zip
.............................................................................................................................................................................................................................................................................................................................................................................................................................................................................................................................................................................................................................................................................................................................................................................................................................................................................................................................................................................................................................................................................................................................................................................................................................................................................................................................................................................................................................................................................................................................................................................................................................................................................................................................................................................................................
Unzipping /home/ubuntu/.gradle/wrapper/dists/gradle-1.2-bin/35oej0jnbfh6of4dd05531edaj/gradle-1.2-bin.zip to /home/ubuntu/.gradle/wrapper/dists/gradle-1.2-bin/35oej0jnbfh6of4dd05531edaj
Set executable permissions for: /home/ubuntu/.gradle/wrapper/dists/gradle-1.2-bin/35oej0jnbfh6of4dd05531edaj/gradle-1.2/bin/gradle
Download http://repo.springsource.org/plugins-release/org/springframework/build/gradle/docbook-reference-plugin/0.2.1/docbook-reference-plugin-0.2.1.pom
Download http://repo.springsource.org/plugins-release/org/apache/xmlgraphics/batik-dom/1.7/batik-dom-1.7.pom
Download http://repo.springsource.org/plugins-release/org/apache/xerces/xercesImpl/2.9.1/xercesImpl-2.9.1.pom
Download http://repo.springsource.org/plugins-release/saxon/saxon/6.5.3/saxon-6.5.3.pom
Download http://repo.springsource.org/plugins-release/org/apache/xmlgraphics/batik-bridge/1.7/batik-bridge-1.7.pom
Download http://repo.springsource.org/plugins-release/org/apache/xmlgraphics/batik-css/1.7/batik-css-1.7.pom
Download http://repo.springsource.org/plugins-release/net/sf/docbook/docbook-xsl/1.75.2/docbook-xsl-1.75.2.pom
Download http://repo.springsource.org/plugins-release/net/sf/docbook/docbook/5.0/docbook-5.0.pom
Download http://repo.springsource.org/plugins-release/org/apache/xmlgraphics/fop/0.95-1/fop-0.95-1.pom
Download http://repo.springsource.org/plugins-release/org/apache/avalon/framework/avalon-framework-api/4.3.1/avalon-framework-api-4.3.1.pom
Download http://repo.springsource.org/plugins-release/org/apache/avalon/avalon-framework/1/avalon-framework-1.pom
Download http://repo.springsource.org/plugins-release/org/apache/excalibur/excalibur/1/excalibur-1.pom
Download http://repo.springsource.org/plugins-release/org/apache/apache/3/apache-3.pom
Download http://repo.springsource.org/plugins-release/org/apache/xmlgraphics/batik-util/1.7/batik-util-1.7.pom
Download http://repo.springsource.org/plugins-release/org/apache/xmlgraphics/batik-svg-dom/1.7/batik-svg-dom-1.7.pom
Download http://repo.springsource.org/plugins-release/net/sf/docbook/docbook-xml/5.0/docbook-xml-5.0.pom
Download http://repo.springsource.org/plugins-release/net/sf/xslthl/xslthl/2.0.1/xslthl-2.0.1.pom
Download http://repo.springsource.org/plugins-release/org/apache/xmlgraphics/xmlgraphics-commons/1.3/xmlgraphics-commons-1.3.pom
Download http://repo.springsource.org/plugins-release/org/apache/xerces/resolver/2.9.1/resolver-2.9.1.pom
Download http://repo.springsource.org/plugins-release/org/apache/xmlgraphics/batik-ext/1.7/batik-ext-1.7.pom
Download http://repo.springsource.org/plugins-release/org/apache/xmlgraphics/batik-xml/1.7/batik-xml-1.7.pom
Download http://repo.springsource.org/plugins-release/xalan/xalan/2.6.0/xalan-2.6.0.pom
Download http://repo.springsource.org/plugins-release/xml-apis/xml-apis/1.3.04/xml-apis-1.3.04.pom
Download http://repo.springsource.org/plugins-release/xml-apis/xml-apis-ext/1.3.04/xml-apis-ext-1.3.04.pom
Download http://repo.springsource.org/plugins-release/org/apache/xmlgraphics/batik-anim/1.7/batik-anim-1.7.pom
Download http://repo.springsource.org/plugins-release/org/apache/xmlgraphics/batik-awt-util/1.7/batik-awt-util-1.7.pom
Download http://repo.springsource.org/plugins-release/org/apache/xmlgraphics/batik-gvt/1.7/batik-gvt-1.7.pom
Download http://repo.springsource.org/plugins-release/org/apache/xmlgraphics/batik-parser/1.7/batik-parser-1.7.pom
Download http://repo.springsource.org/plugins-release/org/apache/xmlgraphics/batik-script/1.7/batik-script-1.7.pom
Download http://repo.springsource.org/plugins-release/org/apache/xmlgraphics/batik-transcoder/1.7/batik-transcoder-1.7.pom
Download http://repo.springsource.org/plugins-release/org/apache/xmlgraphics/batik-extension/1.7/batik-extension-1.7.pom
Download http://repo.springsource.org/plugins-release/commons-logging/commons-logging/1.0.4/commons-logging-1.0.4.pom
Download http://repo.springsource.org/plugins-release/commons-io/commons-io/1.3.1/commons-io-1.3.1.pom
Download http://repo.springsource.org/plugins-release/org/apache/avalon/framework/avalon-framework-impl/4.3.1/avalon-framework-impl-4.3.1.pom
Download http://repo.springsource.org/plugins-release/org/apache/xmlgraphics/batik-js/1.7/batik-js-1.7.pom
Download http://repo.springsource.org/plugins-release/org/apache/xmlgraphics/batik-svggen/1.7/batik-svggen-1.7.pom
Download http://repo.springsource.org/plugins-release/org/apache/xmlgraphics/xmlgraphics-commons/1.3.1/xmlgraphics-commons-1.3.1.pom
Download http://repo.springsource.org/plugins-release/xml-apis/xml-apis/2.0.2/xml-apis-2.0.2.pom
Download http://repo.springsource.org/plugins-release/xml-apis/xml-apis/1.0.b2/xml-apis-1.0.b2.pom
Download http://repo.springsource.org/plugins-release/org/springframework/build/gradle/docbook-reference-plugin/0.2.1/docbook-reference-plugin-0.2.1.jar
Download http://repo.springsource.org/plugins-release/org/apache/xmlgraphics/batik-util/1.7/batik-util-1.7.jar
Download http://repo.springsource.org/plugins-release/org/apache/xmlgraphics/batik-ext/1.7/batik-ext-1.7.jar
Download http://repo.springsource.org/plugins-release/xml-apis/xml-apis-ext/1.3.04/xml-apis-ext-1.3.04.jar
Download http://repo.springsource.org/plugins-release/org/apache/xmlgraphics/batik-css/1.7/batik-css-1.7.jar
Download http://repo.springsource.org/plugins-release/org/apache/xmlgraphics/batik-xml/1.7/batik-xml-1.7.jar
Download http://repo.springsource.org/plugins-release/xalan/xalan/2.6.0/xalan-2.6.0.jar
Download http://repo.springsource.org/plugins-release/org/apache/xmlgraphics/batik-dom/1.7/batik-dom-1.7.jar
Download http://repo.springsource.org/plugins-release/org/apache/xerces/xercesImpl/2.9.1/xercesImpl-2.9.1.jar
Download http://repo.springsource.org/plugins-release/saxon/saxon/6.5.3/saxon-6.5.3.jar
Download http://repo.springsource.org/plugins-release/org/apache/xmlgraphics/batik-bridge/1.7/batik-bridge-1.7.jar
Download http://repo.springsource.org/plugins-release/org/apache/xmlgraphics/batik-svg-dom/1.7/batik-svg-dom-1.7.jar
Download http://repo.springsource.org/plugins-release/org/apache/xmlgraphics/batik-awt-util/1.7/batik-awt-util-1.7.jar
Download http://repo.springsource.org/plugins-release/org/apache/xmlgraphics/batik-parser/1.7/batik-parser-1.7.jar
Download http://repo.springsource.org/plugins-release/org/apache/xmlgraphics/batik-anim/1.7/batik-anim-1.7.jar
Download http://repo.springsource.org/plugins-release/org/apache/xmlgraphics/batik-js/1.7/batik-js-1.7.jar
Download http://repo.springsource.org/plugins-release/org/apache/xmlgraphics/batik-gvt/1.7/batik-gvt-1.7.jar
Download http://repo.springsource.org/plugins-release/org/apache/xmlgraphics/batik-script/1.7/batik-script-1.7.jar
Download http://repo.springsource.org/plugins-release/net/sf/docbook/docbook-xsl/1.75.2/docbook-xsl-1.75.2-resources.zip
Download http://repo.springsource.org/plugins-release/org/apache/avalon/framework/avalon-framework-api/4.3.1/avalon-framework-api-4.3.1.jar
Download http://repo.springsource.org/plugins-release/org/apache/xmlgraphics/batik-svggen/1.7/batik-svggen-1.7.jar
Download http://repo.springsource.org/plugins-release/org/apache/xmlgraphics/batik-transcoder/1.7/batik-transcoder-1.7.jar
Download http://repo.springsource.org/plugins-release/org/apache/xmlgraphics/batik-extension/1.7/batik-extension-1.7.jar
Download http://repo.springsource.org/plugins-release/commons-logging/commons-logging/1.0.4/commons-logging-1.0.4.jar
Download http://repo.springsource.org/plugins-release/commons-io/commons-io/1.3.1/commons-io-1.3.1.jar
Download http://repo.springsource.org/plugins-release/org/apache/avalon/framework/avalon-framework-impl/4.3.1/avalon-framework-impl-4.3.1.jar
Download http://repo.springsource.org/plugins-release/org/apache/xmlgraphics/xmlgraphics-commons/1.3.1/xmlgraphics-commons-1.3.1.jar
Download http://repo.springsource.org/plugins-release/org/apache/xmlgraphics/fop/0.95-1/fop-0.95-1.jar
Download http://repo.springsource.org/plugins-release/net/sf/docbook/docbook-xml/5.0/docbook-xml-5.0-xsd-resources.zip
Download http://repo.springsource.org/plugins-release/net/sf/xslthl/xslthl/2.0.1/xslthl-2.0.1.jar
Download http://repo.springsource.org/plugins-release/org/apache/xerces/resolver/2.9.1/resolver-2.9.1.jar
:assemble
:build
:spring-core:asmRepackJar
Download http://repo.springsource.org/libs-release/com/googlecode/jarjar/jarjar/1.3/jarjar-1.3.pom
Download http://repo.springsource.org/libs-release/org/sonatype/oss/oss-parent/7/oss-parent-7.pom
Download http://repo.springsource.org/libs-release/com/googlecode/jarjar/jarjar/1.3/jarjar-1.3.jar
Download http://repo.springsource.org/libs-release/org/ow2/asm/asm/4.0/asm-4.0.pom
Download http://repo.springsource.org/libs-release/org/ow2/asm/asm-parent/4.0/asm-parent-4.0.pom
Download http://repo.springsource.org/libs-release/org/ow2/ow2/1.3/ow2-1.3.pom
Download http://repo.springsource.org/libs-release/org/ow2/asm/asm-commons/4.0/asm-commons-4.0.pom
Download http://repo.springsource.org/libs-release/org/ow2/asm/asm/4.0/asm-4.0.jar
Download http://repo.springsource.org/libs-release/org/ow2/asm/asm-commons/4.0/asm-commons-4.0.jar
:spring-core:cglibRepackJar
Download http://repo.springsource.org/libs-release/cglib/cglib/3.0/cglib-3.0.pom
Download http://repo.springsource.org/libs-release/cglib/cglib/3.0/cglib-3.0.jar
:spring-core:compileJava
Download http://repo.springsource.org/libs-release/commons-logging/commons-logging/1.1.1/commons-logging-1.1.1.pom
Download http://repo.springsource.org/libs-release/org/apache/commons/commons-parent/5/commons-parent-5.pom
Download http://repo.springsource.org/libs-release/org/apache/apache/4/apache-4.pom
Download http://repo.springsource.org/libs-release/org/aspectj/aspectjweaver/1.6.12/aspectjweaver-1.6.12.pom
Download http://repo.springsource.org/libs-release/net/sf/jopt-simple/jopt-simple/3.0/jopt-simple-3.0.pom
Download http://repo.springsource.org/libs-release/log4j/log4j/1.2.15/log4j-1.2.15.pom
Download http://repo.springsource.org/libs-release/commons-logging/commons-logging/1.1.1/commons-logging-1.1.1.jar
Download http://repo.springsource.org/libs-release/org/aspectj/aspectjweaver/1.6.12/aspectjweaver-1.6.12.jar
Download http://repo.springsource.org/libs-release/net/sf/jopt-simple/jopt-simple/3.0/jopt-simple-3.0.jar
Download http://repo.springsource.org/libs-release/log4j/log4j/1.2.15/log4j-1.2.15.jar
Note: Some input files use unchecked or unsafe operations.
Note: Recompile with -Xlint:unchecked for details.
:spring-core:processResources UP-TO-DATE
:spring-core:classes
:spring-core:jar
:spring-beans:compileJava
Download http://repo.springsource.org/libs-release/javax/el/el-api/1.0/el-api-1.0.pom
Download http://repo.springsource.org/libs-release/javax/el/el-api/1.0/el-api-1.0.jar
Note: Some input files use or override a deprecated API.
Note: Recompile with -Xlint:deprecation for details.
Note: Some input files use unchecked or unsafe operations.
Note: Recompile with -Xlint:unchecked for details.
:spring-beans:processResources
:spring-beans:classes
:spring-beans:jar
:spring-aop:compileJava
Download http://repo.springsource.org/libs-release/com/jamonapi/jamon/2.4/jamon-2.4.pom
Download http://repo.springsource.org/libs-release/commons-pool/commons-pool/1.5.3/commons-pool-1.5.3.pom
Download http://repo.springsource.org/libs-release/com/jamonapi/jamon/2.4/jamon-2.4.jar
Download http://repo.springsource.org/libs-release/commons-pool/commons-pool/1.5.3/commons-pool-1.5.3.jar
Note: Some input files use or override a deprecated API.
Note: Recompile with -Xlint:deprecation for details.
Note: Some input files use unchecked or unsafe operations.
Note: Recompile with -Xlint:unchecked for details.
:spring-aop:processResources
:spring-aop:classes
:spring-aop:jar
:spring-aop:sourcesJar
:spring-aop:assemble
:spring-aop:build
:spring-aspects:processResources
:spring-expression:compileJava
:spring-expression:processResources UP-TO-DATE
:spring-expression:classes
:spring-expression:jar
:spring-instrument:compileJava
:spring-instrument:processResources UP-TO-DATE
:spring-instrument:classes
:spring-instrument:jar
:spring-context:compileJava
Download http://repo.springsource.org/libs-release/backport-util-concurrent/backport-util-concurrent/3.0/backport-util-concurrent-3.0.pom
Download http://repo.springsource.org/libs-release/javax/ejb/ejb-api/3.0/ejb-api-3.0.pom
Download http://repo.springsource.org/libs-release/org/apache/geronimo/specs/geronimo-jms_1.1_spec/1.1/geronimo-jms_1.1_spec-1.1.pom
Download http://repo.springsource.org/libs-release/org/apache/geronimo/specs/specs/1.2/specs-1.2.pom
Download http://repo.springsource.org/libs-release/org/apache/geronimo/genesis/config/project-config/1.1/project-config-1.1.pom
Download http://repo.springsource.org/libs-release/org/apache/geronimo/genesis/config/config/1.1/config-1.1.pom
Download http://repo.springsource.org/libs-release/org/apache/geronimo/genesis/genesis/1.1/genesis-1.1.pom
Download http://repo.springsource.org/libs-release/org/apache/geronimo/specs/geronimo-jta_1.1_spec/1.1/geronimo-jta_1.1_spec-1.1.pom
Download http://repo.springsource.org/libs-release/javax/persistence/persistence-api/1.0/persistence-api-1.0.pom
Download http://repo.springsource.org/libs-release/javax/validation/validation-api/1.0.0.GA/validation-api-1.0.0.GA.pom
Download http://repo.springsource.org/libs-release/javax/xml/ws/jaxws-api/2.1-1/jaxws-api-2.1-1.pom
Download http://repo.springsource.org/libs-release/org/beanshell/bsh/2.0b4/bsh-2.0b4.pom
Download http://repo.springsource.org/libs-release/org/beanshell/beanshell/2.0b4/beanshell-2.0b4.pom
Download http://repo.springsource.org/libs-release/org/codehaus/groovy/groovy-all/1.6.3/groovy-all-1.6.3.pom
Download http://repo.springsource.org/libs-release/org/hibernate/hibernate-validator/4.2.0.Final/hibernate-validator-4.2.0.Final.pom
Download http://repo.springsource.org/libs-release/joda-time/joda-time/1.6/joda-time-1.6.pom
Download http://repo.springsource.org/libs-release/org/jruby/jruby/1.4.0/jruby-1.4.0.pom
Download http://repo.springsource.org/libs-release/org/jruby/shared/1.4.0/shared-1.4.0.pom
Download http://repo.springsource.org/libs-release/org/slf4j/slf4j-api/1.6.1/slf4j-api-1.6.1.pom
Download http://repo.springsource.org/libs-release/org/slf4j/slf4j-parent/1.6.1/slf4j-parent-1.6.1.pom
Download http://repo.springsource.org/libs-release/org/codehaus/jsr166-mirror/jsr166/1.7.0/jsr166-1.7.0.pom
Download http://repo.springsource.org/libs-release/javax/xml/bind/jaxb-api/2.1/jaxb-api-2.1.pom
Download http://repo.springsource.org/libs-release/javax/xml/soap/saaj-api/1.3/saaj-api-1.3.pom
Download http://repo.springsource.org/libs-release/org/apache/ant/ant/1.7.1/ant-1.7.1.pom
Download http://repo.springsource.org/libs-release/org/apache/ant/ant-parent/1.7.1/ant-parent-1.7.1.pom
Download http://repo.springsource.org/libs-release/org/apache/ant/ant-launcher/1.7.1/ant-launcher-1.7.1.pom
Download http://repo.springsource.org/libs-release/jline/jline/0.9.94/jline-0.9.94.pom
Download http://repo.springsource.org/libs-release/javax/xml/stream/stax-api/1.0-2/stax-api-1.0-2.pom
Download http://repo.springsource.org/libs-release/javax/activation/activation/1.1/activation-1.1.pom
Download http://repo.springsource.org/libs-release/activation/activation/1.0.2/activation-1.0.2.pom
Download http://repo.springsource.org/libs-release/backport-util-concurrent/backport-util-concurrent/3.0/backport-util-concurrent-3.0.jar
Download http://repo.springsource.org/libs-release/javax/ejb/ejb-api/3.0/ejb-api-3.0.jar
Download http://repo.springsource.org/libs-release/org/apache/geronimo/specs/geronimo-jms_1.1_spec/1.1/geronimo-jms_1.1_spec-1.1.jar
Download http://repo.springsource.org/libs-release/org/apache/geronimo/specs/geronimo-jta_1.1_spec/1.1/geronimo-jta_1.1_spec-1.1.jar
Download http://repo.springsource.org/libs-release/javax/persistence/persistence-api/1.0/persistence-api-1.0.jar
Download http://repo.springsource.org/libs-release/javax/validation/validation-api/1.0.0.GA/validation-api-1.0.0.GA.jar
Download http://repo.springsource.org/libs-release/javax/xml/ws/jaxws-api/2.1-1/jaxws-api-2.1-1.jar
Download http://repo.springsource.org/libs-release/org/beanshell/bsh/2.0b4/bsh-2.0b4.jar
Download http://repo.springsource.org/libs-release/org/codehaus/groovy/groovy-all/1.6.3/groovy-all-1.6.3.jar
Download http://repo.springsource.org/libs-release/org/hibernate/hibernate-validator/4.2.0.Final/hibernate-validator-4.2.0.Final.jar
Download http://repo.springsource.org/libs-release/joda-time/joda-time/1.6/joda-time-1.6.jar
Download http://repo.springsource.org/libs-release/org/jruby/jruby/1.4.0/jruby-1.4.0.jar
Download http://repo.springsource.org/libs-release/org/slf4j/slf4j-api/1.6.1/slf4j-api-1.6.1.jar
Download http://repo.springsource.org/libs-release/org/codehaus/jsr166-mirror/jsr166/1.7.0/jsr166-1.7.0.jar
Download http://repo.springsource.org/libs-release/javax/xml/stream/stax-api/1.0-2/stax-api-1.0-2.jar
Download http://repo.springsource.org/libs-release/javax/activation/activation/1.1/activation-1.1.jar
Download http://repo.springsource.org/libs-release/javax/xml/bind/jaxb-api/2.1/jaxb-api-2.1.jar
Download http://repo.springsource.org/libs-release/javax/xml/soap/saaj-api/1.3/saaj-api-1.3.jar
Download http://repo.springsource.org/libs-release/org/apache/ant/ant-launcher/1.7.1/ant-launcher-1.7.1.jar
Download http://repo.springsource.org/libs-release/org/apache/ant/ant/1.7.1/ant-1.7.1.jar
Download http://repo.springsource.org/libs-release/jline/jline/0.9.94/jline-0.9.94.jar
Note: Some input files use or override a deprecated API.
Note: Recompile with -Xlint:deprecation for details.
Note: Some input files use unchecked or unsafe operations.
Note: Recompile with -Xlint:unchecked for details.
:spring-context:processResources
:spring-context:classes
:spring-context:jar
:spring-tx:compileJava
Download http://repo.springsource.org/libs-release/com/ibm/websphere/uow/6.0.2.17/uow-6.0.2.17.pom
Download http://repo.springsource.org/libs-release/javax/resource/connector-api/1.5/connector-api-1.5.pom
Download http://repo.springsource.org/libs-release/com/ibm/websphere/uow/6.0.2.17/uow-6.0.2.17.jar
Download http://repo.springsource.org/libs-release/javax/resource/connector-api/1.5/connector-api-1.5.jar
Note: Some input files use unchecked or unsafe operations.
Note: Recompile with -Xlint:unchecked for details.
:spring-tx:processResources
:spring-tx:classes
:spring-tx:jar
:spring-jdbc:compileJava
Download http://repo.springsource.org/libs-release/c3p0/c3p0/0.9.1.2/c3p0-0.9.1.2.pom
Download http://repo.springsource.org/libs-release/hsqldb/hsqldb/1.8.0.10/hsqldb-1.8.0.10.pom
Download http://repo.springsource.org/libs-release/com/h2database/h2/1.0.71/h2-1.0.71.pom
Download http://repo.springsource.org/libs-release/org/apache/derby/derby/10.5.3.0_1/derby-10.5.3.0_1.pom
Download http://repo.springsource.org/libs-release/org/apache/derby/derby-project/10.5.3.0_1/derby-project-10.5.3.0_1.pom
Download http://repo.springsource.org/libs-release/org/apache/derby/derbyclient/10.5.3.0_1/derbyclient-10.5.3.0_1.pom
Download http://repo.springsource.org/libs-release/c3p0/c3p0/0.9.1.2/c3p0-0.9.1.2.jar
Download http://repo.springsource.org/libs-release/hsqldb/hsqldb/1.8.0.10/hsqldb-1.8.0.10.jar
Download http://repo.springsource.org/libs-release/com/h2database/h2/1.0.71/h2-1.0.71.jar
Download http://repo.springsource.org/libs-release/org/apache/derby/derby/10.5.3.0_1/derby-10.5.3.0_1.jar
Download http://repo.springsource.org/libs-release/org/apache/derby/derbyclient/10.5.3.0_1/derbyclient-10.5.3.0_1.jar
/home/ubuntu/bugs/spring-framework/spring-jdbc/src/main/java/org/springframework/jdbc/core/SqlRowSetResultSetExtractor.java:25: warning: CachedRowSetImpl is internal proprietary API and may be removed in a future release
import com.sun.rowset.CachedRowSetImpl;
                     ^
/home/ubuntu/bugs/spring-framework/spring-jdbc/src/main/java/org/springframework/jdbc/core/SqlRowSetResultSetExtractor.java:138: warning: CachedRowSetImpl is internal proprietary API and may be removed in a future release
			return new CachedRowSetImpl();
			           ^
Note: Some input files use unchecked or unsafe operations.
Note: Recompile with -Xlint:unchecked for details.
2 warnings
:spring-jdbc:processResources
:spring-jdbc:classes
:spring-jdbc:jar
:spring-context-support:compileJava
Download http://repo.springsource.org/libs-release/org/codehaus/fabric3/api/commonj/1.1.0/commonj-1.1.0.pom
Download http://repo.springsource.org/libs-release/org/codehaus/fabric3/api/parent-pom/1.0/parent-pom-1.0.pom
Download http://repo.springsource.org/libs-release/org/codehaus/fabric3/parent/5/parent-5.pom
Download http://repo.springsource.org/libs-release/javax/cache/cache-api/0.5/cache-api-0.5.pom
Download http://repo.springsource.org/libs-release/net/sf/ehcache/ehcache-core/2.0.0/ehcache-core-2.0.0.pom
Download http://repo.springsource.org/libs-release/net/sf/ehcache/ehcache-parent/2.1/ehcache-parent-2.1.pom
Download http://repo.springsource.org/libs-release/opensymphony/quartz/1.6.2/quartz-1.6.2.pom
Download http://repo.springsource.org/libs-release/javax/mail/mail/1.4/mail-1.4.pom
Download http://repo.springsource.org/libs-release/velocity/velocity/1.5/velocity-1.5.pom
Download http://repo.springsource.org/libs-release/commons-collections/commons-collections/3.2/commons-collections-3.2.pom
Download http://repo.springsource.org/libs-release/org/freemarker/freemarker/2.3.15/freemarker-2.3.15.pom
Download http://repo.springsource.org/libs-release/jasperreports/jasperreports/2.0.5/jasperreports-2.0.5.pom
Download http://repo.springsource.org/libs-release/commons-digester/commons-digester/1.8.1/commons-digester-1.8.1.pom
Download http://repo.springsource.org/libs-release/commons-beanutils/commons-beanutils/1.8.0/commons-beanutils-1.8.0.pom
Download http://repo.springsource.org/libs-release/com/lowagie/itext/2.0.8/itext-2.0.8.pom
Download http://repo.springsource.org/libs-release/bouncycastle/bcmail-jdk14/138/bcmail-jdk14-138.pom
Download http://repo.springsource.org/libs-release/bouncycastle/bcprov-jdk14/138/bcprov-jdk14-138.pom
Download http://repo.springsource.org/libs-release/org/codehaus/fabric3/api/commonj/1.1.0/commonj-1.1.0.jar
Download http://repo.springsource.org/libs-release/javax/cache/cache-api/0.5/cache-api-0.5.jar
Download http://repo.springsource.org/libs-release/net/sf/ehcache/ehcache-core/2.0.0/ehcache-core-2.0.0.jar
Download http://repo.springsource.org/libs-release/opensymphony/quartz/1.6.2/quartz-1.6.2.jar
Download http://repo.springsource.org/libs-release/javax/mail/mail/1.4/mail-1.4.jar
Download http://repo.springsource.org/libs-release/commons-collections/commons-collections/3.2/commons-collections-3.2.jar
Download http://repo.springsource.org/libs-release/org/freemarker/freemarker/2.3.15/freemarker-2.3.15.jar
Download http://repo.springsource.org/libs-release/jasperreports/jasperreports/2.0.5/jasperreports-2.0.5.jar
Download http://repo.springsource.org/libs-release/commons-digester/commons-digester/1.8.1/commons-digester-1.8.1.jar
Download http://repo.springsource.org/libs-release/commons-beanutils/commons-beanutils/1.8.0/commons-beanutils-1.8.0.jar
Download http://repo.springsource.org/libs-release/com/lowagie/itext/2.0.8/itext-2.0.8.jar
Download http://repo.springsource.org/libs-release/commons-lang/commons-lang/2.1/commons-lang-2.1.jar
Download http://repo.springsource.org/libs-release/bouncycastle/bcmail-jdk14/138/bcmail-jdk14-138.jar
Download http://repo.springsource.org/libs-release/bouncycastle/bcprov-jdk14/138/bcprov-jdk14-138.jar
Note: /home/ubuntu/bugs/spring-framework/spring-context-support/src/main/java/org/springframework/ui/velocity/CommonsLoggingLogSystem.java uses or overrides a deprecated API.
Note: Recompile with -Xlint:deprecation for details.
Note: Some input files use unchecked or unsafe operations.
Note: Recompile with -Xlint:unchecked for details.
:spring-context-support:processResources
:spring-context-support:classes
:spring-context-support:jar
:spring-oxm:compileJava
Download http://repo.springsource.org/libs-release/commons-lang/commons-lang/2.5/commons-lang-2.5.pom
Download http://repo.springsource.org/libs-release/org/apache/commons/commons-parent/12/commons-parent-12.pom
Download http://repo.springsource.org/libs-release/com/thoughtworks/xstream/xstream/1.3.1/xstream-1.3.1.pom
Download http://repo.springsource.org/libs-release/com/thoughtworks/xstream/xstream-parent/1.3.1/xstream-parent-1.3.1.pom
Download http://repo.springsource.org/libs-release/com/sun/xml/bind/jaxb-impl/2.1.7/jaxb-impl-2.1.7.pom
Download http://repo.springsource.org/libs-release/org/jibx/jibx-run/1.2.3/jibx-run-1.2.3.pom
Download http://repo.springsource.org/libs-release/org/jibx/config/main-reactor/1.2.3/main-reactor-1.2.3.pom
Download http://repo.springsource.org/libs-release/org/jibx/config/jibx-parent/1/jibx-parent-1.pom
Download http://repo.springsource.org/libs-release/org/sonatype/oss/oss-parent/6/oss-parent-6.pom
Download http://repo.springsource.org/libs-release/org/apache/xmlbeans/xmlbeans/2.4.0/xmlbeans-2.4.0.pom
Download http://repo.springsource.org/libs-release/org/codehaus/castor/castor-xml/1.3.2/castor-xml-1.3.2.pom
Download http://repo.springsource.org/libs-release/org/codehaus/castor/castor/1.3.2/castor-1.3.2.pom
Download http://repo.springsource.org/libs-release/org/codehaus/codehaus-parent/3/codehaus-parent-3.pom
Download http://repo.springsource.org/libs-release/xpp3/xpp3_min/1.1.4c/xpp3_min-1.1.4c.pom
Download http://repo.springsource.org/libs-release/xpp3/xpp3/1.1.3.4.O/xpp3-1.1.3.4.O.pom
Download http://repo.springsource.org/libs-release/stax/stax-api/1.0.1/stax-api-1.0.1.pom
Download http://repo.springsource.org/libs-release/org/codehaus/castor/castor-core/1.3.2/castor-core-1.3.2.pom
Download http://repo.springsource.org/libs-release/stax/stax/1.2.0/stax-1.2.0.pom
Download http://repo.springsource.org/libs-release/joda-time/joda-time/1.6.2/joda-time-1.6.2.pom
Download http://repo.springsource.org/libs-release/commons-lang/commons-lang/2.5/commons-lang-2.5.jar
Download http://repo.springsource.org/libs-release/com/thoughtworks/xstream/xstream/1.3.1/xstream-1.3.1.jar
Download http://repo.springsource.org/libs-release/com/sun/xml/bind/jaxb-impl/2.1.7/jaxb-impl-2.1.7.jar
Download http://repo.springsource.org/libs-release/org/jibx/jibx-run/1.2.3/jibx-run-1.2.3.jar
Download http://repo.springsource.org/libs-release/org/apache/xmlbeans/xmlbeans/2.4.0/xmlbeans-2.4.0.jar
Download http://repo.springsource.org/libs-release/org/codehaus/castor/castor-xml/1.3.2/castor-xml-1.3.2.jar
Download http://repo.springsource.org/libs-release/joda-time/joda-time/1.6.2/joda-time-1.6.2.jar
Download http://repo.springsource.org/libs-release/xpp3/xpp3_min/1.1.4c/xpp3_min-1.1.4c.jar
Download http://repo.springsource.org/libs-release/xpp3/xpp3/1.1.3.4.O/xpp3-1.1.3.4.O.jar
Download http://repo.springsource.org/libs-release/stax/stax-api/1.0.1/stax-api-1.0.1.jar
Download http://repo.springsource.org/libs-release/org/codehaus/castor/castor-core/1.3.2/castor-core-1.3.2.jar
Download http://repo.springsource.org/libs-release/stax/stax/1.2.0/stax-1.2.0.jar
Note: Some input files use unchecked or unsafe operations.
Note: Recompile with -Xlint:unchecked for details.
:spring-oxm:processResources
:spring-oxm:classes
:spring-oxm:jar
:spring-web:compileJava
Download http://repo.springsource.org/libs-release/com/caucho/hessian/3.2.1/hessian-3.2.1.pom
Download http://repo.springsource.org/libs-release/rome/rome/1.0/rome-1.0.pom
Download http://repo.springsource.org/libs-release/javax/faces/jsf-api/1.2_08/jsf-api-1.2_08.pom
Download http://repo.springsource.org/libs-release/javax/portlet/portlet-api/2.0/portlet-api-2.0.pom
Download http://repo.springsource.org/libs-release/org/apache/tomcat/tomcat-servlet-api/7.0.32/tomcat-servlet-api-7.0.32.pom
Download http://repo.springsource.org/libs-release/javax/servlet/jsp/jsp-api/2.1/jsp-api-2.1.pom
Download http://repo.springsource.org/libs-release/axis/axis/1.4/axis-1.4.pom
Download http://repo.springsource.org/libs-release/commons-fileupload/commons-fileupload/1.2/commons-fileupload-1.2.pom
Download http://repo.springsource.org/libs-release/org/apache/commons/commons-parent/1/commons-parent-1.pom
Download http://repo.springsource.org/libs-release/commons-httpclient/commons-httpclient/3.1/commons-httpclient-3.1.pom
Download http://repo.springsource.org/libs-release/org/apache/httpcomponents/httpclient/4.2/httpclient-4.2.pom
Download http://repo.springsource.org/libs-release/org/apache/httpcomponents/httpcomponents-client/4.2/httpcomponents-client-4.2.pom
Download http://repo.springsource.org/libs-release/org/apache/httpcomponents/project/5/project-5.pom
Download http://repo.springsource.org/libs-release/org/codehaus/jackson/jackson-mapper-asl/1.4.2/jackson-mapper-asl-1.4.2.pom
Download http://repo.springsource.org/libs-release/com/fasterxml/jackson/core/jackson-databind/2.0.1/jackson-databind-2.0.1.pom
Download http://repo.springsource.org/libs-release/taglibs/standard/1.1.2/standard-1.1.2.pom
Download http://repo.springsource.org/libs-release/org/eclipse/jetty/jetty-servlet/8.1.5.v20120716/jetty-servlet-8.1.5.v20120716.pom
Download http://repo.springsource.org/libs-release/org/eclipse/jetty/jetty-project/8.1.5.v20120716/jetty-project-8.1.5.v20120716.pom
Download http://repo.springsource.org/libs-release/org/eclipse/jetty/jetty-parent/19/jetty-parent-19.pom
Download http://repo.springsource.org/libs-release/org/eclipse/jetty/jetty-server/8.1.5.v20120716/jetty-server-8.1.5.v20120716.pom
Download http://repo.springsource.org/libs-release/jdom/jdom/1.0/jdom-1.0.pom
Download http://repo.springsource.org/libs-release/axis/axis-jaxrpc/1.4/axis-jaxrpc-1.4.pom
Download http://repo.springsource.org/libs-release/axis/axis-saaj/1.4/axis-saaj-1.4.pom
Download http://repo.springsource.org/libs-release/axis/axis-wsdl4j/1.5.1/axis-wsdl4j-1.5.1.pom
Download http://repo.springsource.org/libs-release/commons-discovery/commons-discovery/0.2/commons-discovery-0.2.pom
Download http://repo.springsource.org/libs-release/commons-codec/commons-codec/1.2/commons-codec-1.2.pom
Download http://repo.springsource.org/libs-release/org/apache/httpcomponents/httpcore/4.2/httpcore-4.2.pom
Download http://repo.springsource.org/libs-release/org/apache/httpcomponents/httpcomponents-core/4.2/httpcomponents-core-4.2.pom
Download http://repo.springsource.org/libs-release/org/apache/httpcomponents/project/6/project-6.pom
Download http://repo.springsource.org/libs-release/org/codehaus/jackson/jackson-core-asl/1.4.2/jackson-core-asl-1.4.2.pom
Download http://repo.springsource.org/libs-release/com/fasterxml/jackson/core/jackson-annotations/2.0.1/jackson-annotations-2.0.1.pom
Download http://repo.springsource.org/libs-release/com/fasterxml/oss-parent/2/oss-parent-2.pom
Download http://repo.springsource.org/libs-release/com/fasterxml/jackson/core/jackson-core/2.0.1/jackson-core-2.0.1.pom
Download http://repo.springsource.org/libs-release/org/eclipse/jetty/jetty-security/8.1.5.v20120716/jetty-security-8.1.5.v20120716.pom
Download http://repo.springsource.org/libs-release/org/eclipse/jetty/jetty-continuation/8.1.5.v20120716/jetty-continuation-8.1.5.v20120716.pom
Download http://repo.springsource.org/libs-release/org/eclipse/jetty/jetty-http/8.1.5.v20120716/jetty-http-8.1.5.v20120716.pom
Download http://repo.springsource.org/libs-release/javax/activation/activation/1.0.2/activation-1.0.2.pom
Download http://repo.springsource.org/libs-release/org/apache/axis/axis-jaxrpc/1.4/axis-jaxrpc-1.4.pom
Download http://repo.springsource.org/libs-release/org/apache/axis/axis-saaj/1.4/axis-saaj-1.4.pom
Download http://repo.springsource.org/libs-release/org/eclipse/jetty/jetty-io/8.1.5.v20120716/jetty-io-8.1.5.v20120716.pom
Download http://repo.springsource.org/libs-release/org/eclipse/jetty/jetty-util/8.1.5.v20120716/jetty-util-8.1.5.v20120716.pom
Download http://repo.springsource.org/libs-release/org/apache/apache/9/apache-9.pom
Download http://repo.springsource.org/libs-release/com/caucho/hessian/3.2.1/hessian-3.2.1.jar
Download http://repo.springsource.org/libs-release/rome/rome/1.0/rome-1.0.jar
Download http://repo.springsource.org/libs-release/javax/faces/jsf-api/1.2_08/jsf-api-1.2_08.jar
Download http://repo.springsource.org/libs-release/javax/portlet/portlet-api/2.0/portlet-api-2.0.jar
Download http://repo.springsource.org/libs-release/org/apache/tomcat/tomcat-servlet-api/7.0.32/tomcat-servlet-api-7.0.32.jar
Download http://repo.springsource.org/libs-release/javax/servlet/jsp/jsp-api/2.1/jsp-api-2.1.jar
Download http://repo.springsource.org/libs-release/axis/axis/1.4/axis-1.4.jar
Download http://repo.springsource.org/libs-release/commons-fileupload/commons-fileupload/1.2/commons-fileupload-1.2.jar
Download http://repo.springsource.org/libs-release/commons-httpclient/commons-httpclient/3.1/commons-httpclient-3.1.jar
Download http://repo.springsource.org/libs-release/org/apache/httpcomponents/httpclient/4.2/httpclient-4.2.jar
Download http://repo.springsource.org/libs-release/org/codehaus/jackson/jackson-mapper-asl/1.4.2/jackson-mapper-asl-1.4.2.jar
Download http://repo.springsource.org/libs-release/com/fasterxml/jackson/core/jackson-databind/2.0.1/jackson-databind-2.0.1.jar
Download http://repo.springsource.org/libs-release/taglibs/standard/1.1.2/standard-1.1.2.jar
Download http://repo.springsource.org/libs-release/org/eclipse/jetty/jetty-servlet/8.1.5.v20120716/jetty-servlet-8.1.5.v20120716.jar
Download http://repo.springsource.org/libs-release/org/eclipse/jetty/jetty-server/8.1.5.v20120716/jetty-server-8.1.5.v20120716.jar
Download http://repo.springsource.org/libs-release/jdom/jdom/1.0/jdom-1.0.jar
Download http://repo.springsource.org/libs-release/org/apache/axis/axis-jaxrpc/1.4/axis-jaxrpc-1.4.jar
Download http://repo.springsource.org/libs-release/org/apache/axis/axis-saaj/1.4/axis-saaj-1.4.jar
Download http://repo.springsource.org/libs-release/axis/axis-wsdl4j/1.5.1/axis-wsdl4j-1.5.1.jar
Download http://repo.springsource.org/libs-release/commons-discovery/commons-discovery/0.2/commons-discovery-0.2.jar
Download http://repo.springsource.org/libs-release/org/apache/httpcomponents/httpcore/4.2/httpcore-4.2.jar
Download http://repo.springsource.org/libs-release/org/codehaus/jackson/jackson-core-asl/1.4.2/jackson-core-asl-1.4.2.jar
Download http://repo.springsource.org/libs-release/com/fasterxml/jackson/core/jackson-annotations/2.0.1/jackson-annotations-2.0.1.jar
Download http://repo.springsource.org/libs-release/com/fasterxml/jackson/core/jackson-core/2.0.1/jackson-core-2.0.1.jar
Download http://repo.springsource.org/libs-release/org/eclipse/jetty/jetty-continuation/8.1.5.v20120716/jetty-continuation-8.1.5.v20120716.jar
Download http://repo.springsource.org/libs-release/org/eclipse/jetty/jetty-util/8.1.5.v20120716/jetty-util-8.1.5.v20120716.jar
Download http://repo.springsource.org/libs-release/org/eclipse/jetty/jetty-io/8.1.5.v20120716/jetty-io-8.1.5.v20120716.jar
Download http://repo.springsource.org/libs-release/org/eclipse/jetty/jetty-http/8.1.5.v20120716/jetty-http-8.1.5.v20120716.jar
Download http://repo.springsource.org/libs-release/org/eclipse/jetty/jetty-security/8.1.5.v20120716/jetty-security-8.1.5.v20120716.jar
Note: Some input files use or override a deprecated API.
Note: Recompile with -Xlint:deprecation for details.
Note: Some input files use unchecked or unsafe operations.
Note: Recompile with -Xlint:unchecked for details.
:spring-web:processResources
:spring-web:classes
:spring-web:jar
:spring-orm:compileJava
Download http://repo.springsource.org/libs-release/org/hibernate/com.springsource.org.hibernate/3.3.1.GA/com.springsource.org.hibernate-3.3.1.GA.pom
Download http://repo.springsource.org/libs-release/org/hibernate/hibernate-cglib-repack/2.1_3/hibernate-cglib-repack-2.1_3.pom
Download http://repo.springsource.org/libs-release/org/hibernate/hibernate-annotations/3.4.0.GA/hibernate-annotations-3.4.0.GA.pom
Download http://repo.springsource.org/libs-release/org/hibernate/hibernate-entitymanager/3.4.0.GA/hibernate-entitymanager-3.4.0.GA.pom
Download http://repo.springsource.org/libs-release/org/apache/openjpa/openjpa/1.1.0/openjpa-1.1.0.pom
Download http://repo.springsource.org/libs-release/org/apache/openjpa/openjpa-parent/1.1.0/openjpa-parent-1.1.0.pom
Download http://repo.springsource.org/libs-release/org/eclipse/persistence/org.eclipse.persistence.core/1.0.1/org.eclipse.persistence.core-1.0.1.pom
Download http://repo.springsource.org/libs-release/org/eclipse/persistence/org.eclipse.persistence.jpa/1.0.1/org.eclipse.persistence.jpa-1.0.1.pom
Download http://repo.springsource.org/libs-release/toplink/essentials/toplink-essentials/2.0-41b/toplink-essentials-2.0-41b.pom
Download http://repo.springsource.org/libs-release/javax/jdo/jdo-api/3.0/jdo-api-3.0.pom
Download http://repo.springsource.org/libs-release/org/apache/ibatis/ibatis-sqlmap/2.3.4.726/ibatis-sqlmap-2.3.4.726.pom
Download http://repo.springsource.org/libs-release/org/apache/commons/com.springsource.org.apache.commons.collections/3.2.0/com.springsource.org.apache.commons.collections-3.2.0.pom
Download http://repo.springsource.org/libs-release/org/antlr/com.springsource.antlr/2.7.6/com.springsource.antlr-2.7.6.pom
Download http://repo.springsource.org/libs-release/org/jboss/javassist/com.springsource.javassist/3.3.0.ga/com.springsource.javassist-3.3.0.ga.pom
Download http://repo.springsource.org/libs-release/org/jgroups/com.springsource.org.jgroups/2.2.8/com.springsource.org.jgroups-2.2.8.pom
Download http://repo.springsource.org/libs-release/net/sourceforge/cglib/com.springsource.net.sf.cglib/2.1.3/com.springsource.net.sf.cglib-2.1.3.pom
Download http://repo.springsource.org/libs-release/org/dom4j/com.springsource.org.dom4j/1.6.1/com.springsource.org.dom4j-1.6.1.pom
Download http://repo.springsource.org/libs-release/org/objectweb/asm/com.springsource.org.objectweb.asm/1.5.3/com.springsource.org.objectweb.asm-1.5.3.pom
Download http://repo.springsource.org/libs-release/org/objectweb/asm/com.springsource.org.objectweb.asm.attrs/1.5.3/com.springsource.org.objectweb.asm.attrs-1.5.3.pom
Download http://repo.springsource.org/libs-release/org/slf4j/com.springsource.slf4j.api/1.5.3/com.springsource.slf4j.api-1.5.3.pom
Download http://repo.springsource.org/libs-release/org/hibernate/ejb3-persistence/1.0.2.GA/ejb3-persistence-1.0.2.GA.pom
Download http://repo.springsource.org/libs-release/org/hibernate/hibernate-commons-annotations/3.1.0.GA/hibernate-commons-annotations-3.1.0.GA.pom
Download http://repo.springsource.org/libs-release/org/hibernate/hibernate-core/3.3.0.SP1/hibernate-core-3.3.0.SP1.pom
Download http://repo.springsource.org/libs-release/org/slf4j/slf4j-api/1.4.2/slf4j-api-1.4.2.pom
Download http://repo.springsource.org/libs-release/org/slf4j/slf4j-parent/1.4.2/slf4j-parent-1.4.2.pom
Download http://repo.springsource.org/libs-release/dom4j/dom4j/1.6.1/dom4j-1.6.1.pom
Download http://repo.springsource.org/libs-release/javax/transaction/jta/1.1/jta-1.1.pom
Download http://repo.springsource.org/libs-release/javassist/javassist/3.4.GA/javassist-3.4.GA.pom
Download http://repo.springsource.org/libs-release/net/sourceforge/serp/serp/1.13.1/serp-1.13.1.pom
Download http://repo.springsource.org/libs-release/commons-pool/commons-pool/1.3/commons-pool-1.3.pom
Download http://repo.springsource.org/libs-release/org/apache/geronimo/specs/geronimo-jms_1.1_spec/1.0.1/geronimo-jms_1.1_spec-1.0.1.pom
Download http://repo.springsource.org/libs-release/org/apache/geronimo/specs/specs/1.1/specs-1.1.pom
Download http://repo.springsource.org/libs-release/org/apache/apache/1/apache-1.pom
Download http://repo.springsource.org/libs-release/org/apache/geronimo/specs/geronimo-jpa_3.0_spec/1.0/geronimo-jpa_3.0_spec-1.0.pom
Download http://repo.springsource.org/libs-release/javax/persistence/persistence-api/1.0b/persistence-api-1.0b.pom
Download http://repo.springsource.org/libs-release/javax/transaction/transaction-api/1.1/transaction-api-1.1.pom
Download http://repo.springsource.org/libs-release/commons-io/commons-io/1.3/commons-io-1.3.pom
Download http://repo.springsource.org/libs-release/edu/oswego/cs/concurrent/com.springsource.edu.oswego.cs.dl.util.concurrent/1.3.4/com.springsource.edu.oswego.cs.dl.util.concurrent-1.3.4.pom
Download http://repo.springsource.org/libs-release/org/apache/commons/com.springsource.org.apache.commons.logging/1.1.1/com.springsource.org.apache.commons.logging-1.1.1.pom
Download http://repo.springsource.org/libs-release/org/apache/log4j/com.springsource.org.apache.log4j/1.2.15/com.springsource.org.apache.log4j-1.2.15.pom
Download http://repo.springsource.org/libs-release/org/hibernate/com.springsource.org.hibernate/3.3.1.GA/com.springsource.org.hibernate-3.3.1.GA.jar
Download http://repo.springsource.org/libs-release/org/hibernate/hibernate-cglib-repack/2.1_3/hibernate-cglib-repack-2.1_3.jar
Download http://repo.springsource.org/libs-release/org/hibernate/hibernate-annotations/3.4.0.GA/hibernate-annotations-3.4.0.GA.jar
Download http://repo.springsource.org/libs-release/org/hibernate/hibernate-entitymanager/3.4.0.GA/hibernate-entitymanager-3.4.0.GA.jar
Download http://repo.springsource.org/libs-release/org/apache/openjpa/openjpa/1.1.0/openjpa-1.1.0.jar
Download http://repo.springsource.org/libs-release/org/eclipse/persistence/org.eclipse.persistence.core/1.0.1/org.eclipse.persistence.core-1.0.1.jar
Download http://repo.springsource.org/libs-release/org/eclipse/persistence/org.eclipse.persistence.jpa/1.0.1/org.eclipse.persistence.jpa-1.0.1.jar
Download http://repo.springsource.org/libs-release/toplink/essentials/toplink-essentials/2.0-41b/toplink-essentials-2.0-41b.jar
Download http://repo.springsource.org/libs-release/javax/jdo/jdo-api/3.0/jdo-api-3.0.jar
Download http://repo.springsource.org/libs-release/org/apache/ibatis/ibatis-sqlmap/2.3.4.726/ibatis-sqlmap-2.3.4.726.jar
Download http://repo.springsource.org/libs-release/org/apache/commons/com.springsource.org.apache.commons.collections/3.2.0/com.springsource.org.apache.commons.collections-3.2.0.jar
Download http://repo.springsource.org/libs-release/org/antlr/com.springsource.antlr/2.7.6/com.springsource.antlr-2.7.6.jar
Download http://repo.springsource.org/libs-release/org/jboss/javassist/com.springsource.javassist/3.3.0.ga/com.springsource.javassist-3.3.0.ga.jar
Download http://repo.springsource.org/libs-release/edu/oswego/cs/concurrent/com.springsource.edu.oswego.cs.dl.util.concurrent/1.3.4/com.springsource.edu.oswego.cs.dl.util.concurrent-1.3.4.jar
Download http://repo.springsource.org/libs-release/org/apache/commons/com.springsource.org.apache.commons.logging/1.1.1/com.springsource.org.apache.commons.logging-1.1.1.jar
Download http://repo.springsource.org/libs-release/org/apache/log4j/com.springsource.org.apache.log4j/1.2.15/com.springsource.org.apache.log4j-1.2.15.jar
Download http://repo.springsource.org/libs-release/org/jgroups/com.springsource.org.jgroups/2.2.8/com.springsource.org.jgroups-2.2.8.jar
Download http://repo.springsource.org/libs-release/net/sourceforge/cglib/com.springsource.net.sf.cglib/2.1.3/com.springsource.net.sf.cglib-2.1.3.jar
Download http://repo.springsource.org/libs-release/org/dom4j/com.springsource.org.dom4j/1.6.1/com.springsource.org.dom4j-1.6.1.jar
Download http://repo.springsource.org/libs-release/org/objectweb/asm/com.springsource.org.objectweb.asm/1.5.3/com.springsource.org.objectweb.asm-1.5.3.jar
Download http://repo.springsource.org/libs-release/org/objectweb/asm/com.springsource.org.objectweb.asm.attrs/1.5.3/com.springsource.org.objectweb.asm.attrs-1.5.3.jar
Download http://repo.springsource.org/libs-release/org/slf4j/com.springsource.slf4j.api/1.5.3/com.springsource.slf4j.api-1.5.3.jar
Download http://repo.springsource.org/libs-release/org/hibernate/ejb3-persistence/1.0.2.GA/ejb3-persistence-1.0.2.GA.jar
Download http://repo.springsource.org/libs-release/org/hibernate/hibernate-commons-annotations/3.1.0.GA/hibernate-commons-annotations-3.1.0.GA.jar
Download http://repo.springsource.org/libs-release/org/hibernate/hibernate-core/3.3.0.SP1/hibernate-core-3.3.0.SP1.jar
Download http://repo.springsource.org/libs-release/xml-apis/xml-apis/1.0.b2/xml-apis-1.0.b2.jar
Download http://repo.springsource.org/libs-release/dom4j/dom4j/1.6.1/dom4j-1.6.1.jar
Download http://repo.springsource.org/libs-release/javax/transaction/jta/1.1/jta-1.1.jar
Download http://repo.springsource.org/libs-release/javassist/javassist/3.4.GA/javassist-3.4.GA.jar
Download http://repo.springsource.org/libs-release/net/sourceforge/serp/serp/1.13.1/serp-1.13.1.jar
Download http://repo.springsource.org/libs-release/org/apache/geronimo/specs/geronimo-jpa_3.0_spec/1.0/geronimo-jpa_3.0_spec-1.0.jar
Download http://repo.springsource.org/libs-release/javax/transaction/transaction-api/1.1/transaction-api-1.1.jar
Download http://repo.springsource.org/libs-release/commons-io/commons-io/1.3/commons-io-1.3.jar
Note: Some input files use or override a deprecated API.
Note: Recompile with -Xlint:deprecation for details.
Note: Some input files use unchecked or unsafe operations.
Note: Recompile with -Xlint:unchecked for details.
:spring-orm:processResources UP-TO-DATE
:spring-orm:classes
:spring-orm-hibernate4:compileJava
Download http://repo.springsource.org/libs-release/org/hibernate/hibernate-core/4.1.0.Final/hibernate-core-4.1.0.Final.pom
Download http://repo.springsource.org/libs-release/org/hibernate/hibernate-entitymanager/4.1.0.Final/hibernate-entitymanager-4.1.0.Final.pom
Download http://repo.springsource.org/libs-release/javax/servlet/servlet-api/2.5/servlet-api-2.5.pom
Download http://repo.springsource.org/libs-release/org/jboss/spec/javax/transaction/jboss-transaction-api_1.1_spec/1.0.0.Final/jboss-transaction-api_1.1_spec-1.0.0.Final.pom
Download http://repo.springsource.org/libs-release/org/jboss/spec/jboss-specs-parent/1.0.0.Beta2/jboss-specs-parent-1.0.0.Beta2.pom
Download http://repo.springsource.org/libs-release/org/jboss/jboss-parent/5/jboss-parent-5.pom
Download http://repo.springsource.org/libs-release/org/hibernate/javax/persistence/hibernate-jpa-2.0-api/1.0.1.Final/hibernate-jpa-2.0-api-1.0.1.Final.pom
Download http://repo.springsource.org/libs-release/org/jboss/logging/jboss-logging/3.1.0.CR2/jboss-logging-3.1.0.CR2.pom
Download http://repo.springsource.org/libs-release/org/jboss/jboss-parent/6/jboss-parent-6.pom
Download http://repo.springsource.org/libs-release/org/javassist/javassist/3.15.0-GA/javassist-3.15.0-GA.pom
Download http://repo.springsource.org/libs-release/org/hibernate/common/hibernate-commons-annotations/4.0.1.Final/hibernate-commons-annotations-4.0.1.Final.pom
Download http://repo.springsource.org/libs-release/org/hibernate/hibernate-core/4.1.0.Final/hibernate-core-4.1.0.Final.jar
Download http://repo.springsource.org/libs-release/org/hibernate/hibernate-entitymanager/4.1.0.Final/hibernate-entitymanager-4.1.0.Final.jar
Download http://repo.springsource.org/libs-release/javax/servlet/servlet-api/2.5/servlet-api-2.5.jar
Download http://repo.springsource.org/libs-release/commons-collections/commons-collections/3.2.1/commons-collections-3.2.1.jar
Download http://repo.springsource.org/libs-release/org/jboss/spec/javax/transaction/jboss-transaction-api_1.1_spec/1.0.0.Final/jboss-transaction-api_1.1_spec-1.0.0.Final.jar
Download http://repo.springsource.org/libs-release/org/hibernate/javax/persistence/hibernate-jpa-2.0-api/1.0.1.Final/hibernate-jpa-2.0-api-1.0.1.Final.jar
Download http://repo.springsource.org/libs-release/org/jboss/logging/jboss-logging/3.1.0.CR2/jboss-logging-3.1.0.CR2.jar
Download http://repo.springsource.org/libs-release/org/javassist/javassist/3.15.0-GA/javassist-3.15.0-GA.jar
Download http://repo.springsource.org/libs-release/org/hibernate/common/hibernate-commons-annotations/4.0.1.Final/hibernate-commons-annotations-4.0.1.Final.jar
:spring-orm-hibernate4:processResources UP-TO-DATE
:spring-orm-hibernate4:classes
:spring-orm:jar
:spring-aspects:compileJava
Download http://repo.springsource.org/libs-release/org/aspectj/aspectjrt/1.6.12/aspectjrt-1.6.12.pom
Download http://repo.springsource.org/libs-release/org/aspectj/aspectjrt/1.6.12/aspectjrt-1.6.12.jar
Download http://repo.springsource.org/libs-release/org/aspectj/aspectjtools/1.6.12/aspectjtools-1.6.12.pom
Download http://repo.springsource.org/libs-release/org/aspectj/aspectjtools/1.6.12/aspectjtools-1.6.12.jar
[ant:iajc] <Unknown> [warning] Found @DeclareAnnotation while current release does not support it (see 'org.aspectj.weaver.bcel.AtAjAttributes')
[ant:iajc] 	
[ant:iajc] org.aspectj.apache.bcel.classfile.ClassFormatException: Invalid byte tag in constant pool: 18
[ant:iajc] 	at org.aspectj.apache.bcel.classfile.Constant.readConstant(Constant.java:133)
[ant:iajc] 	at org.aspectj.apache.bcel.classfile.ConstantPool.<init>(ConstantPool.java:45)
[ant:iajc] 	at org.aspectj.apache.bcel.classfile.ClassParser.readConstantPool(ClassParser.java:186)
[ant:iajc] 	at org.aspectj.apache.bcel.classfile.ClassParser.parse(ClassParser.java:131)
[ant:iajc] 	at org.aspectj.weaver.bcel.BcelWorld.lookupJavaClass(BcelWorld.java:424)
[ant:iajc] 	at org.aspectj.weaver.bcel.BcelWorld.resolveDelegate(BcelWorld.java:376)
[ant:iajc] 	at org.aspectj.weaver.World.resolveToReferenceType(World.java:485)
[ant:iajc] 	at org.aspectj.weaver.World.resolve(World.java:326)
[ant:iajc] 	at org.aspectj.weaver.World.resolve(World.java:236)
[ant:iajc] 	at org.aspectj.weaver.bcel.BcelGenericSignatureToTypeXConverter.classTypeSignature2TypeX(BcelGenericSignatureToTypeXConverter.java:97)
[ant:iajc] 	at org.aspectj.weaver.bcel.BcelGenericSignatureToTypeXConverter.classTypeSignature2TypeX(BcelGenericSignatureToTypeXConverter.java:41)
[ant:iajc] 	at org.aspectj.weaver.bcel.BcelObjectType.ensureGenericSignatureUnpacked(BcelObjectType.java:810)
[ant:iajc] 	at org.aspectj.weaver.bcel.BcelObjectType.getSuperclass(BcelObjectType.java:231)
[ant:iajc] 	at org.aspectj.weaver.ReferenceType.getSuperclass(ReferenceType.java:920)
[ant:iajc] 	at org.aspectj.weaver.patterns.ExactAnnotationTypePattern.matches(ExactAnnotationTypePattern.java:176)
[ant:iajc] 	at org.aspectj.weaver.patterns.ExactAnnotationTypePattern.matches(ExactAnnotationTypePattern.java:96)
[ant:iajc] 	at org.aspectj.weaver.patterns.AnyWithAnnotationTypePattern.matchesExactly(AnyWithAnnotationTypePattern.java:55)
[ant:iajc] 	at org.aspectj.weaver.patterns.TypePattern.matchesStatically(TypePattern.java:132)
[ant:iajc] 	at org.aspectj.weaver.patterns.DeclareParents.match(DeclareParents.java:63)
[ant:iajc] 	at org.aspectj.weaver.patterns.DeclareParents.findMatchingNewParents(DeclareParents.java:358)
[ant:iajc] 	at org.aspectj.ajdt.internal.compiler.lookup.AjLookupEnvironment.doDeclareParents(AjLookupEnvironment.java:880)
[ant:iajc] 	at org.aspectj.ajdt.internal.compiler.lookup.AjLookupEnvironment.weaveInterTypeDeclarations(AjLookupEnvironment.java:730)
[ant:iajc] 	at org.aspectj.ajdt.internal.compiler.lookup.AjLookupEnvironment.weaveInterTypeDeclarations(AjLookupEnvironment.java:652)
[ant:iajc] 	at org.aspectj.ajdt.internal.compiler.lookup.AjLookupEnvironment.doPendingWeaves(AjLookupEnvironment.java:427)
[ant:iajc] 	at org.aspectj.ajdt.internal.compiler.lookup.AjLookupEnvironment.completeTypeBindings(AjLookupEnvironment.java:213)
[ant:iajc] 	at org.aspectj.org.eclipse.jdt.internal.compiler.Compiler.internalBeginToCompile(Compiler.java:616)
[ant:iajc] 	at org.aspectj.org.eclipse.jdt.internal.compiler.Compiler.beginToCompile(Compiler.java:357)
[ant:iajc] 	at org.aspectj.org.eclipse.jdt.internal.compiler.Compiler.compile(Compiler.java:371)
[ant:iajc] 	at org.aspectj.ajdt.internal.core.builder.AjBuildManager.performCompilation(AjBuildManager.java:1027)
[ant:iajc] 	at org.aspectj.ajdt.internal.core.builder.AjBuildManager.performBuild(AjBuildManager.java:271)
[ant:iajc] 	at org.aspectj.ajdt.internal.core.builder.AjBuildManager.batchBuild(AjBuildManager.java:184)
[ant:iajc] 	at org.aspectj.ajdt.ajc.AjdtCommand.doCommand(AjdtCommand.java:112)
[ant:iajc] 	at org.aspectj.ajdt.ajc.AjdtCommand.runCommand(AjdtCommand.java:60)
[ant:iajc] 	at org.aspectj.tools.ajc.Main.run(Main.java:371)
[ant:iajc] 	at org.aspectj.tools.ajc.Main.runMain(Main.java:248)
[ant:iajc] 	at org.aspectj.tools.ajc.Main.main(Main.java:84)
[ant:iajc] /home/ubuntu/bugs/spring-framework/spring-aspects/src/main/java/org/springframework/transaction/aspectj/AnnotationTransactionAspect.aj [error] Internal compiler error
[ant:iajc] org.aspectj.apache.bcel.classfile.ClassFormatException: File: 'java/lang/CharSequence.class': Invalid byte tag in constant pool: 18
[ant:iajc] 	at org.aspectj.apache.bcel.classfile.ClassParser.readConstantPool(ClassParser.java:192)
[ant:iajc] 	at org.aspectj.apache.bcel.classfile.ClassParser.parse(ClassParser.java:131)
[ant:iajc] 	at org.aspectj.weaver.bcel.BcelWorld.lookupJavaClass(BcelWorld.java:424)
[ant:iajc] 	at org.aspectj.weaver.bcel.BcelWorld.resolveDelegate(BcelWorld.java:376)
[ant:iajc] 	at org.aspectj.weaver.World.resolveToReferenceType(World.java:485)
[ant:iajc] 	at org.aspectj.weaver.World.resolve(World.java:326)
[ant:iajc] 	at org.aspectj.weaver.World.resolve(World.java:236)
[ant:iajc] 	at org.aspectj.weaver.bcel.BcelGenericSignatureToTypeXConverter.classTypeSignature2TypeX(BcelGenericSignatureToTypeXConverter.java:97)
[ant:iajc] 	at org.aspectj.weaver.bcel.BcelGenericSignatureToTypeXConverter.classTypeSignature2TypeX(BcelGenericSignatureToTypeXConverter.java:41)
[ant:iajc] 	at org.aspectj.weaver.bcel.BcelObjectType.ensureGenericSignatureUnpacked(BcelObjectType.java:810)
[ant:iajc] 	at org.aspectj.weaver.bcel.BcelObjectType.getSuperclass(BcelObjectType.java:231)
[ant:iajc] 	at org.aspectj.weaver.ReferenceType.getSuperclass(ReferenceType.java:920)
[ant:iajc] 	at org.aspectj.weaver.patterns.ExactAnnotationTypePattern.matches(ExactAnnotationTypePattern.java:176)
[ant:iajc] 	at org.aspectj.weaver.patterns.ExactAnnotationTypePattern.matches(ExactAnnotationTypePattern.java:96)
[ant:iajc] 	at org.aspectj.weaver.patterns.AnyWithAnnotationTypePattern.matchesExactly(AnyWithAnnotationTypePattern.java:55)
[ant:iajc] 	at org.aspectj.weaver.patterns.TypePattern.matchesStatically(TypePattern.java:132)
[ant:iajc] 	at org.aspectj.weaver.patterns.DeclareParents.match(DeclareParents.java:63)
[ant:iajc] 	at org.aspectj.weaver.patterns.DeclareParents.findMatchingNewParents(DeclareParents.java:358)
[ant:iajc] 	at org.aspectj.ajdt.internal.compiler.lookup.AjLookupEnvironment.doDeclareParents(AjLookupEnvironment.java:880)
[ant:iajc] 	at org.aspectj.ajdt.internal.compiler.lookup.AjLookupEnvironment.weaveInterTypeDeclarations(AjLookupEnvironment.java:730)
[ant:iajc] 	at org.aspectj.ajdt.internal.compiler.lookup.AjLookupEnvironment.weaveInterTypeDeclarations(AjLookupEnvironment.java:652)
[ant:iajc] 	at org.aspectj.ajdt.internal.compiler.lookup.AjLookupEnvironment.doPendingWeaves(AjLookupEnvironment.java:427)
[ant:iajc] 	at org.aspectj.ajdt.internal.compiler.lookup.AjLookupEnvironment.completeTypeBindings(AjLookupEnvironment.java:213)
[ant:iajc] 	at org.aspectj.org.eclipse.jdt.internal.compiler.Compiler.internalBeginToCompile(Compiler.java:616)
[ant:iajc] 	at org.aspectj.org.eclipse.jdt.internal.compiler.Compiler.beginToCompile(Compiler.java:357)
[ant:iajc] 	at org.aspectj.org.eclipse.jdt.internal.compiler.Compiler.compile(Compiler.java:371)
[ant:iajc] 	at org.aspectj.ajdt.internal.core.builder.AjBuildManager.performCompilation(AjBuildManager.java:1027)
[ant:iajc] 	at org.aspectj.ajdt.internal.core.builder.AjBuildManager.performBuild(AjBuildManager.java:271)
[ant:iajc] 	at org.aspectj.ajdt.internal.core.builder.AjBuildManager.batchBuild(AjBuildManager.java:184)
[ant:iajc] 	at org.aspectj.ajdt.ajc.AjdtCommand.doCommand(AjdtCommand.java:112)
[ant:iajc] 	at org.aspectj.ajdt.ajc.AjdtCommand.runCommand(AjdtCommand.java:60)
[ant:iajc] 	at org.aspectj.tools.ajc.Main.run(Main.java:371)
[ant:iajc] 	at org.aspectj.tools.ajc.Main.runMain(Main.java:248)
[ant:iajc] 	at org.aspectj.tools.ajc.Main.main(Main.java:84)
[ant:iajc] 
[ant:iajc] (no source information available)
[ant:iajc] ABORT
[ant:iajc] 	
[ant:iajc] Exception thrown from AspectJ 1.6.12
[ant:iajc] 
[ant:iajc] This might be logged as a bug already -- find current bugs at
[ant:iajc]   http://bugs.eclipse.org/bugs/buglist.cgi?product=AspectJ&component=Compiler
[ant:iajc] 
[ant:iajc] Bugs for exceptions thrown have titles File:line from the top stack, 
[ant:iajc] e.g., "SomeFile.java:243"
[ant:iajc] 
[ant:iajc] If you don't find the exception below in a bug, please add a new bug
[ant:iajc] at http://bugs.eclipse.org/bugs/enter_bug.cgi?product=AspectJ
[ant:iajc] To make the bug a priority, please include a test program
[ant:iajc] that can reproduce this exception.
[ant:iajc] File: 'java/lang/CharSequence.class': Invalid byte tag in constant pool: 18
[ant:iajc] 
[ant:iajc] when processing declare parents String
[ant:iajc] when weaving intertype declarations String
[ant:iajc] when weaving intertype declarations String
[ant:iajc] when completing type bindings 
[ant:iajc] when batch building BuildConfig[null] #Files=21 AopXmls=#0
[ant:iajc] File: 'java/lang/CharSequence.class': Invalid byte tag in constant pool: 18
[ant:iajc] org.aspectj.apache.bcel.classfile.ClassFormatException: File: 'java/lang/CharSequence.class': Invalid byte tag in constant pool: 18
[ant:iajc] 	at org.aspectj.apache.bcel.classfile.ClassParser.readConstantPool(ClassParser.java:192)
[ant:iajc] 	at org.aspectj.apache.bcel.classfile.ClassParser.parse(ClassParser.java:131)
[ant:iajc] 	at org.aspectj.weaver.bcel.BcelWorld.lookupJavaClass(BcelWorld.java:424)
[ant:iajc] 	at org.aspectj.weaver.bcel.BcelWorld.resolveDelegate(BcelWorld.java:376)
[ant:iajc] 	at org.aspectj.weaver.World.resolveToReferenceType(World.java:485)
[ant:iajc] 	at org.aspectj.weaver.World.resolve(World.java:326)
[ant:iajc] 	at org.aspectj.weaver.World.resolve(World.java:236)
[ant:iajc] 	at org.aspectj.weaver.bcel.BcelGenericSignatureToTypeXConverter.classTypeSignature2TypeX(BcelGenericSignatureToTypeXConverter.java:97)
[ant:iajc] 	at org.aspectj.weaver.bcel.BcelGenericSignatureToTypeXConverter.classTypeSignature2TypeX(BcelGenericSignatureToTypeXConverter.java:41)
[ant:iajc] 	at org.aspectj.weaver.bcel.BcelObjectType.ensureGenericSignatureUnpacked(BcelObjectType.java:810)
[ant:iajc] 	at org.aspectj.weaver.bcel.BcelObjectType.getSuperclass(BcelObjectType.java:231)
[ant:iajc] 	at org.aspectj.weaver.ReferenceType.getSuperclass(ReferenceType.java:920)
[ant:iajc] 	at org.aspectj.weaver.patterns.ExactAnnotationTypePattern.matches(ExactAnnotationTypePattern.java:176)
[ant:iajc] 	at org.aspectj.weaver.patterns.ExactAnnotationTypePattern.matches(ExactAnnotationTypePattern.java:96)
[ant:iajc] 	at org.aspectj.weaver.patterns.AnyWithAnnotationTypePattern.matchesExactly(AnyWithAnnotationTypePattern.java:55)
[ant:iajc] 	at org.aspectj.weaver.patterns.TypePattern.matchesStatically(TypePattern.java:132)
[ant:iajc] 	at org.aspectj.weaver.patterns.DeclareParents.match(DeclareParents.java:63)
[ant:iajc] 	at org.aspectj.weaver.patterns.DeclareParents.findMatchingNewParents(DeclareParents.java:358)
[ant:iajc] 	at org.aspectj.ajdt.internal.compiler.lookup.AjLookupEnvironment.doDeclareParents(AjLookupEnvironment.java:880)
[ant:iajc] 	at org.aspectj.ajdt.internal.compiler.lookup.AjLookupEnvironment.weaveInterTypeDeclarations(AjLookupEnvironment.java:730)
[ant:iajc] 	at org.aspectj.ajdt.internal.compiler.lookup.AjLookupEnvironment.weaveInterTypeDeclarations(AjLookupEnvironment.java:652)
[ant:iajc] 	at org.aspectj.ajdt.internal.compiler.lookup.AjLookupEnvironment.doPendingWeaves(AjLookupEnvironment.java:427)
[ant:iajc] 	at org.aspectj.ajdt.internal.compiler.lookup.AjLookupEnvironment.completeTypeBindings(AjLookupEnvironment.java:213)
[ant:iajc] 	at org.aspectj.org.eclipse.jdt.internal.compiler.Compiler.internalBeginToCompile(Compiler.java:616)
[ant:iajc] 	at org.aspectj.org.eclipse.jdt.internal.compiler.Compiler.beginToCompile(Compiler.java:357)
[ant:iajc] 	at org.aspectj.org.eclipse.jdt.internal.compiler.Compiler.compile(Compiler.java:371)
[ant:iajc] 	at org.aspectj.ajdt.internal.core.builder.AjBuildManager.performCompilation(AjBuildManager.java:1027)
[ant:iajc] 	at org.aspectj.ajdt.internal.core.builder.AjBuildManager.performBuild(AjBuildManager.java:271)
[ant:iajc] 	at org.aspectj.ajdt.internal.core.builder.AjBuildManager.batchBuild(AjBuildManager.java:184)
[ant:iajc] 	at org.aspectj.ajdt.ajc.AjdtCommand.doCommand(AjdtCommand.java:112)
[ant:iajc] 	at org.aspectj.ajdt.ajc.AjdtCommand.runCommand(AjdtCommand.java:60)
[ant:iajc] 	at org.aspectj.tools.ajc.Main.run(Main.java:371)
[ant:iajc] 	at org.aspectj.tools.ajc.Main.runMain(Main.java:248)
[ant:iajc] 	at org.aspectj.tools.ajc.Main.main(Main.java:84)
[ant:iajc] 
[ant:iajc] Jan 13, 2019 3:33:45 PM org.aspectj.weaver.tools.Jdk14Trace info
[ant:iajc] INFO: Dumping to /home/ubuntu/bugs/spring-framework/spring-aspects/./ajcore.20190113.153345.769.txt
[ant:iajc] 
[ant:iajc] 1 fail|abort, 1 error, 1 warning
:spring-aspects:compileJava FAILED

FAILURE: Build failed with an exception.

* Where:
Script '/home/ubuntu/bugs/spring-framework/spring-aspects/aspects.gradle' line: 23

* What went wrong:
Execution failed for task ':spring-aspects:compileJava'.
> compile errors: 255

* Try:
Run with --stacktrace option to get the stack trace. Run with --info or --debug option to get more log output.

BUILD FAILED

Total time: 4 mins 53.749 secs
