OpenJDK 64-Bit Server VM warning: ignoring option MaxPermSize=1024m; support was removed in 8.0
Downloading http://services.gradle.org/distributions/gradle-1.0-milestone-8a-bin.zip
.........................................................................................................................................................................................................................................................................................................................................................................................................................................................................................................................................................................................................................................................................................................................................................................................................................................................................................................................................................................................................................................................................................................................................................................................................................................................................................................................................................................................................................................................................................................................................................
Unzipping /home/ubuntu/.gradle/wrapper/dists/gradle-1.0-milestone-8a-bin/5ok1i5pfhkp1uo5oljn22k4kl8/gradle-1.0-milestone-8a-bin.zip to /home/ubuntu/.gradle/wrapper/dists/gradle-1.0-milestone-8a-bin/5ok1i5pfhkp1uo5oljn22k4kl8
Set executable permissions for: /home/ubuntu/.gradle/wrapper/dists/gradle-1.0-milestone-8a-bin/5ok1i5pfhkp1uo5oljn22k4kl8/gradle-1.0-milestone-8a/bin/gradle
Download http://repo.springsource.org/plugins-release/org/springframework/build/gradle/docbook-reference-plugin/0.1.3/docbook-reference-plugin-0.1.3.pom
Download http://repo.springsource.org/plugins-release/org/apache/xmlgraphics/batik-dom/1.7/batik-dom-1.7.pom
Download http://repo.springsource.org/plugins-release/org/apache/xerces/xercesImpl/2.9.1/xercesImpl-2.9.1.pom
Download http://repo.springsource.org/plugins-release/saxon/saxon/6.5.3/saxon-6.5.3.pom
Download http://repo.springsource.org/plugins-release/org/apache/xmlgraphics/batik-bridge/1.7/batik-bridge-1.7.pom
Download http://repo.springsource.org/plugins-release/org/apache/xmlgraphics/batik-css/1.7/batik-css-1.7.pom
Download http://repo.springsource.org/plugins-release/net/sf/docbook/docbook-xsl/1.75.2/docbook-xsl-1.75.2.pom
Download http://repo.springsource.org/plugins-release/net/sf/docbook/docbook/5.0/docbook-5.0.pom
Download http://repo.springsource.org/plugins-release/org/apache/xmlgraphics/fop/0.95-1/fop-0.95-1.pom
Download http://repo.springsource.org/plugins-release/org/apache/xmlgraphics/batik-util/1.7/batik-util-1.7.pom
Download http://repo.springsource.org/plugins-release/org/apache/avalon/framework/avalon-framework-api/4.3.1/avalon-framework-api-4.3.1.pom
Download http://repo.springsource.org/plugins-release/org/apache/avalon/avalon-framework/1/avalon-framework-1.pom
Download http://repo.springsource.org/plugins-release/org/apache/excalibur/excalibur/1/excalibur-1.pom
Download http://repo.springsource.org/plugins-release/org/apache/apache/3/apache-3.pom
Download http://repo.springsource.org/plugins-release/org/apache/xmlgraphics/batik-svg-dom/1.7/batik-svg-dom-1.7.pom
Download http://repo.springsource.org/plugins-release/net/sf/xslthl/xslthl/2.0.1/xslthl-2.0.1.pom
Download http://repo.springsource.org/plugins-release/org/apache/xmlgraphics/xmlgraphics-commons/1.3/xmlgraphics-commons-1.3.pom
Download http://repo.springsource.org/plugins-release/org/apache/xerces/resolver/2.9.1/resolver-2.9.1.pom
Download http://repo.springsource.org/plugins-release/org/apache/xmlgraphics/batik-ext/1.7/batik-ext-1.7.pom
Download http://repo.springsource.org/plugins-release/org/apache/xmlgraphics/batik-xml/1.7/batik-xml-1.7.pom
Download http://repo.springsource.org/plugins-release/xalan/xalan/2.6.0/xalan-2.6.0.pom
Download http://repo.springsource.org/plugins-release/xml-apis/xml-apis/1.3.04/xml-apis-1.3.04.pom
Download http://repo.springsource.org/plugins-release/xml-apis/xml-apis-ext/1.3.04/xml-apis-ext-1.3.04.pom
Download http://repo.springsource.org/plugins-release/org/apache/xmlgraphics/batik-anim/1.7/batik-anim-1.7.pom
Download http://repo.springsource.org/plugins-release/org/apache/xmlgraphics/batik-awt-util/1.7/batik-awt-util-1.7.pom
Download http://repo.springsource.org/plugins-release/org/apache/xmlgraphics/batik-gvt/1.7/batik-gvt-1.7.pom
Download http://repo.springsource.org/plugins-release/org/apache/xmlgraphics/batik-parser/1.7/batik-parser-1.7.pom
Download http://repo.springsource.org/plugins-release/org/apache/xmlgraphics/batik-script/1.7/batik-script-1.7.pom
Download http://repo.springsource.org/plugins-release/org/apache/xmlgraphics/batik-transcoder/1.7/batik-transcoder-1.7.pom
Download http://repo.springsource.org/plugins-release/org/apache/xmlgraphics/batik-extension/1.7/batik-extension-1.7.pom
Download http://repo.springsource.org/plugins-release/commons-logging/commons-logging/1.0.4/commons-logging-1.0.4.pom
Download http://repo.springsource.org/plugins-release/commons-io/commons-io/1.3.1/commons-io-1.3.1.pom
Download http://repo.springsource.org/plugins-release/org/apache/avalon/framework/avalon-framework-impl/4.3.1/avalon-framework-impl-4.3.1.pom
Download http://repo.springsource.org/plugins-release/org/apache/xmlgraphics/batik-js/1.7/batik-js-1.7.pom
Download http://repo.springsource.org/plugins-release/org/apache/xmlgraphics/batik-svggen/1.7/batik-svggen-1.7.pom
Download http://repo.springsource.org/plugins-release/org/apache/xmlgraphics/xmlgraphics-commons/1.3.1/xmlgraphics-commons-1.3.1.pom
Download http://repo.springsource.org/plugins-release/xml-apis/xml-apis/2.0.2/xml-apis-2.0.2.pom
Download http://repo.springsource.org/plugins-release/xml-apis/xml-apis/1.0.b2/xml-apis-1.0.b2.pom
Download http://repo.springsource.org/plugins-release/org/springframework/build/gradle/docbook-reference-plugin/0.1.3/docbook-reference-plugin-0.1.3.jar
Download http://repo.springsource.org/plugins-release/org/apache/xmlgraphics/batik-util/1.7/batik-util-1.7.jar
Download http://repo.springsource.org/plugins-release/org/apache/xmlgraphics/batik-ext/1.7/batik-ext-1.7.jar
Download http://repo.springsource.org/plugins-release/xml-apis/xml-apis-ext/1.3.04/xml-apis-ext-1.3.04.jar
Download http://repo.springsource.org/plugins-release/org/apache/xmlgraphics/batik-css/1.7/batik-css-1.7.jar
Download http://repo.springsource.org/plugins-release/org/apache/xmlgraphics/batik-xml/1.7/batik-xml-1.7.jar
Download http://repo.springsource.org/plugins-release/xalan/xalan/2.6.0/xalan-2.6.0.jar
Download http://repo.springsource.org/plugins-release/org/apache/xmlgraphics/batik-dom/1.7/batik-dom-1.7.jar
Download http://repo.springsource.org/plugins-release/org/apache/xerces/xercesImpl/2.9.1/xercesImpl-2.9.1.jar
Download http://repo.springsource.org/plugins-release/saxon/saxon/6.5.3/saxon-6.5.3.jar
Download http://repo.springsource.org/plugins-release/org/apache/xmlgraphics/batik-bridge/1.7/batik-bridge-1.7.jar
Download http://repo.springsource.org/plugins-release/org/apache/xmlgraphics/batik-svg-dom/1.7/batik-svg-dom-1.7.jar
Download http://repo.springsource.org/plugins-release/org/apache/xmlgraphics/batik-awt-util/1.7/batik-awt-util-1.7.jar
Download http://repo.springsource.org/plugins-release/org/apache/xmlgraphics/batik-parser/1.7/batik-parser-1.7.jar
Download http://repo.springsource.org/plugins-release/org/apache/xmlgraphics/batik-anim/1.7/batik-anim-1.7.jar
Download http://repo.springsource.org/plugins-release/org/apache/xmlgraphics/batik-js/1.7/batik-js-1.7.jar
Download http://repo.springsource.org/plugins-release/org/apache/xmlgraphics/batik-gvt/1.7/batik-gvt-1.7.jar
Download http://repo.springsource.org/plugins-release/org/apache/xmlgraphics/batik-script/1.7/batik-script-1.7.jar
Download http://repo.springsource.org/plugins-release/net/sf/docbook/docbook-xsl/1.75.2/docbook-xsl-1.75.2-resources.zip
Download http://repo.springsource.org/plugins-release/org/apache/avalon/framework/avalon-framework-api/4.3.1/avalon-framework-api-4.3.1.jar
Download http://repo.springsource.org/plugins-release/org/apache/xmlgraphics/batik-svggen/1.7/batik-svggen-1.7.jar
Download http://repo.springsource.org/plugins-release/org/apache/xmlgraphics/batik-transcoder/1.7/batik-transcoder-1.7.jar
Download http://repo.springsource.org/plugins-release/org/apache/xmlgraphics/batik-extension/1.7/batik-extension-1.7.jar
Download http://repo.springsource.org/plugins-release/commons-logging/commons-logging/1.0.4/commons-logging-1.0.4.jar
Download http://repo.springsource.org/plugins-release/commons-io/commons-io/1.3.1/commons-io-1.3.1.jar
Download http://repo.springsource.org/plugins-release/org/apache/avalon/framework/avalon-framework-impl/4.3.1/avalon-framework-impl-4.3.1.jar
Download http://repo.springsource.org/plugins-release/org/apache/xmlgraphics/xmlgraphics-commons/1.3.1/xmlgraphics-commons-1.3.1.jar
Download http://repo.springsource.org/plugins-release/org/apache/xmlgraphics/fop/0.95-1/fop-0.95-1.jar
Download http://repo.springsource.org/plugins-release/net/sf/xslthl/xslthl/2.0.1/xslthl-2.0.1.jar
Download http://repo.springsource.org/plugins-release/org/apache/xerces/resolver/2.9.1/resolver-2.9.1.jar

FAILURE: Could not determine which tasks to execute.

* What went wrong:
Task 'depsZip' not found in root project 'spring'. Some candidates are: 'distZip', 'docsZip'.

* Try:
Run gradlew tasks to get a list of available tasks.

BUILD FAILED

Total time: 1 mins 26.172 secs
