Exception in thread "DisconnectableInputStream source reader" org.gradle.api.UncheckedIOException: java.io.IOException: Bad file descriptor
	at org.gradle.internal.UncheckedException.throwAsUncheckedException(UncheckedException.java:57)
	at org.gradle.internal.UncheckedException.throwAsUncheckedException(UncheckedException.java:40)
	at org.gradle.util.DisconnectableInputStream$1.run(DisconnectableInputStream.java:125)
	at java.lang.Thread.run(Thread.java:748)
Caused by: java.io.IOException: Bad file descriptor
	at java.io.FileInputStream.readBytes(Native Method)
	at java.io.FileInputStream.read(FileInputStream.java:255)
	at java.io.BufferedInputStream.fill(BufferedInputStream.java:246)
	at java.io.BufferedInputStream.read1(BufferedInputStream.java:286)
	at java.io.BufferedInputStream.read(BufferedInputStream.java:345)
	at org.gradle.util.DisconnectableInputStream$1.run(DisconnectableInputStream.java:96)
	... 1 more
> Task :buildSrc:compileJava NO-SOURCE

> Task :buildSrc:compileGroovy FAILED
OpenJDK 64-Bit Server VM warning: INFO: os::commit_memory(0x0000000083400000, 88080384, 0) failed; error='Cannot allocate memory' (errno=12)
#
# There is insufficient memory for the Java Runtime Environment to continue.
# Native memory allocation (mmap) failed to map 88080384 bytes for committing reserved memory.
# An error report file with more information is saved as:
# /home/ubuntu/.gradle/workers/hs_err_pid462.log

FAILURE: Build failed with an exception.

* What went wrong:
Execution failed for task ':buildSrc:compileGroovy'.
> Failed to run Gradle Worker Daemon
   > Process 'Gradle Worker Daemon 15' finished with non-zero exit value 1

* Try:
Run with --stacktrace option to get the stack trace. Run with --info or --debug option to get more log output. Run with --scan to get full insights.

* Get more help at https://help.gradle.org

BUILD FAILED in 1s
The message received from the daemon indicates that the daemon has disappeared.
Build request sent: Build{id=61acecb6-6233-44ce-b2a7-7b251648abcd, currentDir=/home/ubuntu/bugs/spring-framework}
Attempting to read last messages from the daemon log...
Daemon pid: 31298
  log file: /home/ubuntu/.gradle/daemon/4.8.1/daemon-31298.out.log
----- Last  20 lines from daemon log file - daemon-31298.out.log -----
   > Process 'Gradle Worker Daemon 15' finished with non-zero exit value 1

* Try:
Run with --stacktrace option to get the stack trace. Run with --info or --debug option to get more log output. Run with --scan to get full insights.

* Get more help at https://help.gradle.org

BUILD FAILED in 1s
17:30:54.442 [DEBUG] [org.gradle.launcher.daemon.server.exec.ExecuteBuild] The daemon has finished executing the build.
17:30:54.451 [DEBUG] [org.gradle.launcher.daemon.server.DaemonStateCoordinator] daemon is running. Sleeping until state changes.
17:30:54.452 [DEBUG] [org.gradle.launcher.daemon.server.DaemonStateCoordinator] Command execution: finished waiting for DaemonCommandExecution[command = Build{id=61acecb6-6233-44ce-b2a7-7b251648abcd, currentDir=/home/ubuntu/bugs/spring-framework}, connection = DefaultDaemonConnection: socket connection from /0:0:0:0:0:0:0:1:46686 to /0:0:0:0:0:0:0:1:57602]. Result org.gradle.launcher.daemon.server.DaemonStateCoordinator@353f3824 with state Busy
17:30:54.452 [DEBUG] [org.gradle.launcher.daemon.server.DaemonStateCoordinator] Command execution: completed DaemonCommandExecution[command = Build{id=61acecb6-6233-44ce-b2a7-7b251648abcd, currentDir=/home/ubuntu/bugs/spring-framework}, connection = DefaultDaemonConnection: socket connection from /0:0:0:0:0:0:0:1:46686 to /0:0:0:0:0:0:0:1:57602]
17:30:54.452 [DEBUG] [org.gradle.launcher.daemon.server.DaemonStateCoordinator] resetting idle timer
17:30:54.452 [INFO] [org.gradle.launcher.daemon.server.DaemonRegistryUpdater] Marking the daemon as idle, address: [ada9b8a1-718f-4a23-ab92-f581f260b03c port:46686, addresses:[/0:0:0:0:0:0:0:1%lo, /127.0.0.1]]
17:30:54.452 [DEBUG] [org.gradle.launcher.daemon.registry.PersistentDaemonRegistry] Marking busy by address: [ada9b8a1-718f-4a23-ab92-f581f260b03c port:46686, addresses:[/0:0:0:0:0:0:0:1%lo, /127.0.0.1]]
17:30:54.452 [DEBUG] [org.gradle.cache.internal.DefaultFileLockManager] Waiting to acquire exclusive lock on daemon addresses registry.
17:30:54.453 [DEBUG] [org.gradle.cache.internal.DefaultFileLockManager] Lock acquired on daemon addresses registry.
17:30:54.453 [DEBUG] [org.gradle.cache.internal.DefaultFileLockManager] Releasing lock on daemon addresses registry.
17:30:54.454 [DEBUG] [org.gradle.launcher.daemon.server.exec.ReturnResult] Daemon is dispatching the build result: Failure[value=org.gradle.initialization.ReportedException: org.gradle.internal.exceptions.LocationAwareException: Execution failed for task ':buildSrc:compileGroovy'.]
17:30:54.454 [DEBUG] [
----- End of the daemon log -----


FAILURE: Build failed with an exception.

* What went wrong:
Gradle build daemon disappeared unexpectedly (it may have been killed or may have crashed)

* Try:
Run with --stacktrace option to get the stack trace. Run with --info or --debug option to get more log output. Run with --scan to get full insights.

* Get more help at https://help.gradle.org
