Exception in thread "DisconnectableInputStream source reader" org.gradle.api.UncheckedIOException: java.io.IOException: Bad file descriptor
	at org.gradle.internal.UncheckedException.throwAsUncheckedException(UncheckedException.java:43)
	at org.gradle.util.DisconnectableInputStream$1.run(DisconnectableInputStream.java:125)
	at java.lang.Thread.run(Thread.java:748)
Caused by: java.io.IOException: Bad file descriptor
	at java.io.FileInputStream.readBytes(Native Method)
	at java.io.FileInputStream.read(FileInputStream.java:255)
	at java.io.BufferedInputStream.fill(BufferedInputStream.java:246)
	at java.io.BufferedInputStream.read1(BufferedInputStream.java:286)
	at java.io.BufferedInputStream.read(BufferedInputStream.java:345)
	at org.gradle.util.DisconnectableInputStream$1.run(DisconnectableInputStream.java:96)
	... 1 more
:buildSrc:compileJava NO-SOURCE
:buildSrc:compileGroovy
:buildSrc:processResources
:buildSrc:classes
:buildSrc:jar
:buildSrc:assemble
:buildSrc:compileTestJava NO-SOURCE
:buildSrc:compileTestGroovy NO-SOURCE
:buildSrc:processTestResources NO-SOURCE
:buildSrc:testClasses UP-TO-DATE
:buildSrc:test NO-SOURCE
:buildSrc:check UP-TO-DATE
:buildSrc:build
:assemble
:build
:spring-core:cglibRepackJar
:spring-core:objenesisRepackJar
:spring-jcl:compileKotlin
:spring-jcl:compileJava
:spring-jcl:copyMainKotlinClasses
:spring-jcl:processResources NO-SOURCE
:spring-jcl:classes
:spring-jcl:jar
:spring-core:compileKotlin
:spring-core:compileJava
:spring-core:copyMainKotlinClasses
:spring-core:processResources NO-SOURCE
:spring-core:classes
:spring-core:jar
:spring-beans:compileKotlin
Using kotlin incremental compilation
:spring-beans:compileJava
:spring-beans:copyMainKotlinClasses
:spring-beans:processResources
:spring-beans:classes
:spring-beans-groovy:compileKotlin
Download https://repo.spring.io/libs-release/org/codehaus/groovy/groovy-all/2.4.11/groovy-all-2.4.11.pom
Download https://repo.spring.io/libs-release/org/codehaus/groovy/groovy-all/2.4.11/groovy-all-2.4.11.jar
:spring-beans-groovy:compileJava SKIPPED
:spring-beans-groovy:compileGroovy
:spring-beans-groovy:copyMainKotlinClasses
:spring-beans-groovy:processResources NO-SOURCE
:spring-beans-groovy:classes
:spring-beans:jar
:spring-aop:compileKotlin
:spring-aop:compileJava
:spring-aop:copyMainKotlinClasses
:spring-aop:processResources
:spring-aop:classes
:spring-aop:jar
:spring-aop:sourcesJar
:spring-aop:assemble
:spring-aop:build
:spring-expression:compileKotlin
:spring-expression:compileJava
:spring-expression:copyMainKotlinClasses
:spring-expression:processResources
:spring-expression:classes
:spring-expression:jar
:spring-instrument:compileKotlin
:spring-instrument:compileJava
:spring-instrument:copyMainKotlinClasses
:spring-instrument:processResources NO-SOURCE
:spring-instrument:classes
:spring-instrument:jar
:spring-context:compileKotlin
Using kotlin incremental compilation
:spring-context:compileJava
:spring-context:compileGroovy NO-SOURCE
:spring-context:copyMainKotlinClasses
:spring-context:processResources
:spring-context:classes
:spring-context:jar
:spring-tx:compileKotlin
:spring-tx:compileJava
:spring-tx:copyMainKotlinClasses
:spring-tx:processResources
:spring-tx:classes
:spring-tx:jar
:spring-jdbc:compileKotlin
Using kotlin incremental compilation
:spring-jdbc:compileJava
:spring-jdbc:copyMainKotlinClasses
:spring-jdbc:processResources
:spring-jdbc:classes
:spring-jdbc:jar
:spring-context-support:compileKotlin
:spring-context-support:compileJava
:spring-context-support:copyMainKotlinClasses
:spring-context-support:processResources
:spring-context-support:classes
:spring-context-support:jar
:spring-oxm:compileKotlin
Download https://repo.spring.io/libs-release/com/thoughtworks/xstream/xstream/1.4.9/xstream-1.4.9.pom
Download https://repo.spring.io/libs-release/com/thoughtworks/xstream/xstream-parent/1.4.9/xstream-parent-1.4.9.pom
Download https://repo.spring.io/libs-release/com/thoughtworks/xstream/xstream/1.4.9/xstream-1.4.9.jar
:spring-oxm:compileJava
:spring-oxm:copyMainKotlinClasses
:spring-oxm:processResources
:spring-oxm:classes
:spring-oxm:jar
:spring-web:compileKotlin
Download https://repo.spring.io/libs-release/commons-fileupload/commons-fileupload/1.3.2/commons-fileupload-1.3.2.pom
Download https://repo.spring.io/libs-release/com/squareup/okhttp3/okhttp/3.8.0/okhttp-3.8.0.pom
Download https://repo.spring.io/libs-release/com/squareup/okhttp3/parent/3.8.0/parent-3.8.0.pom
Download https://repo.spring.io/libs-release/commons-fileupload/commons-fileupload/1.3.2/commons-fileupload-1.3.2.jar
Download https://repo.spring.io/libs-release/com/squareup/okhttp3/okhttp/3.8.0/okhttp-3.8.0.jar
Using kotlin incremental compilation
:spring-web:compileJava
:spring-web:compileGroovy NO-SOURCE
:spring-web:copyMainKotlinClasses
:spring-web:processResources
:spring-web:classes
:spring-web:jar
:spring-orm:compileKotlin
:spring-orm:compileJava
:spring-orm:copyMainKotlinClasses
:spring-orm:processResources NO-SOURCE
:spring-orm:classes
:spring-orm:jar
:spring-aspects:compileKotlin
:spring-aspects:compileJava
[ant:iajc] OpenJDK 64-Bit Server VM warning: INFO: os::commit_memory(0x00000000ef500000, 70254592, 0) failed; error='Cannot allocate memory' (errno=12)
:spring-aspects:compileJava FAILED
:spring-aspects:copyMainKotlinClasses SKIPPED

FAILURE: Build failed with an exception.

* Where:
Script '/home/ubuntu/bugs/spring-framework/spring-aspects/aspects.gradle' line: 40

* What went wrong:
Execution failed for task ':spring-aspects:compileJava'.
> compile errors: 1

* Try:
Run with --stacktrace option to get the stack trace. Run with --info or --debug option to get more log output.

BUILD FAILED

Total time: 44.07 secs
