Exception in thread "DisconnectableInputStream source reader" org.gradle.api.UncheckedIOException: java.io.IOException: Bad file descriptor
	at org.gradle.internal.UncheckedException.throwAsUncheckedException(UncheckedException.java:43)
	at org.gradle.util.DisconnectableInputStream$1.run(DisconnectableInputStream.java:125)
	at java.lang.Thread.run(Thread.java:748)
Caused by: java.io.IOException: Bad file descriptor
	at java.io.FileInputStream.readBytes(Native Method)
	at java.io.FileInputStream.read(FileInputStream.java:255)
	at java.io.BufferedInputStream.fill(BufferedInputStream.java:246)
	at java.io.BufferedInputStream.read1(BufferedInputStream.java:286)
	at java.io.BufferedInputStream.read(BufferedInputStream.java:345)
	at org.gradle.util.DisconnectableInputStream$1.run(DisconnectableInputStream.java:96)
	... 1 more
:buildSrc:compileJava NO-SOURCE
:buildSrc:compileGroovy
:buildSrc:processResources
:buildSrc:classes
:buildSrc:jar
:buildSrc:assemble
:buildSrc:compileTestJava NO-SOURCE
:buildSrc:compileTestGroovy NO-SOURCE
:buildSrc:processTestResources NO-SOURCE
:buildSrc:testClasses UP-TO-DATE
:buildSrc:test NO-SOURCE
:buildSrc:check UP-TO-DATE
:buildSrc:build
Download https://dl.bintray.com/kotlin/kotlin-eap-1.1/org/jetbrains/kotlin/kotlin-gradle-plugin/1.1.2-eap-73/kotlin-gradle-plugin-1.1.2-eap-73.pom
Download https://dl.bintray.com/kotlin/kotlin-eap-1.1/org/jetbrains/kotlin/kotlin-project/1.1.2-eap-73/kotlin-project-1.1.2-eap-73.pom
Download https://dl.bintray.com/kotlin/kotlin-eap-1.1/org/jetbrains/kotlin/kotlin-stdlib/1.1.2-eap-73/kotlin-stdlib-1.1.2-eap-73.pom
Download https://dl.bintray.com/kotlin/kotlin-eap-1.1/org/jetbrains/kotlin/kotlin-android-extensions/1.1.2-eap-73/kotlin-android-extensions-1.1.2-eap-73.pom
Download https://dl.bintray.com/kotlin/kotlin-eap-1.1/org/jetbrains/kotlin/kotlin-gradle-plugin-api/1.1.2-eap-73/kotlin-gradle-plugin-api-1.1.2-eap-73.pom
Download https://dl.bintray.com/kotlin/kotlin-eap-1.1/org/jetbrains/kotlin/kotlin-compiler-embeddable/1.1.2-eap-73/kotlin-compiler-embeddable-1.1.2-eap-73.pom
Download https://dl.bintray.com/kotlin/kotlin-eap-1.1/org/jetbrains/kotlin/kotlin-compiler-runner/1.1.2-eap-73/kotlin-compiler-runner-1.1.2-eap-73.pom
Download https://dl.bintray.com/kotlin/kotlin-eap-1.1/org/jetbrains/kotlin/kotlin-annotation-processing/1.1.2-eap-73/kotlin-annotation-processing-1.1.2-eap-73.pom
Download https://dl.bintray.com/kotlin/kotlin-eap-1.1/org/jetbrains/kotlin/kotlin-gradle-plugin/1.1.2-eap-73/kotlin-gradle-plugin-1.1.2-eap-73.jar
Download https://dl.bintray.com/kotlin/kotlin-eap-1.1/org/jetbrains/kotlin/kotlin-stdlib/1.1.2-eap-73/kotlin-stdlib-1.1.2-eap-73.jar
Download https://dl.bintray.com/kotlin/kotlin-eap-1.1/org/jetbrains/kotlin/kotlin-android-extensions/1.1.2-eap-73/kotlin-android-extensions-1.1.2-eap-73.jar
Download https://dl.bintray.com/kotlin/kotlin-eap-1.1/org/jetbrains/kotlin/kotlin-gradle-plugin-api/1.1.2-eap-73/kotlin-gradle-plugin-api-1.1.2-eap-73.jar
Download https://dl.bintray.com/kotlin/kotlin-eap-1.1/org/jetbrains/kotlin/kotlin-compiler-embeddable/1.1.2-eap-73/kotlin-compiler-embeddable-1.1.2-eap-73.jar
Download https://dl.bintray.com/kotlin/kotlin-eap-1.1/org/jetbrains/kotlin/kotlin-compiler-runner/1.1.2-eap-73/kotlin-compiler-runner-1.1.2-eap-73.jar
Download https://dl.bintray.com/kotlin/kotlin-eap-1.1/org/jetbrains/kotlin/kotlin-annotation-processing/1.1.2-eap-73/kotlin-annotation-processing-1.1.2-eap-73.jar
:assemble
:build
:spring-core:cglibRepackJar
:spring-core:objenesisRepackJar
:spring-core:compileKotlin
Download https://dl.bintray.com/kotlin/kotlin-eap-1.1/org/jetbrains/kotlin/kotlin-reflect/1.1.2-eap-73/kotlin-reflect-1.1.2-eap-73.pom
Download https://dl.bintray.com/kotlin/kotlin-eap-1.1/org/jetbrains/kotlin/kotlin-stdlib-jre8/1.1.2-eap-73/kotlin-stdlib-jre8-1.1.2-eap-73.pom
Download https://repo.spring.io/libs-release/io/reactivex/rxjava/1.2.9/rxjava-1.2.9.pom
Download https://repo.spring.io/libs-release/io/reactivex/rxjava2/rxjava/2.0.8/rxjava-2.0.8.pom
Download https://repo.spring.io/libs-release/io/netty/netty-buffer/4.1.9.Final/netty-buffer-4.1.9.Final.pom
Download https://repo.spring.io/libs-release/io/netty/netty-parent/4.1.9.Final/netty-parent-4.1.9.Final.pom
Download https://dl.bintray.com/kotlin/kotlin-eap-1.1/org/jetbrains/kotlin/kotlin-stdlib-jre7/1.1.2-eap-73/kotlin-stdlib-jre7-1.1.2-eap-73.pom
Download https://repo.spring.io/libs-release/io/netty/netty-common/4.1.9.Final/netty-common-4.1.9.Final.pom
Download https://dl.bintray.com/kotlin/kotlin-eap-1.1/org/jetbrains/kotlin/kotlin-reflect/1.1.2-eap-73/kotlin-reflect-1.1.2-eap-73.jar
Download https://dl.bintray.com/kotlin/kotlin-eap-1.1/org/jetbrains/kotlin/kotlin-stdlib-jre8/1.1.2-eap-73/kotlin-stdlib-jre8-1.1.2-eap-73.jar
Download https://repo.spring.io/libs-release/io/reactivex/rxjava/1.2.9/rxjava-1.2.9.jar
Download https://repo.spring.io/libs-release/io/reactivex/rxjava2/rxjava/2.0.8/rxjava-2.0.8.jar
Download https://repo.spring.io/libs-release/io/netty/netty-buffer/4.1.9.Final/netty-buffer-4.1.9.Final.jar
Download https://dl.bintray.com/kotlin/kotlin-eap-1.1/org/jetbrains/kotlin/kotlin-stdlib-jre7/1.1.2-eap-73/kotlin-stdlib-jre7-1.1.2-eap-73.jar
Download https://repo.spring.io/libs-release/io/netty/netty-common/4.1.9.Final/netty-common-4.1.9.Final.jar
:spring-core:compileJava
:spring-core:copyMainKotlinClasses
:spring-core:processResources NO-SOURCE
:spring-core:classes
:spring-core:jar
:spring-beans:compileKotlin
Using kotlin incremental compilation
:spring-beans:compileJava
:spring-beans:copyMainKotlinClasses
:spring-beans:processResources
:spring-beans:classes
:spring-beans-groovy:compileKotlin
Download https://repo.spring.io/libs-release/org/codehaus/groovy/groovy-all/2.4.10/groovy-all-2.4.10.pom
Download https://repo.spring.io/libs-release/org/codehaus/groovy/groovy-all/2.4.10/groovy-all-2.4.10.jar
:spring-beans-groovy:compileJava SKIPPED
:spring-beans-groovy:compileGroovy
:spring-beans-groovy:copyMainKotlinClasses
:spring-beans-groovy:processResources NO-SOURCE
:spring-beans-groovy:classes
:spring-beans:jar
:spring-aop:compileKotlin
:spring-aop:compileJava
:spring-aop:copyMainKotlinClasses
:spring-aop:processResources
:spring-aop:classes
:spring-aop:jar
:spring-aop:sourcesJar
:spring-aop:assemble
:spring-aop:build
:spring-expression:compileKotlin
:spring-expression:compileJava
:spring-expression:copyMainKotlinClasses
:spring-expression:processResources
:spring-expression:classes
:spring-expression:jar
:spring-instrument:compileKotlin
:spring-instrument:compileJava
:spring-instrument:copyMainKotlinClasses
:spring-instrument:processResources NO-SOURCE
:spring-instrument:classes
:spring-instrument:jar
:spring-context:compileKotlin
Using kotlin incremental compilation
:spring-context:compileJava
:spring-context:compileGroovy NO-SOURCE
:spring-context:copyMainKotlinClasses
:spring-context:processResources
:spring-context:classes
:spring-context:jar
:spring-tx:compileKotlin
:spring-tx:compileJava
:spring-tx:copyMainKotlinClasses
:spring-tx:processResources
:spring-tx:classes
:spring-tx:jar
:spring-jdbc:compileKotlin
Download https://repo.spring.io/libs-release/com/h2database/h2/1.4.194/h2-1.4.194.pom
Download https://repo.spring.io/libs-release/com/h2database/h2/1.4.194/h2-1.4.194.jar
Using kotlin incremental compilation
:spring-jdbc:compileJava
:spring-jdbc:copyMainKotlinClasses
:spring-jdbc:processResources
:spring-jdbc:classes
:spring-jdbc:jar
:spring-context-support:compileKotlin
Download https://repo.spring.io/libs-release/com/github/ben-manes/caffeine/caffeine/2.4.0/caffeine-2.4.0.pom
Download https://repo.spring.io/libs-release/net/sf/ehcache/ehcache/2.10.3/ehcache-2.10.3.pom
Download https://repo.spring.io/libs-release/net/sf/ehcache/ehcache-root/2.10.3/ehcache-root-2.10.3.pom
Download https://repo.spring.io/libs-release/org/quartz-scheduler/quartz/2.2.3/quartz-2.2.3.pom
Download https://repo.spring.io/libs-release/org/quartz-scheduler/quartz-parent/2.2.3/quartz-parent-2.2.3.pom
Download https://repo.spring.io/libs-release/c3p0/c3p0/0.9.1.1/c3p0-0.9.1.1.pom
Download https://repo.spring.io/libs-release/com/github/ben-manes/caffeine/caffeine/2.4.0/caffeine-2.4.0.jar
Download https://repo.spring.io/libs-release/net/sf/ehcache/ehcache/2.10.3/ehcache-2.10.3.jar
Download https://repo.spring.io/libs-release/org/quartz-scheduler/quartz/2.2.3/quartz-2.2.3.jar
Download https://repo.spring.io/libs-release/c3p0/c3p0/0.9.1.1/c3p0-0.9.1.1.jar
:spring-context-support:compileJava
:spring-context-support:copyMainKotlinClasses
:spring-context-support:processResources
:spring-context-support:classes
:spring-context-support:jar
:spring-oxm:compileKotlin
:spring-oxm:compileJava
:spring-oxm:copyMainKotlinClasses
:spring-oxm:processResources
:spring-oxm:classes
:spring-oxm:jar
:spring-web:compileKotlin
Download https://repo.spring.io/libs-release/org/apache/tomcat/embed/tomcat-embed-core/8.5.13/tomcat-embed-core-8.5.13.pom
Download https://repo.spring.io/libs-release/io/undertow/undertow-core/1.4.12.Final/undertow-core-1.4.12.Final.pom
Download https://repo.spring.io/libs-release/io/undertow/undertow-parent/1.4.12.Final/undertow-parent-1.4.12.Final.pom
Download https://repo.spring.io/libs-release/org/jboss/xnio/xnio-api/3.4.5.Final/xnio-api-3.4.5.Final.pom
Download https://repo.spring.io/libs-release/org/jboss/xnio/xnio-all/3.4.5.Final/xnio-all-3.4.5.Final.pom
Download https://repo.spring.io/libs-release/io/netty/netty-all/4.1.9.Final/netty-all-4.1.9.Final.pom
Download https://repo.spring.io/libs-release/com/squareup/okhttp3/okhttp/3.6.0/okhttp-3.6.0.pom
Download https://repo.spring.io/libs-release/com/squareup/okhttp3/parent/3.6.0/parent-3.6.0.pom
Download https://repo.spring.io/libs-release/com/fasterxml/jackson/core/jackson-databind/2.9.0.pr2/jackson-databind-2.9.0.pr2.pom
Download https://repo.spring.io/libs-release/com/fasterxml/jackson/jackson-bom/2.9.0.pr2/jackson-bom-2.9.0.pr2.pom
Download https://repo.spring.io/libs-release/com/fasterxml/jackson/jackson-parent/2.9.pr1b/jackson-parent-2.9.pr1b.pom
Download https://repo.spring.io/libs-release/com/fasterxml/jackson/dataformat/jackson-dataformat-xml/2.9.0.pr2/jackson-dataformat-xml-2.9.0.pr2.pom
Download https://repo.spring.io/libs-release/com/fasterxml/jackson/dataformat/jackson-dataformat-smile/2.9.0.pr2/jackson-dataformat-smile-2.9.0.pr2.pom
Download https://repo.spring.io/libs-release/com/fasterxml/jackson/dataformat/jackson-dataformats-binary/2.9.0.pr2/jackson-dataformats-binary-2.9.0.pr2.pom
Download https://repo.spring.io/libs-release/com/fasterxml/jackson/dataformat/jackson-dataformat-cbor/2.9.0.pr2/jackson-dataformat-cbor-2.9.0.pr2.pom
Download https://repo.spring.io/libs-release/javax/json/bind/javax.json.bind-api/1.0.0-M1/javax.json.bind-api-1.0.0-M1.pom
Download https://repo.spring.io/libs-release/com/rometools/rome/1.7.1/rome-1.7.1.pom
Download https://repo.spring.io/libs-release/com/rometools/rome-parent/1.7.1/rome-parent-1.7.1.pom
Download https://repo.spring.io/libs-release/org/eclipse/jetty/jetty-servlet/9.4.3.v20170317/jetty-servlet-9.4.3.v20170317.pom
Download https://repo.spring.io/libs-release/org/eclipse/jetty/jetty-server/9.4.3.v20170317/jetty-server-9.4.3.v20170317.pom
Download https://repo.spring.io/libs-release/com/google/protobuf/protobuf-java/3.2.0/protobuf-java-3.2.0.pom
Download https://repo.spring.io/libs-release/com/google/protobuf/protobuf-parent/3.2.0/protobuf-parent-3.2.0.pom
Download https://repo.spring.io/libs-release/com/google/protobuf/protobuf-java-util/3.2.0/protobuf-java-util-3.2.0.pom
Download https://repo.spring.io/libs-release/io/netty/netty-codec-http/4.1.9.Final/netty-codec-http-4.1.9.Final.pom
Download https://repo.spring.io/libs-release/io/netty/netty-handler/4.1.9.Final/netty-handler-4.1.9.Final.pom
Download https://repo.spring.io/libs-release/io/netty/netty-handler-proxy/4.1.9.Final/netty-handler-proxy-4.1.9.Final.pom
Download https://repo.spring.io/libs-release/io/netty/netty-transport-native-epoll/4.1.9.Final/netty-transport-native-epoll-4.1.9.Final.pom
Download https://repo.spring.io/libs-release/org/wildfly/common/wildfly-common/1.1.0.Final/wildfly-common-1.1.0.Final.pom
Download https://repo.spring.io/libs-release/org/jboss/jboss-parent/16/jboss-parent-16.pom
Download https://repo.spring.io/libs-release/com/squareup/okio/okio/1.11.0/okio-1.11.0.pom
Download https://repo.spring.io/libs-release/com/squareup/okio/okio-parent/1.11.0/okio-parent-1.11.0.pom
Download https://repo.spring.io/libs-release/com/fasterxml/jackson/core/jackson-annotations/2.9.0.pr2/jackson-annotations-2.9.0.pr2.pom
Download https://repo.spring.io/libs-release/com/fasterxml/jackson/core/jackson-core/2.9.0.pr2/jackson-core-2.9.0.pr2.pom
Download https://repo.spring.io/libs-release/com/fasterxml/jackson/module/jackson-module-jaxb-annotations/2.9.0.pr2/jackson-module-jaxb-annotations-2.9.0.pr2.pom
Download https://repo.spring.io/libs-release/com/rometools/rome-utils/1.7.1/rome-utils-1.7.1.pom
Download https://repo.spring.io/libs-release/org/eclipse/jetty/jetty-security/9.4.3.v20170317/jetty-security-9.4.3.v20170317.pom
Download https://repo.spring.io/libs-release/com/google/guava/guava/18.0/guava-18.0.pom
Download https://repo.spring.io/libs-release/com/google/guava/guava-parent/18.0/guava-parent-18.0.pom
Download https://repo.spring.io/libs-release/io/netty/netty-codec/4.1.9.Final/netty-codec-4.1.9.Final.pom
Download https://repo.spring.io/libs-release/io/netty/netty-transport/4.1.9.Final/netty-transport-4.1.9.Final.pom
Download https://repo.spring.io/libs-release/io/netty/netty-codec-socks/4.1.9.Final/netty-codec-socks-4.1.9.Final.pom
Download https://repo.spring.io/libs-release/io/netty/netty-resolver/4.1.9.Final/netty-resolver-4.1.9.Final.pom
Download https://repo.spring.io/libs-release/org/apache/tomcat/embed/tomcat-embed-core/8.5.13/tomcat-embed-core-8.5.13.jar
Download https://repo.spring.io/libs-release/io/undertow/undertow-core/1.4.12.Final/undertow-core-1.4.12.Final.jar
Download https://repo.spring.io/libs-release/org/jboss/xnio/xnio-api/3.4.5.Final/xnio-api-3.4.5.Final.jar
Download https://repo.spring.io/libs-release/io/netty/netty-all/4.1.9.Final/netty-all-4.1.9.Final.jar
Download https://repo.spring.io/libs-release/com/squareup/okhttp3/okhttp/3.6.0/okhttp-3.6.0.jar
Download https://repo.spring.io/libs-release/com/fasterxml/jackson/core/jackson-databind/2.9.0.pr2/jackson-databind-2.9.0.pr2.jar
Download https://repo.spring.io/libs-release/com/fasterxml/jackson/dataformat/jackson-dataformat-xml/2.9.0.pr2/jackson-dataformat-xml-2.9.0.pr2.jar
Download https://repo.spring.io/libs-release/com/fasterxml/jackson/dataformat/jackson-dataformat-smile/2.9.0.pr2/jackson-dataformat-smile-2.9.0.pr2.jar
Download https://repo.spring.io/libs-release/com/fasterxml/jackson/dataformat/jackson-dataformat-cbor/2.9.0.pr2/jackson-dataformat-cbor-2.9.0.pr2.jar
Download https://repo.spring.io/libs-release/javax/json/bind/javax.json.bind-api/1.0.0-M1/javax.json.bind-api-1.0.0-M1.jar
Download https://repo.spring.io/libs-release/com/rometools/rome/1.7.1/rome-1.7.1.jar
Download https://repo.spring.io/libs-release/org/eclipse/jetty/jetty-servlet/9.4.3.v20170317/jetty-servlet-9.4.3.v20170317.jar
Download https://repo.spring.io/libs-release/org/eclipse/jetty/jetty-server/9.4.3.v20170317/jetty-server-9.4.3.v20170317.jar
Download https://repo.spring.io/libs-release/com/google/protobuf/protobuf-java/3.2.0/protobuf-java-3.2.0.jar
Download https://repo.spring.io/libs-release/com/google/protobuf/protobuf-java-util/3.2.0/protobuf-java-util-3.2.0.jar
Download https://repo.spring.io/libs-release/io/netty/netty-codec-http/4.1.9.Final/netty-codec-http-4.1.9.Final.jar
Download https://repo.spring.io/libs-release/io/netty/netty-handler/4.1.9.Final/netty-handler-4.1.9.Final.jar
Download https://repo.spring.io/libs-release/io/netty/netty-handler-proxy/4.1.9.Final/netty-handler-proxy-4.1.9.Final.jar
Download https://repo.spring.io/libs-release/io/netty/netty-transport-native-epoll/4.1.9.Final/netty-transport-native-epoll-4.1.9.Final-linux-x86_64.jar
Download https://repo.spring.io/libs-release/org/wildfly/common/wildfly-common/1.1.0.Final/wildfly-common-1.1.0.Final.jar
Download https://repo.spring.io/libs-release/com/squareup/okio/okio/1.11.0/okio-1.11.0.jar
Download https://repo.spring.io/libs-release/com/fasterxml/jackson/core/jackson-annotations/2.9.0.pr2/jackson-annotations-2.9.0.pr2.jar
Download https://repo.spring.io/libs-release/com/fasterxml/jackson/core/jackson-core/2.9.0.pr2/jackson-core-2.9.0.pr2.jar
Download https://repo.spring.io/libs-release/com/fasterxml/jackson/module/jackson-module-jaxb-annotations/2.9.0.pr2/jackson-module-jaxb-annotations-2.9.0.pr2.jar
Download https://repo.spring.io/libs-release/com/rometools/rome-utils/1.7.1/rome-utils-1.7.1.jar
Download https://repo.spring.io/libs-release/org/eclipse/jetty/jetty-security/9.4.3.v20170317/jetty-security-9.4.3.v20170317.jar
Download https://repo.spring.io/libs-release/com/google/guava/guava/18.0/guava-18.0.jar
Download https://repo.spring.io/libs-release/io/netty/netty-codec/4.1.9.Final/netty-codec-4.1.9.Final.jar
Download https://repo.spring.io/libs-release/io/netty/netty-transport/4.1.9.Final/netty-transport-4.1.9.Final.jar
Download https://repo.spring.io/libs-release/io/netty/netty-codec-socks/4.1.9.Final/netty-codec-socks-4.1.9.Final.jar
Download https://repo.spring.io/libs-release/io/netty/netty-resolver/4.1.9.Final/netty-resolver-4.1.9.Final.jar
Using kotlin incremental compilation
:spring-web:compileJava/home/ubuntu/bugs/spring-framework/spring-web/src/main/java/org/springframework/http/server/reactive/ChannelSendOperator.java:25: error: MonoSource is not public in reactor.core.publisher; cannot be accessed from outside package
import reactor.core.publisher.MonoSource;
                             ^
/home/ubuntu/bugs/spring-framework/spring-web/src/main/java/org/springframework/http/server/reactive/ChannelSendOperator.java:42: error: cannot find symbol
public class ChannelSendOperator<T> extends MonoSource<T, Void> {
                                            ^
  symbol: class MonoSource
/home/ubuntu/bugs/spring-framework/spring-web/src/main/java/org/springframework/http/server/reactive/AbstractServerHttpResponse.java:147: error: incompatible types: cannot infer type arguments for ChannelSendOperator<>
		return new ChannelSendOperator<>(body,
		                              ^
    reason: no instance(s) of type variable(s) T exist so that ChannelSendOperator<T> conforms to Mono<Void>
  where T is a type-variable:
    T extends Object declared in class ChannelSendOperator
/home/ubuntu/bugs/spring-framework/spring-web/src/main/java/org/springframework/http/server/reactive/AbstractServerHttpResponse.java:153: error: incompatible types: cannot infer type arguments for ChannelSendOperator<>
		return new ChannelSendOperator<>(body,
		                              ^
    reason: no instance(s) of type variable(s) T exist so that ChannelSendOperator<T> conforms to Mono<Void>
  where T is a type-variable:
    T extends Object declared in class ChannelSendOperator
/home/ubuntu/bugs/spring-framework/spring-web/src/main/java/org/springframework/http/server/reactive/AbstractListenerReadPublisher.java:222: error: cannot find symbol
				if (Operators.checkRequest(n, publisher.subscriber)) {
				             ^
  symbol:   method checkRequest(long,Subscriber<CAP#1>)
  location: class Operators
  where T is a type-variable:
    T extends Object declared in method <T>request(AbstractListenerReadPublisher<T>,long)
  where CAP#1 is a fresh type-variable:
    CAP#1 extends Object super: T from capture of ? super T
/home/ubuntu/bugs/spring-framework/spring-web/src/main/java/org/springframework/http/server/reactive/AbstractListenerReadPublisher.java:223: error: cannot find symbol
					Operators.addAndGet(DEMAND_FIELD_UPDATER, publisher, n);
					         ^
  symbol:   method addAndGet(AtomicLongFieldUpdater<AbstractListenerReadPublisher>,AbstractListenerReadPublisher<T>,long)
  location: class Operators
  where T is a type-variable:
    T extends Object declared in method <T>request(AbstractListenerReadPublisher<T>,long)
/home/ubuntu/bugs/spring-framework/spring-web/src/main/java/org/springframework/http/server/reactive/AbstractListenerReadPublisher.java:240: error: cannot find symbol
				if (Operators.checkRequest(n, publisher.subscriber)) {
				             ^
  symbol:   method checkRequest(long,Subscriber<CAP#1>)
  location: class Operators
  where T is a type-variable:
    T extends Object declared in method <T>request(AbstractListenerReadPublisher<T>,long)
  where CAP#1 is a fresh type-variable:
    CAP#1 extends Object super: T from capture of ? super T
/home/ubuntu/bugs/spring-framework/spring-web/src/main/java/org/springframework/http/server/reactive/AbstractListenerReadPublisher.java:241: error: cannot find symbol
					Operators.addAndGet(DEMAND_FIELD_UPDATER, publisher, n);
					         ^
  symbol:   method addAndGet(AtomicLongFieldUpdater<AbstractListenerReadPublisher>,AbstractListenerReadPublisher<T>,long)
  location: class Operators
  where T is a type-variable:
    T extends Object declared in method <T>request(AbstractListenerReadPublisher<T>,long)
/home/ubuntu/bugs/spring-framework/spring-web/src/main/java/org/springframework/http/server/reactive/AbstractListenerReadPublisher.java:268: error: cannot find symbol
				if (Operators.checkRequest(n, publisher.subscriber)) {
				             ^
  symbol:   method checkRequest(long,Subscriber<CAP#1>)
  location: class Operators
  where T is a type-variable:
    T extends Object declared in method <T>request(AbstractListenerReadPublisher<T>,long)
  where CAP#1 is a fresh type-variable:
    CAP#1 extends Object super: T from capture of ? super T
/home/ubuntu/bugs/spring-framework/spring-web/src/main/java/org/springframework/http/server/reactive/AbstractListenerReadPublisher.java:269: error: cannot find symbol
					Operators.addAndGet(DEMAND_FIELD_UPDATER, publisher, n);
					         ^
  symbol:   method addAndGet(AtomicLongFieldUpdater<AbstractListenerReadPublisher>,AbstractListenerReadPublisher<T>,long)
  location: class Operators
  where T is a type-variable:
    T extends Object declared in method <T>request(AbstractListenerReadPublisher<T>,long)
/home/ubuntu/bugs/spring-framework/spring-web/src/main/java/org/springframework/http/server/reactive/WriteResultPublisher.java:147: error: cannot find symbol
				Operators.checkRequest(n, publisher.subscriber);
				         ^
  symbol:   method checkRequest(long,Subscriber<CAP#1>)
  location: class Operators
  where CAP#1 is a fresh type-variable:
    CAP#1 extends Object super: Void from capture of ? super Void
/home/ubuntu/bugs/spring-framework/spring-web/src/main/java/org/springframework/http/server/reactive/ChannelSendOperator.java:53: error: method does not override or implement a method from a supertype
	@Override
	^
/home/ubuntu/bugs/spring-framework/spring-web/src/main/java/org/springframework/http/server/reactive/ChannelSendOperator.java:55: error: cannot find symbol
		this.source.subscribe(new WriteWithBarrier(s));
		    ^
  symbol: variable source
/home/ubuntu/bugs/spring-framework/spring-web/src/main/java/org/springframework/http/server/reactive/ChannelSendOperator.java:234: error: incompatible types: Subscription cannot be converted to Throwable
				doOnSubscriberError(Operators.onOperatorError(subscription, throwable));
				                                              ^
/home/ubuntu/bugs/spring-framework/spring-web/src/main/java/org/springframework/http/server/reactive/ChannelSendOperator.java:243: error: no suitable method found for onOperatorError(Throwable)
				doOnSubscriberError(Operators.onOperatorError(throwable));
				                             ^
    method Operators.onOperatorError(Throwable,Context) is not applicable
      (actual and formal argument lists differ in length)
    method Operators.onOperatorError(Subscription,Throwable,Context) is not applicable
      (actual and formal argument lists differ in length)
    method Operators.onOperatorError(Subscription,Throwable,Object,Context) is not applicable
      (actual and formal argument lists differ in length)
/home/ubuntu/bugs/spring-framework/spring-web/src/main/java/org/springframework/http/server/reactive/ChannelSendOperator.java:250: error: cannot find symbol
				throw Exceptions.argumentIsNullException();
				                ^
  symbol:   method argumentIsNullException()
  location: class Exceptions
/home/ubuntu/bugs/spring-framework/spring-web/src/main/java/org/springframework/http/server/reactive/ChannelSendOperator.java:258: error: cannot find symbol
				throw Exceptions.argumentIsNullException();
				                ^
  symbol:   method argumentIsNullException()
  location: class Exceptions
/home/ubuntu/bugs/spring-framework/spring-web/src/main/java/org/springframework/http/server/reactive/ChannelSendOperator.java:264: error: incompatible types: I cannot be converted to Context
				doOnSubscriberError(Operators.onOperatorError(subscription, throwable, i));
				                                                                       ^
  where I is a type-variable:
    I extends Object declared in class SubscriberAdapter
/home/ubuntu/bugs/spring-framework/spring-web/src/main/java/org/springframework/http/server/reactive/ChannelSendOperator.java:276: error: incompatible types: Subscription cannot be converted to Throwable
					doOnSubscriberError(Operators.onOperatorError(s, throwable));
					                                              ^
/home/ubuntu/bugs/spring-framework/spring-web/src/main/java/org/springframework/http/server/reactive/ChannelSendOperator.java:284: error: cannot find symbol
				Operators.checkRequest(n);
				         ^
  symbol:   method checkRequest(long)
  location: class Operators
/home/ubuntu/bugs/spring-framework/spring-web/src/main/java/org/springframework/http/server/reactive/ChannelSendOperator.java:288: error: no suitable method found for onOperatorError(Throwable)
				doOnSubscriberError(Operators.onOperatorError(throwable));
				                             ^
    method Operators.onOperatorError(Throwable,Context) is not applicable
      (actual and formal argument lists differ in length)
    method Operators.onOperatorError(Subscription,Throwable,Context) is not applicable
      (actual and formal argument lists differ in length)
    method Operators.onOperatorError(Subscription,Throwable,Object,Context) is not applicable
      (actual and formal argument lists differ in length)
 FAILED
:spring-web:copyMainKotlinClasses SKIPPED

FAILURE: Build failed with an exception.

* What went wrong:
Execution failed for task ':spring-web:compileJava'.
> Compilation failed; see the compiler error output for details.

* Try:
Run with --stacktrace option to get the stack trace. Run with --info or --debug option to get more log output.

BUILD FAILED

Total time: 2 mins 30.732 secs
