Exception in thread "DisconnectableInputStream source reader" org.gradle.api.UncheckedIOException: java.io.IOException: Bad file descriptor
	at org.gradle.internal.UncheckedException.throwAsUncheckedException(UncheckedException.java:43)
	at org.gradle.util.DisconnectableInputStream$1.run(DisconnectableInputStream.java:125)
	at java.lang.Thread.run(Thread.java:748)
Caused by: java.io.IOException: Bad file descriptor
	at java.io.FileInputStream.readBytes(Native Method)
	at java.io.FileInputStream.read(FileInputStream.java:255)
	at java.io.BufferedInputStream.fill(BufferedInputStream.java:246)
	at java.io.BufferedInputStream.read1(BufferedInputStream.java:286)
	at java.io.BufferedInputStream.read(BufferedInputStream.java:345)
	at org.gradle.util.DisconnectableInputStream$1.run(DisconnectableInputStream.java:96)
	... 1 more
:buildSrc:compileJava NO-SOURCE
:buildSrc:compileGroovy
:buildSrc:processResources
:buildSrc:classes
:buildSrc:jar
:buildSrc:assemble
:buildSrc:compileTestJava NO-SOURCE
:buildSrc:compileTestGroovy NO-SOURCE
:buildSrc:processTestResources NO-SOURCE
:buildSrc:testClasses UP-TO-DATE
:buildSrc:test NO-SOURCE
:buildSrc:check UP-TO-DATE
:buildSrc:build
Download https://repo.spring.io/plugins-release/org/jetbrains/kotlin/kotlin-gradle-plugin/1.1.0/kotlin-gradle-plugin-1.1.0.pom
Download https://repo.spring.io/plugins-release/org/jetbrains/kotlin/kotlin-project/1.1.0/kotlin-project-1.1.0.pom
Download https://repo.spring.io/plugins-release/org/jetbrains/kotlin/kotlin-stdlib/1.1.0/kotlin-stdlib-1.1.0.pom
Download https://repo.spring.io/plugins-release/org/jetbrains/kotlin/kotlin-android-extensions/1.1.0/kotlin-android-extensions-1.1.0.pom
Download https://repo.spring.io/plugins-release/org/jetbrains/kotlin/kotlin-gradle-plugin-api/1.1.0/kotlin-gradle-plugin-api-1.1.0.pom
Download https://repo.spring.io/plugins-release/org/jetbrains/kotlin/kotlin-compiler-embeddable/1.1.0/kotlin-compiler-embeddable-1.1.0.pom
Download https://repo.spring.io/plugins-release/org/jetbrains/kotlin/kotlin-compiler-runner/1.1.0/kotlin-compiler-runner-1.1.0.pom
Download https://repo.spring.io/plugins-release/org/jetbrains/kotlin/kotlin-annotation-processing/1.1.0/kotlin-annotation-processing-1.1.0.pom
Download https://repo.spring.io/plugins-release/org/jetbrains/kotlin/kotlin-gradle-plugin/1.1.0/kotlin-gradle-plugin-1.1.0.jar
Download https://repo.spring.io/plugins-release/org/jetbrains/kotlin/kotlin-stdlib/1.1.0/kotlin-stdlib-1.1.0.jar
Download https://repo.spring.io/plugins-release/org/jetbrains/kotlin/kotlin-android-extensions/1.1.0/kotlin-android-extensions-1.1.0.jar
Download https://repo.spring.io/plugins-release/org/jetbrains/kotlin/kotlin-gradle-plugin-api/1.1.0/kotlin-gradle-plugin-api-1.1.0.jar
Download https://repo.spring.io/plugins-release/org/jetbrains/kotlin/kotlin-compiler-embeddable/1.1.0/kotlin-compiler-embeddable-1.1.0.jar
Download https://repo.spring.io/plugins-release/org/jetbrains/kotlin/kotlin-compiler-runner/1.1.0/kotlin-compiler-runner-1.1.0.jar
Download https://repo.spring.io/plugins-release/org/jetbrains/kotlin/kotlin-annotation-processing/1.1.0/kotlin-annotation-processing-1.1.0.jar
:assemble
:build
:spring-core:cglibRepackJar
:spring-core:objenesisRepackJar
:spring-core:compileKotlin
Download https://repo.spring.io/libs-release/org/jetbrains/kotlin/kotlin-reflect/1.1.0/kotlin-reflect-1.1.0.pom
Download https://repo.spring.io/libs-release/org/jetbrains/kotlin/kotlin-stdlib-jre8/1.1.0/kotlin-stdlib-jre8-1.1.0.pom
Download https://repo.spring.io/libs-release/io/projectreactor/reactor-bom/Aluminium-SR1/reactor-bom-Aluminium-SR1.pom
Download https://repo.spring.io/libs-release/io/projectreactor/reactor-core/3.0.5.RELEASE/reactor-core-3.0.5.RELEASE.pom
Download https://repo.spring.io/libs-release/io/reactivex/rxjava/1.2.7/rxjava-1.2.7.pom
Download https://repo.spring.io/libs-release/io/reactivex/rxjava2/rxjava/2.0.7/rxjava-2.0.7.pom
Download https://repo.spring.io/libs-release/io/netty/netty-buffer/4.1.8.Final/netty-buffer-4.1.8.Final.pom
Download https://repo.spring.io/libs-release/io/netty/netty-parent/4.1.8.Final/netty-parent-4.1.8.Final.pom
Download https://repo.spring.io/libs-release/org/jetbrains/kotlin/kotlin-stdlib-jre7/1.1.0/kotlin-stdlib-jre7-1.1.0.pom
Download https://repo.spring.io/libs-release/io/netty/netty-common/4.1.8.Final/netty-common-4.1.8.Final.pom
Download https://repo.spring.io/libs-release/org/jetbrains/kotlin/kotlin-reflect/1.1.0/kotlin-reflect-1.1.0.jar
Download https://repo.spring.io/libs-release/org/jetbrains/kotlin/kotlin-stdlib-jre8/1.1.0/kotlin-stdlib-jre8-1.1.0.jar
Download https://repo.spring.io/libs-release/io/projectreactor/reactor-core/3.0.5.RELEASE/reactor-core-3.0.5.RELEASE.jar
Download https://repo.spring.io/libs-release/io/reactivex/rxjava/1.2.7/rxjava-1.2.7.jar
Download https://repo.spring.io/libs-release/io/reactivex/rxjava2/rxjava/2.0.7/rxjava-2.0.7.jar
Download https://repo.spring.io/libs-release/io/netty/netty-buffer/4.1.8.Final/netty-buffer-4.1.8.Final.jar
Download https://repo.spring.io/libs-release/org/jetbrains/kotlin/kotlin-stdlib-jre7/1.1.0/kotlin-stdlib-jre7-1.1.0.jar
Download https://repo.spring.io/libs-release/io/netty/netty-common/4.1.8.Final/netty-common-4.1.8.Final.jar
:spring-core:compileJava
:spring-core:copyMainKotlinClasses
:spring-core:processResources NO-SOURCE
:spring-core:classes
:spring-core:jar
:spring-beans:compileKotlin
Could not perform non-incremental compilation with Kotlin compile daemon, non-incremental compilation in fallback mode will be performed
Could not connect to kotlin daemon. Using fallback strategy.
OpenJDK 64-Bit Server VM warning: INFO: os::commit_memory(0x00000000db100000, 84934656, 0) failed; error='Cannot allocate memory' (errno=12)
#
# There is insufficient memory for the Java Runtime Environment to continue.
# Native memory allocation (mmap) failed to map 84934656 bytes for committing reserved memory.
# An error report file with more information is saved as:
# /home/ubuntu/bugs/spring-framework/hs_err_pid5851.log
:spring-beans:compileKotlin FAILED

FAILURE: Build failed with an exception.

* What went wrong:
Execution failed for task ':spring-beans:compileKotlin'.
> Compilation error. See log for more details

* Try:
Run with --stacktrace option to get the stack trace. Run with --info or --debug option to get more log output.

BUILD FAILED

Total time: 1 mins 7.347 secs
