Exception in thread "DisconnectableInputStream source reader" org.gradle.api.UncheckedIOException: java.io.IOException: Bad file descriptor
	at org.gradle.internal.UncheckedException.throwAsUncheckedException(UncheckedException.java:43)
	at org.gradle.util.DisconnectableInputStream$1.run(DisconnectableInputStream.java:125)
	at java.lang.Thread.run(Thread.java:748)
Caused by: java.io.IOException: Bad file descriptor
	at java.io.FileInputStream.readBytes(Native Method)
	at java.io.FileInputStream.read(FileInputStream.java:255)
	at java.io.BufferedInputStream.fill(BufferedInputStream.java:246)
	at java.io.BufferedInputStream.read1(BufferedInputStream.java:286)
	at java.io.BufferedInputStream.read(BufferedInputStream.java:345)
	at org.gradle.util.DisconnectableInputStream$1.run(DisconnectableInputStream.java:96)
	... 1 more
:buildSrc:compileJava NO-SOURCE
:buildSrc:compileGroovy
:buildSrc:processResources
:buildSrc:classes
:buildSrc:jar
:buildSrc:assemble
:buildSrc:compileTestJava NO-SOURCE
:buildSrc:compileTestGroovy NO-SOURCE
:buildSrc:processTestResources NO-SOURCE
:buildSrc:testClasses UP-TO-DATE
:buildSrc:test NO-SOURCE
:buildSrc:check UP-TO-DATE
:buildSrc:build

FAILURE: Build failed with an exception.

* What went wrong:
A problem occurred configuring root project 'spring'.
> Could not resolve all files for configuration ':classpath'.
   > Could not download kotlin-compiler-runner.jar (org.jetbrains.kotlin:kotlin-compiler-runner:1.1.0-rc-91)
      > Could not get resource 'https://repo.spring.io/plugins-release/org/jetbrains/kotlin/kotlin-compiler-runner/1.1.0-rc-91/kotlin-compiler-runner-1.1.0-rc-91.jar'.
         > Could not GET 'https://repo.spring.io/plugins-release/org/jetbrains/kotlin/kotlin-compiler-runner/1.1.0-rc-91/kotlin-compiler-runner-1.1.0-rc-91.jar'. Received status code 401 from server: Unauthorized
   > Could not download kotlin-annotation-processing.jar (org.jetbrains.kotlin:kotlin-annotation-processing:1.1.0-rc-91)
      > Could not get resource 'https://repo.spring.io/plugins-release/org/jetbrains/kotlin/kotlin-annotation-processing/1.1.0-rc-91/kotlin-annotation-processing-1.1.0-rc-91.jar'.
         > Could not GET 'https://repo.spring.io/plugins-release/org/jetbrains/kotlin/kotlin-annotation-processing/1.1.0-rc-91/kotlin-annotation-processing-1.1.0-rc-91.jar'. Received status code 401 from server: Unauthorized

* Try:
Run with --stacktrace option to get the stack trace. Run with --info or --debug option to get more log output.

BUILD FAILED

Total time: 9.938 secs
