Exception in thread "DisconnectableInputStream source reader" org.gradle.api.UncheckedIOException: java.io.IOException: Bad file descriptor
	at org.gradle.internal.UncheckedException.throwAsUncheckedException(UncheckedException.java:43)
	at org.gradle.util.DisconnectableInputStream$1.run(DisconnectableInputStream.java:125)
	at java.lang.Thread.run(Thread.java:748)
Caused by: java.io.IOException: Bad file descriptor
	at java.io.FileInputStream.readBytes(Native Method)
	at java.io.FileInputStream.read(FileInputStream.java:255)
	at java.io.BufferedInputStream.fill(BufferedInputStream.java:246)
	at java.io.BufferedInputStream.read1(BufferedInputStream.java:286)
	at java.io.BufferedInputStream.read(BufferedInputStream.java:345)
	at org.gradle.util.DisconnectableInputStream$1.run(DisconnectableInputStream.java:96)
	... 1 more
:buildSrc:compileJava NO-SOURCE
:buildSrc:compileGroovy
:buildSrc:processResources
:buildSrc:classes
:buildSrc:jar
:buildSrc:assemble
:buildSrc:compileTestJava NO-SOURCE
:buildSrc:compileTestGroovy NO-SOURCE
:buildSrc:processTestResources NO-SOURCE
:buildSrc:testClasses UP-TO-DATE
:buildSrc:test NO-SOURCE
:buildSrc:check UP-TO-DATE
:buildSrc:build
Download http://dl.bintray.com/kotlin/kotlin-eap-1.1/org/jetbrains/kotlin/kotlin-gradle-plugin/1.1.0-beta-38/kotlin-gradle-plugin-1.1.0-beta-38.pom
Download http://dl.bintray.com/kotlin/kotlin-eap-1.1/org/jetbrains/kotlin/kotlin-project/1.1.0-beta-38/kotlin-project-1.1.0-beta-38.pom
Download http://dl.bintray.com/kotlin/kotlin-eap-1.1/org/jetbrains/kotlin/kotlin-stdlib/1.1.0-beta-38/kotlin-stdlib-1.1.0-beta-38.pom
Download http://dl.bintray.com/kotlin/kotlin-eap-1.1/org/jetbrains/kotlin/kotlin-android-extensions/1.1.0-beta-38/kotlin-android-extensions-1.1.0-beta-38.pom
Download http://dl.bintray.com/kotlin/kotlin-eap-1.1/org/jetbrains/kotlin/kotlin-gradle-plugin-api/1.1.0-beta-38/kotlin-gradle-plugin-api-1.1.0-beta-38.pom
Download http://dl.bintray.com/kotlin/kotlin-eap-1.1/org/jetbrains/kotlin/kotlin-compiler-embeddable/1.1.0-beta-38/kotlin-compiler-embeddable-1.1.0-beta-38.pom
Download http://dl.bintray.com/kotlin/kotlin-eap-1.1/org/jetbrains/kotlin/kotlin-compiler-runner/1.1.0-beta-38/kotlin-compiler-runner-1.1.0-beta-38.pom
Download http://dl.bintray.com/kotlin/kotlin-eap-1.1/org/jetbrains/kotlin/kotlin-annotation-processing/1.1.0-beta-38/kotlin-annotation-processing-1.1.0-beta-38.pom
Download http://dl.bintray.com/kotlin/kotlin-eap-1.1/org/jetbrains/kotlin/kotlin-gradle-plugin/1.1.0-beta-38/kotlin-gradle-plugin-1.1.0-beta-38.jar
Download http://dl.bintray.com/kotlin/kotlin-eap-1.1/org/jetbrains/kotlin/kotlin-stdlib/1.1.0-beta-38/kotlin-stdlib-1.1.0-beta-38.jar
Download http://dl.bintray.com/kotlin/kotlin-eap-1.1/org/jetbrains/kotlin/kotlin-android-extensions/1.1.0-beta-38/kotlin-android-extensions-1.1.0-beta-38.jar
Download http://dl.bintray.com/kotlin/kotlin-eap-1.1/org/jetbrains/kotlin/kotlin-gradle-plugin-api/1.1.0-beta-38/kotlin-gradle-plugin-api-1.1.0-beta-38.jar
Download http://dl.bintray.com/kotlin/kotlin-eap-1.1/org/jetbrains/kotlin/kotlin-compiler-embeddable/1.1.0-beta-38/kotlin-compiler-embeddable-1.1.0-beta-38.jar
Download http://dl.bintray.com/kotlin/kotlin-eap-1.1/org/jetbrains/kotlin/kotlin-compiler-runner/1.1.0-beta-38/kotlin-compiler-runner-1.1.0-beta-38.jar
Download http://dl.bintray.com/kotlin/kotlin-eap-1.1/org/jetbrains/kotlin/kotlin-annotation-processing/1.1.0-beta-38/kotlin-annotation-processing-1.1.0-beta-38.jar
:assemble
:build
:spring-core:cglibRepackJar
:spring-core:objenesisRepackJar
:spring-core:compileKotlin
Download http://dl.bintray.com/kotlin/kotlin-eap-1.1/org/jetbrains/kotlin/kotlin-reflect/1.1.0-beta-38/kotlin-reflect-1.1.0-beta-38.pom
Download http://dl.bintray.com/kotlin/kotlin-eap-1.1/org/jetbrains/kotlin/kotlin-reflect/1.1.0-beta-38/kotlin-reflect-1.1.0-beta-38.jar
:spring-core:compileJava/home/ubuntu/bugs/spring-framework/spring-core/src/main/java/org/springframework/core/codec/ResourceRegionEncoder.java:85: warning: [deprecation] <R>flatMap(Function<? super T,? extends Publisher<? extends R>>) in Mono has been deprecated
					.flatMap(region -> writeResourceRegion(region, bufferFactory));
					^
  where R,T are type-variables:
    R extends Object declared in method <R>flatMap(Function<? super T,? extends Publisher<? extends R>>)
    T extends Object declared in class Mono
error: warnings found and -Werror specified
1 error
1 warning
 FAILED
:spring-core:copyMainKotlinClasses SKIPPED

FAILURE: Build failed with an exception.

* What went wrong:
Execution failed for task ':spring-core:compileJava'.
> Compilation failed; see the compiler error output for details.

* Try:
Run with --stacktrace option to get the stack trace. Run with --info or --debug option to get more log output.

BUILD FAILED

Total time: 1 mins 24.142 secs
