Exception in thread "DisconnectableInputStream source reader" org.gradle.api.UncheckedIOException: java.io.IOException: Bad file descriptor
	at org.gradle.internal.UncheckedException.throwAsUncheckedException(UncheckedException.java:43)
	at org.gradle.util.DisconnectableInputStream$1.run(DisconnectableInputStream.java:125)
	at java.lang.Thread.run(Thread.java:748)
Caused by: java.io.IOException: Bad file descriptor
	at java.io.FileInputStream.readBytes(Native Method)
	at java.io.FileInputStream.read(FileInputStream.java:255)
	at java.io.BufferedInputStream.fill(BufferedInputStream.java:246)
	at java.io.BufferedInputStream.read1(BufferedInputStream.java:286)
	at java.io.BufferedInputStream.read(BufferedInputStream.java:345)
	at org.gradle.util.DisconnectableInputStream$1.run(DisconnectableInputStream.java:96)
	... 1 more
:buildSrc:compileJava UP-TO-DATE
:buildSrc:compileGroovy
:buildSrc:processResources
:buildSrc:classes
:buildSrc:jar
:buildSrc:assemble
:buildSrc:compileTestJava UP-TO-DATE
:buildSrc:compileTestGroovy UP-TO-DATE
:buildSrc:processTestResources UP-TO-DATE
:buildSrc:testClasses UP-TO-DATE
:buildSrc:test UP-TO-DATE
:buildSrc:check UP-TO-DATE
:buildSrc:build

FAILURE: Build failed with an exception.

* What went wrong:
A problem occurred configuring root project 'spring'.
> Could not resolve all files for configuration ':classpath'.
   > Could not download kotlin-runtime.jar (org.jetbrains.kotlin:kotlin-runtime:1.1.0-beta-17)
      > Could not get resource 'https://repo.spring.io/plugins-snapshot/org/jetbrains/kotlin/kotlin-runtime/1.1.0-beta-17/kotlin-runtime-1.1.0-beta-17.jar'.
         > Could not HEAD 'https://repo.spring.io/plugins-snapshot/org/jetbrains/kotlin/kotlin-runtime/1.1.0-beta-17/kotlin-runtime-1.1.0-beta-17.jar'. Received status code 401 from server: Unauthorized

* Try:
Run with --stacktrace option to get the stack trace. Run with --info or --debug option to get more log output.

BUILD FAILED

Total time: 6.183 secs
