Exception in thread "DisconnectableInputStream source reader" org.gradle.api.UncheckedIOException: java.io.IOException: Bad file descriptor
	at org.gradle.internal.UncheckedException.throwAsUncheckedException(UncheckedException.java:43)
	at org.gradle.util.DisconnectableInputStream$1.run(DisconnectableInputStream.java:125)
	at java.lang.Thread.run(Thread.java:748)
Caused by: java.io.IOException: Bad file descriptor
	at java.io.FileInputStream.readBytes(Native Method)
	at java.io.FileInputStream.read(FileInputStream.java:255)
	at java.io.BufferedInputStream.fill(BufferedInputStream.java:246)
	at java.io.BufferedInputStream.read1(BufferedInputStream.java:286)
	at java.io.BufferedInputStream.read(BufferedInputStream.java:345)
	at org.gradle.util.DisconnectableInputStream$1.run(DisconnectableInputStream.java:96)
	... 1 more
:buildSrc:compileJava UP-TO-DATE
:buildSrc:compileGroovy
:buildSrc:processResources
:buildSrc:classes
:buildSrc:jar
:buildSrc:assemble
:buildSrc:compileTestJava UP-TO-DATE
:buildSrc:compileTestGroovy UP-TO-DATE
:buildSrc:processTestResources UP-TO-DATE
:buildSrc:testClasses UP-TO-DATE
:buildSrc:test UP-TO-DATE
:buildSrc:check UP-TO-DATE
:buildSrc:build
:assemble
:build
:spring-core:cglibRepackJar
:spring-core:objenesisRepackJar
:spring-core:compileKotlin FAILED

FAILURE: Build failed with an exception.

* What went wrong:
Could not resolve all dependencies for configuration ':spring-core:compileClasspath'.
> Could not find io.projectreactor:reactor-core:.
  Searched in the following locations:
      https://repo.spring.io/libs-snapshot/io/projectreactor/reactor-core//reactor-core-.pom
      https://repo.spring.io/libs-snapshot/io/projectreactor/reactor-core//reactor-core-.jar
      https://repo.spring.io/libs-release/io/projectreactor/reactor-core//reactor-core-.pom
      https://repo.spring.io/libs-release/io/projectreactor/reactor-core//reactor-core-.jar
      https://repo.spring.io/milestone/io/projectreactor/reactor-core//reactor-core-.pom
      https://repo.spring.io/milestone/io/projectreactor/reactor-core//reactor-core-.jar
      http://dl.bintray.com/kotlin/kotlin-eap-1.1/io/projectreactor/reactor-core//reactor-core-.pom
      http://dl.bintray.com/kotlin/kotlin-eap-1.1/io/projectreactor/reactor-core//reactor-core-.jar
  Required by:
      project :spring-core

* Try:
Run with --stacktrace option to get the stack trace. Run with --info or --debug option to get more log output.

BUILD FAILED

Total time: 14.895 secs
