Exception in thread "DisconnectableInputStream source reader" org.gradle.api.UncheckedIOException: java.io.IOException: Bad file descriptor
	at org.gradle.internal.UncheckedException.throwAsUncheckedException(UncheckedException.java:43)
	at org.gradle.util.DisconnectableInputStream$1.run(DisconnectableInputStream.java:125)
	at java.lang.Thread.run(Thread.java:748)
Caused by: java.io.IOException: Bad file descriptor
	at java.io.FileInputStream.readBytes(Native Method)
	at java.io.FileInputStream.read(FileInputStream.java:255)
	at java.io.BufferedInputStream.fill(BufferedInputStream.java:246)
	at java.io.BufferedInputStream.read1(BufferedInputStream.java:286)
	at java.io.BufferedInputStream.read(BufferedInputStream.java:345)
	at org.gradle.util.DisconnectableInputStream$1.run(DisconnectableInputStream.java:96)
	... 1 more
:buildSrc:compileJava UP-TO-DATE
:buildSrc:compileGroovyOpenJDK 64-Bit Server VM warning: INFO: os::commit_memory(0x00000000db100000, 67108864, 0) failed; error='Cannot allocate memory' (errno=12)

#
# There is insufficient memory for the Java Runtime Environment to continue.
# Native memory allocation (mmap) failed to map 67108864 bytes for committing reserved memory.
# An error report file with more information is saved as:
# /home/ubuntu/bugs/spring-framework/buildSrc/hs_err_pid23813.log
:buildSrc:compileGroovy FAILED

FAILURE: Build failed with an exception.

* What went wrong:
Process 'Gradle Compiler Daemon 1' finished with non-zero exit value 1

* Try:
Run with --stacktrace option to get the stack trace. Run with --info or --debug option to get more log output.

BUILD FAILED

Total time: 4.938 secs
