Exception in thread "DisconnectableInputStream source reader" org.gradle.api.UncheckedIOException: java.io.IOException: Bad file descriptor
	at org.gradle.internal.UncheckedException.throwAsUncheckedException(UncheckedException.java:43)
	at org.gradle.util.DisconnectableInputStream$1.run(DisconnectableInputStream.java:125)
	at java.lang.Thread.run(Thread.java:748)
Caused by: java.io.IOException: Bad file descriptor
	at java.io.FileInputStream.readBytes(Native Method)
	at java.io.FileInputStream.read(FileInputStream.java:255)
	at java.io.BufferedInputStream.fill(BufferedInputStream.java:246)
	at java.io.BufferedInputStream.read1(BufferedInputStream.java:286)
	at java.io.BufferedInputStream.read(BufferedInputStream.java:345)
	at org.gradle.util.DisconnectableInputStream$1.run(DisconnectableInputStream.java:96)
	... 1 more
:buildSrc:compileJava UP-TO-DATE
:buildSrc:compileGroovy
:buildSrc:processResources
:buildSrc:classes
:buildSrc:jar
:buildSrc:assemble
:buildSrc:compileTestJava UP-TO-DATE
:buildSrc:compileTestGroovy UP-TO-DATE
:buildSrc:processTestResources UP-TO-DATE
:buildSrc:testClasses UP-TO-DATE
:buildSrc:test UP-TO-DATE
:buildSrc:check UP-TO-DATE
:buildSrc:build
:assemble
:build
:spring-core:cglibRepackJar
:spring-core:objenesisRepackJar
:spring-core:compileJava
Download https://repo.spring.io/libs-release/io/netty/netty-buffer/4.1.5.Final/netty-buffer-4.1.5.Final.pom
Download https://repo.spring.io/libs-release/io/netty/netty-parent/4.1.5.Final/netty-parent-4.1.5.Final.pom
Download https://repo.spring.io/libs-release/io/netty/netty-common/4.1.5.Final/netty-common-4.1.5.Final.pom
Download https://repo.spring.io/libs-release/io/netty/netty-buffer/4.1.5.Final/netty-buffer-4.1.5.Final.jar
Download https://repo.spring.io/libs-release/io/netty/netty-common/4.1.5.Final/netty-common-4.1.5.Final.jar
:spring-core:processResources UP-TO-DATE
:spring-core:classes
:spring-core:jar
:spring-beans:compileJava
:spring-beans:processResources
:spring-beans:classes
:spring-beans-groovy:compileJava SKIPPED
:spring-beans-groovy:compileGroovy
:spring-beans-groovy:processResources UP-TO-DATE
:spring-beans-groovy:classes
:spring-beans:jar
:spring-aop:compileJava
:spring-aop:processResources
:spring-aop:classes
:spring-aop:jar
:spring-aop:sourcesJar
:spring-aop:assemble
:spring-aop:build
:spring-expression:compileJava
:spring-expression:processResources
:spring-expression:classes
:spring-expression:jar
:spring-instrument:compileJava
:spring-instrument:processResources UP-TO-DATE
:spring-instrument:classes
:spring-instrument:jar
:spring-context:compileJava
:spring-context:compileGroovy UP-TO-DATE
:spring-context:processResources
:spring-context:classes
:spring-context:jar
:spring-tx:compileJava
:spring-tx:processResources
:spring-tx:classes
:spring-tx:jar
:spring-jdbc:compileJava
:spring-jdbc:processResources
:spring-jdbc:classes
:spring-jdbc:jar
:spring-context-support:compileJava
Download https://repo.spring.io/libs-release/net/sf/ehcache/ehcache/2.10.2/ehcache-2.10.2.pom
Download https://repo.spring.io/libs-release/net/sf/ehcache/ehcache-root/2.10.2/ehcache-root-2.10.2.pom
Download https://repo.spring.io/libs-release/net/sf/ehcache/ehcache/2.10.2/ehcache-2.10.2.jar
:spring-context-support:processResources
:spring-context-support:classes
:spring-context-support:jar
:spring-oxm:compileJava
:spring-oxm:processResources
:spring-oxm:classes
:spring-oxm:jar
:spring-web:compileJava
Download https://repo.spring.io/libs-release/io/netty/netty-all/4.1.5.Final/netty-all-4.1.5.Final.pom
Download https://repo.spring.io/libs-release/com/fasterxml/jackson/core/jackson-databind/2.8.3/jackson-databind-2.8.3.pom
Download https://repo.spring.io/libs-release/com/fasterxml/jackson/dataformat/jackson-dataformat-xml/2.8.3/jackson-dataformat-xml-2.8.3.pom
Download https://repo.spring.io/libs-release/com/fasterxml/jackson/dataformat/jackson-dataformat-smile/2.8.3/jackson-dataformat-smile-2.8.3.pom
Download https://repo.spring.io/libs-release/com/fasterxml/jackson/dataformat/jackson-dataformats-binary/2.8.3/jackson-dataformats-binary-2.8.3.pom
Download https://repo.spring.io/libs-release/com/fasterxml/jackson/dataformat/jackson-dataformat-cbor/2.8.3/jackson-dataformat-cbor-2.8.3.pom
Download https://repo.spring.io/libs-release/io/netty/netty-codec-http/4.1.5.Final/netty-codec-http-4.1.5.Final.pom
Download https://repo.spring.io/libs-release/com/fasterxml/jackson/core/jackson-core/2.8.3/jackson-core-2.8.3.pom
Download https://repo.spring.io/libs-release/com/fasterxml/jackson/module/jackson-module-jaxb-annotations/2.8.3/jackson-module-jaxb-annotations-2.8.3.pom
Download https://repo.spring.io/libs-release/io/netty/netty-handler/4.1.5.Final/netty-handler-4.1.5.Final.pom
Download https://repo.spring.io/libs-release/io/netty/netty-codec/4.1.5.Final/netty-codec-4.1.5.Final.pom
Download https://repo.spring.io/libs-release/io/netty/netty-transport/4.1.5.Final/netty-transport-4.1.5.Final.pom
Download https://repo.spring.io/libs-release/io/netty/netty-resolver/4.1.5.Final/netty-resolver-4.1.5.Final.pom
Download https://repo.spring.io/libs-release/io/netty/netty-all/4.1.5.Final/netty-all-4.1.5.Final.jar
Download https://repo.spring.io/libs-release/com/fasterxml/jackson/core/jackson-databind/2.8.3/jackson-databind-2.8.3.jar
Download https://repo.spring.io/libs-release/com/fasterxml/jackson/dataformat/jackson-dataformat-xml/2.8.3/jackson-dataformat-xml-2.8.3.jar
Download https://repo.spring.io/libs-release/com/fasterxml/jackson/dataformat/jackson-dataformat-smile/2.8.3/jackson-dataformat-smile-2.8.3.jar
Download https://repo.spring.io/libs-release/com/fasterxml/jackson/dataformat/jackson-dataformat-cbor/2.8.3/jackson-dataformat-cbor-2.8.3.jar
Download https://repo.spring.io/libs-release/io/netty/netty-codec-http/4.1.5.Final/netty-codec-http-4.1.5.Final.jar
Download https://repo.spring.io/libs-release/com/fasterxml/jackson/core/jackson-core/2.8.3/jackson-core-2.8.3.jar
Download https://repo.spring.io/libs-release/com/fasterxml/jackson/module/jackson-module-jaxb-annotations/2.8.3/jackson-module-jaxb-annotations-2.8.3.jar
Download https://repo.spring.io/libs-release/io/netty/netty-handler/4.1.5.Final/netty-handler-4.1.5.Final.jar
Download https://repo.spring.io/libs-release/io/netty/netty-codec/4.1.5.Final/netty-codec-4.1.5.Final.jar
Download https://repo.spring.io/libs-release/io/netty/netty-transport/4.1.5.Final/netty-transport-4.1.5.Final.jar
Download https://repo.spring.io/libs-release/io/netty/netty-resolver/4.1.5.Final/netty-resolver-4.1.5.Final.jar
:spring-web:compileGroovy UP-TO-DATE
:spring-web:processResources
:spring-web:classes
:spring-web:jar
:spring-orm:compileJava
:spring-orm:processResources UP-TO-DATE
:spring-orm:classes
:spring-orm:jar
:spring-aspects:compileJava
:spring-aspects:processResources
:spring-aspects:classes
:spring-aspects:jar
:spring-aspects:sourcesJar
:spring-aspects:assemble
:spring-aspects:build
:spring-beans:sourcesJar
:spring-beans:assemble
:spring-beans:build
:spring-beans-groovy:jar SKIPPED
:spring-beans-groovy:sourcesJar SKIPPED
:spring-beans-groovy:assemble
:spring-beans-groovy:build
:spring-build-src:assemble UP-TO-DATE
:spring-build-src:build
:spring-context:sourcesJar
:spring-context:assemble
:spring-context:build
:spring-context-indexer:compileJava
:spring-context-indexer:processResources
:spring-context-indexer:classes
:spring-context-indexer:jar
:spring-context-indexer:sourcesJar
:spring-context-indexer:assemble
:spring-context-indexer:build
:spring-context-support:sourcesJar
:spring-context-support:assemble
:spring-context-support:build
:spring-core:sourcesJar
:spring-core:assemble
:spring-core:build
:spring-expression:sourcesJar
:spring-expression:assemble
:spring-expression:build
:spring-framework-bom:assemble UP-TO-DATE
:spring-framework-bom:build
:spring-instrument:sourcesJar
:spring-instrument:assemble
:spring-instrument:build
:spring-jdbc:sourcesJar
:spring-jdbc:assemble
:spring-jdbc:build
:spring-messaging:compileJava
:spring-messaging:processResources UP-TO-DATE
:spring-messaging:classes
:spring-messaging:jar
:spring-jms:compileJava
:spring-jms:processResources
:spring-jms:classes
:spring-jms:jar
:spring-jms:sourcesJar
:spring-jms:assemble
:spring-jms:build
:spring-messaging:sourcesJar
:spring-messaging:assemble
:spring-messaging:build
:spring-orm:sourcesJar
:spring-orm:assemble
:spring-orm:build
:spring-oxm:sourcesJar
:spring-oxm:assemble
:spring-oxm:build
:spring-webmvc:compileJava
:spring-webmvc:processResources
:spring-webmvc:classes
:spring-webmvc:jar
:spring-websocket:compileJava
:spring-websocket:processResources
:spring-websocket:classes
:spring-websocket:jar
:spring-test:compileJava
:spring-test:processResources
:spring-test:classes
:spring-test:jar
:spring-test:sourcesJar
:spring-test:assemble
:spring-test:build
:spring-tx:sourcesJar
:spring-tx:assemble
:spring-tx:build
:spring-web:sourcesJar
:spring-web:assemble
:spring-web:build
:spring-web-reactive:compileJava/home/ubuntu/bugs/spring-framework/spring-web-reactive/src/main/java/org/springframework/web/reactive/function/DefaultServerResponseBuilder.java:155: warning: [deprecation] then(Publisher<Void>) in Flux has been deprecated
				(response, context) -> Flux.from(voidPublisher).then(response.setComplete()),
				                                               ^
error: warnings found and -Werror specified
1 error
1 warning
 FAILED

FAILURE: Build failed with an exception.

* What went wrong:
Execution failed for task ':spring-web-reactive:compileJava'.
> Compilation failed; see the compiler error output for details.

* Try:
Run with --stacktrace option to get the stack trace. Run with --info or --debug option to get more log output.

BUILD FAILED

Total time: 42.191 secs
