:buildSrc:compileJava UP-TO-DATE
:buildSrc:compileGroovy
:buildSrc:processResources
:buildSrc:classes
:buildSrc:jar
:buildSrc:assemble
:buildSrc:compileTestJava UP-TO-DATE
:buildSrc:compileTestGroovy UP-TO-DATE
:buildSrc:processTestResources UP-TO-DATE
:buildSrc:testClasses UP-TO-DATE
:buildSrc:test UP-TO-DATE
:buildSrc:check UP-TO-DATE
:buildSrc:build
:assemble
:build
:spring-core:cglibRepackJar
:spring-core:objenesisRepackJar
:spring-core:compileJava
:spring-core:processResources UP-TO-DATE
:spring-core:classes
:spring-core:jar
:spring-beans:compileJava
:spring-beans:processResources
:spring-beans:classes
:spring-beans-groovy:compileJava SKIPPED
:spring-beans-groovy:compileGroovy
:spring-beans-groovy:processResources UP-TO-DATE
:spring-beans-groovy:classes
:spring-beans:jar
:spring-aop:compileJava
:spring-aop:processResources
:spring-aop:classes
:spring-aop:jar
:spring-aop:sourcesJar
:spring-aop:assemble
:spring-aop:build
:spring-expression:compileJava
:spring-expression:processResources
:spring-expression:classes
:spring-expression:jar
:spring-instrument:compileJava
:spring-instrument:processResources UP-TO-DATE
:spring-instrument:classes
:spring-instrument:jar
:spring-context:compileJava
:spring-context:compileGroovy UP-TO-DATE
:spring-context:processResources
:spring-context:classes
:spring-context:jar
:spring-tx:compileJava/home/ubuntu/bugs/spring-framework/spring-tx/src/main/java/org/springframework/transaction/interceptor/TransactionAspectSupport.java:61: error: unmappable character for encoding ASCII
 * @author St??phane Nicoll
             ^
/home/ubuntu/bugs/spring-framework/spring-tx/src/main/java/org/springframework/transaction/interceptor/TransactionAspectSupport.java:61: error: unmappable character for encoding ASCII
 * @author St??phane Nicoll
              ^

:spring-tx:processResources
:spring-tx:classes
:spring-tx:jar
:spring-jdbc:compileJava
:spring-jdbc:processResources
:spring-jdbc:classes
:spring-jdbc:jar
:spring-context-support:compileJava
:spring-context-support:processResources
:spring-context-support:classes
:spring-context-support:jar
:spring-oxm:compileJava
:spring-oxm:processResources
:spring-oxm:classes
:spring-oxm:jar
:spring-web:compileJava/home/ubuntu/bugs/spring-framework/spring-web/src/main/java/org/springframework/web/filter/ForwardedHeaderFilter.java:50: error: unmappable character for encoding ASCII
 * @author Edd?? Mel??ndez
              ^
/home/ubuntu/bugs/spring-framework/spring-web/src/main/java/org/springframework/web/filter/ForwardedHeaderFilter.java:50: error: unmappable character for encoding ASCII
 * @author Edd?? Mel??ndez
               ^
/home/ubuntu/bugs/spring-framework/spring-web/src/main/java/org/springframework/web/filter/ForwardedHeaderFilter.java:50: error: unmappable character for encoding ASCII
 * @author Edd?? Mel??ndez
                    ^
/home/ubuntu/bugs/spring-framework/spring-web/src/main/java/org/springframework/web/filter/ForwardedHeaderFilter.java:50: error: unmappable character for encoding ASCII
 * @author Edd?? Mel??ndez
                     ^

:spring-web:compileGroovy UP-TO-DATE
:spring-web:processResources
:spring-web:classes
:spring-web:jar
:spring-orm:compileJava
:spring-orm:processResources UP-TO-DATE
:spring-orm:classes
:spring-orm:jar
:spring-aspects:compileJava
:spring-aspects:processResources
:spring-aspects:classes
:spring-aspects:jar
:spring-aspects:sourcesJar
:spring-aspects:assemble
:spring-aspects:build
:spring-beans:sourcesJar
:spring-beans:assemble
:spring-beans:build
:spring-beans-groovy:jar SKIPPED
:spring-beans-groovy:sourcesJar SKIPPED
:spring-beans-groovy:assemble
:spring-beans-groovy:build
:spring-build-src:assemble UP-TO-DATE
:spring-build-src:build
:spring-context:sourcesJar
:spring-context:assemble
:spring-context:build
:spring-context-support:sourcesJar
:spring-context-support:assemble
:spring-context-support:build
:spring-core:sourcesJar
:spring-core:assemble
:spring-core:build
:spring-expression:sourcesJar
:spring-expression:assemble
:spring-expression:build
:spring-framework-bom:assemble UP-TO-DATE
:spring-framework-bom:build
:spring-instrument:sourcesJar
:spring-instrument:assemble
:spring-instrument:build
:spring-jdbc:sourcesJar
:spring-jdbc:assemble
:spring-jdbc:build
:spring-messaging:compileJava
:spring-messaging:processResources UP-TO-DATE
:spring-messaging:classes
:spring-messaging:jar
:spring-jms:compileJava
:spring-jms:processResources
:spring-jms:classes
:spring-jms:jar
:spring-jms:sourcesJar
:spring-jms:assemble
:spring-jms:build
:spring-messaging:sourcesJar
:spring-messaging:assemble
:spring-messaging:build
:spring-orm:sourcesJar
:spring-orm:assemble
:spring-orm:build
:spring-oxm:sourcesJar
:spring-oxm:assemble
:spring-oxm:build
:spring-webmvc:compileJava
:spring-webmvc:processResources
:spring-webmvc:classes
:spring-webmvc:jar
:spring-websocket:compileJava
:spring-websocket:processResources
:spring-websocket:classes
:spring-websocket:jar
:spring-test:compileJava
:spring-test:processResources
:spring-test:classes
:spring-test:jar
:spring-test:sourcesJar
:spring-test:assemble
:spring-test:build
:spring-tx:sourcesJar
:spring-tx:assemble
:spring-tx:build
:spring-web:sourcesJar
:spring-web:assemble
:spring-web:build
:spring-web-reactive:compileJava/home/ubuntu/bugs/spring-framework/spring-web-reactive/src/main/java/org/springframework/http/codec/SseEventEncoder.java:105: warning: [unchecked] unchecked cast
						dataBuffer = ((Encoder<Object>)encoder.get())
						                                          ^
  required: Encoder<Object>
  found:    Encoder<CAP#1>
  where CAP#1 is a fresh type-variable:
    CAP#1 extends Object from capture of ?
error: warnings found and -Werror specified
/home/ubuntu/bugs/spring-framework/spring-web-reactive/src/main/java/org/springframework/http/codec/xml/XmlEventDecoder.java:102: warning: [unchecked] unchecked conversion
									.fromIterable((Iterable<XMLEvent>) () -> eventReader);
									                                         ^
  required: Iterator<XMLEvent>
  found:    XMLEventReader
/home/ubuntu/bugs/spring-framework/spring-web-reactive/src/main/java/org/springframework/http/server/reactive/ServletHttpHandlerAdapter.java:41: warning: [serial] serializable class ServletHttpHandlerAdapter has no definition of serialVersionUID
public class ServletHttpHandlerAdapter extends HttpServlet {
       ^
/home/ubuntu/bugs/spring-framework/spring-web-reactive/src/main/java/org/springframework/core/codec/CodecException.java:26: warning: [serial] serializable class CodecException has no definition of serialVersionUID
public class CodecException extends NestedRuntimeException {
       ^
/home/ubuntu/bugs/spring-framework/spring-web-reactive/src/main/java/org/springframework/core/convert/support/MonoToCompletableFutureConverter.java:48: warning: [unchecked] unchecked method invocation: method fromFuture in class Mono is applied to given types
			return Mono.fromFuture((CompletableFuture) source);
			                      ^
  required: CompletableFuture<? extends T>
  found: CompletableFuture
  where T is a type-variable:
    T extends Object declared in method <T>fromFuture(CompletableFuture<? extends T>)
/home/ubuntu/bugs/spring-framework/spring-web-reactive/src/main/java/org/springframework/core/convert/support/MonoToCompletableFutureConverter.java:48: warning: [unchecked] unchecked conversion
			return Mono.fromFuture((CompletableFuture) source);
			                       ^
  required: CompletableFuture<? extends T>
  found:    CompletableFuture
  where T is a type-variable:
    T extends Object declared in method <T>fromFuture(CompletableFuture<? extends T>)
/home/ubuntu/bugs/spring-framework/spring-web-reactive/src/main/java/org/springframework/core/convert/support/MonoToCompletableFutureConverter.java:51: warning: [unchecked] unchecked method invocation: method from in class Mono is applied to given types
			return Mono.from((Publisher) source).toFuture();
			                ^
  required: Publisher<? extends T>
  found: Publisher
  where T is a type-variable:
    T extends Object declared in method <T>from(Publisher<? extends T>)
/home/ubuntu/bugs/spring-framework/spring-web-reactive/src/main/java/org/springframework/core/convert/support/MonoToCompletableFutureConverter.java:51: warning: [unchecked] unchecked conversion
			return Mono.from((Publisher) source).toFuture();
			                 ^
  required: Publisher<? extends T>
  found:    Publisher
  where T is a type-variable:
    T extends Object declared in method <T>from(Publisher<? extends T>)
/home/ubuntu/bugs/spring-framework/spring-web-reactive/src/main/java/org/springframework/core/convert/support/ReactorToRxJava1Converter.java:59: warning: [unchecked] unchecked method invocation: method toPublisher in enum RxJava1ObservableConverter is applied to given types
			return RxJava1ObservableConverter.toPublisher((Observable) source);
			                                             ^
  required: Observable<T>
  found: Observable
  where T is a type-variable:
    T extends Object declared in method <T>toPublisher(Observable<T>)
/home/ubuntu/bugs/spring-framework/spring-web-reactive/src/main/java/org/springframework/core/convert/support/ReactorToRxJava1Converter.java:59: warning: [unchecked] unchecked conversion
			return RxJava1ObservableConverter.toPublisher((Observable) source);
			                                              ^
  required: Observable<T>
  found:    Observable
  where T is a type-variable:
    T extends Object declared in method <T>toPublisher(Observable<T>)
/home/ubuntu/bugs/spring-framework/spring-web-reactive/src/main/java/org/springframework/core/convert/support/ReactorToRxJava1Converter.java:62: warning: [unchecked] unchecked method invocation: method fromPublisher in enum RxJava1ObservableConverter is applied to given types
			return RxJava1ObservableConverter.fromPublisher((Publisher) source);
			                                               ^
  required: Publisher<T>
  found: Publisher
  where T is a type-variable:
    T extends Object declared in method <T>fromPublisher(Publisher<T>)
/home/ubuntu/bugs/spring-framework/spring-web-reactive/src/main/java/org/springframework/core/convert/support/ReactorToRxJava1Converter.java:62: warning: [unchecked] unchecked conversion
			return RxJava1ObservableConverter.fromPublisher((Publisher) source);
			                                                ^
  required: Publisher<T>
  found:    Publisher
  where T is a type-variable:
    T extends Object declared in method <T>fromPublisher(Publisher<T>)
/home/ubuntu/bugs/spring-framework/spring-web-reactive/src/main/java/org/springframework/core/convert/support/ReactorToRxJava1Converter.java:65: warning: [unchecked] unchecked method invocation: method toPublisher in enum RxJava1SingleConverter is applied to given types
			return RxJava1SingleConverter.toPublisher((Single) source);
			                                         ^
  required: Single<T>
  found: Single
  where T is a type-variable:
    T extends Object declared in method <T>toPublisher(Single<T>)
/home/ubuntu/bugs/spring-framework/spring-web-reactive/src/main/java/org/springframework/core/convert/support/ReactorToRxJava1Converter.java:65: warning: [unchecked] unchecked conversion
			return RxJava1SingleConverter.toPublisher((Single) source);
			                                          ^
  required: Single<T>
  found:    Single
  where T is a type-variable:
    T extends Object declared in method <T>toPublisher(Single<T>)
/home/ubuntu/bugs/spring-framework/spring-web-reactive/src/main/java/org/springframework/core/convert/support/ReactorToRxJava1Converter.java:68: warning: [unchecked] unchecked method invocation: method fromPublisher in enum RxJava1SingleConverter is applied to given types
			return RxJava1SingleConverter.fromPublisher((Publisher) source);
			                                           ^
  required: Publisher<T>
  found: Publisher
  where T is a type-variable:
    T extends Object declared in method <T>fromPublisher(Publisher<T>)
/home/ubuntu/bugs/spring-framework/spring-web-reactive/src/main/java/org/springframework/core/convert/support/ReactorToRxJava1Converter.java:68: warning: [unchecked] unchecked conversion
			return RxJava1SingleConverter.fromPublisher((Publisher) source);
			                                            ^
  required: Publisher<T>
  found:    Publisher
  where T is a type-variable:
    T extends Object declared in method <T>fromPublisher(Publisher<T>)
/home/ubuntu/bugs/spring-framework/spring-web-reactive/src/main/java/org/springframework/web/server/ResponseStatusException.java:27: warning: [serial] serializable class ResponseStatusException has no definition of serialVersionUID
public class ResponseStatusException extends NestedRuntimeException {
       ^
/home/ubuntu/bugs/spring-framework/spring-web-reactive/src/main/java/org/springframework/web/server/MediaTypeNotSupportedStatusException.java:29: warning: [serial] serializable class MediaTypeNotSupportedStatusException has no definition of serialVersionUID
public class MediaTypeNotSupportedStatusException extends ResponseStatusException {
       ^
/home/ubuntu/bugs/spring-framework/spring-web-reactive/src/main/java/org/springframework/web/server/ServerWebInputException.java:30: warning: [serial] serializable class ServerWebInputException has no definition of serialVersionUID
public class ServerWebInputException extends ResponseStatusException {
       ^
/home/ubuntu/bugs/spring-framework/spring-web-reactive/src/main/java/org/springframework/web/server/MethodNotAllowedException.java:31: warning: [serial] serializable class MethodNotAllowedException has no definition of serialVersionUID
public class MethodNotAllowedException extends ResponseStatusException {
       ^
/home/ubuntu/bugs/spring-framework/spring-web-reactive/src/main/java/org/springframework/web/server/NotAcceptableStatusException.java:29: warning: [serial] serializable class NotAcceptableStatusException has no definition of serialVersionUID
public class NotAcceptableStatusException extends ResponseStatusException {
       ^
/home/ubuntu/bugs/spring-framework/spring-web-reactive/src/main/java/org/springframework/web/server/session/DefaultWebSession.java:35: warning: [serial] serializable class DefaultWebSession has no definition of serialVersionUID
public class DefaultWebSession implements ConfigurableWebSession, Serializable {
       ^
/home/ubuntu/bugs/spring-framework/spring-web-reactive/src/main/java/org/springframework/web/server/ServerErrorException.java:30: warning: [serial] serializable class ServerErrorException has no definition of serialVersionUID
public class ServerErrorException extends ResponseStatusException {
       ^
/home/ubuntu/bugs/spring-framework/spring-web-reactive/src/main/java/org/springframework/web/server/UnsupportedMediaTypeStatusException.java:30: warning: [serial] serializable class UnsupportedMediaTypeStatusException has no definition of serialVersionUID
public class UnsupportedMediaTypeStatusException extends ResponseStatusException {
       ^
/home/ubuntu/bugs/spring-framework/spring-web-reactive/src/main/java/org/springframework/web/client/reactive/ClientWebRequest.java:47: warning: [rawtypes] found raw type: Publisher
	protected Publisher body;
	          ^
  missing type arguments for generic class Publisher<T>
  where T is a type-variable:
    T extends Object declared in interface Publisher
/home/ubuntu/bugs/spring-framework/spring-web-reactive/src/main/java/org/springframework/web/client/reactive/ClientWebRequest.java:81: warning: [rawtypes] found raw type: Publisher
	public Publisher getBody() {
	       ^
  missing type arguments for generic class Publisher<T>
  where T is a type-variable:
    T extends Object declared in interface Publisher
/home/ubuntu/bugs/spring-framework/spring-web-reactive/src/main/java/org/springframework/web/client/reactive/ClientWebRequest.java:85: warning: [rawtypes] found raw type: Publisher
	public void setBody(Publisher body) {
	                    ^
  missing type arguments for generic class Publisher<T>
  where T is a type-variable:
    T extends Object declared in interface Publisher
/home/ubuntu/bugs/spring-framework/spring-web-reactive/src/main/java/org/springframework/web/client/reactive/WebClient.java:219: warning: [unchecked] unchecked method invocation: method write in interface HttpMessageConverter is applied to given types
			return converter.get().write((Publisher) content, requestType, contentType, request);
			                            ^
  required: Publisher<? extends T>,ResolvableType,MediaType,ReactiveHttpOutputMessage
  found: Publisher,ResolvableType,MediaType,ClientHttpRequest
  where T is a type-variable:
    T extends Object declared in interface HttpMessageConverter
/home/ubuntu/bugs/spring-framework/spring-web-reactive/src/main/java/org/springframework/web/client/reactive/WebClient.java:219: warning: [unchecked] unchecked conversion
			return converter.get().write((Publisher) content, requestType, contentType, request);
			                             ^
  required: Publisher<? extends T>
  found:    Publisher
  where T is a type-variable:
    T extends Object declared in interface HttpMessageConverter
/home/ubuntu/bugs/spring-framework/spring-web-reactive/src/main/java/org/springframework/web/client/reactive/WebClient.java:219: warning: [unchecked] unchecked conversion
			return converter.get().write((Publisher) content, requestType, contentType, request);
			                            ^
  required: Mono<Void>
  found:    Mono
/home/ubuntu/bugs/spring-framework/spring-web-reactive/src/main/java/org/springframework/web/client/reactive/ResponseExtractors.java:51: warning: [unchecked] unchecked cast
				.next();
				     ^
  required: Mono<T>
  found:    Mono<Object>
  where T is a type-variable:
    T extends Object declared in method <T>body(ResolvableType)
/home/ubuntu/bugs/spring-framework/spring-web-reactive/src/main/java/org/springframework/web/client/reactive/ResponseExtractors.java:96: warning: [unchecked] unchecked cast
			return new ResponseEntity<>((T) body, tuple.getT2(), tuple.getT3());
			                                ^
  required: T
  found:    Object
  where T is a type-variable:
    T extends Object declared in method <T>response(ResolvableType)
/home/ubuntu/bugs/spring-framework/spring-web-reactive/src/main/java/org/springframework/web/client/reactive/ResponseExtractors.java:154: warning: [unchecked] unchecked cast
		return (Flux<T>) converter.get().read(responseType, response);
		                                     ^
  required: Flux<T>
  found:    Flux<CAP#1>
  where T is a type-variable:
    T extends Object declared in method <T>decodeResponseBody(ClientHttpResponse,ResolvableType,List<HttpMessageConverter<?>>)
  where CAP#1 is a fresh type-variable:
    CAP#1 extends Object from capture of ?
/home/ubuntu/bugs/spring-framework/spring-web-reactive/src/main/java/org/springframework/web/client/reactive/support/RxJava1ResponseExtractors.java:53: warning: [unchecked] unchecked cast
				.fromPublisher(clientResponse
				              ^
  required: Single<T>
  found:    Single<Object>
  where T is a type-variable:
    T extends Object declared in method <T>body(Class<T>)
/home/ubuntu/bugs/spring-framework/spring-web-reactive/src/main/java/org/springframework/web/client/reactive/support/RxJava1ResponseExtractors.java:84: warning: [unchecked] unchecked cast
							return new ResponseEntity<>((T) tuple.getT1(), tuple.getT2(), tuple.getT3());
							                                           ^
  required: T
  found:    Object
  where T is a type-variable:
    T extends Object declared in method <T>response(Class<T>)
/home/ubuntu/bugs/spring-framework/spring-web-reactive/src/main/java/org/springframework/web/client/reactive/support/RxJava1ResponseExtractors.java:75: warning: [cast] redundant cast to Single<ResponseEntity<T>>
		return (clientResponse, messageConverters) -> (Single<ResponseEntity<T>>)
		                                              ^
  where T is a type-variable:
    T extends Object declared in method <T>response(Class<T>)
/home/ubuntu/bugs/spring-framework/spring-web-reactive/src/main/java/org/springframework/web/client/reactive/support/RxJava1ResponseExtractors.java:120: warning: [unchecked] unchecked cast
		return (Flux<T>) converter.get().read(responseType, response);
		                                     ^
  required: Flux<T>
  found:    Flux<CAP#1>
  where T is a type-variable:
    T extends Object declared in method <T>decodeResponseBody(ClientHttpResponse,ResolvableType,List<HttpMessageConverter<?>>)
  where CAP#1 is a fresh type-variable:
    CAP#1 extends Object from capture of ?
/home/ubuntu/bugs/spring-framework/spring-web-reactive/src/main/java/org/springframework/web/client/reactive/DefaultClientWebRequestBuilder.java:62: warning: [rawtypes] found raw type: Publisher
	private Publisher body;
	        ^
  missing type arguments for generic class Publisher<T>
  where T is a type-variable:
    T extends Object declared in interface Publisher
/home/ubuntu/bugs/spring-framework/spring-web-reactive/src/main/java/org/springframework/web/client/reactive/WebClientException.java:27: warning: [serial] serializable class WebClientException has no definition of serialVersionUID
public class WebClientException extends NestedRuntimeException {
       ^
/home/ubuntu/bugs/spring-framework/spring-web-reactive/src/main/java/org/springframework/web/reactive/result/ContentNegotiatingResultHandlerSupport.java:136: warning: [unchecked] unchecked cast
			Set<MediaType> set = (Set<MediaType>) optional.get();
			                                                  ^
  required: Set<MediaType>
  found:    CAP#1
  where CAP#1 is a fresh type-variable:
    CAP#1 extends Object from capture of ?
/home/ubuntu/bugs/spring-framework/spring-web-reactive/src/main/java/org/springframework/web/reactive/result/method/RequestMappingInfoHandlerMapping.java:316: warning: [rawtypes] found raw type: Enum
					map(Enum::name).
					    ^
  missing type arguments for generic class Enum<E>
  where E is a type-variable:
    E extends Enum<E> declared in class Enum
/home/ubuntu/bugs/spring-framework/spring-web-reactive/src/main/java/org/springframework/web/reactive/result/view/ViewResolutionResultHandler.java:258: warning: [unchecked] unchecked cast
			result.getModel().addAllAttributes((Map<String, ?>) value);
			                                                    ^
  required: Map<String,?>
  found:    Object
1 error
42 warnings
 FAILED

FAILURE: Build failed with an exception.

* What went wrong:
Execution failed for task ':spring-web-reactive:compileJava'.
> Compilation failed; see the compiler error output for details.

* Try:
Run with --stacktrace option to get the stack trace. Run with --info or --debug option to get more log output.

BUILD FAILED

Total time: 54.71 secs
