:buildSrc:compileJava UP-TO-DATE
:buildSrc:compileGroovy
:buildSrc:processResources
:buildSrc:classes
:buildSrc:jar
:buildSrc:assemble
:buildSrc:compileTestJava UP-TO-DATE
:buildSrc:compileTestGroovy UP-TO-DATE
:buildSrc:processTestResources UP-TO-DATE
:buildSrc:testClasses UP-TO-DATE
:buildSrc:test UP-TO-DATE
:buildSrc:check UP-TO-DATE
:buildSrc:build
:assemble
:build
:spring-core:cglibRepackJar
:spring-core:objenesisRepackJar
:spring-core:compileJava
:spring-core:processResources UP-TO-DATE
:spring-core:classes
:spring-core:jar
:spring-beans:compileJava
:spring-beans:processResources
:spring-beans:classes
:spring-beans-groovy:compileJava SKIPPED
:spring-beans-groovy:compileGroovywarning: [options] bootstrap class path not set in conjunction with -source 1.6
1 warning

:spring-beans-groovy:processResources UP-TO-DATE
:spring-beans-groovy:classes
:spring-beans:jar
:spring-aop:compileJava
:spring-aop:processResources
:spring-aop:classes
:spring-aop:jar
:spring-aop:sourcesJar
:spring-aop:assemble
:spring-aop:build
:spring-expression:compileJava
:spring-expression:processResources
:spring-expression:classes
:spring-expression:jar
:spring-instrument:compileJava
:spring-instrument:processResources UP-TO-DATE
:spring-instrument:classes
:spring-instrument:jar
:spring-context:compileJava
Download https://repo.spring.io/libs-release/org/eclipse/persistence/javax.persistence/2.0.0/javax.persistence-2.0.0.pom
Download https://repo.spring.io/libs-release/javax/validation/validation-api/1.0.0.GA/validation-api-1.0.0.GA.pom
Download https://repo.spring.io/libs-release/org/hibernate/hibernate-validator/4.3.2.Final/hibernate-validator-4.3.2.Final.pom
Download https://repo.spring.io/libs-release/org/hibernate/hibernate-validator-parent/4.3.2.Final/hibernate-validator-parent-4.3.2.Final.pom
Download https://repo.spring.io/libs-release/org/jboss/logging/jboss-logging/3.1.0.CR2/jboss-logging-3.1.0.CR2.pom
Download https://repo.spring.io/libs-release/org/jboss/jboss-parent/6/jboss-parent-6.pom
Download https://repo.spring.io/libs-release/org/eclipse/persistence/javax.persistence/2.0.0/javax.persistence-2.0.0.jar
Download https://repo.spring.io/libs-release/javax/validation/validation-api/1.0.0.GA/validation-api-1.0.0.GA.jar
Download https://repo.spring.io/libs-release/org/hibernate/hibernate-validator/4.3.2.Final/hibernate-validator-4.3.2.Final.jar
Download https://repo.spring.io/libs-release/org/jboss/logging/jboss-logging/3.1.0.CR2/jboss-logging-3.1.0.CR2.jar
:spring-context:compileGroovy UP-TO-DATE
:spring-context:processResources
:spring-context:classes
:spring-context:jar
:spring-tx:compileJava/home/ubuntu/bugs/spring-framework/spring-tx/src/main/java/org/springframework/transaction/interceptor/TransactionAspectSupport.java:61: error: unmappable character for encoding ASCII
 * @author St??phane Nicoll
             ^
/home/ubuntu/bugs/spring-framework/spring-tx/src/main/java/org/springframework/transaction/interceptor/TransactionAspectSupport.java:61: error: unmappable character for encoding ASCII
 * @author St??phane Nicoll
              ^

:spring-tx:processResources
:spring-tx:classes
:spring-tx:jar
:spring-jdbc:compileJava
:spring-jdbc:processResources
:spring-jdbc:classes
:spring-jdbc:jar
:spring-context-support:compileJava
:spring-context-support:processResources
:spring-context-support:classes
:spring-context-support:jar
:spring-oxm:compileJava
:spring-oxm:processResources
:spring-oxm:classes
:spring-oxm:jar
:spring-web:compileJava
Download https://repo.spring.io/libs-release/javax/portlet/portlet-api/2.0/portlet-api-2.0.pom
Download https://repo.spring.io/libs-release/javax/portlet/portlet-api/2.0/portlet-api-2.0.jar
/home/ubuntu/bugs/spring-framework/spring-web/src/main/java/org/springframework/web/filter/ForwardedHeaderFilter.java:50: error: unmappable character for encoding ASCII
 * @author Edd?? Mel??ndez
              ^
/home/ubuntu/bugs/spring-framework/spring-web/src/main/java/org/springframework/web/filter/ForwardedHeaderFilter.java:50: error: unmappable character for encoding ASCII
 * @author Edd?? Mel??ndez
               ^
/home/ubuntu/bugs/spring-framework/spring-web/src/main/java/org/springframework/web/filter/ForwardedHeaderFilter.java:50: error: unmappable character for encoding ASCII
 * @author Edd?? Mel??ndez
                    ^
/home/ubuntu/bugs/spring-framework/spring-web/src/main/java/org/springframework/web/filter/ForwardedHeaderFilter.java:50: error: unmappable character for encoding ASCII
 * @author Edd?? Mel??ndez
                     ^
:spring-web:compileGroovy UP-TO-DATE
:spring-web:processResources
:spring-web:classes
:spring-web:jar
:spring-orm:compileJava
Download https://repo.spring.io/libs-release/org/eclipse/persistence/javax.persistence/2.0.5/javax.persistence-2.0.5.pom
Download https://repo.spring.io/libs-release/org/eclipse/persistence/org.eclipse.persistence.core/2.4.2/org.eclipse.persistence.core-2.4.2.pom
Download https://repo.spring.io/libs-release/org/eclipse/persistence/org.eclipse.persistence.jpa/2.4.2/org.eclipse.persistence.jpa-2.4.2.pom
Download https://repo.spring.io/libs-release/org/hibernate/hibernate-core/3.6.10.Final/hibernate-core-3.6.10.Final.pom
Download https://repo.spring.io/libs-release/org/hibernate/hibernate-parent/3.6.10.Final/hibernate-parent-3.6.10.Final.pom
Download https://repo.spring.io/libs-release/org/hibernate/hibernate-entitymanager/3.6.10.Final/hibernate-entitymanager-3.6.10.Final.pom
Download https://repo.spring.io/libs-release/org/apache/openjpa/openjpa/2.4.1/openjpa-2.4.1.pom
Download https://repo.spring.io/libs-release/org/apache/openjpa/openjpa-parent/2.4.1/openjpa-parent-2.4.1.pom
Download https://repo.spring.io/libs-release/javax/jdo/jdo-api/3.1/jdo-api-3.1.pom
Download https://repo.spring.io/libs-release/org/apache/jdo/parent-pom/3.1/parent-pom-3.1.pom
Download https://repo.spring.io/libs-release/org/eclipse/persistence/org.eclipse.persistence.asm/2.4.2/org.eclipse.persistence.asm-2.4.2.pom
Download https://repo.spring.io/libs-release/org/eclipse/persistence/org.eclipse.persistence.antlr/2.4.2/org.eclipse.persistence.antlr-2.4.2.pom
Download https://repo.spring.io/libs-release/org/eclipse/persistence/org.eclipse.persistence.jpa.jpql/2.4.2/org.eclipse.persistence.jpa.jpql-2.4.2.pom
Download https://repo.spring.io/libs-release/antlr/antlr/2.7.6/antlr-2.7.6.pom
Download https://repo.spring.io/libs-release/org/hibernate/hibernate-commons-annotations/3.2.0.Final/hibernate-commons-annotations-3.2.0.Final.pom
Download https://repo.spring.io/libs-release/org/slf4j/slf4j-api/1.6.1/slf4j-api-1.6.1.pom
Download https://repo.spring.io/libs-release/org/slf4j/slf4j-parent/1.6.1/slf4j-parent-1.6.1.pom
Download https://repo.spring.io/libs-release/cglib/cglib/2.2/cglib-2.2.pom
Download https://repo.spring.io/libs-release/javassist/javassist/3.12.0.GA/javassist-3.12.0.GA.pom
Download https://repo.spring.io/libs-release/net/sourceforge/serp/serp/1.15.1/serp-1.15.1.pom
Download https://repo.spring.io/libs-release/commons-pool/commons-pool/1.5.4/commons-pool-1.5.4.pom
Download https://repo.spring.io/libs-release/org/apache/commons/commons-parent/12/commons-parent-12.pom
Download https://repo.spring.io/libs-release/org/apache/xbean/xbean-asm5-shaded/3.17/xbean-asm5-shaded-3.17.pom
Download https://repo.spring.io/libs-release/org/apache/xbean/xbean/3.17/xbean-3.17.pom
Download https://repo.spring.io/libs-release/org/apache/geronimo/genesis/genesis-java5-flava/2.1/genesis-java5-flava-2.1.pom
Download https://repo.spring.io/libs-release/org/apache/geronimo/genesis/genesis-default-flava/2.1/genesis-default-flava-2.1.pom
Download https://repo.spring.io/libs-release/org/apache/geronimo/genesis/genesis/2.1/genesis-2.1.pom
Download https://repo.spring.io/libs-release/javax/transaction/jta/1.1/jta-1.1.pom
Download https://repo.spring.io/libs-release/asm/asm/3.1/asm-3.1.pom
Download https://repo.spring.io/libs-release/asm/asm-parent/3.1/asm-parent-3.1.pom
Download https://repo.spring.io/libs-release/org/eclipse/persistence/javax.persistence/2.0.5/javax.persistence-2.0.5.jar
Download https://repo.spring.io/libs-release/org/eclipse/persistence/org.eclipse.persistence.core/2.4.2/org.eclipse.persistence.core-2.4.2.jar
Download https://repo.spring.io/libs-release/org/eclipse/persistence/org.eclipse.persistence.jpa/2.4.2/org.eclipse.persistence.jpa-2.4.2.jar
Download https://repo.spring.io/libs-release/org/hibernate/hibernate-core/3.6.10.Final/hibernate-core-3.6.10.Final.jar
Download https://repo.spring.io/libs-release/org/hibernate/hibernate-entitymanager/3.6.10.Final/hibernate-entitymanager-3.6.10.Final.jar
Download https://repo.spring.io/libs-release/org/apache/openjpa/openjpa/2.4.1/openjpa-2.4.1.jar
Download https://repo.spring.io/libs-release/javax/jdo/jdo-api/3.1/jdo-api-3.1.jar
Download https://repo.spring.io/libs-release/org/eclipse/persistence/org.eclipse.persistence.asm/2.4.2/org.eclipse.persistence.asm-2.4.2.jar
Download https://repo.spring.io/libs-release/org/eclipse/persistence/org.eclipse.persistence.antlr/2.4.2/org.eclipse.persistence.antlr-2.4.2.jar
Download https://repo.spring.io/libs-release/org/eclipse/persistence/org.eclipse.persistence.jpa.jpql/2.4.2/org.eclipse.persistence.jpa.jpql-2.4.2.jar
Download https://repo.spring.io/libs-release/antlr/antlr/2.7.6/antlr-2.7.6.jar
Download https://repo.spring.io/libs-release/org/hibernate/hibernate-commons-annotations/3.2.0.Final/hibernate-commons-annotations-3.2.0.Final.jar
Download https://repo.spring.io/libs-release/org/slf4j/slf4j-api/1.6.1/slf4j-api-1.6.1.jar
Download https://repo.spring.io/libs-release/cglib/cglib/2.2/cglib-2.2.jar
Download https://repo.spring.io/libs-release/javassist/javassist/3.12.0.GA/javassist-3.12.0.GA.jar
Download https://repo.spring.io/libs-release/net/sourceforge/serp/serp/1.15.1/serp-1.15.1.jar
Download https://repo.spring.io/libs-release/commons-pool/commons-pool/1.5.4/commons-pool-1.5.4.jar
Download https://repo.spring.io/libs-release/org/apache/xbean/xbean-asm5-shaded/3.17/xbean-asm5-shaded-3.17.jar
Download https://repo.spring.io/libs-release/javax/transaction/jta/1.1/jta-1.1.jar
Download https://repo.spring.io/libs-release/asm/asm/3.1/asm-3.1.jar
warning: Supported source version 'RELEASE_6' from annotation processor 'org.apache.openjpa.persistence.meta.AnnotationProcessor6' less than -source '1.8'
1 warning
:spring-orm:processResources UP-TO-DATE
:spring-orm:classes
:spring-orm-hibernate4:compileJava
Download https://repo.spring.io/libs-release/org/hibernate/hibernate-core/4.3.11.Final/hibernate-core-4.3.11.Final.pom
Download https://repo.spring.io/libs-release/org/hibernate/hibernate-entitymanager/4.3.11.Final/hibernate-entitymanager-4.3.11.Final.pom
Download https://repo.spring.io/libs-release/org/jboss/logging/jboss-logging/3.1.3.GA/jboss-logging-3.1.3.GA.pom
Download https://repo.spring.io/libs-release/org/jboss/jboss-parent/9/jboss-parent-9.pom
Download https://repo.spring.io/libs-release/org/jboss/logging/jboss-logging-annotations/1.2.0.Beta1/jboss-logging-annotations-1.2.0.Beta1.pom
Download https://repo.spring.io/libs-release/org/jboss/logging/jboss-logging-tools-parent/1.2.0.Beta1/jboss-logging-tools-parent-1.2.0.Beta1.pom
Download https://repo.spring.io/libs-release/org/jboss/spec/javax/transaction/jboss-transaction-api_1.2_spec/1.0.0.Final/jboss-transaction-api_1.2_spec-1.0.0.Final.pom
Download https://repo.spring.io/libs-release/org/hibernate/common/hibernate-commons-annotations/4.0.5.Final/hibernate-commons-annotations-4.0.5.Final.pom
Download https://repo.spring.io/libs-release/org/javassist/javassist/3.18.1-GA/javassist-3.18.1-GA.pom
Download https://repo.spring.io/libs-release/org/jboss/jandex/1.1.0.Final/jandex-1.1.0.Final.pom
Download https://repo.spring.io/libs-release/org/jboss/jboss-parent/5/jboss-parent-5.pom
Download https://repo.spring.io/libs-release/org/hibernate/hibernate-core/4.3.11.Final/hibernate-core-4.3.11.Final.jar
Download https://repo.spring.io/libs-release/org/hibernate/hibernate-entitymanager/4.3.11.Final/hibernate-entitymanager-4.3.11.Final.jar
Download https://repo.spring.io/libs-release/org/jboss/logging/jboss-logging/3.1.3.GA/jboss-logging-3.1.3.GA.jar
Download https://repo.spring.io/libs-release/org/jboss/logging/jboss-logging-annotations/1.2.0.Beta1/jboss-logging-annotations-1.2.0.Beta1.jar
Download https://repo.spring.io/libs-release/org/jboss/spec/javax/transaction/jboss-transaction-api_1.2_spec/1.0.0.Final/jboss-transaction-api_1.2_spec-1.0.0.Final.jar
Download https://repo.spring.io/libs-release/org/hibernate/common/hibernate-commons-annotations/4.0.5.Final/hibernate-commons-annotations-4.0.5.Final.jar
Download https://repo.spring.io/libs-release/org/javassist/javassist/3.18.1-GA/javassist-3.18.1-GA.jar
Download https://repo.spring.io/libs-release/org/jboss/jandex/1.1.0.Final/jandex-1.1.0.Final.jar
:spring-orm-hibernate4:processResources UP-TO-DATE
:spring-orm-hibernate4:classes
:spring-orm-hibernate5:compileJava
:spring-orm-hibernate5:processResources UP-TO-DATE
:spring-orm-hibernate5:classes
:spring-orm:jar
:spring-aspects:compileJava
:spring-aspects:processResources
:spring-aspects:classes
:spring-aspects:jar
:spring-aspects:sourcesJar
:spring-aspects:assemble
:spring-aspects:build
:spring-beans:sourcesJar
:spring-beans:assemble
:spring-beans:build
:spring-beans-groovy:jar SKIPPED
:spring-beans-groovy:sourcesJar SKIPPED
:spring-beans-groovy:assemble
:spring-beans-groovy:build
:spring-build-src:assemble UP-TO-DATE
:spring-build-src:build
:spring-context:sourcesJar
:spring-context:assemble
:spring-context:build
:spring-context-support:sourcesJar
:spring-context-support:assemble
:spring-context-support:build
:spring-core:sourcesJar
:spring-core:assemble
:spring-core:build
:spring-expression:sourcesJar
:spring-expression:assemble
:spring-expression:build
:spring-framework-bom:assemble UP-TO-DATE
:spring-framework-bom:build
:spring-instrument:sourcesJar
:spring-instrument:assemble
:spring-instrument:build
:spring-instrument-tomcat:compileJava
Download https://repo.spring.io/libs-release/org/apache/tomcat/catalina/6.0.16/catalina-6.0.16.pom
Download https://repo.spring.io/libs-release/org/apache/tomcat/servlet-api/6.0.16/servlet-api-6.0.16.pom
Download https://repo.spring.io/libs-release/org/apache/tomcat/juli/6.0.16/juli-6.0.16.pom
Download https://repo.spring.io/libs-release/org/apache/tomcat/annotations-api/6.0.16/annotations-api-6.0.16.pom
Download https://repo.spring.io/libs-release/org/apache/tomcat/catalina/6.0.16/catalina-6.0.16.jar
Download https://repo.spring.io/libs-release/org/apache/tomcat/servlet-api/6.0.16/servlet-api-6.0.16.jar
Download https://repo.spring.io/libs-release/org/apache/tomcat/juli/6.0.16/juli-6.0.16.jar
Download https://repo.spring.io/libs-release/org/apache/tomcat/annotations-api/6.0.16/annotations-api-6.0.16.jar
:spring-instrument-tomcat:processResources UP-TO-DATE
:spring-instrument-tomcat:classes
:spring-instrument-tomcat:jar
:spring-instrument-tomcat:sourcesJar
:spring-instrument-tomcat:assemble
:spring-instrument-tomcat:build
:spring-jdbc:sourcesJar
:spring-jdbc:assemble
:spring-jdbc:build
:spring-messaging:compileJava
:spring-messaging:processResources UP-TO-DATE
:spring-messaging:classes
:spring-messaging:jar
:spring-jms:compileJava
:spring-jms:processResources
:spring-jms:classes
:spring-jms:jar
:spring-jms:sourcesJar
:spring-jms:assemble
:spring-jms:build
:spring-messaging:sourcesJar
:spring-messaging:assemble
:spring-messaging:build
:spring-orm:sourcesJar
:spring-orm:assemble
:spring-orm:build
:spring-orm-hibernate4:jar SKIPPED
:spring-orm-hibernate4:sourcesJar SKIPPED
:spring-orm-hibernate4:assemble
:spring-orm-hibernate4:build
:spring-orm-hibernate5:jar SKIPPED
:spring-orm-hibernate5:sourcesJar SKIPPED
:spring-orm-hibernate5:assemble
:spring-orm-hibernate5:build
:spring-oxm:sourcesJar
:spring-oxm:assemble
:spring-oxm:build
:spring-webmvc:compileJava
Download https://repo.spring.io/libs-release/velocity-tools/velocity-tools-view/1.4/velocity-tools-view-1.4.pom
Download https://repo.spring.io/libs-release/velocity-tools/velocity-tools-view/1.4/velocity-tools-view-1.4.jar
:spring-webmvc:processResources
:spring-webmvc:classes
:spring-webmvc-tiles2:compileJava
Download https://repo.spring.io/libs-release/org/apache/tiles/tiles-api/2.2.2/tiles-api-2.2.2.pom
Download https://repo.spring.io/libs-release/org/apache/tiles/tiles-parent/2.2.2/tiles-parent-2.2.2.pom
Download https://repo.spring.io/libs-release/org/apache/tiles/tiles-master/3/tiles-master-3.pom
Download https://repo.spring.io/libs-release/org/apache/tiles/tiles-core/2.2.2/tiles-core-2.2.2.pom
Download https://repo.spring.io/libs-release/org/apache/tiles/tiles-servlet/2.2.2/tiles-servlet-2.2.2.pom
Download https://repo.spring.io/libs-release/org/apache/tiles/tiles-jsp/2.2.2/tiles-jsp-2.2.2.pom
Download https://repo.spring.io/libs-release/org/apache/tiles/tiles-el/2.2.2/tiles-el-2.2.2.pom
Download https://repo.spring.io/libs-release/org/apache/tiles/tiles-extras/2.2.2/tiles-extras-2.2.2.pom
Download https://repo.spring.io/libs-release/org/apache/tiles/tiles-template/2.2.2/tiles-template-2.2.2.pom
Download https://repo.spring.io/libs-release/org/apache/tiles/tiles-servlet-wildcard/2.2.2/tiles-servlet-wildcard-2.2.2.pom
Download https://repo.spring.io/libs-release/org/apache/tiles/tiles-freemarker/2.2.2/tiles-freemarker-2.2.2.pom
Download https://repo.spring.io/libs-release/org/apache/tiles/tiles-velocity/2.2.2/tiles-velocity-2.2.2.pom
Download https://repo.spring.io/libs-release/org/apache/tiles/tiles-mvel/2.2.2/tiles-mvel-2.2.2.pom
Download https://repo.spring.io/libs-release/org/apache/tiles/tiles-ognl/2.2.2/tiles-ognl-2.2.2.pom
Download https://repo.spring.io/libs-release/org/apache/tiles/tiles-compat/2.2.2/tiles-compat-2.2.2.pom
Download https://repo.spring.io/libs-release/org/freemarker/freemarker/2.3.15/freemarker-2.3.15.pom
Download https://repo.spring.io/libs-release/org/apache/tiles/tiles-api/2.2.2/tiles-api-2.2.2.jar
Download https://repo.spring.io/libs-release/org/apache/tiles/tiles-core/2.2.2/tiles-core-2.2.2.jar
Download https://repo.spring.io/libs-release/org/apache/tiles/tiles-servlet/2.2.2/tiles-servlet-2.2.2.jar
Download https://repo.spring.io/libs-release/org/apache/tiles/tiles-jsp/2.2.2/tiles-jsp-2.2.2.jar
Download https://repo.spring.io/libs-release/org/apache/tiles/tiles-el/2.2.2/tiles-el-2.2.2.jar
Download https://repo.spring.io/libs-release/org/apache/tiles/tiles-extras/2.2.2/tiles-extras-2.2.2.jar
Download https://repo.spring.io/libs-release/org/apache/tiles/tiles-template/2.2.2/tiles-template-2.2.2.jar
Download https://repo.spring.io/libs-release/org/apache/tiles/tiles-servlet-wildcard/2.2.2/tiles-servlet-wildcard-2.2.2.jar
Download https://repo.spring.io/libs-release/org/apache/tiles/tiles-freemarker/2.2.2/tiles-freemarker-2.2.2.jar
Download https://repo.spring.io/libs-release/org/apache/tiles/tiles-velocity/2.2.2/tiles-velocity-2.2.2.jar
Download https://repo.spring.io/libs-release/org/apache/tiles/tiles-mvel/2.2.2/tiles-mvel-2.2.2.jar
Download https://repo.spring.io/libs-release/org/apache/tiles/tiles-ognl/2.2.2/tiles-ognl-2.2.2.jar
Download https://repo.spring.io/libs-release/org/apache/tiles/tiles-compat/2.2.2/tiles-compat-2.2.2.jar
Download https://repo.spring.io/libs-release/org/freemarker/freemarker/2.3.15/freemarker-2.3.15.jar
:spring-webmvc-tiles2:processResources UP-TO-DATE
:spring-webmvc-tiles2:classes
:spring-webmvc:jar
:spring-webmvc-portlet:compileJava
:spring-webmvc-portlet:processResources
:spring-webmvc-portlet:classes
:spring-webmvc-portlet:jar
:spring-websocket:compileJava
Download https://repo.spring.io/libs-release/org/glassfish/tyrus/tyrus-spi/1.3.5/tyrus-spi-1.3.5.pom
Download https://repo.spring.io/libs-release/org/glassfish/tyrus/tyrus-project/1.3.5/tyrus-project-1.3.5.pom
Download https://repo.spring.io/libs-release/org/glassfish/tyrus/tyrus-core/1.3.5/tyrus-core-1.3.5.pom
Download https://repo.spring.io/libs-release/org/glassfish/tyrus/tyrus-server/1.3.5/tyrus-server-1.3.5.pom
Download https://repo.spring.io/libs-release/org/glassfish/tyrus/tyrus-container-servlet/1.3.5/tyrus-container-servlet-1.3.5.pom
Download https://repo.spring.io/libs-release/org/glassfish/tyrus/tyrus-containers-project/1.3.5/tyrus-containers-project-1.3.5.pom
Download https://repo.spring.io/libs-release/org/glassfish/tyrus/tyrus-client/1.3.5/tyrus-client-1.3.5.pom
Download https://repo.spring.io/libs-release/org/glassfish/tyrus/tyrus-container-grizzly-client/1.3.5/tyrus-container-grizzly-client-1.3.5.pom
Download https://repo.spring.io/libs-release/org/glassfish/grizzly/grizzly-framework/2.3.7/grizzly-framework-2.3.7.pom
Download https://repo.spring.io/libs-release/org/glassfish/grizzly/grizzly-project/2.3.7/grizzly-project-2.3.7.pom
Download https://repo.spring.io/libs-release/org/glassfish/grizzly/grizzly-bom/2.3.7/grizzly-bom-2.3.7.pom
Download https://repo.spring.io/libs-release/org/glassfish/grizzly/grizzly-http-server/2.3.7/grizzly-http-server-2.3.7.pom
Download https://repo.spring.io/libs-release/org/glassfish/grizzly/grizzly-http/2.3.7/grizzly-http-2.3.7.pom
Download https://repo.spring.io/libs-release/org/glassfish/tyrus/tyrus-spi/1.3.5/tyrus-spi-1.3.5.jar
Download https://repo.spring.io/libs-release/org/glassfish/tyrus/tyrus-core/1.3.5/tyrus-core-1.3.5.jar
Download https://repo.spring.io/libs-release/org/glassfish/tyrus/tyrus-server/1.3.5/tyrus-server-1.3.5.jar
Download https://repo.spring.io/libs-release/org/glassfish/tyrus/tyrus-container-servlet/1.3.5/tyrus-container-servlet-1.3.5.jar
Download https://repo.spring.io/libs-release/org/glassfish/tyrus/tyrus-client/1.3.5/tyrus-client-1.3.5.jar
Download https://repo.spring.io/libs-release/org/glassfish/tyrus/tyrus-container-grizzly-client/1.3.5/tyrus-container-grizzly-client-1.3.5.jar
Download https://repo.spring.io/libs-release/org/glassfish/grizzly/grizzly-framework/2.3.7/grizzly-framework-2.3.7.jar
Download https://repo.spring.io/libs-release/org/glassfish/grizzly/grizzly-http-server/2.3.7/grizzly-http-server-2.3.7.jar
Download https://repo.spring.io/libs-release/org/glassfish/grizzly/grizzly-http/2.3.7/grizzly-http-2.3.7.jar
:spring-websocket:processResources
:spring-websocket:classes
:spring-websocket:jar
:spring-test:compileJava/home/ubuntu/bugs/spring-framework/spring-test/src/main/java/org/springframework/test/context/junit/jupiter/SpringExtension.java:28: error: cannot find symbol
import org.junit.jupiter.api.extension.ContainerExtensionContext;
                                      ^
  symbol:   class ContainerExtensionContext
  location: package org.junit.jupiter.api.extension
/home/ubuntu/bugs/spring-framework/spring-test/src/main/java/org/springframework/test/context/junit/jupiter/SpringExtension.java:34: error: cannot find symbol
import org.junit.jupiter.api.extension.TestExtensionContext;
                                      ^
  symbol:   class TestExtensionContext
  location: package org.junit.jupiter.api.extension
/home/ubuntu/bugs/spring-framework/spring-test/src/main/java/org/springframework/test/context/junit/jupiter/SpringExtension.java:70: error: cannot find symbol
	public void beforeAll(ContainerExtensionContext context) throws Exception {
	                      ^
  symbol:   class ContainerExtensionContext
  location: class SpringExtension
/home/ubuntu/bugs/spring-framework/spring-test/src/main/java/org/springframework/test/context/junit/jupiter/SpringExtension.java:78: error: cannot find symbol
	public void afterAll(ContainerExtensionContext context) throws Exception {
	                     ^
  symbol:   class ContainerExtensionContext
  location: class SpringExtension
/home/ubuntu/bugs/spring-framework/spring-test/src/main/java/org/springframework/test/context/junit/jupiter/SpringExtension.java:99: error: cannot find symbol
	public void beforeEach(TestExtensionContext context) throws Exception {
	                       ^
  symbol:   class TestExtensionContext
  location: class SpringExtension
/home/ubuntu/bugs/spring-framework/spring-test/src/main/java/org/springframework/test/context/junit/jupiter/SpringExtension.java:109: error: cannot find symbol
	public void afterEach(TestExtensionContext context) throws Exception {
	                      ^
  symbol:   class TestExtensionContext
  location: class SpringExtension
/home/ubuntu/bugs/spring-framework/spring-test/src/main/java/org/springframework/test/context/junit/jupiter/SpringExtension.java:57: error: SpringExtension is not abstract and does not override abstract method resolveParameter(ParameterContext,ExtensionContext) in ParameterResolver
public class SpringExtension implements BeforeAllCallback, AfterAllCallback, TestInstancePostProcessor,
       ^
/home/ubuntu/bugs/spring-framework/spring-test/src/main/java/org/springframework/test/context/junit/jupiter/SpringExtension.java:131: error: method does not override or implement a method from a supertype
	@Override
	^
/home/ubuntu/bugs/spring-framework/spring-test/src/main/java/org/springframework/test/context/junit/jupiter/SpringExtension.java:147: error: method does not override or implement a method from a supertype
	@Override
	^
9 errors
 FAILED

FAILURE: Build failed with an exception.

* What went wrong:
Execution failed for task ':spring-test:compileJava'.
> Compilation failed; see the compiler error output for details.

* Try:
Run with --stacktrace option to get the stack trace. Run with --info or --debug option to get more log output.

BUILD FAILED

Total time: 1 mins 36.558 secs
