Exception in thread "DisconnectableInputStream source reader" org.gradle.api.UncheckedIOException: java.io.IOException: Bad file descriptor
	at org.gradle.internal.UncheckedException.throwAsUncheckedException(UncheckedException.java:57)
	at org.gradle.internal.UncheckedException.throwAsUncheckedException(UncheckedException.java:40)
	at org.gradle.util.DisconnectableInputStream$1.run(DisconnectableInputStream.java:125)
	at java.lang.Thread.run(Thread.java:748)
Caused by: java.io.IOException: Bad file descriptor
	at java.io.FileInputStream.readBytes(Native Method)
	at java.io.FileInputStream.read(FileInputStream.java:255)
	at java.io.BufferedInputStream.fill(BufferedInputStream.java:246)
	at java.io.BufferedInputStream.read1(BufferedInputStream.java:286)
	at java.io.BufferedInputStream.read(BufferedInputStream.java:345)
	at org.gradle.util.DisconnectableInputStream$1.run(DisconnectableInputStream.java:96)
	... 1 more
> Task :buildSrc:compileJava NO-SOURCE
> Task :buildSrc:compileGroovy FAILED

FAILURE: Build failed with an exception.

* What went wrong:
Execution failed for task ':buildSrc:compileGroovy'.
> Failed to run Gradle Worker Daemon
   > Process 'Gradle Worker Daemon 2' finished with non-zero exit value 1

* Try:
Run with --stacktrace option to get the stack trace. Run with --info or --debug option to get more log output. Run with --scan to get full insights.

* Get more help at https://help.gradle.org

BUILD FAILED in 3s

FAILURE: Build failed with an exception.

* What went wrong:
Process 'Gradle Worker Daemon 2' finished with non-zero exit value 1

* Try:
Run with --stacktrace option to get the stack trace. Run with --info or --debug option to get more log output. Run with --scan to get full insights.

* Get more help at https://help.gradle.org

BUILD FAILED in 4s
