:buildSrc:compileJava UP-TO-DATE
:buildSrc:compileGroovy
:buildSrc:processResources
:buildSrc:classes
:buildSrc:jar
:buildSrc:assemble
:buildSrc:compileTestJava UP-TO-DATE
:buildSrc:compileTestGroovy UP-TO-DATE
:buildSrc:processTestResources UP-TO-DATE
:buildSrc:testClasses UP-TO-DATE
:buildSrc:test UP-TO-DATE
:buildSrc:check UP-TO-DATE
:buildSrc:build
:assemble
:build
:spring-core:cglibRepackJar
:spring-core:compileJava
:spring-core:processResources UP-TO-DATE
:spring-core:classes
:spring-core:objenesisRepackJar
:spring-core:jar
:spring-beans:compileJava
:spring-beans:processResources
:spring-beans:classes
:spring-beans-groovy:compileJava SKIPPED
:spring-beans-groovy:compileGroovywarning: [options] bootstrap class path not set in conjunction with -source 1.6
1 warning

:spring-beans-groovy:processResources UP-TO-DATE
:spring-beans-groovy:classes
:spring-beans:jar
:spring-aop:compileJava
:spring-aop:processResources
:spring-aop:classes
:spring-aop:jar
:spring-aop:sourcesJar
:spring-aop:assemble
:spring-aop:build
:spring-expression:compileJava
:spring-expression:processResources UP-TO-DATE
:spring-expression:classes
:spring-expression:jar
:spring-instrument:compileJava
:spring-instrument:processResources UP-TO-DATE
:spring-instrument:classes
:spring-instrument:jar
:spring-context:compileJava
:spring-context:compileGroovy UP-TO-DATE
:spring-context:processResources
:spring-context:classes
:spring-context:jar
:spring-tx:compileJava
:spring-tx:processResources
:spring-tx:classes
:spring-tx:jar
:spring-jdbc:compileJava
:spring-jdbc:processResources
:spring-jdbc:classes
:spring-jdbc:jar
:spring-context-support:compileJava
:spring-context-support:processResources
:spring-context-support:classes
:spring-context-support:jar
:spring-oxm:compileJava
:spring-oxm:processResources
:spring-oxm:classes
:spring-oxm:jar
:spring-web:compileJava
Download https://repo.spring.io/libs-release/org/eclipse/jetty/jetty-servlet/9.2.5.v20141112/jetty-servlet-9.2.5.v20141112.pom
Download https://repo.spring.io/libs-release/org/eclipse/jetty/jetty-project/9.2.5.v20141112/jetty-project-9.2.5.v20141112.pom
Download https://repo.spring.io/libs-release/org/eclipse/jetty/jetty-server/9.2.5.v20141112/jetty-server-9.2.5.v20141112.pom
Download https://repo.spring.io/libs-release/org/eclipse/jetty/jetty-security/9.2.5.v20141112/jetty-security-9.2.5.v20141112.pom
Download https://repo.spring.io/libs-release/org/eclipse/jetty/jetty-http/9.2.5.v20141112/jetty-http-9.2.5.v20141112.pom
Download https://repo.spring.io/libs-release/org/eclipse/jetty/jetty-io/9.2.5.v20141112/jetty-io-9.2.5.v20141112.pom
Download https://repo.spring.io/libs-release/org/eclipse/jetty/jetty-util/9.2.5.v20141112/jetty-util-9.2.5.v20141112.pom
Download https://repo.spring.io/libs-release/org/eclipse/jetty/jetty-servlet/9.2.5.v20141112/jetty-servlet-9.2.5.v20141112.jar
Download https://repo.spring.io/libs-release/org/eclipse/jetty/jetty-server/9.2.5.v20141112/jetty-server-9.2.5.v20141112.jar
Download https://repo.spring.io/libs-release/org/eclipse/jetty/jetty-security/9.2.5.v20141112/jetty-security-9.2.5.v20141112.jar
Download https://repo.spring.io/libs-release/org/eclipse/jetty/jetty-http/9.2.5.v20141112/jetty-http-9.2.5.v20141112.jar
Download https://repo.spring.io/libs-release/org/eclipse/jetty/jetty-io/9.2.5.v20141112/jetty-io-9.2.5.v20141112.jar
Download https://repo.spring.io/libs-release/org/eclipse/jetty/jetty-util/9.2.5.v20141112/jetty-util-9.2.5.v20141112.jar
/home/ubuntu/bugs/spring-framework/spring-web/src/main/java/org/springframework/http/converter/json/Jackson2ObjectMapperBuilder.java:43: error: package javafx.application does not exist
import javafx.application.Application;
                         ^
1 error
:spring-web:compileJava FAILED

FAILURE: Build failed with an exception.

* What went wrong:
Execution failed for task ':spring-web:compileJava'.
> Compilation failed; see the compiler error output for details.

* Try:
Run with --stacktrace option to get the stack trace. Run with --info or --debug option to get more log output.

BUILD FAILED

Total time: 52.252 secs
