:buildSrc:compileJava UP-TO-DATE
:buildSrc:compileGroovy
:buildSrc:processResources
:buildSrc:classes
:buildSrc:jar
:buildSrc:assemble
:buildSrc:compileTestJava UP-TO-DATE
:buildSrc:compileTestGroovy UP-TO-DATE
:buildSrc:processTestResources UP-TO-DATE
:buildSrc:testClasses UP-TO-DATE
:buildSrc:test UP-TO-DATE
:buildSrc:check UP-TO-DATE
:buildSrc:build
:assemble
:build
:spring-core:cglibRepackJar
:spring-core:compileJava
:spring-core:processResources UP-TO-DATE
:spring-core:classes
:spring-core:objenesisRepackJar
:spring-core:jar
:spring-beans:compileJava
:spring-beans:processResources
:spring-beans:classes
:spring-beans-groovy:compileJava SKIPPED
:spring-beans-groovy:compileGroovywarning: [options] bootstrap class path not set in conjunction with -source 1.6
1 warning

:spring-beans-groovy:processResources UP-TO-DATE
:spring-beans-groovy:classes
:spring-beans:jar
:spring-aop:compileJava
:spring-aop:processResources
:spring-aop:classes
:spring-aop:jar
:spring-aop:sourcesJar
:spring-aop:assemble
:spring-aop:build
:spring-expression:compileJava
:spring-expression:processResources UP-TO-DATE
:spring-expression:classes
:spring-expression:jar
:spring-instrument:compileJava
:spring-instrument:processResources UP-TO-DATE
:spring-instrument:classes
:spring-instrument:jar
:spring-context:compileJava
:spring-context:compileGroovy UP-TO-DATE
:spring-context:processResources
:spring-context:classes
:spring-context:jar
:spring-tx:compileJava
:spring-tx:processResources
:spring-tx:classes
:spring-tx:jar
:spring-jdbc:compileJava
:spring-jdbc:processResources
:spring-jdbc:classes
:spring-jdbc:jar
:spring-context-support:compileJava
:spring-context-support:processResources
:spring-context-support:classes
:spring-context-support:jar
:spring-oxm:compileJava
:spring-oxm:processResources
:spring-oxm:classes
:spring-oxm:jar
:spring-web:compileJava
:spring-web:compileGroovy UP-TO-DATE
:spring-web:processResources
:spring-web:classes
:spring-web:jar
:spring-orm:compileJava
:spring-orm:processResources UP-TO-DATE
:spring-orm:classes
:spring-orm-hibernate4:compileJava
:spring-orm-hibernate4:processResources UP-TO-DATE
:spring-orm-hibernate4:classes
:spring-orm:jar
:spring-aspects:compileJava
:spring-aspects:processResources
:spring-aspects:classes
:spring-aspects:jar
:spring-aspects:sourcesJar
:spring-aspects:assemble
:spring-aspects:build
:spring-beans:sourcesJar
:spring-beans:assemble
:spring-beans:build
:spring-beans-groovy:jar SKIPPED
:spring-beans-groovy:sourcesJar SKIPPED
:spring-beans-groovy:assemble
:spring-beans-groovy:build
:spring-build-src:assemble UP-TO-DATE
:spring-build-src:build
:spring-context:sourcesJar
:spring-context:assemble
:spring-context:build
:spring-context-support:sourcesJar
:spring-context-support:assemble
:spring-context-support:build
:spring-core:sourcesJar
:spring-core:assemble
:spring-core:build
:spring-expression:sourcesJar
:spring-expression:assemble
:spring-expression:build
:spring-framework-bom:assemble UP-TO-DATE
:spring-framework-bom:build
:spring-instrument:sourcesJar
:spring-instrument:assemble
:spring-instrument:build
:spring-instrument-tomcat:compileJava
:spring-instrument-tomcat:processResources UP-TO-DATE
:spring-instrument-tomcat:classes
:spring-instrument-tomcat:jar
:spring-instrument-tomcat:sourcesJar
:spring-instrument-tomcat:assemble
:spring-instrument-tomcat:build
:spring-jdbc:sourcesJar
:spring-jdbc:assemble
:spring-jdbc:build
:spring-messaging:compileJava
:spring-messaging:processResources UP-TO-DATE
:spring-messaging:classes
:spring-messaging:jar
:spring-jms:compileJava
:spring-jms:processResources
:spring-jms:classes
:spring-jms:jar
:spring-jms:sourcesJar
:spring-jms:assemble
:spring-jms:build
:spring-messaging:sourcesJar
:spring-messaging:assemble
:spring-messaging:build
:spring-orm:sourcesJar
:spring-orm:assemble
:spring-orm:build
:spring-orm-hibernate4:jar SKIPPED
:spring-orm-hibernate4:sourcesJar SKIPPED
:spring-orm-hibernate4:assemble
:spring-orm-hibernate4:build
:spring-oxm:sourcesJar
:spring-oxm:assemble
:spring-oxm:build
:spring-webmvc:compileJava
:spring-webmvc:processResources
:spring-webmvc:classes
:spring-webmvc-tiles3:compileJava
:spring-webmvc-tiles3:processResources UP-TO-DATE
:spring-webmvc-tiles3:classes
:spring-webmvc:jar
:spring-webmvc-portlet:compileJava
:spring-webmvc-portlet:processResources
:spring-webmvc-portlet:classes
:spring-webmvc-portlet:jar
:spring-test:compileJava
:spring-test:processResources UP-TO-DATE
:spring-test:classes
:spring-test:jar
:spring-test:sourcesJar
:spring-test:assemble
:spring-test:build
:spring-tx:sourcesJar
:spring-tx:assemble
:spring-tx:build
:spring-web:sourcesJar
:spring-web:assemble
:spring-web:build
:spring-webmvc:sourcesJar
:spring-webmvc:assemble
:spring-webmvc:build
:spring-webmvc-portlet:sourcesJar
:spring-webmvc-portlet:assemble
:spring-webmvc-portlet:build
:spring-webmvc-tiles3:jar SKIPPED
:spring-webmvc-tiles3:sourcesJar SKIPPED
:spring-webmvc-tiles3:assemble
:spring-webmvc-tiles3:build
:spring-websocket:compileJava/home/ubuntu/bugs/spring-framework/spring-websocket/src/main/java/org/springframework/web/socket/sockjs/support/AbstractSockJsService.java:317: error: illegal start of expression
<<<<<<< HEAD
^
/home/ubuntu/bugs/spring-framework/spring-websocket/src/main/java/org/springframework/web/socket/sockjs/support/AbstractSockJsService.java:317: error: illegal start of expression
<<<<<<< HEAD
  ^
/home/ubuntu/bugs/spring-framework/spring-websocket/src/main/java/org/springframework/web/socket/sockjs/support/AbstractSockJsService.java:317: error: illegal start of expression
<<<<<<< HEAD
    ^
/home/ubuntu/bugs/spring-framework/spring-websocket/src/main/java/org/springframework/web/socket/sockjs/support/AbstractSockJsService.java:318: error: > expected
				if (!validateRequest(serverId, sessionId, transport)) {
				^
/home/ubuntu/bugs/spring-framework/spring-websocket/src/main/java/org/springframework/web/socket/sockjs/support/AbstractSockJsService.java:318: error: ';' expected
				if (!validateRequest(serverId, sessionId, transport)) {
				  ^
/home/ubuntu/bugs/spring-framework/spring-websocket/src/main/java/org/springframework/web/socket/sockjs/support/AbstractSockJsService.java:318: error: not a statement
				if (!validateRequest(serverId, sessionId, transport)) {
				    ^
/home/ubuntu/bugs/spring-framework/spring-websocket/src/main/java/org/springframework/web/socket/sockjs/support/AbstractSockJsService.java:318: error: ';' expected
				if (!validateRequest(serverId, sessionId, transport)) {
				                                                    ^
/home/ubuntu/bugs/spring-framework/spring-websocket/src/main/java/org/springframework/web/socket/sockjs/support/AbstractSockJsService.java:319: error: illegal start of expression
=======
^
/home/ubuntu/bugs/spring-framework/spring-websocket/src/main/java/org/springframework/web/socket/sockjs/support/AbstractSockJsService.java:319: error: illegal start of expression
=======
  ^
/home/ubuntu/bugs/spring-framework/spring-websocket/src/main/java/org/springframework/web/socket/sockjs/support/AbstractSockJsService.java:319: error: illegal start of expression
=======
    ^
/home/ubuntu/bugs/spring-framework/spring-websocket/src/main/java/org/springframework/web/socket/sockjs/support/AbstractSockJsService.java:319: error: illegal start of expression
=======
      ^
/home/ubuntu/bugs/spring-framework/spring-websocket/src/main/java/org/springframework/web/socket/sockjs/support/AbstractSockJsService.java:321: error: illegal start of expression
				if (!isWebSocketEnabled() && transport.equals("websocket")) {
				^
/home/ubuntu/bugs/spring-framework/spring-websocket/src/main/java/org/springframework/web/socket/sockjs/support/AbstractSockJsService.java:321: error: not a statement
				if (!isWebSocketEnabled() && transport.equals("websocket")) {
				   ^
/home/ubuntu/bugs/spring-framework/spring-websocket/src/main/java/org/springframework/web/socket/sockjs/support/AbstractSockJsService.java:321: error: ';' expected
				if (!isWebSocketEnabled() && transport.equals("websocket")) {
				                                                           ^
/home/ubuntu/bugs/spring-framework/spring-websocket/src/main/java/org/springframework/web/socket/sockjs/support/AbstractSockJsService.java:328: error: illegal start of expression
>>>>>>> STOMP and WebSocket messaging related logging updates
^
/home/ubuntu/bugs/spring-framework/spring-websocket/src/main/java/org/springframework/web/socket/sockjs/support/AbstractSockJsService.java:328: error: illegal start of expression
>>>>>>> STOMP and WebSocket messaging related logging updates
   ^
/home/ubuntu/bugs/spring-framework/spring-websocket/src/main/java/org/springframework/web/socket/sockjs/support/AbstractSockJsService.java:328: error: illegal start of expression
>>>>>>> STOMP and WebSocket messaging related logging updates
      ^
/home/ubuntu/bugs/spring-framework/spring-websocket/src/main/java/org/springframework/web/socket/sockjs/support/AbstractSockJsService.java:328: error: ';' expected
>>>>>>> STOMP and WebSocket messaging related logging updates
             ^
/home/ubuntu/bugs/spring-framework/spring-websocket/src/main/java/org/springframework/web/socket/sockjs/support/AbstractSockJsService.java:328: error: ';' expected
>>>>>>> STOMP and WebSocket messaging related logging updates
                           ^
/home/ubuntu/bugs/spring-framework/spring-websocket/src/main/java/org/springframework/web/socket/sockjs/support/AbstractSockJsService.java:328: error: ';' expected
>>>>>>> STOMP and WebSocket messaging related logging updates
                                             ^
/home/ubuntu/bugs/spring-framework/spring-websocket/src/main/java/org/springframework/web/socket/sockjs/support/AbstractSockJsService.java:328: error: ';' expected
>>>>>>> STOMP and WebSocket messaging related logging updates
                                                             ^
/home/ubuntu/bugs/spring-framework/spring-websocket/src/main/java/org/springframework/web/socket/sockjs/support/AbstractSockJsService.java:326: error: 'else' without 'if'
				else if (!validateRequest(serverId, sessionId, transport)) {
				^
/home/ubuntu/bugs/spring-framework/spring-websocket/src/main/java/org/springframework/web/socket/sockjs/support/AbstractSockJsService.java:336: error: 'catch' without 'try'
		catch (IOException ex) {
		^
/home/ubuntu/bugs/spring-framework/spring-websocket/src/main/java/org/springframework/web/socket/sockjs/support/AbstractSockJsService.java:284: error: 'try' without 'catch' or 'finally'
		try {
		^
/home/ubuntu/bugs/spring-framework/spring-websocket/src/main/java/org/springframework/web/socket/sockjs/support/AbstractSockJsService.java:341: error: illegal start of expression
	protected boolean validateRequest(String serverId, String sessionId, String transport) {
	^
/home/ubuntu/bugs/spring-framework/spring-websocket/src/main/java/org/springframework/web/socket/sockjs/support/AbstractSockJsService.java:341: error: ';' expected
	protected boolean validateRequest(String serverId, String sessionId, String transport) {
	                                 ^
/home/ubuntu/bugs/spring-framework/spring-websocket/src/main/java/org/springframework/web/socket/sockjs/support/AbstractSockJsService.java:341: error: ';' expected
	protected boolean validateRequest(String serverId, String sessionId, String transport) {
	                                                         ^
/home/ubuntu/bugs/spring-framework/spring-websocket/src/main/java/org/springframework/web/socket/sockjs/support/AbstractSockJsService.java:341: error: not a statement
	protected boolean validateRequest(String serverId, String sessionId, String transport) {
	                                                          ^
/home/ubuntu/bugs/spring-framework/spring-websocket/src/main/java/org/springframework/web/socket/sockjs/support/AbstractSockJsService.java:341: error: ';' expected
	protected boolean validateRequest(String serverId, String sessionId, String transport) {
	                                                                   ^
/home/ubuntu/bugs/spring-framework/spring-websocket/src/main/java/org/springframework/web/socket/sockjs/support/AbstractSockJsService.java:341: error: ';' expected
	protected boolean validateRequest(String serverId, String sessionId, String transport) {
	                                                                                     ^
/home/ubuntu/bugs/spring-framework/spring-websocket/src/main/java/org/springframework/web/socket/sockjs/support/AbstractSockJsService.java:348: error: illegal start of expression
<<<<<<< HEAD
^
/home/ubuntu/bugs/spring-framework/spring-websocket/src/main/java/org/springframework/web/socket/sockjs/support/AbstractSockJsService.java:348: error: illegal start of expression
<<<<<<< HEAD
  ^
/home/ubuntu/bugs/spring-framework/spring-websocket/src/main/java/org/springframework/web/socket/sockjs/support/AbstractSockJsService.java:348: error: illegal start of expression
<<<<<<< HEAD
    ^
/home/ubuntu/bugs/spring-framework/spring-websocket/src/main/java/org/springframework/web/socket/sockjs/support/AbstractSockJsService.java:349: error: > expected
			logger.error("Server or session contain a \".\"");
			^
/home/ubuntu/bugs/spring-framework/spring-websocket/src/main/java/org/springframework/web/socket/sockjs/support/AbstractSockJsService.java:349: error: ';' expected
			logger.error("Server or session contain a \".\"");
			      ^
/home/ubuntu/bugs/spring-framework/spring-websocket/src/main/java/org/springframework/web/socket/sockjs/support/AbstractSockJsService.java:355: error: illegal start of expression
=======
^
/home/ubuntu/bugs/spring-framework/spring-websocket/src/main/java/org/springframework/web/socket/sockjs/support/AbstractSockJsService.java:355: error: illegal start of expression
=======
  ^
/home/ubuntu/bugs/spring-framework/spring-websocket/src/main/java/org/springframework/web/socket/sockjs/support/AbstractSockJsService.java:355: error: illegal start of expression
=======
    ^
/home/ubuntu/bugs/spring-framework/spring-websocket/src/main/java/org/springframework/web/socket/sockjs/support/AbstractSockJsService.java:355: error: illegal start of expression
=======
      ^
/home/ubuntu/bugs/spring-framework/spring-websocket/src/main/java/org/springframework/web/socket/sockjs/support/AbstractSockJsService.java:357: error: illegal start of expression
>>>>>>> STOMP and WebSocket messaging related logging updates
^
/home/ubuntu/bugs/spring-framework/spring-websocket/src/main/java/org/springframework/web/socket/sockjs/support/AbstractSockJsService.java:357: error: illegal start of expression
>>>>>>> STOMP and WebSocket messaging related logging updates
   ^
/home/ubuntu/bugs/spring-framework/spring-websocket/src/main/java/org/springframework/web/socket/sockjs/support/AbstractSockJsService.java:357: error: illegal start of expression
>>>>>>> STOMP and WebSocket messaging related logging updates
      ^
/home/ubuntu/bugs/spring-framework/spring-websocket/src/main/java/org/springframework/web/socket/sockjs/support/AbstractSockJsService.java:357: error: ';' expected
>>>>>>> STOMP and WebSocket messaging related logging updates
             ^
/home/ubuntu/bugs/spring-framework/spring-websocket/src/main/java/org/springframework/web/socket/sockjs/support/AbstractSockJsService.java:357: error: ';' expected
>>>>>>> STOMP and WebSocket messaging related logging updates
                           ^
/home/ubuntu/bugs/spring-framework/spring-websocket/src/main/java/org/springframework/web/socket/sockjs/support/AbstractSockJsService.java:357: error: ';' expected
>>>>>>> STOMP and WebSocket messaging related logging updates
                                             ^
/home/ubuntu/bugs/spring-framework/spring-websocket/src/main/java/org/springframework/web/socket/sockjs/support/AbstractSockJsService.java:357: error: ';' expected
>>>>>>> STOMP and WebSocket messaging related logging updates
                                                             ^
/home/ubuntu/bugs/spring-framework/spring-websocket/src/main/java/org/springframework/web/socket/sockjs/support/AbstractSockJsService.java:367: error: illegal start of expression
	protected abstract void handleRawWebSocketRequest(ServerHttpRequest request,
	^
/home/ubuntu/bugs/spring-framework/spring-websocket/src/main/java/org/springframework/web/socket/sockjs/support/AbstractSockJsService.java:367: error: class, interface, or enum expected
	protected abstract void handleRawWebSocketRequest(ServerHttpRequest request,
	                   ^
/home/ubuntu/bugs/spring-framework/spring-websocket/src/main/java/org/springframework/web/socket/sockjs/support/AbstractSockJsService.java:367: error: ';' expected
	protected abstract void handleRawWebSocketRequest(ServerHttpRequest request,
	                                                 ^
/home/ubuntu/bugs/spring-framework/spring-websocket/src/main/java/org/springframework/web/socket/sockjs/support/AbstractSockJsService.java:368: error: ';' expected
			ServerHttpResponse response, WebSocketHandler webSocketHandler) throws IOException;
			                  ^
/home/ubuntu/bugs/spring-framework/spring-websocket/src/main/java/org/springframework/web/socket/sockjs/support/AbstractSockJsService.java:368: error: not a statement
			ServerHttpResponse response, WebSocketHandler webSocketHandler) throws IOException;
			                   ^
/home/ubuntu/bugs/spring-framework/spring-websocket/src/main/java/org/springframework/web/socket/sockjs/support/AbstractSockJsService.java:368: error: ';' expected
			ServerHttpResponse response, WebSocketHandler webSocketHandler) throws IOException;
			                           ^
/home/ubuntu/bugs/spring-framework/spring-websocket/src/main/java/org/springframework/web/socket/sockjs/support/AbstractSockJsService.java:368: error: ';' expected
			ServerHttpResponse response, WebSocketHandler webSocketHandler) throws IOException;
			                                                              ^
/home/ubuntu/bugs/spring-framework/spring-websocket/src/main/java/org/springframework/web/socket/sockjs/support/AbstractSockJsService.java:368: error: not a statement
			ServerHttpResponse response, WebSocketHandler webSocketHandler) throws IOException;
			                                                                       ^
/home/ubuntu/bugs/spring-framework/spring-websocket/src/main/java/org/springframework/web/socket/sockjs/support/AbstractSockJsService.java:373: error: illegal start of expression
	protected abstract void handleTransportRequest(ServerHttpRequest request, ServerHttpResponse response,
	^
/home/ubuntu/bugs/spring-framework/spring-websocket/src/main/java/org/springframework/web/socket/sockjs/support/AbstractSockJsService.java:373: error: class, interface, or enum expected
	protected abstract void handleTransportRequest(ServerHttpRequest request, ServerHttpResponse response,
	                   ^
/home/ubuntu/bugs/spring-framework/spring-websocket/src/main/java/org/springframework/web/socket/sockjs/support/AbstractSockJsService.java:373: error: ';' expected
	protected abstract void handleTransportRequest(ServerHttpRequest request, ServerHttpResponse response,
	                                              ^
/home/ubuntu/bugs/spring-framework/spring-websocket/src/main/java/org/springframework/web/socket/sockjs/support/AbstractSockJsService.java:373: error: ';' expected
	protected abstract void handleTransportRequest(ServerHttpRequest request, ServerHttpResponse response,
	                                                                                            ^
/home/ubuntu/bugs/spring-framework/spring-websocket/src/main/java/org/springframework/web/socket/sockjs/support/AbstractSockJsService.java:373: error: not a statement
	protected abstract void handleTransportRequest(ServerHttpRequest request, ServerHttpResponse response,
	                                                                                             ^
/home/ubuntu/bugs/spring-framework/spring-websocket/src/main/java/org/springframework/web/socket/sockjs/support/AbstractSockJsService.java:373: error: ';' expected
	protected abstract void handleTransportRequest(ServerHttpRequest request, ServerHttpResponse response,
	                                                                                                     ^
/home/ubuntu/bugs/spring-framework/spring-websocket/src/main/java/org/springframework/web/socket/sockjs/support/AbstractSockJsService.java:374: error: ';' expected
			WebSocketHandler webSocketHandler, String sessionId, String transport) throws SockJsException;
			                                         ^
/home/ubuntu/bugs/spring-framework/spring-websocket/src/main/java/org/springframework/web/socket/sockjs/support/AbstractSockJsService.java:374: error: not a statement
			WebSocketHandler webSocketHandler, String sessionId, String transport) throws SockJsException;
			                                          ^
/home/ubuntu/bugs/spring-framework/spring-websocket/src/main/java/org/springframework/web/socket/sockjs/support/AbstractSockJsService.java:374: error: ';' expected
			WebSocketHandler webSocketHandler, String sessionId, String transport) throws SockJsException;
			                                                   ^
/home/ubuntu/bugs/spring-framework/spring-websocket/src/main/java/org/springframework/web/socket/sockjs/support/AbstractSockJsService.java:374: error: ';' expected
			WebSocketHandler webSocketHandler, String sessionId, String transport) throws SockJsException;
			                                                                     ^
/home/ubuntu/bugs/spring-framework/spring-websocket/src/main/java/org/springframework/web/socket/sockjs/support/AbstractSockJsService.java:374: error: not a statement
			WebSocketHandler webSocketHandler, String sessionId, String transport) throws SockJsException;
			                                                                              ^
/home/ubuntu/bugs/spring-framework/spring-websocket/src/main/java/org/springframework/web/socket/sockjs/support/AbstractSockJsService.java:377: error: illegal start of expression
	protected void addCorsHeaders(ServerHttpRequest request, ServerHttpResponse response, HttpMethod... httpMethods) {
	^
/home/ubuntu/bugs/spring-framework/spring-websocket/src/main/java/org/springframework/web/socket/sockjs/support/AbstractSockJsService.java:377: error: illegal start of expression
	protected void addCorsHeaders(ServerHttpRequest request, ServerHttpResponse response, HttpMethod... httpMethods) {
	          ^
/home/ubuntu/bugs/spring-framework/spring-websocket/src/main/java/org/springframework/web/socket/sockjs/support/AbstractSockJsService.java:377: error: ';' expected
	protected void addCorsHeaders(ServerHttpRequest request, ServerHttpResponse response, HttpMethod... httpMethods) {
	                             ^
/home/ubuntu/bugs/spring-framework/spring-websocket/src/main/java/org/springframework/web/socket/sockjs/support/AbstractSockJsService.java:377: error: ';' expected
	protected void addCorsHeaders(ServerHttpRequest request, ServerHttpResponse response, HttpMethod... httpMethods) {
	                                                                           ^
/home/ubuntu/bugs/spring-framework/spring-websocket/src/main/java/org/springframework/web/socket/sockjs/support/AbstractSockJsService.java:377: error: not a statement
	protected void addCorsHeaders(ServerHttpRequest request, ServerHttpResponse response, HttpMethod... httpMethods) {
	                                                                            ^
/home/ubuntu/bugs/spring-framework/spring-websocket/src/main/java/org/springframework/web/socket/sockjs/support/AbstractSockJsService.java:377: error: ';' expected
	protected void addCorsHeaders(ServerHttpRequest request, ServerHttpResponse response, HttpMethod... httpMethods) {
	                                                                                    ^
/home/ubuntu/bugs/spring-framework/spring-websocket/src/main/java/org/springframework/web/socket/sockjs/support/AbstractSockJsService.java:377: error: not a statement
	protected void addCorsHeaders(ServerHttpRequest request, ServerHttpResponse response, HttpMethod... httpMethods) {
	                                                                                      ^
/home/ubuntu/bugs/spring-framework/spring-websocket/src/main/java/org/springframework/web/socket/sockjs/support/AbstractSockJsService.java:377: error: ';' expected
	protected void addCorsHeaders(ServerHttpRequest request, ServerHttpResponse response, HttpMethod... httpMethods) {
	                                                                                                ^
/home/ubuntu/bugs/spring-framework/spring-websocket/src/main/java/org/springframework/web/socket/sockjs/support/AbstractSockJsService.java:377: error: not a statement
	protected void addCorsHeaders(ServerHttpRequest request, ServerHttpResponse response, HttpMethod... httpMethods) {
	                                                                                                    ^
/home/ubuntu/bugs/spring-framework/spring-websocket/src/main/java/org/springframework/web/socket/sockjs/support/AbstractSockJsService.java:377: error: ';' expected
	protected void addCorsHeaders(ServerHttpRequest request, ServerHttpResponse response, HttpMethod... httpMethods) {
	                                                                                                               ^
/home/ubuntu/bugs/spring-framework/spring-websocket/src/main/java/org/springframework/web/socket/sockjs/support/AbstractSockJsService.java:408: error: illegal start of expression
	protected void addCacheHeaders(ServerHttpResponse response) {
	^
/home/ubuntu/bugs/spring-framework/spring-websocket/src/main/java/org/springframework/web/socket/sockjs/support/AbstractSockJsService.java:408: error: illegal start of expression
	protected void addCacheHeaders(ServerHttpResponse response) {
	          ^
/home/ubuntu/bugs/spring-framework/spring-websocket/src/main/java/org/springframework/web/socket/sockjs/support/AbstractSockJsService.java:408: error: ';' expected
	protected void addCacheHeaders(ServerHttpResponse response) {
	                              ^
/home/ubuntu/bugs/spring-framework/spring-websocket/src/main/java/org/springframework/web/socket/sockjs/support/AbstractSockJsService.java:408: error: ';' expected
	protected void addCacheHeaders(ServerHttpResponse response) {
	                                                          ^
/home/ubuntu/bugs/spring-framework/spring-websocket/src/main/java/org/springframework/web/socket/sockjs/support/AbstractSockJsService.java:413: error: illegal start of expression
	protected void addNoCacheHeaders(ServerHttpResponse response) {
	^
/home/ubuntu/bugs/spring-framework/spring-websocket/src/main/java/org/springframework/web/socket/sockjs/support/AbstractSockJsService.java:413: error: illegal start of expression
	protected void addNoCacheHeaders(ServerHttpResponse response) {
	          ^
/home/ubuntu/bugs/spring-framework/spring-websocket/src/main/java/org/springframework/web/socket/sockjs/support/AbstractSockJsService.java:413: error: ';' expected
	protected void addNoCacheHeaders(ServerHttpResponse response) {
	                                ^
/home/ubuntu/bugs/spring-framework/spring-websocket/src/main/java/org/springframework/web/socket/sockjs/support/AbstractSockJsService.java:413: error: ';' expected
	protected void addNoCacheHeaders(ServerHttpResponse response) {
	                                                            ^
/home/ubuntu/bugs/spring-framework/spring-websocket/src/main/java/org/springframework/web/socket/sockjs/support/AbstractSockJsService.java:417: error: illegal start of expression
	protected void sendMethodNotAllowed(ServerHttpResponse response, HttpMethod... httpMethods) {
	^
/home/ubuntu/bugs/spring-framework/spring-websocket/src/main/java/org/springframework/web/socket/sockjs/support/AbstractSockJsService.java:417: error: illegal start of expression
	protected void sendMethodNotAllowed(ServerHttpResponse response, HttpMethod... httpMethods) {
	          ^
/home/ubuntu/bugs/spring-framework/spring-websocket/src/main/java/org/springframework/web/socket/sockjs/support/AbstractSockJsService.java:417: error: ';' expected
	protected void sendMethodNotAllowed(ServerHttpResponse response, HttpMethod... httpMethods) {
	                                   ^
/home/ubuntu/bugs/spring-framework/spring-websocket/src/main/java/org/springframework/web/socket/sockjs/support/AbstractSockJsService.java:417: error: ';' expected
	protected void sendMethodNotAllowed(ServerHttpResponse response, HttpMethod... httpMethods) {
	                                                                           ^
/home/ubuntu/bugs/spring-framework/spring-websocket/src/main/java/org/springframework/web/socket/sockjs/support/AbstractSockJsService.java:417: error: not a statement
	protected void sendMethodNotAllowed(ServerHttpResponse response, HttpMethod... httpMethods) {
	                                                                               ^
/home/ubuntu/bugs/spring-framework/spring-websocket/src/main/java/org/springframework/web/socket/sockjs/support/AbstractSockJsService.java:417: error: ';' expected
	protected void sendMethodNotAllowed(ServerHttpResponse response, HttpMethod... httpMethods) {
	                                                                                          ^
/home/ubuntu/bugs/spring-framework/spring-websocket/src/main/java/org/springframework/web/socket/sockjs/support/AbstractSockJsService.java:424: error: illegal start of expression
	private interface SockJsRequestHandler {
	^
/home/ubuntu/bugs/spring-framework/spring-websocket/src/main/java/org/springframework/web/socket/sockjs/support/AbstractSockJsService.java:430: error: illegal start of expression
	private final SockJsRequestHandler infoHandler = new SockJsRequestHandler() {
	^
/home/ubuntu/bugs/spring-framework/spring-websocket/src/main/java/org/springframework/web/socket/sockjs/support/AbstractSockJsService.java:456: error: illegal start of expression
	private final SockJsRequestHandler iframeHandler = new SockJsRequestHandler() {
	^
/home/ubuntu/bugs/spring-framework/spring-websocket/src/main/java/org/springframework/web/socket/sockjs/support/AbstractSockJsService.java:505: error: reached end of file while parsing
}
 ^
93 errors
 FAILED

FAILURE: Build failed with an exception.

* What went wrong:
Execution failed for task ':spring-websocket:compileJava'.
> Compilation failed; see the compiler error output for details.

* Try:
Run with --stacktrace option to get the stack trace. Run with --info or --debug option to get more log output.

BUILD FAILED

Total time: 52.853 secs
