[INFO] Scanning for projects...
[WARNING] 
[WARNING] Some problems were encountered while building the effective model for org.apache.commons:commons-math:jar:2.0-SNAPSHOT
[WARNING] 'build.plugins.plugin.version' for org.apache.maven.plugins:maven-idea-plugin is missing. @ org.apache.commons:commons-parent:11, /home/ubuntu/.m2/repository/org/apache/commons/commons-parent/11/commons-parent-11.pom, line 255, column 15
[WARNING] The expression ${pom.version} is deprecated. Please use ${project.version} instead.
[WARNING] 
[WARNING] It is highly recommended to fix these problems because they threaten the stability of your build.
[WARNING] 
[WARNING] For this reason, future Maven versions might no longer support building such malformed projects.
[WARNING] 
[INFO]                                                                         
[INFO] ------------------------------------------------------------------------
[INFO] Building Commons Math 2.0-SNAPSHOT
[INFO] ------------------------------------------------------------------------
[INFO] 
[INFO] --- maven-antrun-plugin:1.1:run (javadoc.resources) @ commons-math ---
[INFO] Executing tasks
     [copy] Copying 2 files to /home/ubuntu/bugs/projects/Math/target/apidocs/META-INF
[INFO] Executed tasks
[INFO] 
[INFO] --- maven-resources-plugin:2.6:resources (default-resources) @ commons-math ---
[INFO] Using 'UTF-8' encoding to copy filtered resources.
[INFO] Copying 2 resources to META-INF
[INFO] 
[INFO] --- maven-compiler-plugin:2.0.2:compile (default-compile) @ commons-math ---
[INFO] Compiling 357 source files to /home/ubuntu/bugs/projects/Math/target/classes
[INFO] ------------------------------------------------------------------------
[INFO] BUILD FAILURE
[INFO] ------------------------------------------------------------------------
[INFO] Total time: 6.192 s
[INFO] Finished at: 2019-01-15T01:25:19+00:00
[INFO] Final Memory: 15M/255M
[INFO] ------------------------------------------------------------------------
[ERROR] Failed to execute goal org.apache.maven.plugins:maven-compiler-plugin:2.0.2:compile (default-compile) on project commons-math: Compilation failure: Compilation failure:
[ERROR] /home/ubuntu/bugs/projects/Math/src/java/org/apache/commons/math/stat/regression/OLSMultipleLinearRegression.java:[58,7] error: OLSMultipleLinearRegression is not abstract and does not override abstract method calculateBeta() in AbstractMultipleLinearRegression
[ERROR] 
[ERROR] /home/ubuntu/bugs/projects/Math/src/java/org/apache/commons/math/stat/regression/OLSMultipleLinearRegression.java:[142,25] error: calculateBeta() in OLSMultipleLinearRegression cannot override calculateBeta() in AbstractMultipleLinearRegression
[ERROR] 
[ERROR] return type RealVector is not compatible with RealMatrix
[ERROR] /home/ubuntu/bugs/projects/Math/src/java/org/apache/commons/math/stat/regression/OLSMultipleLinearRegression.java:[141,4] error: method does not override or implement a method from a supertype
[ERROR] 
[ERROR] /home/ubuntu/bugs/projects/Math/src/java/org/apache/commons/math/stat/regression/OLSMultipleLinearRegression.java:[143,68] error: no suitable method found for operate(RealMatrix)
[ERROR] 
[ERROR] method RealMatrix.operate(double[]) is not applicable
[ERROR] (argument mismatch; RealMatrix cannot be converted to double[])
[ERROR] method RealMatrix.operate(RealVector) is not applicable
[ERROR] (argument mismatch; RealMatrix cannot be converted to RealVector)
[ERROR] /home/ubuntu/bugs/projects/Math/src/java/org/apache/commons/math/stat/regression/OLSMultipleLinearRegression.java:[175,49] error: incompatible types: RealMatrix cannot be converted to RealVector
[ERROR] 
[ERROR] /home/ubuntu/bugs/projects/Math/src/java/org/apache/commons/math/stat/regression/GLSMultipleLinearRegression.java:[44,7] error: GLSMultipleLinearRegression is not abstract and does not override abstract method calculateBeta() in AbstractMultipleLinearRegression
[ERROR] 
[ERROR] /home/ubuntu/bugs/projects/Math/src/java/org/apache/commons/math/stat/regression/GLSMultipleLinearRegression.java:[95,25] error: calculateBeta() in GLSMultipleLinearRegression cannot override calculateBeta() in AbstractMultipleLinearRegression
[ERROR] 
[ERROR] return type RealVector is not compatible with RealMatrix
[ERROR] /home/ubuntu/bugs/projects/Math/src/java/org/apache/commons/math/stat/regression/GLSMultipleLinearRegression.java:[94,4] error: method does not override or implement a method from a supertype
[ERROR] 
[ERROR] /home/ubuntu/bugs/projects/Math/src/java/org/apache/commons/math/stat/regression/GLSMultipleLinearRegression.java:[100,48] error: no suitable method found for operate(RealMatrix)
[ERROR] 
[ERROR] method RealMatrix.operate(double[]) is not applicable
[ERROR] (argument mismatch; RealMatrix cannot be converted to double[])
[ERROR] method RealMatrix.operate(RealVector) is not applicable
[ERROR] (argument mismatch; RealMatrix cannot be converted to RealVector)
[ERROR] /home/ubuntu/bugs/projects/Math/src/java/org/apache/commons/math/stat/regression/GLSMultipleLinearRegression.java:[126,49] error: incompatible types: RealMatrix cannot be converted to RealVector
[ERROR] -> [Help 1]
[ERROR] 
[ERROR] To see the full stack trace of the errors, re-run Maven with the -e switch.
[ERROR] Re-run Maven using the -X switch to enable full debug logging.
[ERROR] 
[ERROR] For more information about the errors and possible solutions, please read the following articles:
[ERROR] [Help 1] http://cwiki.apache.org/confluence/display/MAVEN/MojoFailureException
