[INFO] Scanning for projects...
[WARNING] 
[WARNING] Some problems were encountered while building the effective model for org.apache.commons:commons-math:jar:2.0-SNAPSHOT
[WARNING] 'build.plugins.plugin.version' for org.apache.maven.plugins:maven-idea-plugin is missing. @ org.apache.commons:commons-parent:11, /home/ubuntu/.m2/repository/org/apache/commons/commons-parent/11/commons-parent-11.pom, line 255, column 15
[WARNING] The expression ${pom.version} is deprecated. Please use ${project.version} instead.
[WARNING] 
[WARNING] It is highly recommended to fix these problems because they threaten the stability of your build.
[WARNING] 
[WARNING] For this reason, future Maven versions might no longer support building such malformed projects.
[WARNING] 
[INFO]                                                                         
[INFO] ------------------------------------------------------------------------
[INFO] Building Commons Math 2.0-SNAPSHOT
[INFO] ------------------------------------------------------------------------
[INFO] 
[INFO] --- maven-antrun-plugin:1.1:run (javadoc.resources) @ commons-math ---
[INFO] Executing tasks
     [copy] Copying 2 files to /home/ubuntu/bugs/projects/Math/target/apidocs/META-INF
[INFO] Executed tasks
[INFO] 
[INFO] --- maven-resources-plugin:2.6:resources (default-resources) @ commons-math ---
[WARNING] Using platform encoding (ANSI_X3.4-1968 actually) to copy filtered resources, i.e. build is platform dependent!
[INFO] Copying 2 resources to META-INF
[INFO] 
[INFO] --- maven-compiler-plugin:2.0.2:compile (default-compile) @ commons-math ---
[INFO] Compiling 308 source files to /home/ubuntu/bugs/projects/Math/target/classes
[INFO] ------------------------------------------------------------------------
[INFO] BUILD FAILURE
[INFO] ------------------------------------------------------------------------
[INFO] Total time: 3.987 s
[INFO] Finished at: 2019-01-15T01:42:50+00:00
[INFO] Final Memory: 14M/278M
[INFO] ------------------------------------------------------------------------
[ERROR] Failed to execute goal org.apache.maven.plugins:maven-compiler-plugin:2.0.2:compile (default-compile) on project commons-math: Compilation failure: Compilation failure:
[ERROR] /home/ubuntu/bugs/projects/Math/src/java/org/apache/commons/math/optimization/MultiStartVectorialDifferentiableOptimizer.java:[157,50] error: cannot find symbol
[ERROR] 
[ERROR] could not parse error message:   symbol:   class VectorialDifferentiableObjectiveFunction
[ERROR] location: class MultiStartVectorialDifferentiableOptimizer
[ERROR] /home/ubuntu/bugs/projects/Math/src/java/org/apache/commons/math/optimization/MultiStartVectorialDifferentiableOptimizer.java:160: error: cannot find symbol
[ERROR] throws ObjectiveException, OptimizationException, IllegalArgumentException {
[ERROR] ^
[ERROR] 
[ERROR] could not parse error message:   symbol:   class ObjectiveException
[ERROR] location: class MultiStartVectorialDifferentiableOptimizer
[ERROR] /home/ubuntu/bugs/projects/Math/src/java/org/apache/commons/math/optimization/VectorialDifferentiableOptimizer.java:94: error: cannot find symbol
[ERROR] VectorialPointValuePair optimize(VectorialDifferentiableObjectiveFunction f,
[ERROR] ^
[ERROR] 
[ERROR] could not parse error message:   symbol:   class VectorialDifferentiableObjectiveFunction
[ERROR] location: interface VectorialDifferentiableOptimizer
[ERROR] /home/ubuntu/bugs/projects/Math/src/java/org/apache/commons/math/optimization/VectorialDifferentiableOptimizer.java:97: error: cannot find symbol
[ERROR] throws ObjectiveException, OptimizationException, IllegalArgumentException;
[ERROR] ^
[ERROR] 
[ERROR] could not parse error message:   symbol:   class ObjectiveException
[ERROR] location: interface VectorialDifferentiableOptimizer
[ERROR] /home/ubuntu/bugs/projects/Math/src/java/org/apache/commons/math/optimization/direct/MultiDirectional.java:22: error: cannot find symbol
[ERROR] import org.apache.commons.math.optimization.ObjectiveException;
[ERROR] ^
[ERROR] 
[ERROR] could not parse error message:   symbol:   class ObjectiveException
[ERROR] location: package org.apache.commons.math.optimization
[ERROR] /home/ubuntu/bugs/projects/Math/src/java/org/apache/commons/math/optimization/direct/DirectSearchOptimizer.java:27: error: cannot find symbol
[ERROR] import org.apache.commons.math.optimization.ObjectiveException;
[ERROR] ^
[ERROR] 
[ERROR] could not parse error message:   symbol:   class ObjectiveException
[ERROR] location: package org.apache.commons.math.optimization
[ERROR] /home/ubuntu/bugs/projects/Math/src/java/org/apache/commons/math/optimization/direct/DirectSearchOptimizer.java:28: error: cannot find symbol
[ERROR] import org.apache.commons.math.optimization.ScalarObjectiveFunction;
[ERROR] ^
[ERROR] 
[ERROR] could not parse error message:   symbol:   class ScalarObjectiveFunction
[ERROR] location: package org.apache.commons.math.optimization
[ERROR] /home/ubuntu/bugs/projects/Math/src/java/org/apache/commons/math/optimization/direct/MultiDirectional.java:63: error: cannot find symbol
[ERROR] throws ObjectiveException, OptimizationException, IllegalArgumentException {
[ERROR] ^
[ERROR] 
[ERROR] could not parse error message:   symbol:   class ObjectiveException
[ERROR] location: class MultiDirectional
[ERROR] /home/ubuntu/bugs/projects/Math/src/java/org/apache/commons/math/optimization/direct/MultiDirectional.java:111: error: cannot find symbol
[ERROR] throws ObjectiveException {
[ERROR] ^
[ERROR] 
[ERROR] could not parse error message:   symbol:   class ObjectiveException
[ERROR] location: class MultiDirectional
[ERROR] /home/ubuntu/bugs/projects/Math/src/java/org/apache/commons/math/optimization/direct/DirectSearchOptimizer.java:94: error: cannot find symbol
[ERROR] private ScalarObjectiveFunction f;
[ERROR] ^
[ERROR] 
[ERROR] could not parse error message:   symbol:   class ScalarObjectiveFunction
[ERROR] location: class DirectSearchOptimizer
[ERROR] /home/ubuntu/bugs/projects/Math/src/java/org/apache/commons/math/optimization/direct/DirectSearchOptimizer.java:245: error: cannot find symbol
[ERROR] public ScalarPointValuePair optimize(final ScalarObjectiveFunction f, final GoalType goalType,
[ERROR] ^
[ERROR] 
[ERROR] could not parse error message:   symbol:   class ScalarObjectiveFunction
[ERROR] location: class DirectSearchOptimizer
[ERROR] /home/ubuntu/bugs/projects/Math/src/java/org/apache/commons/math/optimization/direct/DirectSearchOptimizer.java:247: error: cannot find symbol
[ERROR] throws ObjectiveException, OptimizationException, IllegalArgumentException {
[ERROR] ^
[ERROR] 
[ERROR] could not parse error message:   symbol:   class ObjectiveException
[ERROR] location: class DirectSearchOptimizer
[ERROR] /home/ubuntu/bugs/projects/Math/src/java/org/apache/commons/math/optimization/direct/DirectSearchOptimizer.java:314: error: cannot find symbol
[ERROR] throws ObjectiveException, OptimizationException, IllegalArgumentException;
[ERROR] ^
[ERROR] 
[ERROR] could not parse error message:   symbol:   class ObjectiveException
[ERROR] location: class DirectSearchOptimizer
[ERROR] /home/ubuntu/bugs/projects/Math/src/java/org/apache/commons/math/optimization/direct/DirectSearchOptimizer.java:325: error: cannot find symbol
[ERROR] throws ObjectiveException, IllegalArgumentException {
[ERROR] ^
[ERROR] 
[ERROR] could not parse error message:   symbol:   class ObjectiveException
[ERROR] location: class DirectSearchOptimizer
[ERROR] /home/ubuntu/bugs/projects/Math/src/java/org/apache/commons/math/optimization/direct/DirectSearchOptimizer.java:366: error: cannot find symbol
[ERROR] throws ObjectiveException {
[ERROR] ^
[ERROR] 
[ERROR] could not parse error message:   symbol:   class ObjectiveException
[ERROR] location: class DirectSearchOptimizer
[ERROR] /home/ubuntu/bugs/projects/Math/src/java/org/apache/commons/math/optimization/ScalarOptimizer.java:83: error: cannot find symbol
[ERROR] ScalarPointValuePair optimize(ScalarObjectiveFunction f,
[ERROR] ^
[ERROR] 
[ERROR] could not parse error message:   symbol:   class ScalarObjectiveFunction
[ERROR] location: interface ScalarOptimizer
[ERROR] /home/ubuntu/bugs/projects/Math/src/java/org/apache/commons/math/optimization/ScalarOptimizer.java:86: error: cannot find symbol
[ERROR] throws ObjectiveException, OptimizationException, IllegalArgumentException;
[ERROR] ^
[ERROR] 
[ERROR] could not parse error message:   symbol:   class ObjectiveException
[ERROR] location: interface ScalarOptimizer
[ERROR] /home/ubuntu/bugs/projects/Math/src/java/org/apache/commons/math/optimization/general/GaussNewtonOptimizer.java:26: error: cannot find symbol
[ERROR] import org.apache.commons.math.optimization.ObjectiveException;
[ERROR] ^
[ERROR] 
[ERROR] could not parse error message:   symbol:   class ObjectiveException
[ERROR] location: package org.apache.commons.math.optimization
[ERROR] /home/ubuntu/bugs/projects/Math/src/java/org/apache/commons/math/optimization/general/AbstractLeastSquaresOptimizer.java:25: error: cannot find symbol
[ERROR] import org.apache.commons.math.optimization.ObjectiveException;
[ERROR] ^
[ERROR] 
[ERROR] could not parse error message:   symbol:   class ObjectiveException
[ERROR] location: package org.apache.commons.math.optimization
[ERROR] /home/ubuntu/bugs/projects/Math/src/java/org/apache/commons/math/optimization/general/AbstractLeastSquaresOptimizer.java:29: error: cannot find symbol
[ERROR] import org.apache.commons.math.optimization.VectorialDifferentiableObjectiveFunction;
[ERROR] ^
[ERROR] 
[ERROR] could not parse error message:   symbol:   class VectorialDifferentiableObjectiveFunction
[ERROR] location: package org.apache.commons.math.optimization
[ERROR] /home/ubuntu/bugs/projects/Math/src/java/org/apache/commons/math/optimization/general/GaussNewtonOptimizer.java:66: error: cannot find symbol
[ERROR] throws ObjectiveException, OptimizationException, IllegalArgumentException {
[ERROR] ^
[ERROR] 
[ERROR] could not parse error message:   symbol:   class ObjectiveException
[ERROR] location: class GaussNewtonOptimizer
[ERROR] /home/ubuntu/bugs/projects/Math/src/java/org/apache/commons/math/optimization/general/AbstractLeastSquaresOptimizer.java:80: error: cannot find symbol
[ERROR] private VectorialDifferentiableObjectiveFunction f;
[ERROR] ^
[ERROR] 
[ERROR] could not parse error message:   symbol:   class VectorialDifferentiableObjectiveFunction
[ERROR] location: class AbstractLeastSquaresOptimizer
[ERROR] /home/ubuntu/bugs/projects/Math/src/java/org/apache/commons/math/optimization/general/AbstractLeastSquaresOptimizer.java:162: error: cannot find symbol
[ERROR] protected void updateJacobian() throws ObjectiveException {
[ERROR] ^
[ERROR] 
[ERROR] could not parse error message:   symbol:   class ObjectiveException
[ERROR] location: class AbstractLeastSquaresOptimizer
[ERROR] /home/ubuntu/bugs/projects/Math/src/java/org/apache/commons/math/optimization/general/AbstractLeastSquaresOptimizer.java:184: error: cannot find symbol
[ERROR] throws ObjectiveException {
[ERROR] ^
[ERROR] 
[ERROR] could not parse error message:   symbol:   class ObjectiveException
[ERROR] location: class AbstractLeastSquaresOptimizer
[ERROR] /home/ubuntu/bugs/projects/Math/src/java/org/apache/commons/math/optimization/general/AbstractLeastSquaresOptimizer.java:243: error: cannot find symbol
[ERROR] throws ObjectiveException, OptimizationException {
[ERROR] ^
[ERROR] 
[ERROR] could not parse error message:   symbol:   class ObjectiveException
[ERROR] location: class AbstractLeastSquaresOptimizer
[ERROR] /home/ubuntu/bugs/projects/Math/src/java/org/apache/commons/math/optimization/general/AbstractLeastSquaresOptimizer.java:282: error: cannot find symbol
[ERROR] throws ObjectiveException, OptimizationException {
[ERROR] ^
[ERROR] 
[ERROR] could not parse error message:   symbol:   class ObjectiveException
[ERROR] location: class AbstractLeastSquaresOptimizer
[ERROR] /home/ubuntu/bugs/projects/Math/src/java/org/apache/commons/math/optimization/general/AbstractLeastSquaresOptimizer.java:298: error: cannot find symbol
[ERROR] public VectorialPointValuePair optimize(final VectorialDifferentiableObjectiveFunction f,
[ERROR] ^
[ERROR] 
[ERROR] could not parse error message:   symbol:   class VectorialDifferentiableObjectiveFunction
[ERROR] location: class AbstractLeastSquaresOptimizer
[ERROR] /home/ubuntu/bugs/projects/Math/src/java/org/apache/commons/math/optimization/general/AbstractLeastSquaresOptimizer.java:301: error: cannot find symbol
[ERROR] throws ObjectiveException, OptimizationException, IllegalArgumentException {
[ERROR] ^
[ERROR] 
[ERROR] could not parse error message:   symbol:   class ObjectiveException
[ERROR] location: class AbstractLeastSquaresOptimizer
[ERROR] /home/ubuntu/bugs/projects/Math/src/java/org/apache/commons/math/optimization/general/AbstractLeastSquaresOptimizer.java:339: error: cannot find symbol
[ERROR] throws ObjectiveException, OptimizationException, IllegalArgumentException;
[ERROR] ^
[ERROR] 
[ERROR] could not parse error message:   symbol:   class ObjectiveException
[ERROR] location: class AbstractLeastSquaresOptimizer
[ERROR] /home/ubuntu/bugs/projects/Math/src/java/org/apache/commons/math/optimization/MultiStartScalarOptimizer.java:147: error: cannot find symbol
[ERROR] public ScalarPointValuePair optimize(final ScalarObjectiveFunction f,
[ERROR] ^
[ERROR] 
[ERROR] could not parse error message:   symbol:   class ScalarObjectiveFunction
[ERROR] location: class MultiStartScalarOptimizer
[ERROR] /home/ubuntu/bugs/projects/Math/src/java/org/apache/commons/math/optimization/MultiStartScalarOptimizer.java:150: error: cannot find symbol
[ERROR] throws ObjectiveException, OptimizationException {
[ERROR] ^
[ERROR] 
[ERROR] could not parse error message:   symbol:   class ObjectiveException
[ERROR] location: class MultiStartScalarOptimizer
[ERROR] /home/ubuntu/bugs/projects/Math/src/java/org/apache/commons/math/optimization/LeastSquaresConverter.java:54: error: cannot find symbol
[ERROR] public class LeastSquaresConverter implements ScalarObjectiveFunction {
[ERROR] ^
[ERROR] 
[ERROR] could not parse error message:   symbol: class ScalarObjectiveFunction
[ERROR] /home/ubuntu/bugs/projects/Math/src/java/org/apache/commons/math/optimization/LeastSquaresConverter.java:60: error: cannot find symbol
[ERROR] private final VectorialObjectiveFunction function;
[ERROR] ^
[ERROR] 
[ERROR] could not parse error message:   symbol:   class VectorialObjectiveFunction
[ERROR] location: class LeastSquaresConverter
[ERROR] /home/ubuntu/bugs/projects/Math/src/java/org/apache/commons/math/optimization/LeastSquaresConverter.java:75: error: cannot find symbol
[ERROR] public LeastSquaresConverter(final VectorialObjectiveFunction function,
[ERROR] ^
[ERROR] 
[ERROR] could not parse error message:   symbol:   class VectorialObjectiveFunction
[ERROR] location: class LeastSquaresConverter
[ERROR] /home/ubuntu/bugs/projects/Math/src/java/org/apache/commons/math/optimization/LeastSquaresConverter.java:111: error: cannot find symbol
[ERROR] public LeastSquaresConverter(final VectorialObjectiveFunction function,
[ERROR] ^
[ERROR] 
[ERROR] could not parse error message:   symbol:   class VectorialObjectiveFunction
[ERROR] location: class LeastSquaresConverter
[ERROR] /home/ubuntu/bugs/projects/Math/src/java/org/apache/commons/math/optimization/LeastSquaresConverter.java:144: error: cannot find symbol
[ERROR] public LeastSquaresConverter(final VectorialObjectiveFunction function,
[ERROR] ^
[ERROR] 
[ERROR] could not parse error message:   symbol:   class VectorialObjectiveFunction
[ERROR] location: class LeastSquaresConverter
[ERROR] /home/ubuntu/bugs/projects/Math/src/java/org/apache/commons/math/optimization/LeastSquaresConverter.java:159: error: cannot find symbol
[ERROR] public double objective(final double[] variables) throws ObjectiveException {
[ERROR] ^
[ERROR] 
[ERROR] could not parse error message:   symbol:   class ObjectiveException
[ERROR] location: class LeastSquaresConverter
[ERROR] /home/ubuntu/bugs/projects/Math/src/java/org/apache/commons/math/optimization/MultiStartScalarDifferentiableOptimizer.java:157: error: cannot find symbol
[ERROR] public ScalarPointValuePair optimize(final ScalarDifferentiableObjectiveFunction f,
[ERROR] ^
[ERROR] 
[ERROR] could not parse error message:   symbol:   class ScalarDifferentiableObjectiveFunction
[ERROR] location: class MultiStartScalarDifferentiableOptimizer
[ERROR] /home/ubuntu/bugs/projects/Math/src/java/org/apache/commons/math/optimization/MultiStartScalarDifferentiableOptimizer.java:160: error: cannot find symbol
[ERROR] throws ObjectiveException, OptimizationException {
[ERROR] ^
[ERROR] 
[ERROR] could not parse error message:   symbol:   class ObjectiveException
[ERROR] location: class MultiStartScalarDifferentiableOptimizer
[ERROR] /home/ubuntu/bugs/projects/Math/src/java/org/apache/commons/math/optimization/ScalarDifferentiableOptimizer.java:93: error: cannot find symbol
[ERROR] ScalarPointValuePair optimize(ScalarDifferentiableObjectiveFunction f,
[ERROR] ^
[ERROR] 
[ERROR] could not parse error message:   symbol:   class ScalarDifferentiableObjectiveFunction
[ERROR] location: interface ScalarDifferentiableOptimizer
[ERROR] /home/ubuntu/bugs/projects/Math/src/java/org/apache/commons/math/optimization/ScalarDifferentiableOptimizer.java:96: error: cannot find symbol
[ERROR] throws ObjectiveException, OptimizationException, IllegalArgumentException;
[ERROR] ^
[ERROR] 
[ERROR] could not parse error message:   symbol:   class ObjectiveException
[ERROR] location: interface ScalarDifferentiableOptimizer
[ERROR] /home/ubuntu/bugs/projects/Math/src/java/org/apache/commons/math/optimization/direct/NelderMead.java:22: error: cannot find symbol
[ERROR] import org.apache.commons.math.optimization.ObjectiveException;
[ERROR] ^
[ERROR] 
[ERROR] could not parse error message:   symbol:   class ObjectiveException
[ERROR] location: package org.apache.commons.math.optimization
[ERROR] /home/ubuntu/bugs/projects/Math/src/java/org/apache/commons/math/optimization/direct/NelderMead.java:77: error: cannot find symbol
[ERROR] throws ObjectiveException, OptimizationException {
[ERROR] ^
[ERROR] 
[ERROR] could not parse error message:   symbol:   class ObjectiveException
[ERROR] location: class NelderMead
[ERROR] /home/ubuntu/bugs/projects/Math/src/java/org/apache/commons/math/optimization/general/LevenbergMarquardtOptimizer.java:21: error: cannot find symbol
[ERROR] import org.apache.commons.math.optimization.ObjectiveException;
[ERROR] ^
[ERROR] 
[ERROR] could not parse error message:   symbol:   class ObjectiveException
[ERROR] location: package org.apache.commons.math.optimization
[ERROR] /home/ubuntu/bugs/projects/Math/src/java/org/apache/commons/math/optimization/general/LevenbergMarquardtOptimizer.java:213: error: cannot find symbol
[ERROR] throws ObjectiveException, OptimizationException, IllegalArgumentException {
[ERROR] ^
[ERROR] 
[ERROR] could not parse error message:   symbol:   class ObjectiveException
[ERROR] location: class LevenbergMarquardtOptimizer
[ERROR] /home/ubuntu/bugs/projects/Math/src/java/org/apache/commons/math/optimization/MultiStartVectorialDifferentiableOptimizer.java:174: error: cannot find symbol
[ERROR] } catch (ObjectiveException obe) {
[ERROR] ^
[ERROR] 
[ERROR] could not parse error message:   symbol:   class ObjectiveException
[ERROR] location: class MultiStartVectorialDifferentiableOptimizer
[ERROR] /home/ubuntu/bugs/projects/Math/src/java/org/apache/commons/math/optimization/general/AbstractLeastSquaresOptimizer.java:166: error: cannot find symbol
[ERROR] throw new ObjectiveException("dimension mismatch {0} != {1}",
[ERROR] ^
[ERROR] 
[ERROR] could not parse error message:   symbol:   class ObjectiveException
[ERROR] location: class AbstractLeastSquaresOptimizer
[ERROR] /home/ubuntu/bugs/projects/Math/src/java/org/apache/commons/math/optimization/general/AbstractLeastSquaresOptimizer.java:189: error: cannot find symbol
[ERROR] throw new ObjectiveException("dimension mismatch {0} != {1}",
[ERROR] ^
[ERROR] 
[ERROR] could not parse error message:   symbol:   class ObjectiveException
[ERROR] location: class AbstractLeastSquaresOptimizer
[ERROR] /home/ubuntu/bugs/projects/Math/src/java/org/apache/commons/math/optimization/MultiStartScalarOptimizer.java:163: error: cannot find symbol
[ERROR] } catch (ObjectiveException obe) {
[ERROR] ^
[ERROR] 
[ERROR] could not parse error message:   symbol:   class ObjectiveException
[ERROR] location: class MultiStartScalarOptimizer
[ERROR] /home/ubuntu/bugs/projects/Math/src/java/org/apache/commons/math/optimization/LeastSquaresConverter.java:164: error: cannot find symbol
[ERROR] throw new ObjectiveException("dimension mismatch {0} != {1}",
[ERROR] ^
[ERROR] 
[ERROR] could not parse error message:   symbol:   class ObjectiveException
[ERROR] location: class LeastSquaresConverter
[ERROR] /home/ubuntu/bugs/projects/Math/src/java/org/apache/commons/math/optimization/MultiStartScalarDifferentiableOptimizer.java:174: error: cannot find symbol
[ERROR] } catch (ObjectiveException obe) {
[ERROR] ^
[ERROR] -> [Help 1]
[ERROR] 
[ERROR] To see the full stack trace of the errors, re-run Maven with the -e switch.
[ERROR] Re-run Maven using the -X switch to enable full debug logging.
[ERROR] 
[ERROR] For more information about the errors and possible solutions, please read the following articles:
[ERROR] [Help 1] http://cwiki.apache.org/confluence/display/MAVEN/MojoFailureException
