[INFO] Scanning for projects...
[WARNING] 
[WARNING] Some problems were encountered while building the effective model for org.apache.commons:commons-math:jar:2.0-SNAPSHOT
[WARNING] 'build.plugins.plugin.version' for org.apache.maven.plugins:maven-idea-plugin is missing. @ org.apache.commons:commons-parent:11, /home/ubuntu/.m2/repository/org/apache/commons/commons-parent/11/commons-parent-11.pom, line 255, column 15
[WARNING] The expression ${pom.version} is deprecated. Please use ${project.version} instead.
[WARNING] 
[WARNING] It is highly recommended to fix these problems because they threaten the stability of your build.
[WARNING] 
[WARNING] For this reason, future Maven versions might no longer support building such malformed projects.
[WARNING] 
[INFO]                                                                         
[INFO] ------------------------------------------------------------------------
[INFO] Building Commons Math 2.0-SNAPSHOT
[INFO] ------------------------------------------------------------------------
[INFO] 
[INFO] --- maven-antrun-plugin:1.1:run (javadoc.resources) @ commons-math ---
[INFO] Executing tasks
     [copy] Copying 2 files to /home/ubuntu/bugs/projects/Math/target/apidocs/META-INF
[INFO] Executed tasks
[INFO] 
[INFO] --- maven-resources-plugin:2.6:resources (default-resources) @ commons-math ---
[WARNING] Using platform encoding (ANSI_X3.4-1968 actually) to copy filtered resources, i.e. build is platform dependent!
[INFO] Copying 2 resources to META-INF
[INFO] 
[INFO] --- maven-compiler-plugin:2.0.2:compile (default-compile) @ commons-math ---
[INFO] Compiling 268 source files to /home/ubuntu/bugs/projects/Math/target/classes
[INFO] ------------------------------------------------------------------------
[INFO] BUILD FAILURE
[INFO] ------------------------------------------------------------------------
[INFO] Total time: 4.622 s
[INFO] Finished at: 2019-01-15T02:02:29+00:00
[INFO] Final Memory: 14M/270M
[INFO] ------------------------------------------------------------------------
[ERROR] Failed to execute goal org.apache.maven.plugins:maven-compiler-plugin:2.0.2:compile (default-compile) on project commons-math: Compilation failure
[ERROR] /home/ubuntu/bugs/projects/Math/src/java/org/apache/commons/math/linear/SparseRealMatrix.java:[28,7] error: SparseRealMatrix is not abstract and does not override abstract method multiplyEntry(int,int,double) in AbstractRealMatrix
[ERROR] -> [Help 1]
[ERROR] 
[ERROR] To see the full stack trace of the errors, re-run Maven with the -e switch.
[ERROR] Re-run Maven using the -X switch to enable full debug logging.
[ERROR] 
[ERROR] For more information about the errors and possible solutions, please read the following articles:
[ERROR] [Help 1] http://cwiki.apache.org/confluence/display/MAVEN/MojoFailureException
