[INFO] Scanning for projects...
[WARNING] 
[WARNING] Some problems were encountered while building the effective model for joda-time:joda-time:jar:2.0
[WARNING] The expression ${pom.build.outputDirectory} is deprecated. Please use ${project.build.outputDirectory} instead.
[WARNING] The expression ${pom.build.sourceDirectory} is deprecated. Please use ${project.build.sourceDirectory} instead.
[WARNING] The expression ${pom.build.outputDirectory} is deprecated. Please use ${project.build.outputDirectory} instead.
[WARNING] 
[WARNING] It is highly recommended to fix these problems because they threaten the stability of your build.
[WARNING] 
[WARNING] For this reason, future Maven versions might no longer support building such malformed projects.
[WARNING] 
[INFO] 
[INFO] ------------------------< joda-time:joda-time >-------------------------
[INFO] Building Joda time 2.0
[INFO] --------------------------------[ jar ]---------------------------------
[INFO] 
[INFO] --- maven-toolchains-plugin:1.0:toolchain (default) @ joda-time ---
[INFO] Type:jdk
[ERROR] Cannot find matching toolchain definitions for the following toolchain types:
jdk [ vendor='sun'  version='1.4' ]
[INFO] ------------------------------------------------------------------------
[INFO] BUILD FAILURE
[INFO] ------------------------------------------------------------------------
[INFO] Total time: 0.488 s
[INFO] Finished at: 2019-01-24T11:49:47+01:00
[INFO] ------------------------------------------------------------------------
[ERROR] Failed to execute goal org.apache.maven.plugins:maven-toolchains-plugin:1.0:toolchain (default) on project joda-time: Cannot find matching toolchain definitions for the following toolchain types:
[ERROR] jdk [ vendor='sun'  version='1.4' ]
[ERROR] Please make sure you define the required toolchains in your ~/.m2/toolchains.xml file.
[ERROR] -> [Help 1]
[ERROR] 
[ERROR] To see the full stack trace of the errors, re-run Maven with the -e switch.
[ERROR] Re-run Maven using the -X switch to enable full debug logging.
[ERROR] 
[ERROR] For more information about the errors and possible solutions, please read the following articles:
[ERROR] [Help 1] http://cwiki.apache.org/confluence/display/MAVEN/MojoFailureException
