[INFO] Scanning for projects...
[WARNING] 
[WARNING] Some problems were encountered while building the effective model for joda-time:joda-time:jar:2.0
[WARNING] The expression ${pom.build.sourceDirectory} is deprecated. Please use ${project.build.sourceDirectory} instead.
[WARNING] The expression ${pom.build.outputDirectory} is deprecated. Please use ${project.build.outputDirectory} instead.
[WARNING] 
[WARNING] It is highly recommended to fix these problems because they threaten the stability of your build.
[WARNING] 
[WARNING] For this reason, future Maven versions might no longer support building such malformed projects.
[WARNING] 
[INFO] 
[INFO] ------------------------< joda-time:joda-time >-------------------------
[INFO] Building Joda time 2.0
[INFO] --------------------------------[ jar ]---------------------------------
Downloading from central: https://repo.maven.apache.org/maven2/org/apache/maven/plugins/maven-toolchains-plugin/1.0/maven-toolchains-plugin-1.0.pom
[INFO] ------------------------------------------------------------------------
[INFO] BUILD FAILURE
[INFO] ------------------------------------------------------------------------
[INFO] Total time: 0.904 s
[INFO] Finished at: 2019-01-23T17:11:00Z
[INFO] ------------------------------------------------------------------------
[ERROR] Plugin org.apache.maven.plugins:maven-toolchains-plugin:1.0 or one of its dependencies could not be resolved: Failed to read artifact descriptor for org.apache.maven.plugins:maven-toolchains-plugin:jar:1.0: Could not transfer artifact org.apache.maven.plugins:maven-toolchains-plugin:pom:1.0 from/to central (https://repo.maven.apache.org/maven2): Received fatal alert: protocol_version -> [Help 1]
[ERROR] 
[ERROR] To see the full stack trace of the errors, re-run Maven with the -e switch.
[ERROR] Re-run Maven using the -X switch to enable full debug logging.
[ERROR] 
[ERROR] For more information about the errors and possible solutions, please read the following articles:
[ERROR] [Help 1] http://cwiki.apache.org/confluence/display/MAVEN/PluginResolutionException
