> Task :buildSrc:compileJava NO-SOURCE
> Task :buildSrc:compileGroovy
> Task :buildSrc:processResources
> Task :buildSrc:classes
> Task :buildSrc:jar
> Task :buildSrc:assemble
> Task :buildSrc:compileTestJava NO-SOURCE
> Task :buildSrc:compileTestGroovy NO-SOURCE
> Task :buildSrc:processTestResources NO-SOURCE
> Task :buildSrc:testClasses UP-TO-DATE
> Task :buildSrc:test NO-SOURCE
> Task :buildSrc:check UP-TO-DATE
> Task :buildSrc:build
> Task :assemble
> Task :build
> Task :spring-core:cglibRepackJar
> Task :spring-core:objenesisRepackJar
> Task :spring-jcl:compileKotlin
> Task :spring-jcl:compileJava
> Task :spring-jcl:processResources
> Task :spring-jcl:classes
> Task :spring-jcl:inspectClassesForKotlinIC
> Task :spring-jcl:jar
> Task :spring-core:compileKotlin
> Task :spring-core:compileJava
> Task :spring-core:processResources NO-SOURCE
> Task :spring-core:classes
> Task :spring-core:inspectClassesForKotlinIC
> Task :spring-core:jar
> Task :spring-beans:compileGroovy
> Task :spring-beans:compileKotlin
> Task :spring-beans:compileJava NO-SOURCE
> Task :spring-beans:processResources
> Task :spring-beans:classes
> Task :spring-beans:inspectClassesForKotlinIC
> Task :spring-beans:jar
> Task :spring-aop:compileKotlin
> Task :spring-aop:compileJava
> Task :spring-aop:processResources
> Task :spring-aop:classes
> Task :spring-aop:inspectClassesForKotlinIC
> Task :spring-aop:jar
> Task :spring-aop:sourcesJar
> Task :spring-aop:assemble
> Task :spring-aop:build
> Task :spring-expression:compileKotlin
> Task :spring-expression:compileJava
> Task :spring-expression:processResources
> Task :spring-expression:classes
> Task :spring-expression:inspectClassesForKotlinIC
> Task :spring-expression:jar
> Task :spring-instrument:compileKotlin
> Task :spring-instrument:compileJava
> Task :spring-instrument:processResources NO-SOURCE
> Task :spring-instrument:classes
> Task :spring-instrument:inspectClassesForKotlinIC
> Task :spring-instrument:jar
> Task :spring-context:compileKotlin
> Task :spring-context:compileJava
> Task :spring-context:compileGroovy NO-SOURCE
> Task :spring-context:processResources
> Task :spring-context:classes
> Task :spring-context:inspectClassesForKotlinIC
> Task :spring-context:jar
> Task :spring-tx:compileKotlin
> Task :spring-tx:compileJava
> Task :spring-tx:processResources
> Task :spring-tx:classes
> Task :spring-tx:inspectClassesForKotlinIC
> Task :spring-tx:jar
> Task :spring-jdbc:compileKotlin
> Task :spring-jdbc:compileJava
> Task :spring-jdbc:processResources
> Task :spring-jdbc:classes
> Task :spring-jdbc:inspectClassesForKotlinIC
> Task :spring-jdbc:jar
> Task :spring-context-support:compileKotlin
> Task :spring-context-support:compileJava
> Task :spring-context-support:processResources
> Task :spring-context-support:classes
> Task :spring-context-support:inspectClassesForKotlinIC
> Task :spring-context-support:jar
> Task :spring-oxm:compileKotlin
> Task :spring-oxm:compileJava
> Task :spring-oxm:processResources
> Task :spring-oxm:classes
> Task :spring-oxm:inspectClassesForKotlinIC
> Task :spring-oxm:jar
> Task :spring-web:compileKotlin
> Task :spring-web:compileJava
> Task :spring-web:processResources
> Task :spring-web:classes
> Task :spring-web:inspectClassesForKotlinIC
> Task :spring-web:jar
> Task :spring-orm:compileKotlin
> Task :spring-orm:compileJava
> Task :spring-orm:processResources NO-SOURCE
> Task :spring-orm:classes
> Task :spring-orm:inspectClassesForKotlinIC
> Task :spring-orm:jar
> Task :spring-aspects:compileKotlin
> Task :spring-aspects:compileJava
> Task :spring-aspects:processResources
> Task :spring-aspects:classes
> Task :spring-aspects:inspectClassesForKotlinIC
> Task :spring-aspects:jar
> Task :spring-aspects:sourcesJar
> Task :spring-aspects:assemble
> Task :spring-aspects:build
> Task :spring-beans:sourcesJar
> Task :spring-beans:assemble
> Task :spring-beans:build
> Task :spring-build-src:assemble UP-TO-DATE
> Task :spring-build-src:build
> Task :spring-context:sourcesJar
> Task :spring-context:assemble
> Task :spring-context:build
> Task :spring-context-indexer:compileKotlin
> Task :spring-context-indexer:compileJava
> Task :spring-context-indexer:processResources
> Task :spring-context-indexer:classes
> Task :spring-context-indexer:inspectClassesForKotlinIC
> Task :spring-context-indexer:jar
> Task :spring-context-indexer:sourcesJar
> Task :spring-context-indexer:assemble
> Task :spring-context-indexer:build
> Task :spring-context-support:sourcesJar
> Task :spring-context-support:assemble
> Task :spring-context-support:build
> Task :spring-core:sourcesJar
> Task :spring-core:assemble
> Task :spring-core:build
> Task :spring-expression:sourcesJar
> Task :spring-expression:assemble
> Task :spring-expression:build
> Task :spring-framework-bom:assemble UP-TO-DATE
> Task :spring-framework-bom:build
> Task :spring-instrument:sourcesJar
> Task :spring-instrument:assemble
> Task :spring-instrument:build
> Task :spring-jcl:sourcesJar
> Task :spring-jcl:assemble
> Task :spring-jcl:build
> Task :spring-jdbc:sourcesJar
> Task :spring-jdbc:assemble
> Task :spring-jdbc:build
> Task :spring-messaging:compileKotlin
> Task :spring-messaging:compileJava
> Task :spring-messaging:processResources NO-SOURCE
> Task :spring-messaging:classes
> Task :spring-messaging:inspectClassesForKotlinIC
> Task :spring-messaging:jar
> Task :spring-jms:compileKotlin
> Task :spring-jms:compileJava
> Task :spring-jms:processResources
> Task :spring-jms:classes
> Task :spring-jms:inspectClassesForKotlinIC
> Task :spring-jms:jar
> Task :spring-jms:sourcesJar
> Task :spring-jms:assemble
> Task :spring-jms:build
> Task :spring-messaging:sourcesJar
> Task :spring-messaging:assemble
> Task :spring-messaging:build
> Task :spring-orm:sourcesJar
> Task :spring-orm:assemble
> Task :spring-orm:build
> Task :spring-oxm:sourcesJar
> Task :spring-oxm:assemble
> Task :spring-oxm:build
> Task :spring-webflux:compileKotlin
> Task :spring-webflux:compileJava
> Task :spring-webflux:processResources NO-SOURCE
> Task :spring-webflux:classes
> Task :spring-webflux:inspectClassesForKotlinIC
> Task :spring-webflux:jar
> Task :spring-webmvc:compileKotlin
> Task :spring-webmvc:compileJava
> Task :spring-webmvc:processResources
> Task :spring-webmvc:classes
> Task :spring-webmvc:inspectClassesForKotlinIC
> Task :spring-webmvc:jar
> Task :spring-websocket:compileKotlin
> Task :spring-websocket:compileJava
> Task :spring-websocket:processResources
> Task :spring-websocket:classes
> Task :spring-websocket:inspectClassesForKotlinIC
> Task :spring-websocket:jar
> Task :spring-test:compileKotlin

> Task :spring-test:compileJava FAILED
/home/michel/Investigacion/bugs/projects/spring-framework/spring-test/src/main/java/org/springframework/test/web/reactive/server/JsonPathAssertions.java:33: warning: [overrides] Class JsonPathAssertions overrides equals, but neither it nor any superclass overrides hashCode method
public class JsonPathAssertions {
       ^
error: warnings found and -Werror specified
/home/michel/Investigacion/bugs/projects/spring-framework/spring-test/src/main/java/org/springframework/test/web/reactive/server/XpathAssertions.java:41: warning: [overrides] Class XpathAssertions overrides equals, but neither it nor any superclass overrides hashCode method
public class XpathAssertions {
       ^
1 error
2 warnings

FAILURE: Build failed with an exception.

* What went wrong:
Execution failed for task ':spring-test:compileJava'.
> Compilation failed; see the compiler error output for details.

* Try:
Run with --stacktrace option to get the stack trace. Run with --info or --debug option to get more log output. Run with --scan to get full insights.

* Get more help at https://help.gradle.org

BUILD FAILED in 17s
114 actionable tasks: 114 executed
