> Task :buildSrc:compileJava NO-SOURCE
> Task :buildSrc:compileGroovy
> Task :buildSrc:processResources
> Task :buildSrc:classes
> Task :buildSrc:jar
> Task :buildSrc:assemble
> Task :buildSrc:compileTestJava NO-SOURCE
> Task :buildSrc:compileTestGroovy NO-SOURCE
> Task :buildSrc:processTestResources NO-SOURCE
> Task :buildSrc:testClasses UP-TO-DATE
> Task :buildSrc:test NO-SOURCE
> Task :buildSrc:check UP-TO-DATE
> Task :buildSrc:build
> Task :assemble
> Task :build
> Task :spring-core:cglibRepackJar
> Task :spring-core:objenesisRepackJar
> Task :spring-jcl:compileKotlin
> Task :spring-jcl:compileJava
> Task :spring-jcl:processResources
> Task :spring-jcl:classes
> Task :spring-jcl:inspectClassesForKotlinIC
> Task :spring-jcl:jar
> Task :spring-core:compileKotlin
> Task :spring-core:compileJava
> Task :spring-core:processResources NO-SOURCE
> Task :spring-core:classes
> Task :spring-core:inspectClassesForKotlinIC
> Task :spring-core:jar
